[4.200s] Invoking command in '/home/ubuntu/Workspaces/ros2_ws/src/cv_basics': PYTHONPATH=/home/ubuntu/Workspaces/ros2_ws/build/cv_basics/prefix_override:/home/ubuntu/Workspaces/ros2_ws/install/cv_basics/lib/python3.8/site-packages:${PYTHONPATH} /usr/bin/python3 setup.py egg_info --egg-base ../../build/cv_basics build --build-base /home/ubuntu/Workspaces/ros2_ws/build/cv_basics/build install --record /home/ubuntu/Workspaces/ros2_ws/build/cv_basics/install.log --install-scripts $base/lib/cv_basics --single-version-externally-managed
[4.910s] /home/ubuntu/.local/lib/python3.8/site-packages/setuptools/dist.py:755: SetuptoolsDeprecationWarning: Invalid dash-separated options
[4.910s] !!
[4.911s] 
[4.911s]         ********************************************************************************
[4.912s]         Usage of dash-separated 'script-dir' will not be supported in future
[4.912s]         versions. Please use the underscore name 'script_dir' instead.
[4.913s] 
[4.913s]         By 2023-Sep-26, you need to update your project and remove deprecated calls
[4.914s]         or your builds will no longer be supported.
[4.914s] 
[4.915s]         See https://setuptools.pypa.io/en/latest/userguide/declarative_config.html for details.
[4.915s]         ********************************************************************************
[4.916s] 
[4.916s] !!
[4.917s]   opt = self.warn_dash_deprecation(opt, section)
[5.448s] running egg_info
[5.533s] writing ../../build/cv_basics/cv_basics.egg-info/PKG-INFO
[5.534s] writing dependency_links to ../../build/cv_basics/cv_basics.egg-info/dependency_links.txt
[5.536s] writing entry points to ../../build/cv_basics/cv_basics.egg-info/entry_points.txt
[5.537s] writing requirements to ../../build/cv_basics/cv_basics.egg-info/requires.txt
[5.538s] writing top-level names to ../../build/cv_basics/cv_basics.egg-info/top_level.txt
[6.235s] reading manifest file '../../build/cv_basics/cv_basics.egg-info/SOURCES.txt'
[6.240s] writing manifest file '../../build/cv_basics/cv_basics.egg-info/SOURCES.txt'
[6.241s] running build
[6.241s] running build_py
[6.243s] running install
[6.245s] /home/ubuntu/.local/lib/python3.8/site-packages/setuptools/_distutils/cmd.py:66: SetuptoolsDeprecationWarning: setup.py install is deprecated.
[6.245s] !!
[6.246s] 
[6.246s]         ********************************************************************************
[6.248s]         Please avoid running ``setup.py`` directly.
[6.249s]         Instead, use pypa/build, pypa/installer, pypa/build or
[6.249s]         other standards-based tools.
[6.250s] 
[6.250s]         See https://blog.ganssle.io/articles/2021/10/setup-py-deprecated.html for details.
[6.251s]         ********************************************************************************
[6.252s] 
[6.252s] !!
[6.253s]   self.initialize_options()
[6.273s] running install_lib
[6.345s] running install_data
[6.416s] running install_egg_info
[6.500s] removing '/home/ubuntu/Workspaces/ros2_ws/install/cv_basics/lib/python3.8/site-packages/cv_basics-0.0.0-py3.8.egg-info' (and everything under it)
[6.502s] Copying ../../build/cv_basics/cv_basics.egg-info to /home/ubuntu/Workspaces/ros2_ws/install/cv_basics/lib/python3.8/site-packages/cv_basics-0.0.0-py3.8.egg-info
[6.507s] running install_scripts
[6.823s] Installing img_publisher script to /home/ubuntu/Workspaces/ros2_ws/install/cv_basics/lib/cv_basics
[6.824s] Installing img_subscriber script to /home/ubuntu/Workspaces/ros2_ws/install/cv_basics/lib/cv_basics
[6.826s] writing list of installed files to '/home/ubuntu/Workspaces/ros2_ws/build/cv_basics/install.log'
[6.965s] Invoked command in '/home/ubuntu/Workspaces/ros2_ws/src/cv_basics' returned '0': PYTHONPATH=/home/ubuntu/Workspaces/ros2_ws/build/cv_basics/prefix_override:/home/ubuntu/Workspaces/ros2_ws/install/cv_basics/lib/python3.8/site-packages:${PYTHONPATH} /usr/bin/python3 setup.py egg_info --egg-base ../../build/cv_basics build --build-base /home/ubuntu/Workspaces/ros2_ws/build/cv_basics/build install --record /home/ubuntu/Workspaces/ros2_ws/build/cv_basics/install.log --install-scripts $base/lib/cv_basics --single-version-externally-managed
