running egg_info
writing ../../build/cv_basics/cv_basics.egg-info/PKG-INFO
writing dependency_links to ../../build/cv_basics/cv_basics.egg-info/dependency_links.txt
writing entry points to ../../build/cv_basics/cv_basics.egg-info/entry_points.txt
writing requirements to ../../build/cv_basics/cv_basics.egg-info/requires.txt
writing top-level names to ../../build/cv_basics/cv_basics.egg-info/top_level.txt
reading manifest file '../../build/cv_basics/cv_basics.egg-info/SOURCES.txt'
writing manifest file '../../build/cv_basics/cv_basics.egg-info/SOURCES.txt'
running build
running build_py
copying cv_basics/cam_sub.py -> /home/ubuntu/Workspaces/ros2_ws/build/cv_basics/build/lib/cv_basics
copying cv_basics/cam_pub.py -> /home/ubuntu/Workspaces/ros2_ws/build/cv_basics/build/lib/cv_basics
running install
running install_lib
copying /home/ubuntu/Workspaces/ros2_ws/build/cv_basics/build/lib/cv_basics/cam_sub.py -> /home/ubuntu/Workspaces/ros2_ws/install/cv_basics/lib/python3.8/site-packages/cv_basics
copying /home/ubuntu/Workspaces/ros2_ws/build/cv_basics/build/lib/cv_basics/cam_pub.py -> /home/ubuntu/Workspaces/ros2_ws/install/cv_basics/lib/python3.8/site-packages/cv_basics
byte-compiling /home/ubuntu/Workspaces/ros2_ws/install/cv_basics/lib/python3.8/site-packages/cv_basics/cam_sub.py to cam_sub.cpython-38.pyc
byte-compiling /home/ubuntu/Workspaces/ros2_ws/install/cv_basics/lib/python3.8/site-packages/cv_basics/cam_pub.py to cam_pub.cpython-38.pyc
running install_data
running install_egg_info
removing '/home/ubuntu/Workspaces/ros2_ws/install/cv_basics/lib/python3.8/site-packages/cv_basics-0.0.0-py3.8.egg-info' (and everything under it)
Copying ../../build/cv_basics/cv_basics.egg-info to /home/ubuntu/Workspaces/ros2_ws/install/cv_basics/lib/python3.8/site-packages/cv_basics-0.0.0-py3.8.egg-info
running install_scripts
Installing img_publisher script to /home/ubuntu/Workspaces/ros2_ws/install/cv_basics/lib/cv_basics
Installing img_subscriber script to /home/ubuntu/Workspaces/ros2_ws/install/cv_basics/lib/cv_basics
writing list of installed files to '/home/ubuntu/Workspaces/ros2_ws/build/cv_basics/install.log'
