[1.399s] DEBUG:colcon:Command line arguments: ['/usr/bin/colcon', 'build', '--packages-select', 'ros2_pkg']
[1.400s] DEBUG:colcon:Parsed command line arguments: Namespace(allow_overriding=[], ament_cmake_args=None, base_paths=['.'], build_base='build', catkin_cmake_args=None, catkin_skip_building_tests=False, cmake_args=None, cmake_clean_cache=False, cmake_clean_first=False, cmake_force_configure=False, cmake_target=None, cmake_target_skip_unavailable=False, continue_on_error=False, event_handlers=None, executor='parallel', ignore_user_meta=False, install_base='install', log_base=None, log_level=None, main=<bound method BuildVerb.main of <colcon_core.verb.build.BuildVerb object at 0xffffa628c820>>, merge_install=False, metas=['./colcon.meta'], packages_above=None, packages_above_and_dependencies=None, packages_above_depth=None, packages_end=None, packages_ignore=None, packages_ignore_regex=None, packages_select=['ros2_pkg'], packages_select_build_failed=False, packages_select_by_dep=None, packages_select_regex=None, packages_select_test_failures=False, packages_skip=None, packages_skip_build_finished=False, packages_skip_by_dep=None, packages_skip_regex=None, packages_skip_test_passed=False, packages_skip_up_to=None, packages_start=None, packages_up_to=None, packages_up_to_regex=None, parallel_workers=4, paths=None, symlink_install=False, test_result_base=None, verb_extension=<colcon_core.verb.build.BuildVerb object at 0xffffa628c820>, verb_name='build', verb_parser=<colcon_defaults.argument_parser.defaults.DefaultArgumentsDecorator object at 0xffffa628cd90>)
[1.565s] Level 1:colcon.colcon_core.package_discovery:discover_packages(colcon_meta) check parameters
[1.566s] Level 1:colcon.colcon_core.package_discovery:discover_packages(recursive) check parameters
[1.567s] Level 1:colcon.colcon_core.package_discovery:discover_packages(ignore) check parameters
[1.567s] Level 1:colcon.colcon_core.package_discovery:discover_packages(path) check parameters
[1.567s] Level 1:colcon.colcon_core.package_discovery:discover_packages(colcon_meta) discover
[1.567s] Level 1:colcon.colcon_core.package_discovery:discover_packages(recursive) discover
[1.568s] INFO:colcon.colcon_core.package_discovery:Crawling recursively for packages in '/home/ubuntu/Workspaces/ros2_ws'
[1.568s] Level 1:colcon.colcon_core.package_identification:_identify(.) by extensions ['ignore', 'ignore_ament_install']
[1.569s] Level 1:colcon.colcon_core.package_identification:_identify(.) by extension 'ignore'
[1.569s] Level 1:colcon.colcon_core.package_identification:_identify(.) by extension 'ignore_ament_install'
[1.570s] Level 1:colcon.colcon_core.package_identification:_identify(.) by extensions ['colcon_pkg']
[1.570s] Level 1:colcon.colcon_core.package_identification:_identify(.) by extension 'colcon_pkg'
[1.570s] Level 1:colcon.colcon_core.package_identification:_identify(.) by extensions ['colcon_meta']
[1.571s] Level 1:colcon.colcon_core.package_identification:_identify(.) by extension 'colcon_meta'
[1.571s] Level 1:colcon.colcon_core.package_identification:_identify(.) by extensions ['ros']
[1.571s] Level 1:colcon.colcon_core.package_identification:_identify(.) by extension 'ros'
[1.653s] Level 1:colcon.colcon_core.package_identification:_identify(.) by extensions ['cmake', 'python']
[1.653s] Level 1:colcon.colcon_core.package_identification:_identify(.) by extension 'cmake'
[1.654s] Level 1:colcon.colcon_core.package_identification:_identify(.) by extension 'python'
[1.654s] Level 1:colcon.colcon_core.package_identification:_identify(.) by extensions ['python_setup_py']
[1.654s] Level 1:colcon.colcon_core.package_identification:_identify(.) by extension 'python_setup_py'
[1.655s] Level 1:colcon.colcon_core.package_identification:_identify(build) by extensions ['ignore', 'ignore_ament_install']
[1.656s] Level 1:colcon.colcon_core.package_identification:_identify(build) by extension 'ignore'
[1.656s] Level 1:colcon.colcon_core.package_identification:_identify(build) ignored
[1.657s] Level 1:colcon.colcon_core.package_identification:_identify(install) by extensions ['ignore', 'ignore_ament_install']
[1.657s] Level 1:colcon.colcon_core.package_identification:_identify(install) by extension 'ignore'
[1.657s] Level 1:colcon.colcon_core.package_identification:_identify(install) ignored
[1.658s] Level 1:colcon.colcon_core.package_identification:_identify(log) by extensions ['ignore', 'ignore_ament_install']
[1.659s] Level 1:colcon.colcon_core.package_identification:_identify(log) by extension 'ignore'
[1.659s] Level 1:colcon.colcon_core.package_identification:_identify(log) ignored
[1.659s] Level 1:colcon.colcon_core.package_identification:_identify(src) by extensions ['ignore', 'ignore_ament_install']
[1.660s] Level 1:colcon.colcon_core.package_identification:_identify(src) by extension 'ignore'
[1.660s] Level 1:colcon.colcon_core.package_identification:_identify(src) by extension 'ignore_ament_install'
[1.660s] Level 1:colcon.colcon_core.package_identification:_identify(src) by extensions ['colcon_pkg']
[1.661s] Level 1:colcon.colcon_core.package_identification:_identify(src) by extension 'colcon_pkg'
[1.661s] Level 1:colcon.colcon_core.package_identification:_identify(src) by extensions ['colcon_meta']
[1.661s] Level 1:colcon.colcon_core.package_identification:_identify(src) by extension 'colcon_meta'
[1.661s] Level 1:colcon.colcon_core.package_identification:_identify(src) by extensions ['ros']
[1.661s] Level 1:colcon.colcon_core.package_identification:_identify(src) by extension 'ros'
[1.662s] Level 1:colcon.colcon_core.package_identification:_identify(src) by extensions ['cmake', 'python']
[1.662s] Level 1:colcon.colcon_core.package_identification:_identify(src) by extension 'cmake'
[1.662s] Level 1:colcon.colcon_core.package_identification:_identify(src) by extension 'python'
[1.662s] Level 1:colcon.colcon_core.package_identification:_identify(src) by extensions ['python_setup_py']
[1.663s] Level 1:colcon.colcon_core.package_identification:_identify(src) by extension 'python_setup_py'
[1.663s] Level 1:colcon.colcon_core.package_identification:_identify(src/ros2_pkg) by extensions ['ignore', 'ignore_ament_install']
[1.664s] Level 1:colcon.colcon_core.package_identification:_identify(src/ros2_pkg) by extension 'ignore'
[1.664s] Level 1:colcon.colcon_core.package_identification:_identify(src/ros2_pkg) by extension 'ignore_ament_install'
[1.664s] Level 1:colcon.colcon_core.package_identification:_identify(src/ros2_pkg) by extensions ['colcon_pkg']
[1.664s] Level 1:colcon.colcon_core.package_identification:_identify(src/ros2_pkg) by extension 'colcon_pkg'
[1.665s] Level 1:colcon.colcon_core.package_identification:_identify(src/ros2_pkg) by extensions ['colcon_meta']
[1.665s] Level 1:colcon.colcon_core.package_identification:_identify(src/ros2_pkg) by extension 'colcon_meta'
[1.665s] Level 1:colcon.colcon_core.package_identification:_identify(src/ros2_pkg) by extensions ['ros']
[1.665s] Level 1:colcon.colcon_core.package_identification:_identify(src/ros2_pkg) by extension 'ros'
[1.675s] DEBUG:colcon.colcon_core.package_identification:Package 'src/ros2_pkg' with type 'ros.ament_cmake' and name 'ros2_pkg'
[1.676s] Level 1:colcon.colcon_core.package_discovery:discover_packages(recursive) using defaults
[1.676s] Level 1:colcon.colcon_core.package_discovery:discover_packages(ignore) discover
[1.676s] Level 1:colcon.colcon_core.package_discovery:discover_packages(ignore) using defaults
[1.676s] Level 1:colcon.colcon_core.package_discovery:discover_packages(path) discover
[1.676s] Level 1:colcon.colcon_core.package_discovery:discover_packages(path) using defaults
[1.761s] Level 1:colcon.colcon_core.package_discovery:discover_packages(prefix_path) check parameters
[1.761s] Level 1:colcon.colcon_core.package_discovery:discover_packages(prefix_path) discover
[1.781s] DEBUG:colcon.colcon_installed_package_information.package_discovery:Found 1 installed packages in /home/ubuntu/Workspaces/ros2_ws/install
[1.787s] DEBUG:colcon.colcon_installed_package_information.package_discovery:Found 6 installed packages in /home/ubuntu/turtlebot3_ws/install
[1.798s] DEBUG:colcon.colcon_installed_package_information.package_discovery:Found 259 installed packages in /opt/ros/foxy
[1.806s] Level 1:colcon.colcon_core.package_discovery:discover_packages(prefix_path) using defaults
[2.144s] Level 5:colcon.colcon_core.verb:set package 'ros2_pkg' build argument 'cmake_args' from command line to 'None'
[2.145s] Level 5:colcon.colcon_core.verb:set package 'ros2_pkg' build argument 'cmake_target' from command line to 'None'
[2.145s] Level 5:colcon.colcon_core.verb:set package 'ros2_pkg' build argument 'cmake_target_skip_unavailable' from command line to 'False'
[2.145s] Level 5:colcon.colcon_core.verb:set package 'ros2_pkg' build argument 'cmake_clean_cache' from command line to 'False'
[2.145s] Level 5:colcon.colcon_core.verb:set package 'ros2_pkg' build argument 'cmake_clean_first' from command line to 'False'
[2.145s] Level 5:colcon.colcon_core.verb:set package 'ros2_pkg' build argument 'cmake_force_configure' from command line to 'False'
[2.145s] Level 5:colcon.colcon_core.verb:set package 'ros2_pkg' build argument 'ament_cmake_args' from command line to 'None'
[2.145s] Level 5:colcon.colcon_core.verb:set package 'ros2_pkg' build argument 'catkin_cmake_args' from command line to 'None'
[2.146s] Level 5:colcon.colcon_core.verb:set package 'ros2_pkg' build argument 'catkin_skip_building_tests' from command line to 'False'
[2.146s] DEBUG:colcon.colcon_core.verb:Building package 'ros2_pkg' with the following arguments: {'ament_cmake_args': None, 'build_base': '/home/ubuntu/Workspaces/ros2_ws/build/ros2_pkg', 'catkin_cmake_args': None, 'catkin_skip_building_tests': False, 'cmake_args': None, 'cmake_clean_cache': False, 'cmake_clean_first': False, 'cmake_force_configure': False, 'cmake_target': None, 'cmake_target_skip_unavailable': False, 'install_base': '/home/ubuntu/Workspaces/ros2_ws/install/ros2_pkg', 'merge_install': False, 'path': '/home/ubuntu/Workspaces/ros2_ws/src/ros2_pkg', 'symlink_install': False, 'test_result_base': None}
[2.149s] INFO:colcon.colcon_core.executor:Executing jobs using 'parallel' executor
[2.164s] DEBUG:colcon.colcon_parallel_executor.executor.parallel:run_until_complete
[2.166s] INFO:colcon.colcon_ros.task.ament_cmake.build:Building ROS package in '/home/ubuntu/Workspaces/ros2_ws/src/ros2_pkg' with build type 'ament_cmake'
[2.167s] INFO:colcon.colcon_cmake.task.cmake.build:Building CMake package in '/home/ubuntu/Workspaces/ros2_ws/src/ros2_pkg'
[2.188s] INFO:colcon.colcon_core.plugin_system:Skipping extension 'colcon_core.shell.bat': Not used on non-Windows systems
[2.189s] INFO:colcon.colcon_core.shell:Skip shell extension 'powershell' for command environment: Not usable outside of PowerShell
[2.190s] DEBUG:colcon.colcon_core.shell:Skip shell extension 'dsv' for command environment
[2.246s] DEBUG:colcon.colcon_core.event_handler.log_command:Invoking command in '/home/ubuntu/Workspaces/ros2_ws/build/ros2_pkg': CMAKE_PREFIX_PATH=${CMAKE_PREFIX_PATH}:/home/ubuntu/turtlebot3_ws/install/turtlebot3_teleop:/home/ubuntu/turtlebot3_ws/install/turtlebot3_example:/opt/ros/foxy /usr/bin/cmake --build /home/ubuntu/Workspaces/ros2_ws/build/ros2_pkg -- -j4 -l4
[3.479s] DEBUG:colcon.colcon_core.event_handler.log_command:Invoked command in '/home/ubuntu/Workspaces/ros2_ws/build/ros2_pkg' returned '0': CMAKE_PREFIX_PATH=${CMAKE_PREFIX_PATH}:/home/ubuntu/turtlebot3_ws/install/turtlebot3_teleop:/home/ubuntu/turtlebot3_ws/install/turtlebot3_example:/opt/ros/foxy /usr/bin/cmake --build /home/ubuntu/Workspaces/ros2_ws/build/ros2_pkg -- -j4 -l4
[4.012s] DEBUG:colcon.colcon_core.event_handler.log_command:Invoking command in '/home/ubuntu/Workspaces/ros2_ws/build/ros2_pkg': CMAKE_PREFIX_PATH=${CMAKE_PREFIX_PATH}:/home/ubuntu/turtlebot3_ws/install/turtlebot3_teleop:/home/ubuntu/turtlebot3_ws/install/turtlebot3_example:/opt/ros/foxy /usr/bin/cmake --install /home/ubuntu/Workspaces/ros2_ws/build/ros2_pkg
[4.550s] Level 1:colcon.colcon_core.environment:create_environment_scripts_only(ros2_pkg)
[4.553s] DEBUG:colcon.colcon_core.event_handler.log_command:Invoked command in '/home/ubuntu/Workspaces/ros2_ws/build/ros2_pkg' returned '0': CMAKE_PREFIX_PATH=${CMAKE_PREFIX_PATH}:/home/ubuntu/turtlebot3_ws/install/turtlebot3_teleop:/home/ubuntu/turtlebot3_ws/install/turtlebot3_example:/opt/ros/foxy /usr/bin/cmake --install /home/ubuntu/Workspaces/ros2_ws/build/ros2_pkg
[4.576s] Level 1:colcon.colcon_core.environment:checking '/home/ubuntu/Workspaces/ros2_ws/install/ros2_pkg' for CMake module files
[4.581s] Level 1:colcon.colcon_core.environment:checking '/home/ubuntu/Workspaces/ros2_ws/install/ros2_pkg' for CMake config files
[4.585s] Level 1:colcon.colcon_core.shell:create_environment_hook('ros2_pkg', 'cmake_prefix_path')
[4.591s] INFO:colcon.colcon_core.shell:Creating environment hook '/home/ubuntu/Workspaces/ros2_ws/install/ros2_pkg/share/ros2_pkg/hook/cmake_prefix_path.ps1'
[4.594s] INFO:colcon.colcon_core.shell:Creating environment descriptor '/home/ubuntu/Workspaces/ros2_ws/install/ros2_pkg/share/ros2_pkg/hook/cmake_prefix_path.dsv'
[4.596s] INFO:colcon.colcon_core.shell:Creating environment hook '/home/ubuntu/Workspaces/ros2_ws/install/ros2_pkg/share/ros2_pkg/hook/cmake_prefix_path.sh'
[4.600s] Level 1:colcon.colcon_core.environment:checking '/home/ubuntu/Workspaces/ros2_ws/install/ros2_pkg/lib'
[4.601s] Level 1:colcon.colcon_core.shell:create_environment_hook('ros2_pkg', 'ld_library_path_lib')
[4.608s] INFO:colcon.colcon_core.shell:Creating environment hook '/home/ubuntu/Workspaces/ros2_ws/install/ros2_pkg/share/ros2_pkg/hook/ld_library_path_lib.ps1'
[4.610s] INFO:colcon.colcon_core.shell:Creating environment descriptor '/home/ubuntu/Workspaces/ros2_ws/install/ros2_pkg/share/ros2_pkg/hook/ld_library_path_lib.dsv'
[4.612s] INFO:colcon.colcon_core.shell:Creating environment hook '/home/ubuntu/Workspaces/ros2_ws/install/ros2_pkg/share/ros2_pkg/hook/ld_library_path_lib.sh'
[4.614s] Level 1:colcon.colcon_core.environment:checking '/home/ubuntu/Workspaces/ros2_ws/install/ros2_pkg/bin'
[4.614s] Level 1:colcon.colcon_core.environment:checking '/home/ubuntu/Workspaces/ros2_ws/install/ros2_pkg/lib/pkgconfig/ros2_pkg.pc'
[4.615s] Level 1:colcon.colcon_core.environment:checking '/home/ubuntu/Workspaces/ros2_ws/install/ros2_pkg/lib/python3.8/site-packages'
[4.616s] Level 1:colcon.colcon_core.shell:create_environment_hook('ros2_pkg', 'pythonpath')
[4.622s] INFO:colcon.colcon_core.shell:Creating environment hook '/home/ubuntu/Workspaces/ros2_ws/install/ros2_pkg/share/ros2_pkg/hook/pythonpath.ps1'
[4.624s] INFO:colcon.colcon_core.shell:Creating environment descriptor '/home/ubuntu/Workspaces/ros2_ws/install/ros2_pkg/share/ros2_pkg/hook/pythonpath.dsv'
[4.627s] INFO:colcon.colcon_core.shell:Creating environment hook '/home/ubuntu/Workspaces/ros2_ws/install/ros2_pkg/share/ros2_pkg/hook/pythonpath.sh'
[4.630s] Level 1:colcon.colcon_core.environment:checking '/home/ubuntu/Workspaces/ros2_ws/install/ros2_pkg/bin'
[4.637s] INFO:colcon.colcon_core.shell:Creating package script '/home/ubuntu/Workspaces/ros2_ws/install/ros2_pkg/share/ros2_pkg/package.ps1'
[4.641s] INFO:colcon.colcon_core.shell:Creating package descriptor '/home/ubuntu/Workspaces/ros2_ws/install/ros2_pkg/share/ros2_pkg/package.dsv'
[4.645s] INFO:colcon.colcon_core.shell:Creating package script '/home/ubuntu/Workspaces/ros2_ws/install/ros2_pkg/share/ros2_pkg/package.sh'
[4.649s] INFO:colcon.colcon_core.shell:Creating package script '/home/ubuntu/Workspaces/ros2_ws/install/ros2_pkg/share/ros2_pkg/package.bash'
[4.653s] INFO:colcon.colcon_core.shell:Creating package script '/home/ubuntu/Workspaces/ros2_ws/install/ros2_pkg/share/ros2_pkg/package.zsh'
[4.656s] Level 1:colcon.colcon_core.environment:create_file_with_runtime_dependencies(/home/ubuntu/Workspaces/ros2_ws/install/ros2_pkg/share/colcon-core/packages/ros2_pkg)
[5.145s] Level 1:colcon.colcon_core.environment:create_environment_scripts_only(ros2_pkg)
[5.155s] Level 1:colcon.colcon_core.environment:checking '/home/ubuntu/Workspaces/ros2_ws/install/ros2_pkg' for CMake module files
[5.159s] Level 1:colcon.colcon_core.environment:checking '/home/ubuntu/Workspaces/ros2_ws/install/ros2_pkg' for CMake config files
[5.163s] Level 1:colcon.colcon_core.shell:create_environment_hook('ros2_pkg', 'cmake_prefix_path')
[5.169s] INFO:colcon.colcon_core.shell:Creating environment hook '/home/ubuntu/Workspaces/ros2_ws/install/ros2_pkg/share/ros2_pkg/hook/cmake_prefix_path.ps1'
[5.172s] INFO:colcon.colcon_core.shell:Creating environment descriptor '/home/ubuntu/Workspaces/ros2_ws/install/ros2_pkg/share/ros2_pkg/hook/cmake_prefix_path.dsv'
[5.173s] INFO:colcon.colcon_core.shell:Creating environment hook '/home/ubuntu/Workspaces/ros2_ws/install/ros2_pkg/share/ros2_pkg/hook/cmake_prefix_path.sh'
[5.176s] Level 1:colcon.colcon_core.environment:checking '/home/ubuntu/Workspaces/ros2_ws/install/ros2_pkg/lib'
[5.177s] Level 1:colcon.colcon_core.shell:create_environment_hook('ros2_pkg', 'ld_library_path_lib')
[5.183s] INFO:colcon.colcon_core.shell:Creating environment hook '/home/ubuntu/Workspaces/ros2_ws/install/ros2_pkg/share/ros2_pkg/hook/ld_library_path_lib.ps1'
[5.186s] INFO:colcon.colcon_core.shell:Creating environment descriptor '/home/ubuntu/Workspaces/ros2_ws/install/ros2_pkg/share/ros2_pkg/hook/ld_library_path_lib.dsv'
[5.188s] INFO:colcon.colcon_core.shell:Creating environment hook '/home/ubuntu/Workspaces/ros2_ws/install/ros2_pkg/share/ros2_pkg/hook/ld_library_path_lib.sh'
[5.191s] Level 1:colcon.colcon_core.environment:checking '/home/ubuntu/Workspaces/ros2_ws/install/ros2_pkg/bin'
[5.191s] Level 1:colcon.colcon_core.environment:checking '/home/ubuntu/Workspaces/ros2_ws/install/ros2_pkg/lib/pkgconfig/ros2_pkg.pc'
[5.192s] Level 1:colcon.colcon_core.environment:checking '/home/ubuntu/Workspaces/ros2_ws/install/ros2_pkg/lib/python3.8/site-packages'
[5.193s] Level 1:colcon.colcon_core.shell:create_environment_hook('ros2_pkg', 'pythonpath')
[5.199s] INFO:colcon.colcon_core.shell:Creating environment hook '/home/ubuntu/Workspaces/ros2_ws/install/ros2_pkg/share/ros2_pkg/hook/pythonpath.ps1'
[5.201s] INFO:colcon.colcon_core.shell:Creating environment descriptor '/home/ubuntu/Workspaces/ros2_ws/install/ros2_pkg/share/ros2_pkg/hook/pythonpath.dsv'
[5.203s] INFO:colcon.colcon_core.shell:Creating environment hook '/home/ubuntu/Workspaces/ros2_ws/install/ros2_pkg/share/ros2_pkg/hook/pythonpath.sh'
[5.206s] Level 1:colcon.colcon_core.environment:checking '/home/ubuntu/Workspaces/ros2_ws/install/ros2_pkg/bin'
[5.213s] INFO:colcon.colcon_core.shell:Creating package script '/home/ubuntu/Workspaces/ros2_ws/install/ros2_pkg/share/ros2_pkg/package.ps1'
[5.216s] INFO:colcon.colcon_core.shell:Creating package descriptor '/home/ubuntu/Workspaces/ros2_ws/install/ros2_pkg/share/ros2_pkg/package.dsv'
[5.219s] INFO:colcon.colcon_core.shell:Creating package script '/home/ubuntu/Workspaces/ros2_ws/install/ros2_pkg/share/ros2_pkg/package.sh'
[5.222s] INFO:colcon.colcon_core.shell:Creating package script '/home/ubuntu/Workspaces/ros2_ws/install/ros2_pkg/share/ros2_pkg/package.bash'
[5.225s] INFO:colcon.colcon_core.shell:Creating package script '/home/ubuntu/Workspaces/ros2_ws/install/ros2_pkg/share/ros2_pkg/package.zsh'
[5.227s] Level 1:colcon.colcon_core.environment:create_file_with_runtime_dependencies(/home/ubuntu/Workspaces/ros2_ws/install/ros2_pkg/share/colcon-core/packages/ros2_pkg)
[5.229s] DEBUG:colcon.colcon_parallel_executor.executor.parallel:closing loop
[5.230s] DEBUG:colcon.colcon_parallel_executor.executor.parallel:loop closed
[5.231s] DEBUG:colcon.colcon_parallel_executor.executor.parallel:run_until_complete finished with '0'
[5.231s] DEBUG:colcon.colcon_core.event_reactor:joining thread
[5.253s] INFO:colcon.colcon_core.plugin_system:Skipping extension 'colcon_notification.desktop_notification.notify_send': Could not find 'notify-send'
[5.254s] INFO:colcon.colcon_core.plugin_system:Skipping extension 'colcon_notification.desktop_notification.terminal_notifier': Not used on non-Darwin systems
[5.255s] INFO:colcon.colcon_core.plugin_system:Skipping extension 'colcon_notification.desktop_notification.win32': Not used on non-Windows systems
[5.255s] INFO:colcon.colcon_notification.desktop_notification:Sending desktop notification using 'notify2'
[5.259s] DEBUG:colcon.colcon_notification.desktop_notification.notify2:Failed to initialize notify2: org.freedesktop.DBus.Error.ServiceUnknown: The name org.freedesktop.Notifications was not provided by any .service files
[5.260s] DEBUG:colcon.colcon_core.event_reactor:joined thread
[5.267s] INFO:colcon.colcon_core.shell:Creating prefix script '/home/ubuntu/Workspaces/ros2_ws/install/local_setup.ps1'
[5.270s] INFO:colcon.colcon_core.shell:Creating prefix util module '/home/ubuntu/Workspaces/ros2_ws/install/_local_setup_util_ps1.py'
[5.276s] INFO:colcon.colcon_core.shell:Creating prefix chain script '/home/ubuntu/Workspaces/ros2_ws/install/setup.ps1'
[5.284s] INFO:colcon.colcon_core.shell:Creating prefix script '/home/ubuntu/Workspaces/ros2_ws/install/local_setup.sh'
[5.286s] INFO:colcon.colcon_core.shell:Creating prefix util module '/home/ubuntu/Workspaces/ros2_ws/install/_local_setup_util_sh.py'
[5.289s] INFO:colcon.colcon_core.shell:Creating prefix chain script '/home/ubuntu/Workspaces/ros2_ws/install/setup.sh'
[5.297s] INFO:colcon.colcon_core.shell:Creating prefix script '/home/ubuntu/Workspaces/ros2_ws/install/local_setup.bash'
[5.300s] INFO:colcon.colcon_core.shell:Creating prefix chain script '/home/ubuntu/Workspaces/ros2_ws/install/setup.bash'
[5.307s] INFO:colcon.colcon_core.shell:Creating prefix script '/home/ubuntu/Workspaces/ros2_ws/install/local_setup.zsh'
[5.310s] INFO:colcon.colcon_core.shell:Creating prefix chain script '/home/ubuntu/Workspaces/ros2_ws/install/setup.zsh'
