[0.071s] Invoking command in '/home/ubuntu/Workspaces/ros2_ws/build/ros2_pkg': CMAKE_PREFIX_PATH=${CMAKE_PREFIX_PATH}:/home/ubuntu/turtlebot3_ws/install/turtlebot3_teleop:/home/ubuntu/turtlebot3_ws/install/turtlebot3_example:/opt/ros/foxy /usr/bin/cmake --build /home/ubuntu/Workspaces/ros2_ws/build/ros2_pkg -- -j4 -l4
[0.315s] [  2%] Built target ros2_pkg__cpp
[0.361s] [ 12%] Built target ros2_pkg__rosidl_generator_c
[0.474s] [ 34%] Built target ros2_pkg__rosidl_typesupport_cpp
[0.475s] [ 34%] Built target ros2_pkg__rosidl_typesupport_introspection_cpp
[0.511s] [ 44%] Built target ros2_pkg__rosidl_typesupport_fastrtps_cpp
[0.523s] [ 55%] Built target ros2_pkg__rosidl_typesupport_introspection_c
[0.619s] [ 65%] Built target ros2_pkg__rosidl_typesupport_c
[0.701s] [ 76%] Built target ros2_pkg__rosidl_typesupport_fastrtps_c
[0.792s] [ 76%] Built target ros2_pkg
[0.889s] [ 78%] Built target ros2_pkg__py
[1.044s] [ 87%] Built target ros2_pkg__python
[1.208s] [ 91%] Built target ros2_pkg__rosidl_typesupport_introspection_c__pyext
[1.211s] [ 95%] Built target ros2_pkg__rosidl_typesupport_c__pyext
[1.213s] [100%] Built target ros2_pkg__rosidl_typesupport_fastrtps_c__pyext
[1.261s] Invoked command in '/home/ubuntu/Workspaces/ros2_ws/build/ros2_pkg' returned '0': CMAKE_PREFIX_PATH=${CMAKE_PREFIX_PATH}:/home/ubuntu/turtlebot3_ws/install/turtlebot3_teleop:/home/ubuntu/turtlebot3_ws/install/turtlebot3_example:/opt/ros/foxy /usr/bin/cmake --build /home/ubuntu/Workspaces/ros2_ws/build/ros2_pkg -- -j4 -l4
[1.765s] Invoking command in '/home/ubuntu/Workspaces/ros2_ws/build/ros2_pkg': CMAKE_PREFIX_PATH=${CMAKE_PREFIX_PATH}:/home/ubuntu/turtlebot3_ws/install/turtlebot3_teleop:/home/ubuntu/turtlebot3_ws/install/turtlebot3_example:/opt/ros/foxy /usr/bin/cmake --install /home/ubuntu/Workspaces/ros2_ws/build/ros2_pkg
[1.802s] -- Install configuration: ""
[1.802s] -- Up-to-date: /home/ubuntu/Workspaces/ros2_ws/install/ros2_pkg/share/ament_index/resource_index/rosidl_interfaces/ros2_pkg
[1.808s] -- Up-to-date: /home/ubuntu/Workspaces/ros2_ws/install/ros2_pkg/include/ros2_pkg
[1.809s] -- Up-to-date: /home/ubuntu/Workspaces/ros2_ws/install/ros2_pkg/include/ros2_pkg/msg
[1.810s] -- Up-to-date: /home/ubuntu/Workspaces/ros2_ws/install/ros2_pkg/include/ros2_pkg/msg/rosidl_generator_c__visibility_control.h
[1.811s] -- Up-to-date: /home/ubuntu/Workspaces/ros2_ws/install/ros2_pkg/include/ros2_pkg/srv
[1.811s] -- Up-to-date: /home/ubuntu/Workspaces/ros2_ws/install/ros2_pkg/include/ros2_pkg/srv/turn_camera.h
[1.812s] -- Up-to-date: /home/ubuntu/Workspaces/ros2_ws/install/ros2_pkg/include/ros2_pkg/srv/detail
[1.813s] -- Up-to-date: /home/ubuntu/Workspaces/ros2_ws/install/ros2_pkg/include/ros2_pkg/srv/detail/turn_camera__struct.h
[1.814s] -- Up-to-date: /home/ubuntu/Workspaces/ros2_ws/install/ros2_pkg/include/ros2_pkg/srv/detail/odd_even_check__struct.h
[1.815s] -- Up-to-date: /home/ubuntu/Workspaces/ros2_ws/install/ros2_pkg/include/ros2_pkg/srv/detail/odd_even_check__functions.c
[1.815s] -- Up-to-date: /home/ubuntu/Workspaces/ros2_ws/install/ros2_pkg/include/ros2_pkg/srv/detail/turn_camera__functions.h
[1.816s] -- Up-to-date: /home/ubuntu/Workspaces/ros2_ws/install/ros2_pkg/include/ros2_pkg/srv/detail/odd_even_check__type_support.h
[1.816s] -- Up-to-date: /home/ubuntu/Workspaces/ros2_ws/install/ros2_pkg/include/ros2_pkg/srv/detail/turn_camera__type_support.h
[1.817s] -- Up-to-date: /home/ubuntu/Workspaces/ros2_ws/install/ros2_pkg/include/ros2_pkg/srv/detail/odd_even_check__functions.h
[1.817s] -- Up-to-date: /home/ubuntu/Workspaces/ros2_ws/install/ros2_pkg/include/ros2_pkg/srv/detail/turn_camera__functions.c
[1.817s] -- Up-to-date: /home/ubuntu/Workspaces/ros2_ws/install/ros2_pkg/include/ros2_pkg/srv/odd_even_check.h
[1.818s] -- Up-to-date: /home/ubuntu/Workspaces/ros2_ws/install/ros2_pkg/include/ros2_pkg/action
[1.820s] -- Up-to-date: /home/ubuntu/Workspaces/ros2_ws/install/ros2_pkg/include/ros2_pkg/action/detail
[1.821s] -- Up-to-date: /home/ubuntu/Workspaces/ros2_ws/install/ros2_pkg/include/ros2_pkg/action/detail/navigate__functions.h
[1.822s] -- Up-to-date: /home/ubuntu/Workspaces/ros2_ws/install/ros2_pkg/include/ros2_pkg/action/detail/navigate__functions.c
[1.822s] -- Up-to-date: /home/ubuntu/Workspaces/ros2_ws/install/ros2_pkg/include/ros2_pkg/action/detail/navigate__struct.h
[1.823s] -- Up-to-date: /home/ubuntu/Workspaces/ros2_ws/install/ros2_pkg/include/ros2_pkg/action/detail/navigate__type_support.h
[1.823s] -- Up-to-date: /home/ubuntu/Workspaces/ros2_ws/install/ros2_pkg/include/ros2_pkg/action/navigate.h
[1.824s] -- Up-to-date: /home/ubuntu/Workspaces/ros2_ws/install/ros2_pkg/share/ros2_pkg/environment/library_path.sh
[1.824s] -- Up-to-date: /home/ubuntu/Workspaces/ros2_ws/install/ros2_pkg/share/ros2_pkg/environment/library_path.dsv
[1.825s] -- Up-to-date: /home/ubuntu/Workspaces/ros2_ws/install/ros2_pkg/lib/libros2_pkg__rosidl_generator_c.so
[1.826s] -- Up-to-date: /home/ubuntu/Workspaces/ros2_ws/install/ros2_pkg/include/ros2_pkg
[1.827s] -- Up-to-date: /home/ubuntu/Workspaces/ros2_ws/install/ros2_pkg/include/ros2_pkg/msg
[1.828s] -- Up-to-date: /home/ubuntu/Workspaces/ros2_ws/install/ros2_pkg/include/ros2_pkg/msg/rosidl_typesupport_fastrtps_c__visibility_control.h
[1.829s] -- Up-to-date: /home/ubuntu/Workspaces/ros2_ws/install/ros2_pkg/include/ros2_pkg/srv
[1.830s] -- Up-to-date: /home/ubuntu/Workspaces/ros2_ws/install/ros2_pkg/include/ros2_pkg/srv/detail
[1.831s] -- Up-to-date: /home/ubuntu/Workspaces/ros2_ws/install/ros2_pkg/include/ros2_pkg/srv/detail/odd_even_check__rosidl_typesupport_fastrtps_c.h
[1.832s] -- Up-to-date: /home/ubuntu/Workspaces/ros2_ws/install/ros2_pkg/include/ros2_pkg/srv/detail/turn_camera__rosidl_typesupport_fastrtps_c.h
[1.832s] -- Up-to-date: /home/ubuntu/Workspaces/ros2_ws/install/ros2_pkg/include/ros2_pkg/action
[1.833s] -- Up-to-date: /home/ubuntu/Workspaces/ros2_ws/install/ros2_pkg/include/ros2_pkg/action/detail
[1.833s] -- Up-to-date: /home/ubuntu/Workspaces/ros2_ws/install/ros2_pkg/include/ros2_pkg/action/detail/navigate__rosidl_typesupport_fastrtps_c.h
[1.834s] -- Up-to-date: /home/ubuntu/Workspaces/ros2_ws/install/ros2_pkg/lib/libros2_pkg__rosidl_typesupport_fastrtps_c.so
[1.834s] -- Up-to-date: /home/ubuntu/Workspaces/ros2_ws/install/ros2_pkg/include/ros2_pkg
[1.836s] -- Up-to-date: /home/ubuntu/Workspaces/ros2_ws/install/ros2_pkg/include/ros2_pkg/msg
[1.837s] -- Up-to-date: /home/ubuntu/Workspaces/ros2_ws/install/ros2_pkg/include/ros2_pkg/msg/rosidl_typesupport_fastrtps_cpp__visibility_control.h
[1.840s] -- Up-to-date: /home/ubuntu/Workspaces/ros2_ws/install/ros2_pkg/include/ros2_pkg/srv
[1.841s] -- Up-to-date: /home/ubuntu/Workspaces/ros2_ws/install/ros2_pkg/include/ros2_pkg/srv/detail
[1.842s] -- Up-to-date: /home/ubuntu/Workspaces/ros2_ws/install/ros2_pkg/include/ros2_pkg/srv/detail/odd_even_check__rosidl_typesupport_fastrtps_cpp.hpp
[1.843s] -- Up-to-date: /home/ubuntu/Workspaces/ros2_ws/install/ros2_pkg/include/ros2_pkg/srv/detail/dds_fastrtps
[1.844s] -- Up-to-date: /home/ubuntu/Workspaces/ros2_ws/install/ros2_pkg/include/ros2_pkg/srv/detail/turn_camera__rosidl_typesupport_fastrtps_cpp.hpp
[1.845s] -- Up-to-date: /home/ubuntu/Workspaces/ros2_ws/install/ros2_pkg/include/ros2_pkg/action
[1.846s] -- Up-to-date: /home/ubuntu/Workspaces/ros2_ws/install/ros2_pkg/include/ros2_pkg/action/detail
[1.846s] -- Up-to-date: /home/ubuntu/Workspaces/ros2_ws/install/ros2_pkg/include/ros2_pkg/action/detail/dds_fastrtps
[1.847s] -- Up-to-date: /home/ubuntu/Workspaces/ros2_ws/install/ros2_pkg/include/ros2_pkg/action/detail/navigate__rosidl_typesupport_fastrtps_cpp.hpp
[1.847s] -- Up-to-date: /home/ubuntu/Workspaces/ros2_ws/install/ros2_pkg/lib/libros2_pkg__rosidl_typesupport_fastrtps_cpp.so
[1.848s] -- Up-to-date: /home/ubuntu/Workspaces/ros2_ws/install/ros2_pkg/include/ros2_pkg
[1.849s] -- Up-to-date: /home/ubuntu/Workspaces/ros2_ws/install/ros2_pkg/include/ros2_pkg/msg
[1.850s] -- Up-to-date: /home/ubuntu/Workspaces/ros2_ws/install/ros2_pkg/include/ros2_pkg/msg/rosidl_typesupport_introspection_c__visibility_control.h
[1.851s] -- Up-to-date: /home/ubuntu/Workspaces/ros2_ws/install/ros2_pkg/include/ros2_pkg/srv
[1.852s] -- Up-to-date: /home/ubuntu/Workspaces/ros2_ws/install/ros2_pkg/include/ros2_pkg/srv/detail
[1.852s] -- Up-to-date: /home/ubuntu/Workspaces/ros2_ws/install/ros2_pkg/include/ros2_pkg/srv/detail/turn_camera__type_support.c
[1.853s] -- Up-to-date: /home/ubuntu/Workspaces/ros2_ws/install/ros2_pkg/include/ros2_pkg/srv/detail/odd_even_check__type_support.c
[1.854s] -- Up-to-date: /home/ubuntu/Workspaces/ros2_ws/install/ros2_pkg/include/ros2_pkg/srv/detail/odd_even_check__rosidl_typesupport_introspection_c.h
[1.854s] -- Up-to-date: /home/ubuntu/Workspaces/ros2_ws/install/ros2_pkg/include/ros2_pkg/srv/detail/turn_camera__rosidl_typesupport_introspection_c.h
[1.855s] -- Up-to-date: /home/ubuntu/Workspaces/ros2_ws/install/ros2_pkg/include/ros2_pkg/action
[1.855s] -- Up-to-date: /home/ubuntu/Workspaces/ros2_ws/install/ros2_pkg/include/ros2_pkg/action/detail
[1.855s] -- Up-to-date: /home/ubuntu/Workspaces/ros2_ws/install/ros2_pkg/include/ros2_pkg/action/detail/navigate__type_support.c
[1.856s] -- Up-to-date: /home/ubuntu/Workspaces/ros2_ws/install/ros2_pkg/include/ros2_pkg/action/detail/navigate__rosidl_typesupport_introspection_c.h
[1.856s] -- Up-to-date: /home/ubuntu/Workspaces/ros2_ws/install/ros2_pkg/lib/libros2_pkg__rosidl_typesupport_introspection_c.so
[1.857s] -- Up-to-date: /home/ubuntu/Workspaces/ros2_ws/install/ros2_pkg/lib/libros2_pkg__rosidl_typesupport_c.so
[1.857s] -- Up-to-date: /home/ubuntu/Workspaces/ros2_ws/install/ros2_pkg/include/ros2_pkg
[1.858s] -- Up-to-date: /home/ubuntu/Workspaces/ros2_ws/install/ros2_pkg/include/ros2_pkg/srv
[1.858s] -- Up-to-date: /home/ubuntu/Workspaces/ros2_ws/install/ros2_pkg/include/ros2_pkg/srv/odd_even_check.hpp
[1.859s] -- Up-to-date: /home/ubuntu/Workspaces/ros2_ws/install/ros2_pkg/include/ros2_pkg/srv/detail
[1.859s] -- Up-to-date: /home/ubuntu/Workspaces/ros2_ws/install/ros2_pkg/include/ros2_pkg/srv/detail/turn_camera__traits.hpp
[1.860s] -- Up-to-date: /home/ubuntu/Workspaces/ros2_ws/install/ros2_pkg/include/ros2_pkg/srv/detail/turn_camera__struct.hpp
[1.860s] -- Up-to-date: /home/ubuntu/Workspaces/ros2_ws/install/ros2_pkg/include/ros2_pkg/srv/detail/turn_camera__builder.hpp
[1.860s] -- Up-to-date: /home/ubuntu/Workspaces/ros2_ws/install/ros2_pkg/include/ros2_pkg/srv/detail/odd_even_check__struct.hpp
[1.861s] -- Up-to-date: /home/ubuntu/Workspaces/ros2_ws/install/ros2_pkg/include/ros2_pkg/srv/detail/odd_even_check__builder.hpp
[1.861s] -- Up-to-date: /home/ubuntu/Workspaces/ros2_ws/install/ros2_pkg/include/ros2_pkg/srv/detail/odd_even_check__traits.hpp
[1.862s] -- Up-to-date: /home/ubuntu/Workspaces/ros2_ws/install/ros2_pkg/include/ros2_pkg/srv/turn_camera.hpp
[1.863s] -- Up-to-date: /home/ubuntu/Workspaces/ros2_ws/install/ros2_pkg/include/ros2_pkg/action
[1.863s] -- Up-to-date: /home/ubuntu/Workspaces/ros2_ws/install/ros2_pkg/include/ros2_pkg/action/navigate.hpp
[1.864s] -- Up-to-date: /home/ubuntu/Workspaces/ros2_ws/install/ros2_pkg/include/ros2_pkg/action/detail
[1.864s] -- Up-to-date: /home/ubuntu/Workspaces/ros2_ws/install/ros2_pkg/include/ros2_pkg/action/detail/navigate__builder.hpp
[1.865s] -- Up-to-date: /home/ubuntu/Workspaces/ros2_ws/install/ros2_pkg/include/ros2_pkg/action/detail/navigate__struct.hpp
[1.865s] -- Up-to-date: /home/ubuntu/Workspaces/ros2_ws/install/ros2_pkg/include/ros2_pkg/action/detail/navigate__traits.hpp
[1.866s] -- Up-to-date: /home/ubuntu/Workspaces/ros2_ws/install/ros2_pkg/include/ros2_pkg
[1.866s] -- Up-to-date: /home/ubuntu/Workspaces/ros2_ws/install/ros2_pkg/include/ros2_pkg/srv
[1.867s] -- Up-to-date: /home/ubuntu/Workspaces/ros2_ws/install/ros2_pkg/include/ros2_pkg/srv/detail
[1.867s] -- Up-to-date: /home/ubuntu/Workspaces/ros2_ws/install/ros2_pkg/include/ros2_pkg/srv/detail/odd_even_check__rosidl_typesupport_introspection_cpp.hpp
[1.868s] -- Up-to-date: /home/ubuntu/Workspaces/ros2_ws/install/ros2_pkg/include/ros2_pkg/srv/detail/odd_even_check__type_support.cpp
[1.868s] -- Up-to-date: /home/ubuntu/Workspaces/ros2_ws/install/ros2_pkg/include/ros2_pkg/srv/detail/turn_camera__rosidl_typesupport_introspection_cpp.hpp
[1.869s] -- Up-to-date: /home/ubuntu/Workspaces/ros2_ws/install/ros2_pkg/include/ros2_pkg/srv/detail/turn_camera__type_support.cpp
[1.869s] -- Up-to-date: /home/ubuntu/Workspaces/ros2_ws/install/ros2_pkg/include/ros2_pkg/action
[1.870s] -- Up-to-date: /home/ubuntu/Workspaces/ros2_ws/install/ros2_pkg/include/ros2_pkg/action/detail
[1.870s] -- Up-to-date: /home/ubuntu/Workspaces/ros2_ws/install/ros2_pkg/include/ros2_pkg/action/detail/navigate__rosidl_typesupport_introspection_cpp.hpp
[1.871s] -- Up-to-date: /home/ubuntu/Workspaces/ros2_ws/install/ros2_pkg/include/ros2_pkg/action/detail/navigate__type_support.cpp
[1.871s] -- Up-to-date: /home/ubuntu/Workspaces/ros2_ws/install/ros2_pkg/lib/libros2_pkg__rosidl_typesupport_introspection_cpp.so
[1.871s] -- Up-to-date: /home/ubuntu/Workspaces/ros2_ws/install/ros2_pkg/lib/libros2_pkg__rosidl_typesupport_cpp.so
[1.872s] -- Up-to-date: /home/ubuntu/Workspaces/ros2_ws/install/ros2_pkg/share/ros2_pkg/environment/pythonpath.sh
[1.872s] -- Up-to-date: /home/ubuntu/Workspaces/ros2_ws/install/ros2_pkg/share/ros2_pkg/environment/pythonpath.dsv
[1.872s] -- Up-to-date: /home/ubuntu/Workspaces/ros2_ws/install/ros2_pkg/lib/python3.8/site-packages/ros2_pkg/__init__.py
[2.026s] -- Up-to-date: /home/ubuntu/Workspaces/ros2_ws/install/ros2_pkg/lib/python3.8/site-packages/ros2_pkg/srv
[2.027s] -- Up-to-date: /home/ubuntu/Workspaces/ros2_ws/install/ros2_pkg/lib/python3.8/site-packages/ros2_pkg/srv/__init__.py
[2.027s] -- Up-to-date: /home/ubuntu/Workspaces/ros2_ws/install/ros2_pkg/lib/python3.8/site-packages/ros2_pkg/srv/_odd_even_check.py
[2.028s] -- Up-to-date: /home/ubuntu/Workspaces/ros2_ws/install/ros2_pkg/lib/python3.8/site-packages/ros2_pkg/srv/_odd_even_check_s.c
[2.029s] -- Up-to-date: /home/ubuntu/Workspaces/ros2_ws/install/ros2_pkg/lib/python3.8/site-packages/ros2_pkg/srv/_turn_camera.py
[2.029s] -- Up-to-date: /home/ubuntu/Workspaces/ros2_ws/install/ros2_pkg/lib/python3.8/site-packages/ros2_pkg/srv/_turn_camera_s.c
[2.030s] -- Up-to-date: /home/ubuntu/Workspaces/ros2_ws/install/ros2_pkg/lib/python3.8/site-packages/ros2_pkg/action
[2.030s] -- Up-to-date: /home/ubuntu/Workspaces/ros2_ws/install/ros2_pkg/lib/python3.8/site-packages/ros2_pkg/action/__init__.py
[2.031s] -- Up-to-date: /home/ubuntu/Workspaces/ros2_ws/install/ros2_pkg/lib/python3.8/site-packages/ros2_pkg/action/_navigate_s.c
[2.031s] -- Up-to-date: /home/ubuntu/Workspaces/ros2_ws/install/ros2_pkg/lib/python3.8/site-packages/ros2_pkg/action/_navigate.py
[2.032s] -- Up-to-date: /home/ubuntu/Workspaces/ros2_ws/install/ros2_pkg/lib/python3.8/site-packages/ros2_pkg/ros2_pkg_s__rosidl_typesupport_fastrtps_c.cpython-38-aarch64-linux-gnu.so
[2.034s] -- Up-to-date: /home/ubuntu/Workspaces/ros2_ws/install/ros2_pkg/lib/python3.8/site-packages/ros2_pkg/ros2_pkg_s__rosidl_typesupport_introspection_c.cpython-38-aarch64-linux-gnu.so
[2.037s] -- Up-to-date: /home/ubuntu/Workspaces/ros2_ws/install/ros2_pkg/lib/python3.8/site-packages/ros2_pkg/ros2_pkg_s__rosidl_typesupport_c.cpython-38-aarch64-linux-gnu.so
[2.040s] -- Up-to-date: /home/ubuntu/Workspaces/ros2_ws/install/ros2_pkg/lib/libros2_pkg__python.so
[2.042s] -- Up-to-date: /home/ubuntu/Workspaces/ros2_ws/install/ros2_pkg/share/ros2_pkg/srv/OddEvenCheck.idl
[2.043s] -- Up-to-date: /home/ubuntu/Workspaces/ros2_ws/install/ros2_pkg/share/ros2_pkg/srv/TurnCamera.idl
[2.044s] -- Up-to-date: /home/ubuntu/Workspaces/ros2_ws/install/ros2_pkg/share/ros2_pkg/action/Navigate.idl
[2.045s] -- Up-to-date: /home/ubuntu/Workspaces/ros2_ws/install/ros2_pkg/share/ros2_pkg/srv/OddEvenCheck.srv
[2.046s] -- Up-to-date: /home/ubuntu/Workspaces/ros2_ws/install/ros2_pkg/share/ros2_pkg/srv/OddEvenCheck_Request.msg
[2.047s] -- Up-to-date: /home/ubuntu/Workspaces/ros2_ws/install/ros2_pkg/share/ros2_pkg/srv/OddEvenCheck_Response.msg
[2.047s] -- Up-to-date: /home/ubuntu/Workspaces/ros2_ws/install/ros2_pkg/share/ros2_pkg/srv/TurnCamera.srv
[2.048s] -- Up-to-date: /home/ubuntu/Workspaces/ros2_ws/install/ros2_pkg/share/ros2_pkg/srv/TurnCamera_Request.msg
[2.050s] -- Up-to-date: /home/ubuntu/Workspaces/ros2_ws/install/ros2_pkg/share/ros2_pkg/srv/TurnCamera_Response.msg
[2.051s] -- Up-to-date: /home/ubuntu/Workspaces/ros2_ws/install/ros2_pkg/share/ros2_pkg/action/Navigate.action
[2.051s] -- Up-to-date: /home/ubuntu/Workspaces/ros2_ws/install/ros2_pkg/lib/python3.8/site-packages/scripts
[2.052s] -- Up-to-date: /home/ubuntu/Workspaces/ros2_ws/install/ros2_pkg/lib/python3.8/site-packages/scripts/__init__.py
[2.052s] -- Up-to-date: /home/ubuntu/Workspaces/ros2_ws/install/ros2_pkg/lib/python3.8/site-packages/scripts/rpm_pub.py
[2.053s] -- Up-to-date: /home/ubuntu/Workspaces/ros2_ws/install/ros2_pkg/lib/python3.8/site-packages/scripts/service_server.py
[2.053s] -- Installing: /home/ubuntu/Workspaces/ros2_ws/install/ros2_pkg/lib/python3.8/site-packages/scripts/action_client.py
[2.054s] -- Up-to-date: /home/ubuntu/Workspaces/ros2_ws/install/ros2_pkg/lib/python3.8/site-packages/scripts/turn_camera_server.py
[2.054s] -- Up-to-date: /home/ubuntu/Workspaces/ros2_ws/install/ros2_pkg/lib/python3.8/site-packages/scripts/publisher.py
[2.055s] -- Up-to-date: /home/ubuntu/Workspaces/ros2_ws/install/ros2_pkg/lib/python3.8/site-packages/scripts/turn_camera_client.py
[2.055s] -- Up-to-date: /home/ubuntu/Workspaces/ros2_ws/install/ros2_pkg/lib/python3.8/site-packages/scripts/subscriber.py
[2.056s] -- Up-to-date: /home/ubuntu/Workspaces/ros2_ws/install/ros2_pkg/lib/python3.8/site-packages/scripts/service_client.py
[2.056s] -- Up-to-date: /home/ubuntu/Workspaces/ros2_ws/install/ros2_pkg/lib/python3.8/site-packages/scripts/speed_calc.py
[2.056s] -- Up-to-date: /home/ubuntu/Workspaces/ros2_ws/install/ros2_pkg/lib/python3.8/site-packages/scripts/action_server.py
[2.225s] Listing '/home/ubuntu/Workspaces/ros2_ws/install/ros2_pkg/lib/python3.8/site-packages/scripts'...
[2.226s] Compiling '/home/ubuntu/Workspaces/ros2_ws/install/ros2_pkg/lib/python3.8/site-packages/scripts/action_client.py'...
[2.250s] -- Up-to-date: /home/ubuntu/Workspaces/ros2_ws/install/ros2_pkg/lib/ros2_pkg/publisher.py
[2.251s] -- Up-to-date: /home/ubuntu/Workspaces/ros2_ws/install/ros2_pkg/lib/ros2_pkg/subscriber.py
[2.251s] -- Up-to-date: /home/ubuntu/Workspaces/ros2_ws/install/ros2_pkg/lib/ros2_pkg/rpm_pub.py
[2.252s] -- Up-to-date: /home/ubuntu/Workspaces/ros2_ws/install/ros2_pkg/lib/ros2_pkg/speed_calc.py
[2.253s] -- Up-to-date: /home/ubuntu/Workspaces/ros2_ws/install/ros2_pkg/lib/ros2_pkg/service_server.py
[2.254s] -- Up-to-date: /home/ubuntu/Workspaces/ros2_ws/install/ros2_pkg/lib/ros2_pkg/service_client.py
[2.255s] -- Up-to-date: /home/ubuntu/Workspaces/ros2_ws/install/ros2_pkg/lib/ros2_pkg/turn_camera_server.py
[2.255s] -- Up-to-date: /home/ubuntu/Workspaces/ros2_ws/install/ros2_pkg/lib/ros2_pkg/turn_camera_client.py
[2.257s] -- Up-to-date: /home/ubuntu/Workspaces/ros2_ws/install/ros2_pkg/lib/ros2_pkg/action_server.py
[2.259s] -- Installing: /home/ubuntu/Workspaces/ros2_ws/install/ros2_pkg/lib/ros2_pkg/action_client.py
[2.259s] -- Up-to-date: /home/ubuntu/Workspaces/ros2_ws/install/ros2_pkg/share/ros2_pkg//launch
[2.263s] -- Up-to-date: /home/ubuntu/Workspaces/ros2_ws/install/ros2_pkg/share/ros2_pkg//launch/node.launch.py
[2.263s] -- Up-to-date: /home/ubuntu/Workspaces/ros2_ws/install/ros2_pkg/share/ament_index/resource_index/package_run_dependencies/ros2_pkg
[2.266s] -- Up-to-date: /home/ubuntu/Workspaces/ros2_ws/install/ros2_pkg/share/ament_index/resource_index/parent_prefix_path/ros2_pkg
[2.267s] -- Up-to-date: /home/ubuntu/Workspaces/ros2_ws/install/ros2_pkg/share/ros2_pkg/environment/ament_prefix_path.sh
[2.268s] -- Up-to-date: /home/ubuntu/Workspaces/ros2_ws/install/ros2_pkg/share/ros2_pkg/environment/ament_prefix_path.dsv
[2.269s] -- Up-to-date: /home/ubuntu/Workspaces/ros2_ws/install/ros2_pkg/share/ros2_pkg/environment/path.sh
[2.270s] -- Up-to-date: /home/ubuntu/Workspaces/ros2_ws/install/ros2_pkg/share/ros2_pkg/environment/path.dsv
[2.271s] -- Up-to-date: /home/ubuntu/Workspaces/ros2_ws/install/ros2_pkg/share/ros2_pkg/local_setup.bash
[2.271s] -- Up-to-date: /home/ubuntu/Workspaces/ros2_ws/install/ros2_pkg/share/ros2_pkg/local_setup.sh
[2.272s] -- Up-to-date: /home/ubuntu/Workspaces/ros2_ws/install/ros2_pkg/share/ros2_pkg/local_setup.zsh
[2.273s] -- Up-to-date: /home/ubuntu/Workspaces/ros2_ws/install/ros2_pkg/share/ros2_pkg/local_setup.dsv
[2.274s] -- Installing: /home/ubuntu/Workspaces/ros2_ws/install/ros2_pkg/share/ros2_pkg/package.dsv
[2.274s] -- Up-to-date: /home/ubuntu/Workspaces/ros2_ws/install/ros2_pkg/share/ament_index/resource_index/packages/ros2_pkg
[2.275s] -- Up-to-date: /home/ubuntu/Workspaces/ros2_ws/install/ros2_pkg/share/ros2_pkg/cmake/ros2_pkg__rosidl_generator_cExport.cmake
[2.275s] -- Up-to-date: /home/ubuntu/Workspaces/ros2_ws/install/ros2_pkg/share/ros2_pkg/cmake/ros2_pkg__rosidl_generator_cExport-noconfig.cmake
[2.276s] -- Up-to-date: /home/ubuntu/Workspaces/ros2_ws/install/ros2_pkg/share/ros2_pkg/cmake/ros2_pkg__rosidl_typesupport_introspection_cExport.cmake
[2.277s] -- Up-to-date: /home/ubuntu/Workspaces/ros2_ws/install/ros2_pkg/share/ros2_pkg/cmake/ros2_pkg__rosidl_typesupport_introspection_cExport-noconfig.cmake
[2.277s] -- Up-to-date: /home/ubuntu/Workspaces/ros2_ws/install/ros2_pkg/share/ros2_pkg/cmake/ros2_pkg__rosidl_typesupport_cExport.cmake
[2.278s] -- Up-to-date: /home/ubuntu/Workspaces/ros2_ws/install/ros2_pkg/share/ros2_pkg/cmake/ros2_pkg__rosidl_typesupport_cExport-noconfig.cmake
[2.278s] -- Up-to-date: /home/ubuntu/Workspaces/ros2_ws/install/ros2_pkg/share/ros2_pkg/cmake/ros2_pkg__rosidl_generator_cppExport.cmake
[2.279s] -- Up-to-date: /home/ubuntu/Workspaces/ros2_ws/install/ros2_pkg/share/ros2_pkg/cmake/ros2_pkg__rosidl_typesupport_introspection_cppExport.cmake
[2.280s] -- Up-to-date: /home/ubuntu/Workspaces/ros2_ws/install/ros2_pkg/share/ros2_pkg/cmake/ros2_pkg__rosidl_typesupport_introspection_cppExport-noconfig.cmake
[2.280s] -- Up-to-date: /home/ubuntu/Workspaces/ros2_ws/install/ros2_pkg/share/ros2_pkg/cmake/ros2_pkg__rosidl_typesupport_cppExport.cmake
[2.281s] -- Up-to-date: /home/ubuntu/Workspaces/ros2_ws/install/ros2_pkg/share/ros2_pkg/cmake/ros2_pkg__rosidl_typesupport_cppExport-noconfig.cmake
[2.282s] -- Up-to-date: /home/ubuntu/Workspaces/ros2_ws/install/ros2_pkg/share/ros2_pkg/cmake/rosidl_cmake-extras.cmake
[2.282s] -- Up-to-date: /home/ubuntu/Workspaces/ros2_ws/install/ros2_pkg/share/ros2_pkg/cmake/ament_cmake_export_dependencies-extras.cmake
[2.283s] -- Up-to-date: /home/ubuntu/Workspaces/ros2_ws/install/ros2_pkg/share/ros2_pkg/cmake/ament_cmake_export_libraries-extras.cmake
[2.284s] -- Up-to-date: /home/ubuntu/Workspaces/ros2_ws/install/ros2_pkg/share/ros2_pkg/cmake/ament_cmake_export_targets-extras.cmake
[2.287s] -- Up-to-date: /home/ubuntu/Workspaces/ros2_ws/install/ros2_pkg/share/ros2_pkg/cmake/ament_cmake_export_include_directories-extras.cmake
[2.288s] -- Up-to-date: /home/ubuntu/Workspaces/ros2_ws/install/ros2_pkg/share/ros2_pkg/cmake/rosidl_cmake_export_typesupport_libraries-extras.cmake
[2.289s] -- Up-to-date: /home/ubuntu/Workspaces/ros2_ws/install/ros2_pkg/share/ros2_pkg/cmake/rosidl_cmake_export_typesupport_targets-extras.cmake
[2.293s] -- Up-to-date: /home/ubuntu/Workspaces/ros2_ws/install/ros2_pkg/share/ros2_pkg/cmake/ros2_pkgConfig.cmake
[2.294s] -- Up-to-date: /home/ubuntu/Workspaces/ros2_ws/install/ros2_pkg/share/ros2_pkg/cmake/ros2_pkgConfig-version.cmake
[2.294s] -- Up-to-date: /home/ubuntu/Workspaces/ros2_ws/install/ros2_pkg/share/ros2_pkg/package.xml
[2.295s] Invoked command in '/home/ubuntu/Workspaces/ros2_ws/build/ros2_pkg' returned '0': CMAKE_PREFIX_PATH=${CMAKE_PREFIX_PATH}:/home/ubuntu/turtlebot3_ws/install/turtlebot3_teleop:/home/ubuntu/turtlebot3_ws/install/turtlebot3_example:/opt/ros/foxy /usr/bin/cmake --install /home/ubuntu/Workspaces/ros2_ws/build/ros2_pkg
