[1.405s] DEBUG:colcon:Command line arguments: ['/usr/bin/colcon', 'build', '--packages-select', 'ros2_pkg']
[1.405s] DEBUG:colcon:Parsed command line arguments: Namespace(allow_overriding=[], ament_cmake_args=None, base_paths=['.'], build_base='build', catkin_cmake_args=None, catkin_skip_building_tests=False, cmake_args=None, cmake_clean_cache=False, cmake_clean_first=False, cmake_force_configure=False, cmake_target=None, cmake_target_skip_unavailable=False, continue_on_error=False, event_handlers=None, executor='parallel', ignore_user_meta=False, install_base='install', log_base=None, log_level=None, main=<bound method BuildVerb.main of <colcon_core.verb.build.BuildVerb object at 0xffffa71d1850>>, merge_install=False, metas=['./colcon.meta'], packages_above=None, packages_above_and_dependencies=None, packages_above_depth=None, packages_end=None, packages_ignore=None, packages_ignore_regex=None, packages_select=['ros2_pkg'], packages_select_build_failed=False, packages_select_by_dep=None, packages_select_regex=None, packages_select_test_failures=False, packages_skip=None, packages_skip_build_finished=False, packages_skip_by_dep=None, packages_skip_regex=None, packages_skip_test_passed=False, packages_skip_up_to=None, packages_start=None, packages_up_to=None, packages_up_to_regex=None, parallel_workers=4, paths=None, symlink_install=False, test_result_base=None, verb_extension=<colcon_core.verb.build.BuildVerb object at 0xffffa71d1850>, verb_name='build', verb_parser=<colcon_defaults.argument_parser.defaults.DefaultArgumentsDecorator object at 0xffffa71d1dc0>)
[1.529s] Level 1:colcon.colcon_core.package_discovery:discover_packages(colcon_meta) check parameters
[1.529s] Level 1:colcon.colcon_core.package_discovery:discover_packages(recursive) check parameters
[1.529s] Level 1:colcon.colcon_core.package_discovery:discover_packages(ignore) check parameters
[1.530s] Level 1:colcon.colcon_core.package_discovery:discover_packages(path) check parameters
[1.530s] Level 1:colcon.colcon_core.package_discovery:discover_packages(colcon_meta) discover
[1.530s] Level 1:colcon.colcon_core.package_discovery:discover_packages(recursive) discover
[1.530s] INFO:colcon.colcon_core.package_discovery:Crawling recursively for packages in '/home/ubuntu/Workspaces/ros2_ws'
[1.531s] Level 1:colcon.colcon_core.package_identification:_identify(.) by extensions ['ignore', 'ignore_ament_install']
[1.531s] Level 1:colcon.colcon_core.package_identification:_identify(.) by extension 'ignore'
[1.531s] Level 1:colcon.colcon_core.package_identification:_identify(.) by extension 'ignore_ament_install'
[1.532s] Level 1:colcon.colcon_core.package_identification:_identify(.) by extensions ['colcon_pkg']
[1.532s] Level 1:colcon.colcon_core.package_identification:_identify(.) by extension 'colcon_pkg'
[1.532s] Level 1:colcon.colcon_core.package_identification:_identify(.) by extensions ['colcon_meta']
[1.532s] Level 1:colcon.colcon_core.package_identification:_identify(.) by extension 'colcon_meta'
[1.532s] Level 1:colcon.colcon_core.package_identification:_identify(.) by extensions ['ros']
[1.532s] Level 1:colcon.colcon_core.package_identification:_identify(.) by extension 'ros'
[1.615s] Level 1:colcon.colcon_core.package_identification:_identify(.) by extensions ['cmake', 'python']
[1.615s] Level 1:colcon.colcon_core.package_identification:_identify(.) by extension 'cmake'
[1.615s] Level 1:colcon.colcon_core.package_identification:_identify(.) by extension 'python'
[1.616s] Level 1:colcon.colcon_core.package_identification:_identify(.) by extensions ['python_setup_py']
[1.616s] Level 1:colcon.colcon_core.package_identification:_identify(.) by extension 'python_setup_py'
[1.616s] Level 1:colcon.colcon_core.package_identification:_identify(build) by extensions ['ignore', 'ignore_ament_install']
[1.617s] Level 1:colcon.colcon_core.package_identification:_identify(build) by extension 'ignore'
[1.617s] Level 1:colcon.colcon_core.package_identification:_identify(build) ignored
[1.618s] Level 1:colcon.colcon_core.package_identification:_identify(install) by extensions ['ignore', 'ignore_ament_install']
[1.618s] Level 1:colcon.colcon_core.package_identification:_identify(install) by extension 'ignore'
[1.618s] Level 1:colcon.colcon_core.package_identification:_identify(install) ignored
[1.619s] Level 1:colcon.colcon_core.package_identification:_identify(log) by extensions ['ignore', 'ignore_ament_install']
[1.619s] Level 1:colcon.colcon_core.package_identification:_identify(log) by extension 'ignore'
[1.620s] Level 1:colcon.colcon_core.package_identification:_identify(log) ignored
[1.620s] Level 1:colcon.colcon_core.package_identification:_identify(src) by extensions ['ignore', 'ignore_ament_install']
[1.620s] Level 1:colcon.colcon_core.package_identification:_identify(src) by extension 'ignore'
[1.621s] Level 1:colcon.colcon_core.package_identification:_identify(src) by extension 'ignore_ament_install'
[1.621s] Level 1:colcon.colcon_core.package_identification:_identify(src) by extensions ['colcon_pkg']
[1.621s] Level 1:colcon.colcon_core.package_identification:_identify(src) by extension 'colcon_pkg'
[1.621s] Level 1:colcon.colcon_core.package_identification:_identify(src) by extensions ['colcon_meta']
[1.621s] Level 1:colcon.colcon_core.package_identification:_identify(src) by extension 'colcon_meta'
[1.622s] Level 1:colcon.colcon_core.package_identification:_identify(src) by extensions ['ros']
[1.622s] Level 1:colcon.colcon_core.package_identification:_identify(src) by extension 'ros'
[1.622s] Level 1:colcon.colcon_core.package_identification:_identify(src) by extensions ['cmake', 'python']
[1.622s] Level 1:colcon.colcon_core.package_identification:_identify(src) by extension 'cmake'
[1.622s] Level 1:colcon.colcon_core.package_identification:_identify(src) by extension 'python'
[1.623s] Level 1:colcon.colcon_core.package_identification:_identify(src) by extensions ['python_setup_py']
[1.623s] Level 1:colcon.colcon_core.package_identification:_identify(src) by extension 'python_setup_py'
[1.623s] Level 1:colcon.colcon_core.package_identification:_identify(src/ros2_pkg) by extensions ['ignore', 'ignore_ament_install']
[1.624s] Level 1:colcon.colcon_core.package_identification:_identify(src/ros2_pkg) by extension 'ignore'
[1.624s] Level 1:colcon.colcon_core.package_identification:_identify(src/ros2_pkg) by extension 'ignore_ament_install'
[1.624s] Level 1:colcon.colcon_core.package_identification:_identify(src/ros2_pkg) by extensions ['colcon_pkg']
[1.624s] Level 1:colcon.colcon_core.package_identification:_identify(src/ros2_pkg) by extension 'colcon_pkg'
[1.624s] Level 1:colcon.colcon_core.package_identification:_identify(src/ros2_pkg) by extensions ['colcon_meta']
[1.625s] Level 1:colcon.colcon_core.package_identification:_identify(src/ros2_pkg) by extension 'colcon_meta'
[1.625s] Level 1:colcon.colcon_core.package_identification:_identify(src/ros2_pkg) by extensions ['ros']
[1.625s] Level 1:colcon.colcon_core.package_identification:_identify(src/ros2_pkg) by extension 'ros'
[1.635s] DEBUG:colcon.colcon_core.package_identification:Package 'src/ros2_pkg' with type 'ros.ament_cmake' and name 'ros2_pkg'
[1.635s] Level 1:colcon.colcon_core.package_discovery:discover_packages(recursive) using defaults
[1.635s] Level 1:colcon.colcon_core.package_discovery:discover_packages(ignore) discover
[1.636s] Level 1:colcon.colcon_core.package_discovery:discover_packages(ignore) using defaults
[1.636s] Level 1:colcon.colcon_core.package_discovery:discover_packages(path) discover
[1.636s] Level 1:colcon.colcon_core.package_discovery:discover_packages(path) using defaults
[1.720s] Level 1:colcon.colcon_core.package_discovery:discover_packages(prefix_path) check parameters
[1.720s] Level 1:colcon.colcon_core.package_discovery:discover_packages(prefix_path) discover
[1.739s] DEBUG:colcon.colcon_installed_package_information.package_discovery:Found 1 installed packages in /home/ubuntu/Workspaces/ros2_ws/install
[1.744s] DEBUG:colcon.colcon_installed_package_information.package_discovery:Found 6 installed packages in /home/ubuntu/turtlebot3_ws/install
[1.756s] DEBUG:colcon.colcon_installed_package_information.package_discovery:Found 259 installed packages in /opt/ros/foxy
[1.763s] Level 1:colcon.colcon_core.package_discovery:discover_packages(prefix_path) using defaults
[2.108s] Level 5:colcon.colcon_core.verb:set package 'ros2_pkg' build argument 'cmake_args' from command line to 'None'
[2.109s] Level 5:colcon.colcon_core.verb:set package 'ros2_pkg' build argument 'cmake_target' from command line to 'None'
[2.109s] Level 5:colcon.colcon_core.verb:set package 'ros2_pkg' build argument 'cmake_target_skip_unavailable' from command line to 'False'
[2.109s] Level 5:colcon.colcon_core.verb:set package 'ros2_pkg' build argument 'cmake_clean_cache' from command line to 'False'
[2.109s] Level 5:colcon.colcon_core.verb:set package 'ros2_pkg' build argument 'cmake_clean_first' from command line to 'False'
[2.109s] Level 5:colcon.colcon_core.verb:set package 'ros2_pkg' build argument 'cmake_force_configure' from command line to 'False'
[2.109s] Level 5:colcon.colcon_core.verb:set package 'ros2_pkg' build argument 'ament_cmake_args' from command line to 'None'
[2.110s] Level 5:colcon.colcon_core.verb:set package 'ros2_pkg' build argument 'catkin_cmake_args' from command line to 'None'
[2.110s] Level 5:colcon.colcon_core.verb:set package 'ros2_pkg' build argument 'catkin_skip_building_tests' from command line to 'False'
[2.110s] DEBUG:colcon.colcon_core.verb:Building package 'ros2_pkg' with the following arguments: {'ament_cmake_args': None, 'build_base': '/home/ubuntu/Workspaces/ros2_ws/build/ros2_pkg', 'catkin_cmake_args': None, 'catkin_skip_building_tests': False, 'cmake_args': None, 'cmake_clean_cache': False, 'cmake_clean_first': False, 'cmake_force_configure': False, 'cmake_target': None, 'cmake_target_skip_unavailable': False, 'install_base': '/home/ubuntu/Workspaces/ros2_ws/install/ros2_pkg', 'merge_install': False, 'path': '/home/ubuntu/Workspaces/ros2_ws/src/ros2_pkg', 'symlink_install': False, 'test_result_base': None}
[2.113s] INFO:colcon.colcon_core.executor:Executing jobs using 'parallel' executor
[2.129s] DEBUG:colcon.colcon_parallel_executor.executor.parallel:run_until_complete
[2.130s] INFO:colcon.colcon_ros.task.ament_cmake.build:Building ROS package in '/home/ubuntu/Workspaces/ros2_ws/src/ros2_pkg' with build type 'ament_cmake'
[2.131s] INFO:colcon.colcon_cmake.task.cmake.build:Building CMake package in '/home/ubuntu/Workspaces/ros2_ws/src/ros2_pkg'
[2.152s] INFO:colcon.colcon_core.plugin_system:Skipping extension 'colcon_core.shell.bat': Not used on non-Windows systems
[2.153s] INFO:colcon.colcon_core.shell:Skip shell extension 'powershell' for command environment: Not usable outside of PowerShell
[2.154s] DEBUG:colcon.colcon_core.shell:Skip shell extension 'dsv' for command environment
[2.213s] DEBUG:colcon.colcon_core.event_handler.log_command:Invoking command in '/home/ubuntu/Workspaces/ros2_ws/build/ros2_pkg': CMAKE_PREFIX_PATH=${CMAKE_PREFIX_PATH}:/home/ubuntu/turtlebot3_ws/install/turtlebot3_teleop:/home/ubuntu/turtlebot3_ws/install/turtlebot3_example:/opt/ros/foxy /usr/bin/cmake --build /home/ubuntu/Workspaces/ros2_ws/build/ros2_pkg -- -j4 -l4
[11.178s] DEBUG:colcon.colcon_core.event_handler.log_command:Invoked command in '/home/ubuntu/Workspaces/ros2_ws/build/ros2_pkg' returned '0': CMAKE_PREFIX_PATH=${CMAKE_PREFIX_PATH}:/home/ubuntu/turtlebot3_ws/install/turtlebot3_teleop:/home/ubuntu/turtlebot3_ws/install/turtlebot3_example:/opt/ros/foxy /usr/bin/cmake --build /home/ubuntu/Workspaces/ros2_ws/build/ros2_pkg -- -j4 -l4
[11.706s] DEBUG:colcon.colcon_core.event_handler.log_command:Invoking command in '/home/ubuntu/Workspaces/ros2_ws/build/ros2_pkg': CMAKE_PREFIX_PATH=${CMAKE_PREFIX_PATH}:/home/ubuntu/turtlebot3_ws/install/turtlebot3_teleop:/home/ubuntu/turtlebot3_ws/install/turtlebot3_example:/opt/ros/foxy /usr/bin/cmake --install /home/ubuntu/Workspaces/ros2_ws/build/ros2_pkg
[12.212s] Level 1:colcon.colcon_core.environment:create_environment_scripts_only(ros2_pkg)
[12.224s] DEBUG:colcon.colcon_core.event_handler.log_command:Invoked command in '/home/ubuntu/Workspaces/ros2_ws/build/ros2_pkg' returned '0': CMAKE_PREFIX_PATH=${CMAKE_PREFIX_PATH}:/home/ubuntu/turtlebot3_ws/install/turtlebot3_teleop:/home/ubuntu/turtlebot3_ws/install/turtlebot3_example:/opt/ros/foxy /usr/bin/cmake --install /home/ubuntu/Workspaces/ros2_ws/build/ros2_pkg
[12.246s] Level 1:colcon.colcon_core.environment:checking '/home/ubuntu/Workspaces/ros2_ws/install/ros2_pkg' for CMake module files
[12.251s] Level 1:colcon.colcon_core.environment:checking '/home/ubuntu/Workspaces/ros2_ws/install/ros2_pkg' for CMake config files
[12.255s] Level 1:colcon.colcon_core.shell:create_environment_hook('ros2_pkg', 'cmake_prefix_path')
[12.261s] INFO:colcon.colcon_core.shell:Creating environment hook '/home/ubuntu/Workspaces/ros2_ws/install/ros2_pkg/share/ros2_pkg/hook/cmake_prefix_path.ps1'
[12.264s] INFO:colcon.colcon_core.shell:Creating environment descriptor '/home/ubuntu/Workspaces/ros2_ws/install/ros2_pkg/share/ros2_pkg/hook/cmake_prefix_path.dsv'
[12.266s] INFO:colcon.colcon_core.shell:Creating environment hook '/home/ubuntu/Workspaces/ros2_ws/install/ros2_pkg/share/ros2_pkg/hook/cmake_prefix_path.sh'
[12.270s] Level 1:colcon.colcon_core.environment:checking '/home/ubuntu/Workspaces/ros2_ws/install/ros2_pkg/lib'
[12.271s] Level 1:colcon.colcon_core.shell:create_environment_hook('ros2_pkg', 'ld_library_path_lib')
[12.277s] INFO:colcon.colcon_core.shell:Creating environment hook '/home/ubuntu/Workspaces/ros2_ws/install/ros2_pkg/share/ros2_pkg/hook/ld_library_path_lib.ps1'
[12.279s] INFO:colcon.colcon_core.shell:Creating environment descriptor '/home/ubuntu/Workspaces/ros2_ws/install/ros2_pkg/share/ros2_pkg/hook/ld_library_path_lib.dsv'
[12.281s] INFO:colcon.colcon_core.shell:Creating environment hook '/home/ubuntu/Workspaces/ros2_ws/install/ros2_pkg/share/ros2_pkg/hook/ld_library_path_lib.sh'
[12.283s] Level 1:colcon.colcon_core.environment:checking '/home/ubuntu/Workspaces/ros2_ws/install/ros2_pkg/bin'
[12.283s] Level 1:colcon.colcon_core.environment:checking '/home/ubuntu/Workspaces/ros2_ws/install/ros2_pkg/lib/pkgconfig/ros2_pkg.pc'
[12.284s] Level 1:colcon.colcon_core.environment:checking '/home/ubuntu/Workspaces/ros2_ws/install/ros2_pkg/lib/python3.8/site-packages'
[12.284s] Level 1:colcon.colcon_core.shell:create_environment_hook('ros2_pkg', 'pythonpath')
[12.290s] INFO:colcon.colcon_core.shell:Creating environment hook '/home/ubuntu/Workspaces/ros2_ws/install/ros2_pkg/share/ros2_pkg/hook/pythonpath.ps1'
[12.293s] INFO:colcon.colcon_core.shell:Creating environment descriptor '/home/ubuntu/Workspaces/ros2_ws/install/ros2_pkg/share/ros2_pkg/hook/pythonpath.dsv'
[12.294s] INFO:colcon.colcon_core.shell:Creating environment hook '/home/ubuntu/Workspaces/ros2_ws/install/ros2_pkg/share/ros2_pkg/hook/pythonpath.sh'
[12.297s] Level 1:colcon.colcon_core.environment:checking '/home/ubuntu/Workspaces/ros2_ws/install/ros2_pkg/bin'
[12.304s] INFO:colcon.colcon_core.shell:Creating package script '/home/ubuntu/Workspaces/ros2_ws/install/ros2_pkg/share/ros2_pkg/package.ps1'
[12.309s] INFO:colcon.colcon_core.shell:Creating package descriptor '/home/ubuntu/Workspaces/ros2_ws/install/ros2_pkg/share/ros2_pkg/package.dsv'
[12.312s] INFO:colcon.colcon_core.shell:Creating package script '/home/ubuntu/Workspaces/ros2_ws/install/ros2_pkg/share/ros2_pkg/package.sh'
[12.316s] INFO:colcon.colcon_core.shell:Creating package script '/home/ubuntu/Workspaces/ros2_ws/install/ros2_pkg/share/ros2_pkg/package.bash'
[12.320s] INFO:colcon.colcon_core.shell:Creating package script '/home/ubuntu/Workspaces/ros2_ws/install/ros2_pkg/share/ros2_pkg/package.zsh'
[12.323s] Level 1:colcon.colcon_core.environment:create_file_with_runtime_dependencies(/home/ubuntu/Workspaces/ros2_ws/install/ros2_pkg/share/colcon-core/packages/ros2_pkg)
[12.799s] Level 1:colcon.colcon_core.environment:create_environment_scripts_only(ros2_pkg)
[12.810s] Level 1:colcon.colcon_core.environment:checking '/home/ubuntu/Workspaces/ros2_ws/install/ros2_pkg' for CMake module files
[12.815s] Level 1:colcon.colcon_core.environment:checking '/home/ubuntu/Workspaces/ros2_ws/install/ros2_pkg' for CMake config files
[12.819s] Level 1:colcon.colcon_core.shell:create_environment_hook('ros2_pkg', 'cmake_prefix_path')
[12.825s] INFO:colcon.colcon_core.shell:Creating environment hook '/home/ubuntu/Workspaces/ros2_ws/install/ros2_pkg/share/ros2_pkg/hook/cmake_prefix_path.ps1'
[12.827s] INFO:colcon.colcon_core.shell:Creating environment descriptor '/home/ubuntu/Workspaces/ros2_ws/install/ros2_pkg/share/ros2_pkg/hook/cmake_prefix_path.dsv'
[12.829s] INFO:colcon.colcon_core.shell:Creating environment hook '/home/ubuntu/Workspaces/ros2_ws/install/ros2_pkg/share/ros2_pkg/hook/cmake_prefix_path.sh'
[12.832s] Level 1:colcon.colcon_core.environment:checking '/home/ubuntu/Workspaces/ros2_ws/install/ros2_pkg/lib'
[12.832s] Level 1:colcon.colcon_core.shell:create_environment_hook('ros2_pkg', 'ld_library_path_lib')
[12.838s] INFO:colcon.colcon_core.shell:Creating environment hook '/home/ubuntu/Workspaces/ros2_ws/install/ros2_pkg/share/ros2_pkg/hook/ld_library_path_lib.ps1'
[12.840s] INFO:colcon.colcon_core.shell:Creating environment descriptor '/home/ubuntu/Workspaces/ros2_ws/install/ros2_pkg/share/ros2_pkg/hook/ld_library_path_lib.dsv'
[12.842s] INFO:colcon.colcon_core.shell:Creating environment hook '/home/ubuntu/Workspaces/ros2_ws/install/ros2_pkg/share/ros2_pkg/hook/ld_library_path_lib.sh'
[12.844s] Level 1:colcon.colcon_core.environment:checking '/home/ubuntu/Workspaces/ros2_ws/install/ros2_pkg/bin'
[12.845s] Level 1:colcon.colcon_core.environment:checking '/home/ubuntu/Workspaces/ros2_ws/install/ros2_pkg/lib/pkgconfig/ros2_pkg.pc'
[12.846s] Level 1:colcon.colcon_core.environment:checking '/home/ubuntu/Workspaces/ros2_ws/install/ros2_pkg/lib/python3.8/site-packages'
[12.846s] Level 1:colcon.colcon_core.shell:create_environment_hook('ros2_pkg', 'pythonpath')
[12.853s] INFO:colcon.colcon_core.shell:Creating environment hook '/home/ubuntu/Workspaces/ros2_ws/install/ros2_pkg/share/ros2_pkg/hook/pythonpath.ps1'
[12.855s] INFO:colcon.colcon_core.shell:Creating environment descriptor '/home/ubuntu/Workspaces/ros2_ws/install/ros2_pkg/share/ros2_pkg/hook/pythonpath.dsv'
[12.856s] INFO:colcon.colcon_core.shell:Creating environment hook '/home/ubuntu/Workspaces/ros2_ws/install/ros2_pkg/share/ros2_pkg/hook/pythonpath.sh'
[12.859s] Level 1:colcon.colcon_core.environment:checking '/home/ubuntu/Workspaces/ros2_ws/install/ros2_pkg/bin'
[12.866s] INFO:colcon.colcon_core.shell:Creating package script '/home/ubuntu/Workspaces/ros2_ws/install/ros2_pkg/share/ros2_pkg/package.ps1'
[12.868s] INFO:colcon.colcon_core.shell:Creating package descriptor '/home/ubuntu/Workspaces/ros2_ws/install/ros2_pkg/share/ros2_pkg/package.dsv'
[12.871s] INFO:colcon.colcon_core.shell:Creating package script '/home/ubuntu/Workspaces/ros2_ws/install/ros2_pkg/share/ros2_pkg/package.sh'
[12.874s] INFO:colcon.colcon_core.shell:Creating package script '/home/ubuntu/Workspaces/ros2_ws/install/ros2_pkg/share/ros2_pkg/package.bash'
[12.876s] INFO:colcon.colcon_core.shell:Creating package script '/home/ubuntu/Workspaces/ros2_ws/install/ros2_pkg/share/ros2_pkg/package.zsh'
[12.878s] Level 1:colcon.colcon_core.environment:create_file_with_runtime_dependencies(/home/ubuntu/Workspaces/ros2_ws/install/ros2_pkg/share/colcon-core/packages/ros2_pkg)
[12.880s] DEBUG:colcon.colcon_parallel_executor.executor.parallel:closing loop
[12.881s] DEBUG:colcon.colcon_parallel_executor.executor.parallel:loop closed
[12.881s] DEBUG:colcon.colcon_parallel_executor.executor.parallel:run_until_complete finished with '0'
[12.882s] DEBUG:colcon.colcon_core.event_reactor:joining thread
[12.905s] INFO:colcon.colcon_core.plugin_system:Skipping extension 'colcon_notification.desktop_notification.notify_send': Could not find 'notify-send'
[12.905s] INFO:colcon.colcon_core.plugin_system:Skipping extension 'colcon_notification.desktop_notification.terminal_notifier': Not used on non-Darwin systems
[12.906s] INFO:colcon.colcon_core.plugin_system:Skipping extension 'colcon_notification.desktop_notification.win32': Not used on non-Windows systems
[12.906s] INFO:colcon.colcon_notification.desktop_notification:Sending desktop notification using 'notify2'
[12.909s] DEBUG:colcon.colcon_notification.desktop_notification.notify2:Failed to initialize notify2: org.freedesktop.DBus.Error.ServiceUnknown: The name org.freedesktop.Notifications was not provided by any .service files
[12.910s] DEBUG:colcon.colcon_core.event_reactor:joined thread
[12.917s] INFO:colcon.colcon_core.shell:Creating prefix script '/home/ubuntu/Workspaces/ros2_ws/install/local_setup.ps1'
[12.922s] INFO:colcon.colcon_core.shell:Creating prefix util module '/home/ubuntu/Workspaces/ros2_ws/install/_local_setup_util_ps1.py'
[12.929s] INFO:colcon.colcon_core.shell:Creating prefix chain script '/home/ubuntu/Workspaces/ros2_ws/install/setup.ps1'
[12.936s] INFO:colcon.colcon_core.shell:Creating prefix script '/home/ubuntu/Workspaces/ros2_ws/install/local_setup.sh'
[12.939s] INFO:colcon.colcon_core.shell:Creating prefix util module '/home/ubuntu/Workspaces/ros2_ws/install/_local_setup_util_sh.py'
[12.942s] INFO:colcon.colcon_core.shell:Creating prefix chain script '/home/ubuntu/Workspaces/ros2_ws/install/setup.sh'
[12.951s] INFO:colcon.colcon_core.shell:Creating prefix script '/home/ubuntu/Workspaces/ros2_ws/install/local_setup.bash'
[12.953s] INFO:colcon.colcon_core.shell:Creating prefix chain script '/home/ubuntu/Workspaces/ros2_ws/install/setup.bash'
[12.962s] INFO:colcon.colcon_core.shell:Creating prefix script '/home/ubuntu/Workspaces/ros2_ws/install/local_setup.zsh'
[12.964s] INFO:colcon.colcon_core.shell:Creating prefix chain script '/home/ubuntu/Workspaces/ros2_ws/install/setup.zsh'
