[3.025s] Invoking command in '/home/ubuntu/Workspaces/ros2_ws/src/cv_basics': PYTHONPATH=/home/ubuntu/Workspaces/ros2_ws/build/cv_basics/prefix_override:/home/ubuntu/Workspaces/ros2_ws/install/cv_basics/lib/python3.8/site-packages:${PYTHONPATH} /usr/bin/python3 setup.py egg_info --egg-base ../../build/cv_basics build --build-base /home/ubuntu/Workspaces/ros2_ws/build/cv_basics/build install --record /home/ubuntu/Workspaces/ros2_ws/build/cv_basics/install.log --install-scripts $base/lib/cv_basics --single-version-externally-managed
[4.056s] running egg_info
[4.059s] writing ../../build/cv_basics/cv_basics.egg-info/PKG-INFO
[4.060s] writing dependency_links to ../../build/cv_basics/cv_basics.egg-info/dependency_links.txt
[4.061s] writing entry points to ../../build/cv_basics/cv_basics.egg-info/entry_points.txt
[4.063s] writing requirements to ../../build/cv_basics/cv_basics.egg-info/requires.txt
[4.064s] writing top-level names to ../../build/cv_basics/cv_basics.egg-info/top_level.txt
[4.221s] reading manifest file '../../build/cv_basics/cv_basics.egg-info/SOURCES.txt'
[4.225s] writing manifest file '../../build/cv_basics/cv_basics.egg-info/SOURCES.txt'
[4.227s] running build
[4.227s] running build_py
[4.229s] copying cv_basics/cam_sub.py -> /home/ubuntu/Workspaces/ros2_ws/build/cv_basics/build/lib/cv_basics
[4.231s] running install
[4.236s] running install_lib
[4.240s] copying /home/ubuntu/Workspaces/ros2_ws/build/cv_basics/build/lib/cv_basics/cam_sub.py -> /home/ubuntu/Workspaces/ros2_ws/install/cv_basics/lib/python3.8/site-packages/cv_basics
[4.243s] byte-compiling /home/ubuntu/Workspaces/ros2_ws/install/cv_basics/lib/python3.8/site-packages/cv_basics/cam_sub.py to cam_sub.cpython-38.pyc
[4.250s] running install_data
[4.252s] running install_egg_info
[4.260s] removing '/home/ubuntu/Workspaces/ros2_ws/install/cv_basics/lib/python3.8/site-packages/cv_basics-0.0.0-py3.8.egg-info' (and everything under it)
[4.261s] Copying ../../build/cv_basics/cv_basics.egg-info to /home/ubuntu/Workspaces/ros2_ws/install/cv_basics/lib/python3.8/site-packages/cv_basics-0.0.0-py3.8.egg-info
[4.267s] running install_scripts
[4.337s] Installing img_publisher script to /home/ubuntu/Workspaces/ros2_ws/install/cv_basics/lib/cv_basics
[4.339s] Installing img_subscriber script to /home/ubuntu/Workspaces/ros2_ws/install/cv_basics/lib/cv_basics
[4.340s] writing list of installed files to '/home/ubuntu/Workspaces/ros2_ws/build/cv_basics/install.log'
[4.438s] Invoked command in '/home/ubuntu/Workspaces/ros2_ws/src/cv_basics' returned '0': PYTHONPATH=/home/ubuntu/Workspaces/ros2_ws/build/cv_basics/prefix_override:/home/ubuntu/Workspaces/ros2_ws/install/cv_basics/lib/python3.8/site-packages:${PYTHONPATH} /usr/bin/python3 setup.py egg_info --egg-base ../../build/cv_basics build --build-base /home/ubuntu/Workspaces/ros2_ws/build/cv_basics/build install --record /home/ubuntu/Workspaces/ros2_ws/build/cv_basics/install.log --install-scripts $base/lib/cv_basics --single-version-externally-managed
