[1.839s] DEBUG:colcon:Command line arguments: ['/usr/bin/colcon', 'build', '--packages-select', 'cv_basics']
[1.839s] DEBUG:colcon:Parsed command line arguments: Namespace(allow_overriding=[], ament_cmake_args=None, base_paths=['.'], build_base='build', catkin_cmake_args=None, catkin_skip_building_tests=False, cmake_args=None, cmake_clean_cache=False, cmake_clean_first=False, cmake_force_configure=False, cmake_target=None, cmake_target_skip_unavailable=False, continue_on_error=False, event_handlers=None, executor='parallel', ignore_user_meta=False, install_base='install', log_base=None, log_level=None, main=<bound method BuildVerb.main of <colcon_core.verb.build.BuildVerb object at 0xffff9c9ad490>>, merge_install=False, metas=['./colcon.meta'], packages_above=None, packages_above_and_dependencies=None, packages_above_depth=None, packages_end=None, packages_ignore=None, packages_ignore_regex=None, packages_select=['cv_basics'], packages_select_build_failed=False, packages_select_by_dep=None, packages_select_regex=None, packages_select_test_failures=False, packages_skip=None, packages_skip_build_finished=False, packages_skip_by_dep=None, packages_skip_regex=None, packages_skip_test_passed=False, packages_skip_up_to=None, packages_start=None, packages_up_to=None, packages_up_to_regex=None, parallel_workers=4, paths=None, symlink_install=False, test_result_base=None, verb_extension=<colcon_core.verb.build.BuildVerb object at 0xffff9c9ad490>, verb_name='build', verb_parser=<colcon_defaults.argument_parser.defaults.DefaultArgumentsDecorator object at 0xffff9c9ad9d0>)
[1.997s] Level 1:colcon.colcon_core.package_discovery:discover_packages(colcon_meta) check parameters
[1.998s] Level 1:colcon.colcon_core.package_discovery:discover_packages(recursive) check parameters
[1.998s] Level 1:colcon.colcon_core.package_discovery:discover_packages(ignore) check parameters
[1.998s] Level 1:colcon.colcon_core.package_discovery:discover_packages(path) check parameters
[1.998s] Level 1:colcon.colcon_core.package_discovery:discover_packages(colcon_meta) discover
[1.999s] Level 1:colcon.colcon_core.package_discovery:discover_packages(recursive) discover
[1.999s] INFO:colcon.colcon_core.package_discovery:Crawling recursively for packages in '/home/ubuntu/Workspaces/ros2_ws'
[1.999s] Level 1:colcon.colcon_core.package_identification:_identify(.) by extensions ['ignore', 'ignore_ament_install']
[2.000s] Level 1:colcon.colcon_core.package_identification:_identify(.) by extension 'ignore'
[2.000s] Level 1:colcon.colcon_core.package_identification:_identify(.) by extension 'ignore_ament_install'
[2.000s] Level 1:colcon.colcon_core.package_identification:_identify(.) by extensions ['colcon_pkg']
[2.000s] Level 1:colcon.colcon_core.package_identification:_identify(.) by extension 'colcon_pkg'
[2.000s] Level 1:colcon.colcon_core.package_identification:_identify(.) by extensions ['colcon_meta']
[2.001s] Level 1:colcon.colcon_core.package_identification:_identify(.) by extension 'colcon_meta'
[2.001s] Level 1:colcon.colcon_core.package_identification:_identify(.) by extensions ['ros']
[2.001s] Level 1:colcon.colcon_core.package_identification:_identify(.) by extension 'ros'
[2.050s] Level 1:colcon.colcon_core.package_identification:_identify(.) by extensions ['cmake', 'python']
[2.050s] Level 1:colcon.colcon_core.package_identification:_identify(.) by extension 'cmake'
[2.051s] Level 1:colcon.colcon_core.package_identification:_identify(.) by extension 'python'
[2.051s] Level 1:colcon.colcon_core.package_identification:_identify(.) by extensions ['python_setup_py']
[2.051s] Level 1:colcon.colcon_core.package_identification:_identify(.) by extension 'python_setup_py'
[2.052s] Level 1:colcon.colcon_core.package_identification:_identify(build) by extensions ['ignore', 'ignore_ament_install']
[2.052s] Level 1:colcon.colcon_core.package_identification:_identify(build) by extension 'ignore'
[2.052s] Level 1:colcon.colcon_core.package_identification:_identify(build) ignored
[2.053s] Level 1:colcon.colcon_core.package_identification:_identify(install) by extensions ['ignore', 'ignore_ament_install']
[2.053s] Level 1:colcon.colcon_core.package_identification:_identify(install) by extension 'ignore'
[2.053s] Level 1:colcon.colcon_core.package_identification:_identify(install) ignored
[2.054s] Level 1:colcon.colcon_core.package_identification:_identify(log) by extensions ['ignore', 'ignore_ament_install']
[2.055s] Level 1:colcon.colcon_core.package_identification:_identify(log) by extension 'ignore'
[2.055s] Level 1:colcon.colcon_core.package_identification:_identify(log) ignored
[2.055s] Level 1:colcon.colcon_core.package_identification:_identify(src) by extensions ['ignore', 'ignore_ament_install']
[2.055s] Level 1:colcon.colcon_core.package_identification:_identify(src) by extension 'ignore'
[2.056s] Level 1:colcon.colcon_core.package_identification:_identify(src) by extension 'ignore_ament_install'
[2.056s] Level 1:colcon.colcon_core.package_identification:_identify(src) by extensions ['colcon_pkg']
[2.056s] Level 1:colcon.colcon_core.package_identification:_identify(src) by extension 'colcon_pkg'
[2.056s] Level 1:colcon.colcon_core.package_identification:_identify(src) by extensions ['colcon_meta']
[2.056s] Level 1:colcon.colcon_core.package_identification:_identify(src) by extension 'colcon_meta'
[2.057s] Level 1:colcon.colcon_core.package_identification:_identify(src) by extensions ['ros']
[2.057s] Level 1:colcon.colcon_core.package_identification:_identify(src) by extension 'ros'
[2.057s] Level 1:colcon.colcon_core.package_identification:_identify(src) by extensions ['cmake', 'python']
[2.057s] Level 1:colcon.colcon_core.package_identification:_identify(src) by extension 'cmake'
[2.057s] Level 1:colcon.colcon_core.package_identification:_identify(src) by extension 'python'
[2.057s] Level 1:colcon.colcon_core.package_identification:_identify(src) by extensions ['python_setup_py']
[2.058s] Level 1:colcon.colcon_core.package_identification:_identify(src) by extension 'python_setup_py'
[2.058s] Level 1:colcon.colcon_core.package_identification:_identify(src/cv_basics) by extensions ['ignore', 'ignore_ament_install']
[2.058s] Level 1:colcon.colcon_core.package_identification:_identify(src/cv_basics) by extension 'ignore'
[2.059s] Level 1:colcon.colcon_core.package_identification:_identify(src/cv_basics) by extension 'ignore_ament_install'
[2.059s] Level 1:colcon.colcon_core.package_identification:_identify(src/cv_basics) by extensions ['colcon_pkg']
[2.059s] Level 1:colcon.colcon_core.package_identification:_identify(src/cv_basics) by extension 'colcon_pkg'
[2.059s] Level 1:colcon.colcon_core.package_identification:_identify(src/cv_basics) by extensions ['colcon_meta']
[2.059s] Level 1:colcon.colcon_core.package_identification:_identify(src/cv_basics) by extension 'colcon_meta'
[2.060s] Level 1:colcon.colcon_core.package_identification:_identify(src/cv_basics) by extensions ['ros']
[2.060s] Level 1:colcon.colcon_core.package_identification:_identify(src/cv_basics) by extension 'ros'
[2.074s] DEBUG:colcon.colcon_core.package_identification:Package 'src/cv_basics' with type 'ros.ament_python' and name 'cv_basics'
[2.075s] Level 1:colcon.colcon_core.package_identification:_identify(src/ros2_pkg) by extensions ['ignore', 'ignore_ament_install']
[2.075s] Level 1:colcon.colcon_core.package_identification:_identify(src/ros2_pkg) by extension 'ignore'
[2.076s] Level 1:colcon.colcon_core.package_identification:_identify(src/ros2_pkg) by extension 'ignore_ament_install'
[2.076s] Level 1:colcon.colcon_core.package_identification:_identify(src/ros2_pkg) by extensions ['colcon_pkg']
[2.076s] Level 1:colcon.colcon_core.package_identification:_identify(src/ros2_pkg) by extension 'colcon_pkg'
[2.077s] Level 1:colcon.colcon_core.package_identification:_identify(src/ros2_pkg) by extensions ['colcon_meta']
[2.077s] Level 1:colcon.colcon_core.package_identification:_identify(src/ros2_pkg) by extension 'colcon_meta'
[2.077s] Level 1:colcon.colcon_core.package_identification:_identify(src/ros2_pkg) by extensions ['ros']
[2.077s] Level 1:colcon.colcon_core.package_identification:_identify(src/ros2_pkg) by extension 'ros'
[2.082s] DEBUG:colcon.colcon_core.package_identification:Package 'src/ros2_pkg' with type 'ros.ament_cmake' and name 'ros2_pkg'
[2.083s] Level 1:colcon.colcon_core.package_discovery:discover_packages(recursive) using defaults
[2.083s] Level 1:colcon.colcon_core.package_discovery:discover_packages(ignore) discover
[2.083s] Level 1:colcon.colcon_core.package_discovery:discover_packages(ignore) using defaults
[2.083s] Level 1:colcon.colcon_core.package_discovery:discover_packages(path) discover
[2.083s] Level 1:colcon.colcon_core.package_discovery:discover_packages(path) using defaults
[2.163s] INFO:colcon.colcon_core.package_selection:Skipping not selected package 'ros2_pkg' in 'src/ros2_pkg'
[2.168s] Level 1:colcon.colcon_core.package_discovery:discover_packages(prefix_path) check parameters
[2.168s] Level 1:colcon.colcon_core.package_discovery:discover_packages(prefix_path) discover
[2.188s] DEBUG:colcon.colcon_installed_package_information.package_discovery:Found 6 installed packages in /home/ubuntu/turtlebot3_ws/install
[2.199s] DEBUG:colcon.colcon_installed_package_information.package_discovery:Found 265 installed packages in /opt/ros/foxy
[2.210s] Level 1:colcon.colcon_core.package_discovery:discover_packages(prefix_path) using defaults
[2.725s] Level 5:colcon.colcon_core.verb:set package 'cv_basics' build argument 'cmake_args' from command line to 'None'
[2.726s] Level 5:colcon.colcon_core.verb:set package 'cv_basics' build argument 'cmake_target' from command line to 'None'
[2.726s] Level 5:colcon.colcon_core.verb:set package 'cv_basics' build argument 'cmake_target_skip_unavailable' from command line to 'False'
[2.726s] Level 5:colcon.colcon_core.verb:set package 'cv_basics' build argument 'cmake_clean_cache' from command line to 'False'
[2.726s] Level 5:colcon.colcon_core.verb:set package 'cv_basics' build argument 'cmake_clean_first' from command line to 'False'
[2.726s] Level 5:colcon.colcon_core.verb:set package 'cv_basics' build argument 'cmake_force_configure' from command line to 'False'
[2.726s] Level 5:colcon.colcon_core.verb:set package 'cv_basics' build argument 'ament_cmake_args' from command line to 'None'
[2.726s] Level 5:colcon.colcon_core.verb:set package 'cv_basics' build argument 'catkin_cmake_args' from command line to 'None'
[2.727s] Level 5:colcon.colcon_core.verb:set package 'cv_basics' build argument 'catkin_skip_building_tests' from command line to 'False'
[2.727s] DEBUG:colcon.colcon_core.verb:Building package 'cv_basics' with the following arguments: {'ament_cmake_args': None, 'build_base': '/home/ubuntu/Workspaces/ros2_ws/build/cv_basics', 'catkin_cmake_args': None, 'catkin_skip_building_tests': False, 'cmake_args': None, 'cmake_clean_cache': False, 'cmake_clean_first': False, 'cmake_force_configure': False, 'cmake_target': None, 'cmake_target_skip_unavailable': False, 'install_base': '/home/ubuntu/Workspaces/ros2_ws/install/cv_basics', 'merge_install': False, 'path': '/home/ubuntu/Workspaces/ros2_ws/src/cv_basics', 'symlink_install': False, 'test_result_base': None}
[2.730s] INFO:colcon.colcon_core.executor:Executing jobs using 'parallel' executor
[2.745s] DEBUG:colcon.colcon_parallel_executor.executor.parallel:run_until_complete
[2.746s] INFO:colcon.colcon_ros.task.ament_python.build:Building ROS package in '/home/ubuntu/Workspaces/ros2_ws/src/cv_basics' with build type 'ament_python'
[2.747s] Level 1:colcon.colcon_core.shell:create_environment_hook('cv_basics', 'ament_prefix_path')
[2.775s] INFO:colcon.colcon_core.plugin_system:Skipping extension 'colcon_core.shell.bat': Not used on non-Windows systems
[2.776s] INFO:colcon.colcon_core.shell:Creating environment hook '/home/ubuntu/Workspaces/ros2_ws/install/cv_basics/share/cv_basics/hook/ament_prefix_path.ps1'
[2.780s] INFO:colcon.colcon_core.shell:Creating environment descriptor '/home/ubuntu/Workspaces/ros2_ws/install/cv_basics/share/cv_basics/hook/ament_prefix_path.dsv'
[2.782s] INFO:colcon.colcon_core.shell:Creating environment hook '/home/ubuntu/Workspaces/ros2_ws/install/cv_basics/share/cv_basics/hook/ament_prefix_path.sh'
[2.792s] INFO:colcon.colcon_core.shell:Skip shell extension 'powershell' for command environment: Not usable outside of PowerShell
[2.792s] DEBUG:colcon.colcon_core.shell:Skip shell extension 'dsv' for command environment
[3.973s] INFO:colcon.colcon_core.task.python.build:Building Python package in '/home/ubuntu/Workspaces/ros2_ws/src/cv_basics'
[3.981s] INFO:colcon.colcon_core.shell:Skip shell extension 'powershell' for command environment: Not usable outside of PowerShell
[3.982s] DEBUG:colcon.colcon_core.shell:Skip shell extension 'dsv' for command environment
[6.098s] DEBUG:colcon.colcon_core.event_handler.log_command:Invoking command in '/home/ubuntu/Workspaces/ros2_ws/src/cv_basics': PYTHONPATH=/home/ubuntu/Workspaces/ros2_ws/build/cv_basics/prefix_override:/home/ubuntu/Workspaces/ros2_ws/install/cv_basics/lib/python3.8/site-packages:${PYTHONPATH} /usr/bin/python3 setup.py egg_info --egg-base ../../build/cv_basics build --build-base /home/ubuntu/Workspaces/ros2_ws/build/cv_basics/build install --record /home/ubuntu/Workspaces/ros2_ws/build/cv_basics/install.log --install-scripts $base/lib/cv_basics --single-version-externally-managed
[7.536s] DEBUG:colcon.colcon_core.event_handler.log_command:Invoked command in '/home/ubuntu/Workspaces/ros2_ws/src/cv_basics' returned '0': PYTHONPATH=/home/ubuntu/Workspaces/ros2_ws/build/cv_basics/prefix_override:/home/ubuntu/Workspaces/ros2_ws/install/cv_basics/lib/python3.8/site-packages:${PYTHONPATH} /usr/bin/python3 setup.py egg_info --egg-base ../../build/cv_basics build --build-base /home/ubuntu/Workspaces/ros2_ws/build/cv_basics/build install --record /home/ubuntu/Workspaces/ros2_ws/build/cv_basics/install.log --install-scripts $base/lib/cv_basics --single-version-externally-managed
[7.568s] Level 1:colcon.colcon_core.environment:checking '/home/ubuntu/Workspaces/ros2_ws/install/cv_basics' for CMake module files
[7.572s] Level 1:colcon.colcon_core.environment:checking '/home/ubuntu/Workspaces/ros2_ws/install/cv_basics' for CMake config files
[7.578s] Level 1:colcon.colcon_core.environment:checking '/home/ubuntu/Workspaces/ros2_ws/install/cv_basics/lib'
[7.579s] Level 1:colcon.colcon_core.environment:checking '/home/ubuntu/Workspaces/ros2_ws/install/cv_basics/bin'
[7.580s] Level 1:colcon.colcon_core.environment:checking '/home/ubuntu/Workspaces/ros2_ws/install/cv_basics/lib/pkgconfig/cv_basics.pc'
[7.581s] Level 1:colcon.colcon_core.environment:checking '/home/ubuntu/Workspaces/ros2_ws/install/cv_basics/lib/python3.8/site-packages'
[7.581s] Level 1:colcon.colcon_core.shell:create_environment_hook('cv_basics', 'pythonpath')
[7.590s] INFO:colcon.colcon_core.shell:Creating environment hook '/home/ubuntu/Workspaces/ros2_ws/install/cv_basics/share/cv_basics/hook/pythonpath.ps1'
[7.593s] INFO:colcon.colcon_core.shell:Creating environment descriptor '/home/ubuntu/Workspaces/ros2_ws/install/cv_basics/share/cv_basics/hook/pythonpath.dsv'
[7.595s] INFO:colcon.colcon_core.shell:Creating environment hook '/home/ubuntu/Workspaces/ros2_ws/install/cv_basics/share/cv_basics/hook/pythonpath.sh'
[7.599s] Level 1:colcon.colcon_core.environment:checking '/home/ubuntu/Workspaces/ros2_ws/install/cv_basics/bin'
[7.599s] Level 1:colcon.colcon_core.environment:create_environment_scripts_only(cv_basics)
[7.606s] INFO:colcon.colcon_core.shell:Creating package script '/home/ubuntu/Workspaces/ros2_ws/install/cv_basics/share/cv_basics/package.ps1'
[7.611s] INFO:colcon.colcon_core.shell:Creating package descriptor '/home/ubuntu/Workspaces/ros2_ws/install/cv_basics/share/cv_basics/package.dsv'
[7.614s] INFO:colcon.colcon_core.shell:Creating package script '/home/ubuntu/Workspaces/ros2_ws/install/cv_basics/share/cv_basics/package.sh'
[7.618s] INFO:colcon.colcon_core.shell:Creating package script '/home/ubuntu/Workspaces/ros2_ws/install/cv_basics/share/cv_basics/package.bash'
[7.626s] INFO:colcon.colcon_core.shell:Creating package script '/home/ubuntu/Workspaces/ros2_ws/install/cv_basics/share/cv_basics/package.zsh'
[7.629s] Level 1:colcon.colcon_core.environment:create_file_with_runtime_dependencies(/home/ubuntu/Workspaces/ros2_ws/install/cv_basics/share/colcon-core/packages/cv_basics)
[7.631s] DEBUG:colcon.colcon_parallel_executor.executor.parallel:closing loop
[7.632s] DEBUG:colcon.colcon_parallel_executor.executor.parallel:loop closed
[7.632s] DEBUG:colcon.colcon_parallel_executor.executor.parallel:run_until_complete finished with '0'
[7.633s] DEBUG:colcon.colcon_core.event_reactor:joining thread
[7.660s] INFO:colcon.colcon_core.plugin_system:Skipping extension 'colcon_notification.desktop_notification.notify_send': Could not find 'notify-send'
[7.660s] INFO:colcon.colcon_core.plugin_system:Skipping extension 'colcon_notification.desktop_notification.terminal_notifier': Not used on non-Darwin systems
[7.660s] INFO:colcon.colcon_core.plugin_system:Skipping extension 'colcon_notification.desktop_notification.win32': Not used on non-Windows systems
[7.660s] INFO:colcon.colcon_notification.desktop_notification:Sending desktop notification using 'notify2'
[7.663s] DEBUG:colcon.colcon_notification.desktop_notification.notify2:Failed to initialize notify2: org.freedesktop.DBus.Error.ServiceUnknown: The name org.freedesktop.Notifications was not provided by any .service files
[7.664s] DEBUG:colcon.colcon_core.event_reactor:joined thread
[7.670s] INFO:colcon.colcon_core.shell:Creating prefix script '/home/ubuntu/Workspaces/ros2_ws/install/local_setup.ps1'
[7.676s] INFO:colcon.colcon_core.shell:Creating prefix util module '/home/ubuntu/Workspaces/ros2_ws/install/_local_setup_util_ps1.py'
[7.682s] INFO:colcon.colcon_core.shell:Creating prefix chain script '/home/ubuntu/Workspaces/ros2_ws/install/setup.ps1'
[7.689s] INFO:colcon.colcon_core.shell:Creating prefix script '/home/ubuntu/Workspaces/ros2_ws/install/local_setup.sh'
[7.693s] INFO:colcon.colcon_core.shell:Creating prefix util module '/home/ubuntu/Workspaces/ros2_ws/install/_local_setup_util_sh.py'
[7.695s] INFO:colcon.colcon_core.shell:Creating prefix chain script '/home/ubuntu/Workspaces/ros2_ws/install/setup.sh'
[7.703s] INFO:colcon.colcon_core.shell:Creating prefix script '/home/ubuntu/Workspaces/ros2_ws/install/local_setup.bash'
[7.706s] INFO:colcon.colcon_core.shell:Creating prefix chain script '/home/ubuntu/Workspaces/ros2_ws/install/setup.bash'
[7.714s] INFO:colcon.colcon_core.shell:Creating prefix script '/home/ubuntu/Workspaces/ros2_ws/install/local_setup.zsh'
[7.717s] INFO:colcon.colcon_core.shell:Creating prefix chain script '/home/ubuntu/Workspaces/ros2_ws/install/setup.zsh'
