[0.094s] Invoking command in '/home/ubuntu/Workspaces/ros2_ws/build/ros2_pkg': CMAKE_PREFIX_PATH=${CMAKE_PREFIX_PATH}:/home/ubuntu/turtlebot3_ws/install/turtlebot3_teleop:/home/ubuntu/turtlebot3_ws/install/turtlebot3_example:/opt/ros/foxy /usr/bin/cmake --build /home/ubuntu/Workspaces/ros2_ws/build/ros2_pkg -- -j4 -l4
[0.331s] -- Found ament_cmake: 0.9.11 (/opt/ros/foxy/share/ament_cmake/cmake)
[0.480s] -- Found PythonInterp: /usr/bin/python3 (found suitable version "3.8.10", minimum required is "3") 
[0.481s] -- Using PYTHON_EXECUTABLE: /usr/bin/python3
[1.395s] -- Found rclpy: 1.0.12 (/opt/ros/foxy/share/rclpy/cmake)
[1.397s] -- Found rosidl_default_generators: 1.0.1 (/opt/ros/foxy/share/rosidl_default_generators/cmake)
[1.416s] -- Using all available rosidl_typesupport_c: rosidl_typesupport_fastrtps_c;rosidl_typesupport_introspection_c
[1.438s] -- Found rosidl_adapter: 1.3.0 (/opt/ros/foxy/share/rosidl_adapter/cmake)
[2.687s] -- Using all available rosidl_typesupport_cpp: rosidl_typesupport_fastrtps_cpp;rosidl_typesupport_introspection_cpp
[2.842s] -- Found sensor_msgs: 2.0.5 (/opt/ros/foxy/share/sensor_msgs/cmake)
[3.767s] -- Found PythonInterp: /usr/bin/python3 (found version "3.8.10") 
[4.758s] -- Found ament_cmake_ros: 0.9.2 (/opt/ros/foxy/share/ament_cmake_ros/cmake)
[6.694s] -- Using all available rosidl_typesupport_c: rosidl_typesupport_fastrtps_c;rosidl_typesupport_introspection_c
[7.458s] -- Using all available rosidl_typesupport_cpp: rosidl_typesupport_fastrtps_cpp;rosidl_typesupport_introspection_cpp
[7.614s] -- Found PythonInterp: /usr/bin/python3 (found suitable version "3.8.10", minimum required is "3.5") 
[7.618s] -- Found python_cmake_module: 0.8.1 (/opt/ros/foxy/share/python_cmake_module/cmake)
[7.760s] -- Using PYTHON_EXECUTABLE: /usr/bin/python3
[7.761s] -- Using PYTHON_INCLUDE_DIRS: /usr/include/python3.8
[7.761s] -- Using PYTHON_LIBRARIES: /usr/lib/aarch64-linux-gnu/libpython3.8.so
[8.104s] -- Found ament_lint_auto: 0.9.8 (/opt/ros/foxy/share/ament_lint_auto/cmake)
[8.201s] -- Added test 'copyright' to check source files copyright and LICENSE
[8.238s] -- Added test 'flake8' to check Python code syntax and style conventions
[8.243s] -- Added test 'lint_cmake' to check CMake code style
[8.247s] -- Added test 'pep257' to check Python code against some of the style conventions in PEP 257
[8.266s] -- Added test 'xmllint' to check XML markup files
[8.307s] -- Configuring done
[8.781s] -- Generating done
[8.800s] -- Build files have been written to: /home/ubuntu/Workspaces/ros2_ws/build/ros2_pkg
[8.906s] [35m[1mScanning dependencies of target ros2_pkg__cpp[0m
[8.913s] [  2%] [34m[1mGenerating C code for ROS interfaces[0m
[8.962s] [  5%] [34m[1mGenerating C++ code for ROS interfaces[0m
[10.751s] [  5%] Built target ros2_pkg__cpp
[10.824s] [  7%] [34m[1mGenerating C++ introspection for ROS interfaces[0m
[10.836s] [35m[1mScanning dependencies of target ros2_pkg__rosidl_generator_c[0m
[10.843s] [ 10%] [34m[1mGenerating C++ type support dispatch for ROS interfaces[0m
[10.855s] [ 12%] [34m[1mGenerating C++ type support for eProsima Fast-RTPS[0m
[11.034s] [ 15%] [32mBuilding C object CMakeFiles/ros2_pkg__rosidl_generator_c.dir/rosidl_generator_c/ros2_pkg/srv/detail/odd_even_check__functions.c.o[0m
[11.955s] [ 17%] [32mBuilding C object CMakeFiles/ros2_pkg__rosidl_generator_c.dir/rosidl_generator_c/ros2_pkg/srv/detail/turn_camera__functions.c.o[0m
[12.568s] [ 20%] [32m[1mLinking C shared library libros2_pkg__rosidl_generator_c.so[0m
[12.883s] [35m[1mScanning dependencies of target ros2_pkg__rosidl_typesupport_cpp[0m
[13.058s] [35m[1mScanning dependencies of target ros2_pkg__rosidl_typesupport_introspection_cpp[0m
[13.071s] [35m[1mScanning dependencies of target ros2_pkg__rosidl_typesupport_fastrtps_cpp[0m
[13.099s] [ 23%] [32mBuilding CXX object CMakeFiles/ros2_pkg__rosidl_typesupport_cpp.dir/rosidl_typesupport_cpp/ros2_pkg/srv/odd_even_check__type_support.cpp.o[0m
[13.194s] [ 23%] Built target ros2_pkg__rosidl_generator_c
[13.222s] [ 25%] [32mBuilding CXX object CMakeFiles/ros2_pkg__rosidl_typesupport_introspection_cpp.dir/rosidl_typesupport_introspection_cpp/ros2_pkg/srv/detail/odd_even_check__type_support.cpp.o[0m
[13.292s] [ 28%] [32mBuilding CXX object CMakeFiles/ros2_pkg__rosidl_typesupport_fastrtps_cpp.dir/rosidl_typesupport_fastrtps_cpp/ros2_pkg/srv/detail/dds_fastrtps/odd_even_check__type_support.cpp.o[0m
[13.356s] [ 30%] [32mBuilding CXX object CMakeFiles/ros2_pkg__rosidl_typesupport_introspection_cpp.dir/rosidl_typesupport_introspection_cpp/ros2_pkg/srv/detail/turn_camera__type_support.cpp.o[0m
[15.637s] [ 33%] [32mBuilding CXX object CMakeFiles/ros2_pkg__rosidl_typesupport_cpp.dir/rosidl_typesupport_cpp/ros2_pkg/srv/turn_camera__type_support.cpp.o[0m
[15.897s] [ 35%] [32mBuilding CXX object CMakeFiles/ros2_pkg__rosidl_typesupport_fastrtps_cpp.dir/rosidl_typesupport_fastrtps_cpp/ros2_pkg/srv/detail/dds_fastrtps/turn_camera__type_support.cpp.o[0m
[16.233s] [ 38%] [32m[1mLinking CXX shared library libros2_pkg__rosidl_typesupport_introspection_cpp.so[0m
[16.871s] [ 38%] Built target ros2_pkg__rosidl_typesupport_introspection_cpp
[17.009s] [ 41%] [34m[1mGenerating C introspection for ROS interfaces[0m
[17.520s] [ 43%] [34m[1mGenerating C type support dispatch for ROS interfaces[0m
[18.290s] [ 46%] [32m[1mLinking CXX shared library libros2_pkg__rosidl_typesupport_cpp.so[0m
[18.796s] [ 46%] Built target ros2_pkg__rosidl_typesupport_cpp
[19.423s] [ 48%] [32m[1mLinking CXX shared library libros2_pkg__rosidl_typesupport_fastrtps_cpp.so[0m
[19.509s] [35m[1mScanning dependencies of target ros2_pkg__rosidl_typesupport_c[0m
[19.543s] [35m[1mScanning dependencies of target ros2_pkg__rosidl_typesupport_introspection_c[0m
[19.630s] [ 51%] [32mBuilding CXX object CMakeFiles/ros2_pkg__rosidl_typesupport_c.dir/rosidl_typesupport_c/ros2_pkg/srv/odd_even_check__type_support.cpp.o[0m
[19.668s] [ 53%] [32mBuilding CXX object CMakeFiles/ros2_pkg__rosidl_typesupport_c.dir/rosidl_typesupport_c/ros2_pkg/srv/turn_camera__type_support.cpp.o[0m
[19.745s] [ 56%] [32mBuilding C object CMakeFiles/ros2_pkg__rosidl_typesupport_introspection_c.dir/rosidl_typesupport_introspection_c/ros2_pkg/srv/detail/odd_even_check__type_support.c.o[0m
[20.005s] [ 58%] [32mBuilding C object CMakeFiles/ros2_pkg__rosidl_typesupport_introspection_c.dir/rosidl_typesupport_introspection_c/ros2_pkg/srv/detail/turn_camera__type_support.c.o[0m
[20.072s] [ 58%] Built target ros2_pkg__rosidl_typesupport_fastrtps_cpp
[20.084s] [ 61%] [32m[1mLinking CXX shared library libros2_pkg__rosidl_typesupport_c.so[0m
[20.184s] [ 64%] [34m[1mGenerating C type support for eProsima Fast-RTPS[0m
[20.283s] [ 66%] [32m[1mLinking C shared library libros2_pkg__rosidl_typesupport_introspection_c.so[0m
[20.355s] [ 66%] Built target ros2_pkg__rosidl_typesupport_c
[20.515s] [ 66%] Built target ros2_pkg__rosidl_typesupport_introspection_c
[21.731s] [35m[1mScanning dependencies of target ros2_pkg__rosidl_typesupport_fastrtps_c[0m
[21.844s] [ 69%] [32mBuilding CXX object CMakeFiles/ros2_pkg__rosidl_typesupport_fastrtps_c.dir/rosidl_typesupport_fastrtps_c/ros2_pkg/srv/detail/odd_even_check__type_support_c.cpp.o[0m
[21.880s] [ 71%] [32mBuilding CXX object CMakeFiles/ros2_pkg__rosidl_typesupport_fastrtps_c.dir/rosidl_typesupport_fastrtps_c/ros2_pkg/srv/detail/turn_camera__type_support_c.cpp.o[0m
[23.924s] [ 74%] [32m[1mLinking CXX shared library libros2_pkg__rosidl_typesupport_fastrtps_c.so[0m
[24.324s] [ 74%] Built target ros2_pkg__rosidl_typesupport_fastrtps_c
[24.429s] [ 74%] Built target ros2_pkg
[24.486s] [35m[1mScanning dependencies of target ros2_pkg__py[0m
[24.543s] [ 76%] [34m[1mGenerating Python code for ROS interfaces[0m
[27.404s] [ 76%] Built target ros2_pkg__py
[27.456s] [35m[1mScanning dependencies of target ros2_pkg__python[0m
[27.597s] [ 79%] [32mBuilding C object CMakeFiles/ros2_pkg__python.dir/rosidl_generator_py/ros2_pkg/srv/_odd_even_check_s.c.o[0m
[27.619s] [ 82%] [32mBuilding C object CMakeFiles/ros2_pkg__python.dir/rosidl_generator_py/ros2_pkg/srv/_turn_camera_s.c.o[0m
[28.354s] [ 84%] [32m[1mLinking C shared library rosidl_generator_py/ros2_pkg/libros2_pkg__python.so[0m
[28.706s] [ 84%] Built target ros2_pkg__python
[28.803s] [35m[1mScanning dependencies of target ros2_pkg__rosidl_typesupport_introspection_c__pyext[0m
[28.861s] [35m[1mScanning dependencies of target ros2_pkg__rosidl_typesupport_c__pyext[0m
[28.915s] [35m[1mScanning dependencies of target ros2_pkg__rosidl_typesupport_fastrtps_c__pyext[0m
[29.208s] [ 87%] [32mBuilding C object CMakeFiles/ros2_pkg__rosidl_typesupport_c__pyext.dir/rosidl_generator_py/ros2_pkg/_ros2_pkg_s.ep.rosidl_typesupport_c.c.o[0m
[29.226s] [ 89%] [32mBuilding C object CMakeFiles/ros2_pkg__rosidl_typesupport_introspection_c__pyext.dir/rosidl_generator_py/ros2_pkg/_ros2_pkg_s.ep.rosidl_typesupport_introspection_c.c.o[0m
[29.310s] [ 92%] [32mBuilding C object CMakeFiles/ros2_pkg__rosidl_typesupport_fastrtps_c__pyext.dir/rosidl_generator_py/ros2_pkg/_ros2_pkg_s.ep.rosidl_typesupport_fastrtps_c.c.o[0m
[30.328s] [ 94%] [32m[1mLinking C shared library rosidl_generator_py/ros2_pkg/ros2_pkg_s__rosidl_typesupport_c.cpython-38-aarch64-linux-gnu.so[0m
[30.341s] [ 97%] [32m[1mLinking C shared library rosidl_generator_py/ros2_pkg/ros2_pkg_s__rosidl_typesupport_introspection_c.cpython-38-aarch64-linux-gnu.so[0m
[30.390s] [100%] [32m[1mLinking CXX shared library rosidl_generator_py/ros2_pkg/ros2_pkg_s__rosidl_typesupport_fastrtps_c.cpython-38-aarch64-linux-gnu.so[0m
[30.743s] [100%] Built target ros2_pkg__rosidl_typesupport_c__pyext
[30.747s] [100%] Built target ros2_pkg__rosidl_typesupport_introspection_c__pyext
[30.916s] [100%] Built target ros2_pkg__rosidl_typesupport_fastrtps_c__pyext
[30.966s] Invoked command in '/home/ubuntu/Workspaces/ros2_ws/build/ros2_pkg' returned '0': CMAKE_PREFIX_PATH=${CMAKE_PREFIX_PATH}:/home/ubuntu/turtlebot3_ws/install/turtlebot3_teleop:/home/ubuntu/turtlebot3_ws/install/turtlebot3_example:/opt/ros/foxy /usr/bin/cmake --build /home/ubuntu/Workspaces/ros2_ws/build/ros2_pkg -- -j4 -l4
[31.536s] Invoking command in '/home/ubuntu/Workspaces/ros2_ws/build/ros2_pkg': CMAKE_PREFIX_PATH=${CMAKE_PREFIX_PATH}:/home/ubuntu/turtlebot3_ws/install/turtlebot3_teleop:/home/ubuntu/turtlebot3_ws/install/turtlebot3_example:/opt/ros/foxy /usr/bin/cmake --install /home/ubuntu/Workspaces/ros2_ws/build/ros2_pkg
[31.576s] -- Install configuration: ""
[31.577s] -- Installing: /home/ubuntu/Workspaces/ros2_ws/install/ros2_pkg/share/ament_index/resource_index/rosidl_interfaces/ros2_pkg
[31.578s] -- Up-to-date: /home/ubuntu/Workspaces/ros2_ws/install/ros2_pkg/include/ros2_pkg
[31.579s] -- Up-to-date: /home/ubuntu/Workspaces/ros2_ws/install/ros2_pkg/include/ros2_pkg/msg
[31.579s] -- Up-to-date: /home/ubuntu/Workspaces/ros2_ws/install/ros2_pkg/include/ros2_pkg/msg/rosidl_generator_c__visibility_control.h
[31.580s] -- Up-to-date: /home/ubuntu/Workspaces/ros2_ws/install/ros2_pkg/include/ros2_pkg/srv
[31.581s] -- Installing: /home/ubuntu/Workspaces/ros2_ws/install/ros2_pkg/include/ros2_pkg/srv/turn_camera.h
[31.582s] -- Up-to-date: /home/ubuntu/Workspaces/ros2_ws/install/ros2_pkg/include/ros2_pkg/srv/detail
[31.582s] -- Installing: /home/ubuntu/Workspaces/ros2_ws/install/ros2_pkg/include/ros2_pkg/srv/detail/turn_camera__struct.h
[31.583s] -- Installing: /home/ubuntu/Workspaces/ros2_ws/install/ros2_pkg/include/ros2_pkg/srv/detail/odd_even_check__struct.h
[31.583s] -- Installing: /home/ubuntu/Workspaces/ros2_ws/install/ros2_pkg/include/ros2_pkg/srv/detail/odd_even_check__functions.c
[31.584s] -- Installing: /home/ubuntu/Workspaces/ros2_ws/install/ros2_pkg/include/ros2_pkg/srv/detail/turn_camera__functions.h
[31.585s] -- Installing: /home/ubuntu/Workspaces/ros2_ws/install/ros2_pkg/include/ros2_pkg/srv/detail/odd_even_check__type_support.h
[31.587s] -- Installing: /home/ubuntu/Workspaces/ros2_ws/install/ros2_pkg/include/ros2_pkg/srv/detail/turn_camera__type_support.h
[31.588s] -- Installing: /home/ubuntu/Workspaces/ros2_ws/install/ros2_pkg/include/ros2_pkg/srv/detail/odd_even_check__functions.h
[31.589s] -- Installing: /home/ubuntu/Workspaces/ros2_ws/install/ros2_pkg/include/ros2_pkg/srv/detail/turn_camera__functions.c
[31.590s] -- Installing: /home/ubuntu/Workspaces/ros2_ws/install/ros2_pkg/include/ros2_pkg/srv/odd_even_check.h
[31.592s] -- Up-to-date: /home/ubuntu/Workspaces/ros2_ws/install/ros2_pkg/share/ros2_pkg/environment/library_path.sh
[31.593s] -- Installing: /home/ubuntu/Workspaces/ros2_ws/install/ros2_pkg/share/ros2_pkg/environment/library_path.dsv
[31.598s] -- Installing: /home/ubuntu/Workspaces/ros2_ws/install/ros2_pkg/lib/libros2_pkg__rosidl_generator_c.so
[31.606s] -- Set runtime path of "/home/ubuntu/Workspaces/ros2_ws/install/ros2_pkg/lib/libros2_pkg__rosidl_generator_c.so" to ""
[31.606s] -- Up-to-date: /home/ubuntu/Workspaces/ros2_ws/install/ros2_pkg/include/ros2_pkg
[31.607s] -- Up-to-date: /home/ubuntu/Workspaces/ros2_ws/install/ros2_pkg/include/ros2_pkg/msg
[31.607s] -- Up-to-date: /home/ubuntu/Workspaces/ros2_ws/install/ros2_pkg/include/ros2_pkg/msg/rosidl_typesupport_fastrtps_c__visibility_control.h
[31.608s] -- Up-to-date: /home/ubuntu/Workspaces/ros2_ws/install/ros2_pkg/include/ros2_pkg/srv
[31.608s] -- Up-to-date: /home/ubuntu/Workspaces/ros2_ws/install/ros2_pkg/include/ros2_pkg/srv/detail
[31.609s] -- Installing: /home/ubuntu/Workspaces/ros2_ws/install/ros2_pkg/include/ros2_pkg/srv/detail/odd_even_check__rosidl_typesupport_fastrtps_c.h
[31.610s] -- Installing: /home/ubuntu/Workspaces/ros2_ws/install/ros2_pkg/include/ros2_pkg/srv/detail/turn_camera__rosidl_typesupport_fastrtps_c.h
[31.610s] -- Installing: /home/ubuntu/Workspaces/ros2_ws/install/ros2_pkg/lib/libros2_pkg__rosidl_typesupport_fastrtps_c.so
[31.614s] -- Set runtime path of "/home/ubuntu/Workspaces/ros2_ws/install/ros2_pkg/lib/libros2_pkg__rosidl_typesupport_fastrtps_c.so" to ""
[31.615s] -- Up-to-date: /home/ubuntu/Workspaces/ros2_ws/install/ros2_pkg/include/ros2_pkg
[31.616s] -- Up-to-date: /home/ubuntu/Workspaces/ros2_ws/install/ros2_pkg/include/ros2_pkg/msg
[31.616s] -- Up-to-date: /home/ubuntu/Workspaces/ros2_ws/install/ros2_pkg/include/ros2_pkg/msg/rosidl_typesupport_fastrtps_cpp__visibility_control.h
[31.617s] -- Up-to-date: /home/ubuntu/Workspaces/ros2_ws/install/ros2_pkg/include/ros2_pkg/srv
[31.618s] -- Up-to-date: /home/ubuntu/Workspaces/ros2_ws/install/ros2_pkg/include/ros2_pkg/srv/detail
[31.618s] -- Installing: /home/ubuntu/Workspaces/ros2_ws/install/ros2_pkg/include/ros2_pkg/srv/detail/odd_even_check__rosidl_typesupport_fastrtps_cpp.hpp
[31.619s] -- Up-to-date: /home/ubuntu/Workspaces/ros2_ws/install/ros2_pkg/include/ros2_pkg/srv/detail/dds_fastrtps
[31.619s] -- Installing: /home/ubuntu/Workspaces/ros2_ws/install/ros2_pkg/include/ros2_pkg/srv/detail/turn_camera__rosidl_typesupport_fastrtps_cpp.hpp
[31.626s] -- Installing: /home/ubuntu/Workspaces/ros2_ws/install/ros2_pkg/lib/libros2_pkg__rosidl_typesupport_fastrtps_cpp.so
[31.629s] -- Set runtime path of "/home/ubuntu/Workspaces/ros2_ws/install/ros2_pkg/lib/libros2_pkg__rosidl_typesupport_fastrtps_cpp.so" to ""
[31.631s] -- Up-to-date: /home/ubuntu/Workspaces/ros2_ws/install/ros2_pkg/include/ros2_pkg
[31.632s] -- Up-to-date: /home/ubuntu/Workspaces/ros2_ws/install/ros2_pkg/include/ros2_pkg/msg
[31.632s] -- Up-to-date: /home/ubuntu/Workspaces/ros2_ws/install/ros2_pkg/include/ros2_pkg/msg/rosidl_typesupport_introspection_c__visibility_control.h
[31.633s] -- Up-to-date: /home/ubuntu/Workspaces/ros2_ws/install/ros2_pkg/include/ros2_pkg/srv
[31.633s] -- Up-to-date: /home/ubuntu/Workspaces/ros2_ws/install/ros2_pkg/include/ros2_pkg/srv/detail
[31.634s] -- Installing: /home/ubuntu/Workspaces/ros2_ws/install/ros2_pkg/include/ros2_pkg/srv/detail/turn_camera__type_support.c
[31.635s] -- Installing: /home/ubuntu/Workspaces/ros2_ws/install/ros2_pkg/include/ros2_pkg/srv/detail/odd_even_check__type_support.c
[31.635s] -- Installing: /home/ubuntu/Workspaces/ros2_ws/install/ros2_pkg/include/ros2_pkg/srv/detail/odd_even_check__rosidl_typesupport_introspection_c.h
[31.636s] -- Installing: /home/ubuntu/Workspaces/ros2_ws/install/ros2_pkg/include/ros2_pkg/srv/detail/turn_camera__rosidl_typesupport_introspection_c.h
[31.640s] -- Installing: /home/ubuntu/Workspaces/ros2_ws/install/ros2_pkg/lib/libros2_pkg__rosidl_typesupport_introspection_c.so
[31.642s] -- Set runtime path of "/home/ubuntu/Workspaces/ros2_ws/install/ros2_pkg/lib/libros2_pkg__rosidl_typesupport_introspection_c.so" to ""
[31.645s] -- Installing: /home/ubuntu/Workspaces/ros2_ws/install/ros2_pkg/lib/libros2_pkg__rosidl_typesupport_c.so
[31.648s] -- Set runtime path of "/home/ubuntu/Workspaces/ros2_ws/install/ros2_pkg/lib/libros2_pkg__rosidl_typesupport_c.so" to ""
[31.658s] -- Up-to-date: /home/ubuntu/Workspaces/ros2_ws/install/ros2_pkg/include/ros2_pkg
[31.659s] -- Up-to-date: /home/ubuntu/Workspaces/ros2_ws/install/ros2_pkg/include/ros2_pkg/srv
[31.661s] -- Installing: /home/ubuntu/Workspaces/ros2_ws/install/ros2_pkg/include/ros2_pkg/srv/odd_even_check.hpp
[31.662s] -- Up-to-date: /home/ubuntu/Workspaces/ros2_ws/install/ros2_pkg/include/ros2_pkg/srv/detail
[31.662s] -- Installing: /home/ubuntu/Workspaces/ros2_ws/install/ros2_pkg/include/ros2_pkg/srv/detail/turn_camera__traits.hpp
[31.663s] -- Installing: /home/ubuntu/Workspaces/ros2_ws/install/ros2_pkg/include/ros2_pkg/srv/detail/turn_camera__struct.hpp
[31.664s] -- Installing: /home/ubuntu/Workspaces/ros2_ws/install/ros2_pkg/include/ros2_pkg/srv/detail/turn_camera__builder.hpp
[31.665s] -- Installing: /home/ubuntu/Workspaces/ros2_ws/install/ros2_pkg/include/ros2_pkg/srv/detail/odd_even_check__struct.hpp
[31.665s] -- Installing: /home/ubuntu/Workspaces/ros2_ws/install/ros2_pkg/include/ros2_pkg/srv/detail/odd_even_check__builder.hpp
[31.666s] -- Installing: /home/ubuntu/Workspaces/ros2_ws/install/ros2_pkg/include/ros2_pkg/srv/detail/odd_even_check__traits.hpp
[31.667s] -- Installing: /home/ubuntu/Workspaces/ros2_ws/install/ros2_pkg/include/ros2_pkg/srv/turn_camera.hpp
[31.667s] -- Up-to-date: /home/ubuntu/Workspaces/ros2_ws/install/ros2_pkg/include/ros2_pkg
[31.668s] -- Up-to-date: /home/ubuntu/Workspaces/ros2_ws/install/ros2_pkg/include/ros2_pkg/srv
[31.668s] -- Up-to-date: /home/ubuntu/Workspaces/ros2_ws/install/ros2_pkg/include/ros2_pkg/srv/detail
[31.670s] -- Installing: /home/ubuntu/Workspaces/ros2_ws/install/ros2_pkg/include/ros2_pkg/srv/detail/odd_even_check__rosidl_typesupport_introspection_cpp.hpp
[31.670s] -- Installing: /home/ubuntu/Workspaces/ros2_ws/install/ros2_pkg/include/ros2_pkg/srv/detail/odd_even_check__type_support.cpp
[31.671s] -- Installing: /home/ubuntu/Workspaces/ros2_ws/install/ros2_pkg/include/ros2_pkg/srv/detail/turn_camera__rosidl_typesupport_introspection_cpp.hpp
[31.672s] -- Installing: /home/ubuntu/Workspaces/ros2_ws/install/ros2_pkg/include/ros2_pkg/srv/detail/turn_camera__type_support.cpp
[31.672s] -- Installing: /home/ubuntu/Workspaces/ros2_ws/install/ros2_pkg/lib/libros2_pkg__rosidl_typesupport_introspection_cpp.so
[31.675s] -- Set runtime path of "/home/ubuntu/Workspaces/ros2_ws/install/ros2_pkg/lib/libros2_pkg__rosidl_typesupport_introspection_cpp.so" to ""
[31.677s] -- Installing: /home/ubuntu/Workspaces/ros2_ws/install/ros2_pkg/lib/libros2_pkg__rosidl_typesupport_cpp.so
[31.680s] -- Set runtime path of "/home/ubuntu/Workspaces/ros2_ws/install/ros2_pkg/lib/libros2_pkg__rosidl_typesupport_cpp.so" to ""
[31.685s] -- Up-to-date: /home/ubuntu/Workspaces/ros2_ws/install/ros2_pkg/share/ros2_pkg/environment/pythonpath.sh
[31.686s] -- Installing: /home/ubuntu/Workspaces/ros2_ws/install/ros2_pkg/share/ros2_pkg/environment/pythonpath.dsv
[31.687s] -- Installing: /home/ubuntu/Workspaces/ros2_ws/install/ros2_pkg/lib/python3.8/site-packages/ros2_pkg/__init__.py
[31.883s] Compiling '/home/ubuntu/Workspaces/ros2_ws/install/ros2_pkg/lib/python3.8/site-packages/ros2_pkg/__init__.py'...
[31.910s] -- Up-to-date: /home/ubuntu/Workspaces/ros2_ws/install/ros2_pkg/lib/python3.8/site-packages/ros2_pkg/srv
[31.911s] -- Installing: /home/ubuntu/Workspaces/ros2_ws/install/ros2_pkg/lib/python3.8/site-packages/ros2_pkg/srv/__init__.py
[31.912s] -- Installing: /home/ubuntu/Workspaces/ros2_ws/install/ros2_pkg/lib/python3.8/site-packages/ros2_pkg/srv/_odd_even_check.py
[31.914s] -- Installing: /home/ubuntu/Workspaces/ros2_ws/install/ros2_pkg/lib/python3.8/site-packages/ros2_pkg/srv/_odd_even_check_s.c
[31.916s] -- Installing: /home/ubuntu/Workspaces/ros2_ws/install/ros2_pkg/lib/python3.8/site-packages/ros2_pkg/srv/_turn_camera.py
[31.917s] -- Installing: /home/ubuntu/Workspaces/ros2_ws/install/ros2_pkg/lib/python3.8/site-packages/ros2_pkg/srv/_turn_camera_s.c
[31.922s] -- Installing: /home/ubuntu/Workspaces/ros2_ws/install/ros2_pkg/lib/python3.8/site-packages/ros2_pkg/ros2_pkg_s__rosidl_typesupport_fastrtps_c.cpython-38-aarch64-linux-gnu.so
[31.926s] -- Set runtime path of "/home/ubuntu/Workspaces/ros2_ws/install/ros2_pkg/lib/python3.8/site-packages/ros2_pkg/ros2_pkg_s__rosidl_typesupport_fastrtps_c.cpython-38-aarch64-linux-gnu.so" to ""
[31.941s] -- Installing: /home/ubuntu/Workspaces/ros2_ws/install/ros2_pkg/lib/python3.8/site-packages/ros2_pkg/ros2_pkg_s__rosidl_typesupport_introspection_c.cpython-38-aarch64-linux-gnu.so
[31.944s] -- Set runtime path of "/home/ubuntu/Workspaces/ros2_ws/install/ros2_pkg/lib/python3.8/site-packages/ros2_pkg/ros2_pkg_s__rosidl_typesupport_introspection_c.cpython-38-aarch64-linux-gnu.so" to ""
[31.947s] -- Installing: /home/ubuntu/Workspaces/ros2_ws/install/ros2_pkg/lib/python3.8/site-packages/ros2_pkg/ros2_pkg_s__rosidl_typesupport_c.cpython-38-aarch64-linux-gnu.so
[31.950s] -- Set runtime path of "/home/ubuntu/Workspaces/ros2_ws/install/ros2_pkg/lib/python3.8/site-packages/ros2_pkg/ros2_pkg_s__rosidl_typesupport_c.cpython-38-aarch64-linux-gnu.so" to ""
[31.953s] -- Installing: /home/ubuntu/Workspaces/ros2_ws/install/ros2_pkg/lib/libros2_pkg__python.so
[31.956s] -- Set runtime path of "/home/ubuntu/Workspaces/ros2_ws/install/ros2_pkg/lib/libros2_pkg__python.so" to ""
[31.958s] -- Up-to-date: /home/ubuntu/Workspaces/ros2_ws/install/ros2_pkg/share/ros2_pkg/srv/OddEvenCheck.idl
[31.959s] -- Installing: /home/ubuntu/Workspaces/ros2_ws/install/ros2_pkg/share/ros2_pkg/srv/TurnCamera.idl
[31.960s] -- Up-to-date: /home/ubuntu/Workspaces/ros2_ws/install/ros2_pkg/share/ros2_pkg/srv/OddEvenCheck.srv
[31.961s] -- Up-to-date: /home/ubuntu/Workspaces/ros2_ws/install/ros2_pkg/share/ros2_pkg/srv/OddEvenCheck_Request.msg
[31.962s] -- Up-to-date: /home/ubuntu/Workspaces/ros2_ws/install/ros2_pkg/share/ros2_pkg/srv/OddEvenCheck_Response.msg
[31.963s] -- Installing: /home/ubuntu/Workspaces/ros2_ws/install/ros2_pkg/share/ros2_pkg/srv/TurnCamera.srv
[31.965s] -- Installing: /home/ubuntu/Workspaces/ros2_ws/install/ros2_pkg/share/ros2_pkg/srv/TurnCamera_Request.msg
[31.965s] -- Installing: /home/ubuntu/Workspaces/ros2_ws/install/ros2_pkg/share/ros2_pkg/srv/TurnCamera_Response.msg
[31.966s] -- Up-to-date: /home/ubuntu/Workspaces/ros2_ws/install/ros2_pkg/lib/python3.8/site-packages/scripts/
[31.967s] -- Up-to-date: /home/ubuntu/Workspaces/ros2_ws/install/ros2_pkg/lib/python3.8/site-packages/scripts//__init__.py
[31.968s] -- Up-to-date: /home/ubuntu/Workspaces/ros2_ws/install/ros2_pkg/lib/python3.8/site-packages/scripts//rpm_pub.py
[31.969s] -- Up-to-date: /home/ubuntu/Workspaces/ros2_ws/install/ros2_pkg/lib/python3.8/site-packages/scripts//service_server.py
[31.970s] -- Up-to-date: /home/ubuntu/Workspaces/ros2_ws/install/ros2_pkg/lib/python3.8/site-packages/scripts//publisher.py
[31.970s] -- Up-to-date: /home/ubuntu/Workspaces/ros2_ws/install/ros2_pkg/lib/python3.8/site-packages/scripts//subscriber.py
[31.971s] -- Installing: /home/ubuntu/Workspaces/ros2_ws/install/ros2_pkg/lib/python3.8/site-packages/scripts//service_client.py
[31.971s] -- Up-to-date: /home/ubuntu/Workspaces/ros2_ws/install/ros2_pkg/lib/python3.8/site-packages/scripts//speed_calc.py
[32.152s] Listing '/home/ubuntu/Workspaces/ros2_ws/install/ros2_pkg/lib/python3.8/site-packages/scripts/'...
[32.153s] Compiling '/home/ubuntu/Workspaces/ros2_ws/install/ros2_pkg/lib/python3.8/site-packages/scripts/service_client.py'...
[32.187s] -- Up-to-date: /home/ubuntu/Workspaces/ros2_ws/install/ros2_pkg/lib/ros2_pkg/publisher.py
[32.188s] -- Up-to-date: /home/ubuntu/Workspaces/ros2_ws/install/ros2_pkg/lib/ros2_pkg/subscriber.py
[32.190s] -- Up-to-date: /home/ubuntu/Workspaces/ros2_ws/install/ros2_pkg/lib/ros2_pkg/rpm_pub.py
[32.191s] -- Up-to-date: /home/ubuntu/Workspaces/ros2_ws/install/ros2_pkg/lib/ros2_pkg/speed_calc.py
[32.191s] -- Up-to-date: /home/ubuntu/Workspaces/ros2_ws/install/ros2_pkg/lib/ros2_pkg/service_server.py
[32.191s] -- Installing: /home/ubuntu/Workspaces/ros2_ws/install/ros2_pkg/lib/ros2_pkg/service_client.py
[32.192s] -- Up-to-date: /home/ubuntu/Workspaces/ros2_ws/install/ros2_pkg/share/ros2_pkg//launch
[32.192s] -- Up-to-date: /home/ubuntu/Workspaces/ros2_ws/install/ros2_pkg/share/ros2_pkg//launch/node.launch.py
[32.193s] -- Up-to-date: /home/ubuntu/Workspaces/ros2_ws/install/ros2_pkg/share/ament_index/resource_index/package_run_dependencies/ros2_pkg
[32.193s] -- Installing: /home/ubuntu/Workspaces/ros2_ws/install/ros2_pkg/share/ament_index/resource_index/parent_prefix_path/ros2_pkg
[32.204s] -- Up-to-date: /home/ubuntu/Workspaces/ros2_ws/install/ros2_pkg/share/ros2_pkg/environment/ament_prefix_path.sh
[32.204s] -- Installing: /home/ubuntu/Workspaces/ros2_ws/install/ros2_pkg/share/ros2_pkg/environment/ament_prefix_path.dsv
[32.205s] -- Up-to-date: /home/ubuntu/Workspaces/ros2_ws/install/ros2_pkg/share/ros2_pkg/environment/path.sh
[32.205s] -- Installing: /home/ubuntu/Workspaces/ros2_ws/install/ros2_pkg/share/ros2_pkg/environment/path.dsv
[32.206s] -- Up-to-date: /home/ubuntu/Workspaces/ros2_ws/install/ros2_pkg/share/ros2_pkg/local_setup.bash
[32.206s] -- Up-to-date: /home/ubuntu/Workspaces/ros2_ws/install/ros2_pkg/share/ros2_pkg/local_setup.sh
[32.206s] -- Up-to-date: /home/ubuntu/Workspaces/ros2_ws/install/ros2_pkg/share/ros2_pkg/local_setup.zsh
[32.207s] -- Installing: /home/ubuntu/Workspaces/ros2_ws/install/ros2_pkg/share/ros2_pkg/local_setup.dsv
[32.207s] -- Installing: /home/ubuntu/Workspaces/ros2_ws/install/ros2_pkg/share/ros2_pkg/package.dsv
[32.208s] -- Up-to-date: /home/ubuntu/Workspaces/ros2_ws/install/ros2_pkg/share/ament_index/resource_index/packages/ros2_pkg
[32.208s] -- Old export file "/home/ubuntu/Workspaces/ros2_ws/install/ros2_pkg/share/ros2_pkg/cmake/ros2_pkg__rosidl_generator_cExport.cmake" will be replaced.  Removing files [/home/ubuntu/Workspaces/ros2_ws/install/ros2_pkg/share/ros2_pkg/cmake/ros2_pkg__rosidl_generator_cExport-noconfig.cmake].
[32.209s] -- Installing: /home/ubuntu/Workspaces/ros2_ws/install/ros2_pkg/share/ros2_pkg/cmake/ros2_pkg__rosidl_generator_cExport.cmake
[32.211s] -- Installing: /home/ubuntu/Workspaces/ros2_ws/install/ros2_pkg/share/ros2_pkg/cmake/ros2_pkg__rosidl_generator_cExport-noconfig.cmake
[32.214s] -- Old export file "/home/ubuntu/Workspaces/ros2_ws/install/ros2_pkg/share/ros2_pkg/cmake/ros2_pkg__rosidl_typesupport_introspection_cExport.cmake" will be replaced.  Removing files [/home/ubuntu/Workspaces/ros2_ws/install/ros2_pkg/share/ros2_pkg/cmake/ros2_pkg__rosidl_typesupport_introspection_cExport-noconfig.cmake].
[32.216s] -- Installing: /home/ubuntu/Workspaces/ros2_ws/install/ros2_pkg/share/ros2_pkg/cmake/ros2_pkg__rosidl_typesupport_introspection_cExport.cmake
[32.218s] -- Installing: /home/ubuntu/Workspaces/ros2_ws/install/ros2_pkg/share/ros2_pkg/cmake/ros2_pkg__rosidl_typesupport_introspection_cExport-noconfig.cmake
[32.221s] -- Old export file "/home/ubuntu/Workspaces/ros2_ws/install/ros2_pkg/share/ros2_pkg/cmake/ros2_pkg__rosidl_typesupport_cExport.cmake" will be replaced.  Removing files [/home/ubuntu/Workspaces/ros2_ws/install/ros2_pkg/share/ros2_pkg/cmake/ros2_pkg__rosidl_typesupport_cExport-noconfig.cmake].
[32.223s] -- Installing: /home/ubuntu/Workspaces/ros2_ws/install/ros2_pkg/share/ros2_pkg/cmake/ros2_pkg__rosidl_typesupport_cExport.cmake
[32.225s] -- Installing: /home/ubuntu/Workspaces/ros2_ws/install/ros2_pkg/share/ros2_pkg/cmake/ros2_pkg__rosidl_typesupport_cExport-noconfig.cmake
[32.231s] -- Installing: /home/ubuntu/Workspaces/ros2_ws/install/ros2_pkg/share/ros2_pkg/cmake/ros2_pkg__rosidl_generator_cppExport.cmake
[32.232s] -- Old export file "/home/ubuntu/Workspaces/ros2_ws/install/ros2_pkg/share/ros2_pkg/cmake/ros2_pkg__rosidl_typesupport_introspection_cppExport.cmake" will be replaced.  Removing files [/home/ubuntu/Workspaces/ros2_ws/install/ros2_pkg/share/ros2_pkg/cmake/ros2_pkg__rosidl_typesupport_introspection_cppExport-noconfig.cmake].
[32.233s] -- Installing: /home/ubuntu/Workspaces/ros2_ws/install/ros2_pkg/share/ros2_pkg/cmake/ros2_pkg__rosidl_typesupport_introspection_cppExport.cmake
[32.234s] -- Installing: /home/ubuntu/Workspaces/ros2_ws/install/ros2_pkg/share/ros2_pkg/cmake/ros2_pkg__rosidl_typesupport_introspection_cppExport-noconfig.cmake
[32.236s] -- Old export file "/home/ubuntu/Workspaces/ros2_ws/install/ros2_pkg/share/ros2_pkg/cmake/ros2_pkg__rosidl_typesupport_cppExport.cmake" will be replaced.  Removing files [/home/ubuntu/Workspaces/ros2_ws/install/ros2_pkg/share/ros2_pkg/cmake/ros2_pkg__rosidl_typesupport_cppExport-noconfig.cmake].
[32.237s] -- Installing: /home/ubuntu/Workspaces/ros2_ws/install/ros2_pkg/share/ros2_pkg/cmake/ros2_pkg__rosidl_typesupport_cppExport.cmake
[32.238s] -- Installing: /home/ubuntu/Workspaces/ros2_ws/install/ros2_pkg/share/ros2_pkg/cmake/ros2_pkg__rosidl_typesupport_cppExport-noconfig.cmake
[32.240s] -- Installing: /home/ubuntu/Workspaces/ros2_ws/install/ros2_pkg/share/ros2_pkg/cmake/rosidl_cmake-extras.cmake
[32.242s] -- Installing: /home/ubuntu/Workspaces/ros2_ws/install/ros2_pkg/share/ros2_pkg/cmake/ament_cmake_export_dependencies-extras.cmake
[32.243s] -- Up-to-date: /home/ubuntu/Workspaces/ros2_ws/install/ros2_pkg/share/ros2_pkg/cmake/ament_cmake_export_libraries-extras.cmake
[32.245s] -- Up-to-date: /home/ubuntu/Workspaces/ros2_ws/install/ros2_pkg/share/ros2_pkg/cmake/ament_cmake_export_targets-extras.cmake
[32.246s] -- Up-to-date: /home/ubuntu/Workspaces/ros2_ws/install/ros2_pkg/share/ros2_pkg/cmake/ament_cmake_export_include_directories-extras.cmake
[32.247s] -- Up-to-date: /home/ubuntu/Workspaces/ros2_ws/install/ros2_pkg/share/ros2_pkg/cmake/rosidl_cmake_export_typesupport_libraries-extras.cmake
[32.247s] -- Up-to-date: /home/ubuntu/Workspaces/ros2_ws/install/ros2_pkg/share/ros2_pkg/cmake/rosidl_cmake_export_typesupport_targets-extras.cmake
[32.248s] -- Up-to-date: /home/ubuntu/Workspaces/ros2_ws/install/ros2_pkg/share/ros2_pkg/cmake/ros2_pkgConfig.cmake
[32.249s] -- Up-to-date: /home/ubuntu/Workspaces/ros2_ws/install/ros2_pkg/share/ros2_pkg/cmake/ros2_pkgConfig-version.cmake
[32.250s] -- Up-to-date: /home/ubuntu/Workspaces/ros2_ws/install/ros2_pkg/share/ros2_pkg/package.xml
[32.265s] Invoked command in '/home/ubuntu/Workspaces/ros2_ws/build/ros2_pkg' returned '0': CMAKE_PREFIX_PATH=${CMAKE_PREFIX_PATH}:/home/ubuntu/turtlebot3_ws/install/turtlebot3_teleop:/home/ubuntu/turtlebot3_ws/install/turtlebot3_example:/opt/ros/foxy /usr/bin/cmake --install /home/ubuntu/Workspaces/ros2_ws/build/ros2_pkg
