[1.381s] DEBUG:colcon:Command line arguments: ['/usr/bin/colcon', 'build', '--symlink-install']
[1.382s] DEBUG:colcon:Parsed command line arguments: Namespace(allow_overriding=[], ament_cmake_args=None, base_paths=['.'], build_base='build', catkin_cmake_args=None, catkin_skip_building_tests=False, cmake_args=None, cmake_clean_cache=False, cmake_clean_first=False, cmake_force_configure=False, cmake_target=None, cmake_target_skip_unavailable=False, continue_on_error=False, event_handlers=None, executor='parallel', ignore_user_meta=False, install_base='install', log_base=None, log_level=None, main=<bound method BuildVerb.main of <colcon_core.verb.build.BuildVerb object at 0xffffa1802790>>, merge_install=False, metas=['./colcon.meta'], packages_above=None, packages_above_and_dependencies=None, packages_above_depth=None, packages_end=None, packages_ignore=None, packages_ignore_regex=None, packages_select=None, packages_select_build_failed=False, packages_select_by_dep=None, packages_select_regex=None, packages_select_test_failures=False, packages_skip=None, packages_skip_build_finished=False, packages_skip_by_dep=None, packages_skip_regex=None, packages_skip_test_passed=False, packages_skip_up_to=None, packages_start=None, packages_up_to=None, packages_up_to_regex=None, parallel_workers=4, paths=None, symlink_install=True, test_result_base=None, verb_extension=<colcon_core.verb.build.BuildVerb object at 0xffffa1802790>, verb_name='build', verb_parser=<colcon_defaults.argument_parser.defaults.DefaultArgumentsDecorator object at 0xffffa1802d00>)
[1.509s] Level 1:colcon.colcon_core.package_discovery:discover_packages(colcon_meta) check parameters
[1.510s] Level 1:colcon.colcon_core.package_discovery:discover_packages(recursive) check parameters
[1.510s] Level 1:colcon.colcon_core.package_discovery:discover_packages(ignore) check parameters
[1.510s] Level 1:colcon.colcon_core.package_discovery:discover_packages(path) check parameters
[1.510s] Level 1:colcon.colcon_core.package_discovery:discover_packages(colcon_meta) discover
[1.510s] Level 1:colcon.colcon_core.package_discovery:discover_packages(recursive) discover
[1.511s] INFO:colcon.colcon_core.package_discovery:Crawling recursively for packages in '/home/ubuntu/Workspaces'
[1.511s] Level 1:colcon.colcon_core.package_identification:_identify(.) by extensions ['ignore', 'ignore_ament_install']
[1.511s] Level 1:colcon.colcon_core.package_identification:_identify(.) by extension 'ignore'
[1.512s] Level 1:colcon.colcon_core.package_identification:_identify(.) by extension 'ignore_ament_install'
[1.512s] Level 1:colcon.colcon_core.package_identification:_identify(.) by extensions ['colcon_pkg']
[1.512s] Level 1:colcon.colcon_core.package_identification:_identify(.) by extension 'colcon_pkg'
[1.512s] Level 1:colcon.colcon_core.package_identification:_identify(.) by extensions ['colcon_meta']
[1.512s] Level 1:colcon.colcon_core.package_identification:_identify(.) by extension 'colcon_meta'
[1.513s] Level 1:colcon.colcon_core.package_identification:_identify(.) by extensions ['ros']
[1.513s] Level 1:colcon.colcon_core.package_identification:_identify(.) by extension 'ros'
[1.594s] Level 1:colcon.colcon_core.package_identification:_identify(.) by extensions ['cmake', 'python']
[1.594s] Level 1:colcon.colcon_core.package_identification:_identify(.) by extension 'cmake'
[1.594s] Level 1:colcon.colcon_core.package_identification:_identify(.) by extension 'python'
[1.594s] Level 1:colcon.colcon_core.package_identification:_identify(.) by extensions ['python_setup_py']
[1.595s] Level 1:colcon.colcon_core.package_identification:_identify(.) by extension 'python_setup_py'
[1.595s] Level 1:colcon.colcon_core.package_identification:_identify(build) by extensions ['ignore', 'ignore_ament_install']
[1.595s] Level 1:colcon.colcon_core.package_identification:_identify(build) by extension 'ignore'
[1.596s] Level 1:colcon.colcon_core.package_identification:_identify(build) ignored
[1.596s] Level 1:colcon.colcon_core.package_identification:_identify(install) by extensions ['ignore', 'ignore_ament_install']
[1.597s] Level 1:colcon.colcon_core.package_identification:_identify(install) by extension 'ignore'
[1.597s] Level 1:colcon.colcon_core.package_identification:_identify(install) ignored
[1.597s] Level 1:colcon.colcon_core.package_identification:_identify(log) by extensions ['ignore', 'ignore_ament_install']
[1.598s] Level 1:colcon.colcon_core.package_identification:_identify(log) by extension 'ignore'
[1.598s] Level 1:colcon.colcon_core.package_identification:_identify(log) ignored
[1.598s] Level 1:colcon.colcon_core.package_identification:_identify(ros2_ws) by extensions ['ignore', 'ignore_ament_install']
[1.598s] Level 1:colcon.colcon_core.package_identification:_identify(ros2_ws) by extension 'ignore'
[1.599s] Level 1:colcon.colcon_core.package_identification:_identify(ros2_ws) by extension 'ignore_ament_install'
[1.599s] Level 1:colcon.colcon_core.package_identification:_identify(ros2_ws) by extensions ['colcon_pkg']
[1.599s] Level 1:colcon.colcon_core.package_identification:_identify(ros2_ws) by extension 'colcon_pkg'
[1.599s] Level 1:colcon.colcon_core.package_identification:_identify(ros2_ws) by extensions ['colcon_meta']
[1.599s] Level 1:colcon.colcon_core.package_identification:_identify(ros2_ws) by extension 'colcon_meta'
[1.599s] Level 1:colcon.colcon_core.package_identification:_identify(ros2_ws) by extensions ['ros']
[1.600s] Level 1:colcon.colcon_core.package_identification:_identify(ros2_ws) by extension 'ros'
[1.600s] Level 1:colcon.colcon_core.package_identification:_identify(ros2_ws) by extensions ['cmake', 'python']
[1.600s] Level 1:colcon.colcon_core.package_identification:_identify(ros2_ws) by extension 'cmake'
[1.600s] Level 1:colcon.colcon_core.package_identification:_identify(ros2_ws) by extension 'python'
[1.600s] Level 1:colcon.colcon_core.package_identification:_identify(ros2_ws) by extensions ['python_setup_py']
[1.601s] Level 1:colcon.colcon_core.package_identification:_identify(ros2_ws) by extension 'python_setup_py'
[1.601s] Level 1:colcon.colcon_core.package_identification:_identify(ros2_ws/build) by extensions ['ignore', 'ignore_ament_install']
[1.601s] Level 1:colcon.colcon_core.package_identification:_identify(ros2_ws/build) by extension 'ignore'
[1.602s] Level 1:colcon.colcon_core.package_identification:_identify(ros2_ws/build) ignored
[1.602s] Level 1:colcon.colcon_core.package_identification:_identify(ros2_ws/install) by extensions ['ignore', 'ignore_ament_install']
[1.602s] Level 1:colcon.colcon_core.package_identification:_identify(ros2_ws/install) by extension 'ignore'
[1.602s] Level 1:colcon.colcon_core.package_identification:_identify(ros2_ws/install) ignored
[1.603s] Level 1:colcon.colcon_core.package_identification:_identify(ros2_ws/log) by extensions ['ignore', 'ignore_ament_install']
[1.603s] Level 1:colcon.colcon_core.package_identification:_identify(ros2_ws/log) by extension 'ignore'
[1.603s] Level 1:colcon.colcon_core.package_identification:_identify(ros2_ws/log) ignored
[1.604s] Level 1:colcon.colcon_core.package_identification:_identify(ros2_ws/src) by extensions ['ignore', 'ignore_ament_install']
[1.604s] Level 1:colcon.colcon_core.package_identification:_identify(ros2_ws/src) by extension 'ignore'
[1.605s] Level 1:colcon.colcon_core.package_identification:_identify(ros2_ws/src) by extension 'ignore_ament_install'
[1.605s] Level 1:colcon.colcon_core.package_identification:_identify(ros2_ws/src) by extensions ['colcon_pkg']
[1.605s] Level 1:colcon.colcon_core.package_identification:_identify(ros2_ws/src) by extension 'colcon_pkg'
[1.605s] Level 1:colcon.colcon_core.package_identification:_identify(ros2_ws/src) by extensions ['colcon_meta']
[1.606s] Level 1:colcon.colcon_core.package_identification:_identify(ros2_ws/src) by extension 'colcon_meta'
[1.606s] Level 1:colcon.colcon_core.package_identification:_identify(ros2_ws/src) by extensions ['ros']
[1.606s] Level 1:colcon.colcon_core.package_identification:_identify(ros2_ws/src) by extension 'ros'
[1.607s] Level 1:colcon.colcon_core.package_identification:_identify(ros2_ws/src) by extensions ['cmake', 'python']
[1.607s] Level 1:colcon.colcon_core.package_identification:_identify(ros2_ws/src) by extension 'cmake'
[1.607s] Level 1:colcon.colcon_core.package_identification:_identify(ros2_ws/src) by extension 'python'
[1.608s] Level 1:colcon.colcon_core.package_identification:_identify(ros2_ws/src) by extensions ['python_setup_py']
[1.608s] Level 1:colcon.colcon_core.package_identification:_identify(ros2_ws/src) by extension 'python_setup_py'
[1.609s] Level 1:colcon.colcon_core.package_identification:_identify(ros2_ws/src/ros2_pkg) by extensions ['ignore', 'ignore_ament_install']
[1.609s] Level 1:colcon.colcon_core.package_identification:_identify(ros2_ws/src/ros2_pkg) by extension 'ignore'
[1.609s] Level 1:colcon.colcon_core.package_identification:_identify(ros2_ws/src/ros2_pkg) by extension 'ignore_ament_install'
[1.610s] Level 1:colcon.colcon_core.package_identification:_identify(ros2_ws/src/ros2_pkg) by extensions ['colcon_pkg']
[1.610s] Level 1:colcon.colcon_core.package_identification:_identify(ros2_ws/src/ros2_pkg) by extension 'colcon_pkg'
[1.610s] Level 1:colcon.colcon_core.package_identification:_identify(ros2_ws/src/ros2_pkg) by extensions ['colcon_meta']
[1.610s] Level 1:colcon.colcon_core.package_identification:_identify(ros2_ws/src/ros2_pkg) by extension 'colcon_meta'
[1.611s] Level 1:colcon.colcon_core.package_identification:_identify(ros2_ws/src/ros2_pkg) by extensions ['ros']
[1.611s] Level 1:colcon.colcon_core.package_identification:_identify(ros2_ws/src/ros2_pkg) by extension 'ros'
[1.621s] DEBUG:colcon.colcon_core.package_identification:Package 'ros2_ws/src/ros2_pkg' with type 'ros.ament_cmake' and name 'ros2_pkg'
[1.621s] Level 1:colcon.colcon_core.package_discovery:discover_packages(recursive) using defaults
[1.621s] Level 1:colcon.colcon_core.package_discovery:discover_packages(ignore) discover
[1.621s] Level 1:colcon.colcon_core.package_discovery:discover_packages(ignore) using defaults
[1.622s] Level 1:colcon.colcon_core.package_discovery:discover_packages(path) discover
[1.622s] Level 1:colcon.colcon_core.package_discovery:discover_packages(path) using defaults
[1.703s] Level 1:colcon.colcon_core.package_discovery:discover_packages(prefix_path) check parameters
[1.703s] Level 1:colcon.colcon_core.package_discovery:discover_packages(prefix_path) discover
[1.722s] DEBUG:colcon.colcon_installed_package_information.package_discovery:Found 6 installed packages in /home/ubuntu/turtlebot3_ws/install
[1.734s] DEBUG:colcon.colcon_installed_package_information.package_discovery:Found 259 installed packages in /opt/ros/foxy
[1.741s] Level 1:colcon.colcon_core.package_discovery:discover_packages(prefix_path) using defaults
[2.072s] Level 5:colcon.colcon_core.verb:set package 'ros2_pkg' build argument 'cmake_args' from command line to 'None'
[2.072s] Level 5:colcon.colcon_core.verb:set package 'ros2_pkg' build argument 'cmake_target' from command line to 'None'
[2.072s] Level 5:colcon.colcon_core.verb:set package 'ros2_pkg' build argument 'cmake_target_skip_unavailable' from command line to 'False'
[2.072s] Level 5:colcon.colcon_core.verb:set package 'ros2_pkg' build argument 'cmake_clean_cache' from command line to 'False'
[2.072s] Level 5:colcon.colcon_core.verb:set package 'ros2_pkg' build argument 'cmake_clean_first' from command line to 'False'
[2.073s] Level 5:colcon.colcon_core.verb:set package 'ros2_pkg' build argument 'cmake_force_configure' from command line to 'False'
[2.073s] Level 5:colcon.colcon_core.verb:set package 'ros2_pkg' build argument 'ament_cmake_args' from command line to 'None'
[2.073s] Level 5:colcon.colcon_core.verb:set package 'ros2_pkg' build argument 'catkin_cmake_args' from command line to 'None'
[2.073s] Level 5:colcon.colcon_core.verb:set package 'ros2_pkg' build argument 'catkin_skip_building_tests' from command line to 'False'
[2.073s] DEBUG:colcon.colcon_core.verb:Building package 'ros2_pkg' with the following arguments: {'ament_cmake_args': None, 'build_base': '/home/ubuntu/Workspaces/build/ros2_pkg', 'catkin_cmake_args': None, 'catkin_skip_building_tests': False, 'cmake_args': None, 'cmake_clean_cache': False, 'cmake_clean_first': False, 'cmake_force_configure': False, 'cmake_target': None, 'cmake_target_skip_unavailable': False, 'install_base': '/home/ubuntu/Workspaces/install/ros2_pkg', 'merge_install': False, 'path': '/home/ubuntu/Workspaces/ros2_ws/src/ros2_pkg', 'symlink_install': True, 'test_result_base': None}
[2.076s] INFO:colcon.colcon_core.executor:Executing jobs using 'parallel' executor
[2.093s] DEBUG:colcon.colcon_parallel_executor.executor.parallel:run_until_complete
[2.094s] INFO:colcon.colcon_ros.task.ament_cmake.build:Building ROS package in '/home/ubuntu/Workspaces/ros2_ws/src/ros2_pkg' with build type 'ament_cmake'
[2.095s] INFO:colcon.colcon_cmake.task.cmake.build:Building CMake package in '/home/ubuntu/Workspaces/ros2_ws/src/ros2_pkg'
[2.116s] INFO:colcon.colcon_core.plugin_system:Skipping extension 'colcon_core.shell.bat': Not used on non-Windows systems
[2.117s] INFO:colcon.colcon_core.shell:Skip shell extension 'powershell' for command environment: Not usable outside of PowerShell
[2.117s] DEBUG:colcon.colcon_core.shell:Skip shell extension 'dsv' for command environment
[2.163s] DEBUG:colcon.colcon_core.event_handler.log_command:Invoking command in '/home/ubuntu/Workspaces/build/ros2_pkg': CMAKE_PREFIX_PATH=${CMAKE_PREFIX_PATH}:/home/ubuntu/turtlebot3_ws/install/turtlebot3_teleop:/home/ubuntu/turtlebot3_ws/install/turtlebot3_example:/opt/ros/foxy /usr/bin/cmake /home/ubuntu/Workspaces/ros2_ws/src/ros2_pkg -DAMENT_CMAKE_SYMLINK_INSTALL=1 -DCMAKE_INSTALL_PREFIX=/home/ubuntu/Workspaces/install/ros2_pkg
[14.124s] DEBUG:colcon.colcon_core.event_handler.log_command:Invoked command in '/home/ubuntu/Workspaces/build/ros2_pkg' returned '0': CMAKE_PREFIX_PATH=${CMAKE_PREFIX_PATH}:/home/ubuntu/turtlebot3_ws/install/turtlebot3_teleop:/home/ubuntu/turtlebot3_ws/install/turtlebot3_example:/opt/ros/foxy /usr/bin/cmake /home/ubuntu/Workspaces/ros2_ws/src/ros2_pkg -DAMENT_CMAKE_SYMLINK_INSTALL=1 -DCMAKE_INSTALL_PREFIX=/home/ubuntu/Workspaces/install/ros2_pkg
[14.137s] DEBUG:colcon.colcon_core.event_handler.log_command:Invoking command in '/home/ubuntu/Workspaces/build/ros2_pkg': CMAKE_PREFIX_PATH=${CMAKE_PREFIX_PATH}:/home/ubuntu/turtlebot3_ws/install/turtlebot3_teleop:/home/ubuntu/turtlebot3_ws/install/turtlebot3_example:/opt/ros/foxy /usr/bin/cmake --build /home/ubuntu/Workspaces/build/ros2_pkg -- -j4 -l4
[34.332s] DEBUG:colcon.colcon_core.event_handler.log_command:Invoked command in '/home/ubuntu/Workspaces/build/ros2_pkg' returned '0': CMAKE_PREFIX_PATH=${CMAKE_PREFIX_PATH}:/home/ubuntu/turtlebot3_ws/install/turtlebot3_teleop:/home/ubuntu/turtlebot3_ws/install/turtlebot3_example:/opt/ros/foxy /usr/bin/cmake --build /home/ubuntu/Workspaces/build/ros2_pkg -- -j4 -l4
[34.776s] DEBUG:colcon.colcon_core.event_handler.log_command:Invoking command in '/home/ubuntu/Workspaces/build/ros2_pkg': CMAKE_PREFIX_PATH=${CMAKE_PREFIX_PATH}:/home/ubuntu/turtlebot3_ws/install/turtlebot3_teleop:/home/ubuntu/turtlebot3_ws/install/turtlebot3_example:/opt/ros/foxy /usr/bin/cmake --install /home/ubuntu/Workspaces/build/ros2_pkg
[38.683s] Level 1:colcon.colcon_core.environment:create_environment_scripts_only(ros2_pkg)
[38.686s] DEBUG:colcon.colcon_core.event_handler.log_command:Invoked command in '/home/ubuntu/Workspaces/build/ros2_pkg' returned '0': CMAKE_PREFIX_PATH=${CMAKE_PREFIX_PATH}:/home/ubuntu/turtlebot3_ws/install/turtlebot3_teleop:/home/ubuntu/turtlebot3_ws/install/turtlebot3_example:/opt/ros/foxy /usr/bin/cmake --install /home/ubuntu/Workspaces/build/ros2_pkg
[38.712s] Level 1:colcon.colcon_core.environment:checking '/home/ubuntu/Workspaces/install/ros2_pkg' for CMake module files
[38.717s] Level 1:colcon.colcon_core.environment:checking '/home/ubuntu/Workspaces/install/ros2_pkg' for CMake config files
[38.722s] Level 1:colcon.colcon_core.shell:create_environment_hook('ros2_pkg', 'cmake_prefix_path')
[38.728s] INFO:colcon.colcon_core.shell:Creating environment hook '/home/ubuntu/Workspaces/install/ros2_pkg/share/ros2_pkg/hook/cmake_prefix_path.ps1'
[38.731s] INFO:colcon.colcon_core.shell:Creating environment descriptor '/home/ubuntu/Workspaces/install/ros2_pkg/share/ros2_pkg/hook/cmake_prefix_path.dsv'
[38.733s] INFO:colcon.colcon_core.shell:Creating environment hook '/home/ubuntu/Workspaces/install/ros2_pkg/share/ros2_pkg/hook/cmake_prefix_path.sh'
[38.738s] Level 1:colcon.colcon_core.environment:checking '/home/ubuntu/Workspaces/install/ros2_pkg/lib'
[38.739s] Level 1:colcon.colcon_core.shell:create_environment_hook('ros2_pkg', 'ld_library_path_lib')
[38.745s] INFO:colcon.colcon_core.shell:Creating environment hook '/home/ubuntu/Workspaces/install/ros2_pkg/share/ros2_pkg/hook/ld_library_path_lib.ps1'
[38.747s] INFO:colcon.colcon_core.shell:Creating environment descriptor '/home/ubuntu/Workspaces/install/ros2_pkg/share/ros2_pkg/hook/ld_library_path_lib.dsv'
[38.749s] INFO:colcon.colcon_core.shell:Creating environment hook '/home/ubuntu/Workspaces/install/ros2_pkg/share/ros2_pkg/hook/ld_library_path_lib.sh'
[38.751s] Level 1:colcon.colcon_core.environment:checking '/home/ubuntu/Workspaces/install/ros2_pkg/bin'
[38.751s] Level 1:colcon.colcon_core.environment:checking '/home/ubuntu/Workspaces/install/ros2_pkg/lib/pkgconfig/ros2_pkg.pc'
[38.752s] Level 1:colcon.colcon_core.environment:checking '/home/ubuntu/Workspaces/install/ros2_pkg/lib/python3.8/site-packages'
[38.752s] Level 1:colcon.colcon_core.shell:create_environment_hook('ros2_pkg', 'pythonpath')
[38.759s] INFO:colcon.colcon_core.shell:Creating environment hook '/home/ubuntu/Workspaces/install/ros2_pkg/share/ros2_pkg/hook/pythonpath.ps1'
[38.760s] INFO:colcon.colcon_core.shell:Creating environment descriptor '/home/ubuntu/Workspaces/install/ros2_pkg/share/ros2_pkg/hook/pythonpath.dsv'
[38.762s] INFO:colcon.colcon_core.shell:Creating environment hook '/home/ubuntu/Workspaces/install/ros2_pkg/share/ros2_pkg/hook/pythonpath.sh'
[38.765s] Level 1:colcon.colcon_core.environment:checking '/home/ubuntu/Workspaces/install/ros2_pkg/bin'
[38.774s] INFO:colcon.colcon_core.shell:Creating package script '/home/ubuntu/Workspaces/install/ros2_pkg/share/ros2_pkg/package.ps1'
[38.778s] INFO:colcon.colcon_core.shell:Creating package descriptor '/home/ubuntu/Workspaces/install/ros2_pkg/share/ros2_pkg/package.dsv'
[38.783s] INFO:colcon.colcon_core.shell:Creating package script '/home/ubuntu/Workspaces/install/ros2_pkg/share/ros2_pkg/package.sh'
[38.787s] INFO:colcon.colcon_core.shell:Creating package script '/home/ubuntu/Workspaces/install/ros2_pkg/share/ros2_pkg/package.bash'
[38.792s] INFO:colcon.colcon_core.shell:Creating package script '/home/ubuntu/Workspaces/install/ros2_pkg/share/ros2_pkg/package.zsh'
[38.796s] Level 1:colcon.colcon_core.environment:create_file_with_runtime_dependencies(/home/ubuntu/Workspaces/install/ros2_pkg/share/colcon-core/packages/ros2_pkg)
[39.242s] Level 1:colcon.colcon_core.environment:create_environment_scripts_only(ros2_pkg)
[39.256s] Level 1:colcon.colcon_core.environment:checking '/home/ubuntu/Workspaces/install/ros2_pkg' for CMake module files
[39.261s] Level 1:colcon.colcon_core.environment:checking '/home/ubuntu/Workspaces/install/ros2_pkg' for CMake config files
[39.266s] Level 1:colcon.colcon_core.shell:create_environment_hook('ros2_pkg', 'cmake_prefix_path')
[39.273s] INFO:colcon.colcon_core.shell:Creating environment hook '/home/ubuntu/Workspaces/install/ros2_pkg/share/ros2_pkg/hook/cmake_prefix_path.ps1'
[39.276s] INFO:colcon.colcon_core.shell:Creating environment descriptor '/home/ubuntu/Workspaces/install/ros2_pkg/share/ros2_pkg/hook/cmake_prefix_path.dsv'
[39.278s] INFO:colcon.colcon_core.shell:Creating environment hook '/home/ubuntu/Workspaces/install/ros2_pkg/share/ros2_pkg/hook/cmake_prefix_path.sh'
[39.282s] Level 1:colcon.colcon_core.environment:checking '/home/ubuntu/Workspaces/install/ros2_pkg/lib'
[39.282s] Level 1:colcon.colcon_core.shell:create_environment_hook('ros2_pkg', 'ld_library_path_lib')
[39.289s] INFO:colcon.colcon_core.shell:Creating environment hook '/home/ubuntu/Workspaces/install/ros2_pkg/share/ros2_pkg/hook/ld_library_path_lib.ps1'
[39.292s] INFO:colcon.colcon_core.shell:Creating environment descriptor '/home/ubuntu/Workspaces/install/ros2_pkg/share/ros2_pkg/hook/ld_library_path_lib.dsv'
[39.295s] INFO:colcon.colcon_core.shell:Creating environment hook '/home/ubuntu/Workspaces/install/ros2_pkg/share/ros2_pkg/hook/ld_library_path_lib.sh'
[39.297s] Level 1:colcon.colcon_core.environment:checking '/home/ubuntu/Workspaces/install/ros2_pkg/bin'
[39.298s] Level 1:colcon.colcon_core.environment:checking '/home/ubuntu/Workspaces/install/ros2_pkg/lib/pkgconfig/ros2_pkg.pc'
[39.299s] Level 1:colcon.colcon_core.environment:checking '/home/ubuntu/Workspaces/install/ros2_pkg/lib/python3.8/site-packages'
[39.299s] Level 1:colcon.colcon_core.shell:create_environment_hook('ros2_pkg', 'pythonpath')
[39.307s] INFO:colcon.colcon_core.shell:Creating environment hook '/home/ubuntu/Workspaces/install/ros2_pkg/share/ros2_pkg/hook/pythonpath.ps1'
[39.310s] INFO:colcon.colcon_core.shell:Creating environment descriptor '/home/ubuntu/Workspaces/install/ros2_pkg/share/ros2_pkg/hook/pythonpath.dsv'
[39.313s] INFO:colcon.colcon_core.shell:Creating environment hook '/home/ubuntu/Workspaces/install/ros2_pkg/share/ros2_pkg/hook/pythonpath.sh'
[39.317s] Level 1:colcon.colcon_core.environment:checking '/home/ubuntu/Workspaces/install/ros2_pkg/bin'
[39.325s] INFO:colcon.colcon_core.shell:Creating package script '/home/ubuntu/Workspaces/install/ros2_pkg/share/ros2_pkg/package.ps1'
[39.329s] INFO:colcon.colcon_core.shell:Creating package descriptor '/home/ubuntu/Workspaces/install/ros2_pkg/share/ros2_pkg/package.dsv'
[39.334s] INFO:colcon.colcon_core.shell:Creating package script '/home/ubuntu/Workspaces/install/ros2_pkg/share/ros2_pkg/package.sh'
[39.338s] INFO:colcon.colcon_core.shell:Creating package script '/home/ubuntu/Workspaces/install/ros2_pkg/share/ros2_pkg/package.bash'
[39.341s] INFO:colcon.colcon_core.shell:Creating package script '/home/ubuntu/Workspaces/install/ros2_pkg/share/ros2_pkg/package.zsh'
[39.344s] Level 1:colcon.colcon_core.environment:create_file_with_runtime_dependencies(/home/ubuntu/Workspaces/install/ros2_pkg/share/colcon-core/packages/ros2_pkg)
[39.347s] DEBUG:colcon.colcon_parallel_executor.executor.parallel:closing loop
[39.349s] DEBUG:colcon.colcon_parallel_executor.executor.parallel:loop closed
[39.349s] DEBUG:colcon.colcon_parallel_executor.executor.parallel:run_until_complete finished with '0'
[39.350s] DEBUG:colcon.colcon_core.event_reactor:joining thread
[39.390s] INFO:colcon.colcon_core.plugin_system:Skipping extension 'colcon_notification.desktop_notification.notify_send': Could not find 'notify-send'
[39.391s] INFO:colcon.colcon_core.plugin_system:Skipping extension 'colcon_notification.desktop_notification.terminal_notifier': Not used on non-Darwin systems
[39.392s] INFO:colcon.colcon_core.plugin_system:Skipping extension 'colcon_notification.desktop_notification.win32': Not used on non-Windows systems
[39.400s] INFO:colcon.colcon_notification.desktop_notification:Sending desktop notification using 'notify2'
[39.409s] DEBUG:colcon.colcon_notification.desktop_notification.notify2:Failed to initialize notify2: org.freedesktop.DBus.Error.ServiceUnknown: The name org.freedesktop.Notifications was not provided by any .service files
[39.410s] DEBUG:colcon.colcon_core.event_reactor:joined thread
[39.424s] INFO:colcon.colcon_core.shell:Creating prefix script '/home/ubuntu/Workspaces/install/local_setup.ps1'
[39.668s] INFO:colcon.colcon_core.shell:Creating prefix util module '/home/ubuntu/Workspaces/install/_local_setup_util_ps1.py'
[39.673s] INFO:colcon.colcon_core.shell:Creating prefix chain script '/home/ubuntu/Workspaces/install/setup.ps1'
[39.683s] INFO:colcon.colcon_core.shell:Creating prefix script '/home/ubuntu/Workspaces/install/local_setup.sh'
[39.686s] INFO:colcon.colcon_core.shell:Creating prefix util module '/home/ubuntu/Workspaces/install/_local_setup_util_sh.py'
[39.690s] INFO:colcon.colcon_core.shell:Creating prefix chain script '/home/ubuntu/Workspaces/install/setup.sh'
[39.701s] INFO:colcon.colcon_core.shell:Creating prefix script '/home/ubuntu/Workspaces/install/local_setup.bash'
[39.704s] INFO:colcon.colcon_core.shell:Creating prefix chain script '/home/ubuntu/Workspaces/install/setup.bash'
[39.711s] INFO:colcon.colcon_core.shell:Creating prefix script '/home/ubuntu/Workspaces/install/local_setup.zsh'
[39.718s] INFO:colcon.colcon_core.shell:Creating prefix chain script '/home/ubuntu/Workspaces/install/setup.zsh'
