[3.624s] Invoking command in '/home/ubuntu/Workspaces/ros2_ws/src/cv_basics': PYTHONPATH=/home/ubuntu/Workspaces/ros2_ws/build/cv_basics/prefix_override:/home/ubuntu/Workspaces/ros2_ws/install/cv_basics/lib/python3.8/site-packages:${PYTHONPATH} /usr/bin/python3 setup.py egg_info --egg-base ../../build/cv_basics build --build-base /home/ubuntu/Workspaces/ros2_ws/build/cv_basics/build install --record /home/ubuntu/Workspaces/ros2_ws/build/cv_basics/install.log --install-scripts $base/lib/cv_basics --single-version-externally-managed
[4.887s] running egg_info
[4.889s] writing ../../build/cv_basics/cv_basics.egg-info/PKG-INFO
[4.891s] writing dependency_links to ../../build/cv_basics/cv_basics.egg-info/dependency_links.txt
[4.892s] writing entry points to ../../build/cv_basics/cv_basics.egg-info/entry_points.txt
[4.892s] writing requirements to ../../build/cv_basics/cv_basics.egg-info/requires.txt
[4.893s] writing top-level names to ../../build/cv_basics/cv_basics.egg-info/top_level.txt
[5.045s] reading manifest file '../../build/cv_basics/cv_basics.egg-info/SOURCES.txt'
[5.049s] writing manifest file '../../build/cv_basics/cv_basics.egg-info/SOURCES.txt'
[5.050s] running build
[5.050s] running build_py
[5.051s] running install
[5.055s] running install_lib
[5.061s] running install_data
[5.063s] running install_egg_info
[5.070s] removing '/home/ubuntu/Workspaces/ros2_ws/install/cv_basics/lib/python3.8/site-packages/cv_basics-0.0.0-py3.8.egg-info' (and everything under it)
[5.072s] Copying ../../build/cv_basics/cv_basics.egg-info to /home/ubuntu/Workspaces/ros2_ws/install/cv_basics/lib/python3.8/site-packages/cv_basics-0.0.0-py3.8.egg-info
[5.077s] running install_scripts
[5.145s] Installing img_publisher script to /home/ubuntu/Workspaces/ros2_ws/install/cv_basics/lib/cv_basics
[5.146s] Installing img_subscriber script to /home/ubuntu/Workspaces/ros2_ws/install/cv_basics/lib/cv_basics
[5.147s] writing list of installed files to '/home/ubuntu/Workspaces/ros2_ws/build/cv_basics/install.log'
[5.256s] Invoked command in '/home/ubuntu/Workspaces/ros2_ws/src/cv_basics' returned '0': PYTHONPATH=/home/ubuntu/Workspaces/ros2_ws/build/cv_basics/prefix_override:/home/ubuntu/Workspaces/ros2_ws/install/cv_basics/lib/python3.8/site-packages:${PYTHONPATH} /usr/bin/python3 setup.py egg_info --egg-base ../../build/cv_basics build --build-base /home/ubuntu/Workspaces/ros2_ws/build/cv_basics/build install --record /home/ubuntu/Workspaces/ros2_ws/build/cv_basics/install.log --install-scripts $base/lib/cv_basics --single-version-externally-managed
