[0.014s] Invoking command in '/home/hal468a/Workspaces/ros2_ws/build/ros2_pkg': CMAKE_PREFIX_PATH=${CMAKE_PREFIX_PATH}:/home/hal468a/Workspaces/ros2_ws/install/cv_basics:/opt/ros/foxy MY_IP=140.115.54.146 /usr/bin/cmake --build /home/hal468a/Workspaces/ros2_ws/build/ros2_pkg -- -j8 -l8
[0.078s] [  2%] Built target ros2_pkg__cpp
[0.082s] [ 12%] Built target ros2_pkg__rosidl_generator_c
[0.104s] [ 23%] Built target ros2_pkg__rosidl_typesupport_cpp
[0.108s] [ 34%] Built target ros2_pkg__rosidl_typesupport_introspection_c
[0.110s] [ 44%] Built target ros2_pkg__rosidl_typesupport_fastrtps_cpp
[0.110s] [ 55%] Built target ros2_pkg__rosidl_typesupport_introspection_cpp
[0.112s] [ 65%] Built target ros2_pkg__rosidl_typesupport_c
[0.143s] [ 76%] Built target ros2_pkg__rosidl_typesupport_fastrtps_c
[0.163s] [ 76%] Built target ros2_pkg
[0.185s] [ 78%] Built target ros2_pkg__py
[0.218s] [ 87%] Built target ros2_pkg__python
[0.245s] [100%] Built target ros2_pkg__rosidl_typesupport_c__pyext
[0.245s] [100%] Built target ros2_pkg__rosidl_typesupport_fastrtps_c__pyext
[0.245s] [100%] Built target ros2_pkg__rosidl_typesupport_introspection_c__pyext
[0.257s] Invoked command in '/home/hal468a/Workspaces/ros2_ws/build/ros2_pkg' returned '0': CMAKE_PREFIX_PATH=${CMAKE_PREFIX_PATH}:/home/hal468a/Workspaces/ros2_ws/install/cv_basics:/opt/ros/foxy MY_IP=140.115.54.146 /usr/bin/cmake --build /home/hal468a/Workspaces/ros2_ws/build/ros2_pkg -- -j8 -l8
[0.335s] Invoking command in '/home/hal468a/Workspaces/ros2_ws/build/ros2_pkg': CMAKE_PREFIX_PATH=${CMAKE_PREFIX_PATH}:/home/hal468a/Workspaces/ros2_ws/install/cv_basics:/opt/ros/foxy MY_IP=140.115.54.146 /usr/bin/cmake --install /home/hal468a/Workspaces/ros2_ws/build/ros2_pkg
[0.345s] -- Install configuration: ""
[0.345s] -- Up-to-date: /home/hal468a/Workspaces/ros2_ws/install/ros2_pkg/share/ament_index/resource_index/rosidl_interfaces/ros2_pkg
[0.345s] -- Up-to-date: /home/hal468a/Workspaces/ros2_ws/install/ros2_pkg/include/ros2_pkg
[0.345s] -- Up-to-date: /home/hal468a/Workspaces/ros2_ws/install/ros2_pkg/include/ros2_pkg/srv
[0.345s] -- Up-to-date: /home/hal468a/Workspaces/ros2_ws/install/ros2_pkg/include/ros2_pkg/srv/odd_even_check.h
[0.345s] -- Up-to-date: /home/hal468a/Workspaces/ros2_ws/install/ros2_pkg/include/ros2_pkg/srv/detail
[0.345s] -- Up-to-date: /home/hal468a/Workspaces/ros2_ws/install/ros2_pkg/include/ros2_pkg/srv/detail/turn_camera__struct.h
[0.345s] -- Up-to-date: /home/hal468a/Workspaces/ros2_ws/install/ros2_pkg/include/ros2_pkg/srv/detail/odd_even_check__functions.c
[0.345s] -- Up-to-date: /home/hal468a/Workspaces/ros2_ws/install/ros2_pkg/include/ros2_pkg/srv/detail/turn_camera__type_support.h
[0.346s] -- Up-to-date: /home/hal468a/Workspaces/ros2_ws/install/ros2_pkg/include/ros2_pkg/srv/detail/odd_even_check__functions.h
[0.346s] -- Up-to-date: /home/hal468a/Workspaces/ros2_ws/install/ros2_pkg/include/ros2_pkg/srv/detail/odd_even_check__struct.h
[0.346s] -- Up-to-date: /home/hal468a/Workspaces/ros2_ws/install/ros2_pkg/include/ros2_pkg/srv/detail/turn_camera__functions.c
[0.346s] -- Up-to-date: /home/hal468a/Workspaces/ros2_ws/install/ros2_pkg/include/ros2_pkg/srv/detail/odd_even_check__type_support.h
[0.346s] -- Up-to-date: /home/hal468a/Workspaces/ros2_ws/install/ros2_pkg/include/ros2_pkg/srv/detail/turn_camera__functions.h
[0.346s] -- Up-to-date: /home/hal468a/Workspaces/ros2_ws/install/ros2_pkg/include/ros2_pkg/srv/turn_camera.h
[0.346s] -- Up-to-date: /home/hal468a/Workspaces/ros2_ws/install/ros2_pkg/include/ros2_pkg/msg
[0.346s] -- Up-to-date: /home/hal468a/Workspaces/ros2_ws/install/ros2_pkg/include/ros2_pkg/msg/rosidl_generator_c__visibility_control.h
[0.346s] -- Up-to-date: /home/hal468a/Workspaces/ros2_ws/install/ros2_pkg/include/ros2_pkg/action
[0.346s] -- Up-to-date: /home/hal468a/Workspaces/ros2_ws/install/ros2_pkg/include/ros2_pkg/action/navigate.h
[0.346s] -- Up-to-date: /home/hal468a/Workspaces/ros2_ws/install/ros2_pkg/include/ros2_pkg/action/detail
[0.346s] -- Up-to-date: /home/hal468a/Workspaces/ros2_ws/install/ros2_pkg/include/ros2_pkg/action/detail/navigate__functions.c
[0.347s] -- Up-to-date: /home/hal468a/Workspaces/ros2_ws/install/ros2_pkg/include/ros2_pkg/action/detail/navigate__functions.h
[0.347s] -- Up-to-date: /home/hal468a/Workspaces/ros2_ws/install/ros2_pkg/include/ros2_pkg/action/detail/navigate__struct.h
[0.347s] -- Up-to-date: /home/hal468a/Workspaces/ros2_ws/install/ros2_pkg/include/ros2_pkg/action/detail/navigate__type_support.h
[0.347s] -- Up-to-date: /home/hal468a/Workspaces/ros2_ws/install/ros2_pkg/share/ros2_pkg/environment/library_path.sh
[0.347s] -- Up-to-date: /home/hal468a/Workspaces/ros2_ws/install/ros2_pkg/share/ros2_pkg/environment/library_path.dsv
[0.347s] -- Up-to-date: /home/hal468a/Workspaces/ros2_ws/install/ros2_pkg/lib/libros2_pkg__rosidl_generator_c.so
[0.347s] -- Up-to-date: /home/hal468a/Workspaces/ros2_ws/install/ros2_pkg/include/ros2_pkg
[0.347s] -- Up-to-date: /home/hal468a/Workspaces/ros2_ws/install/ros2_pkg/include/ros2_pkg/srv
[0.347s] -- Up-to-date: /home/hal468a/Workspaces/ros2_ws/install/ros2_pkg/include/ros2_pkg/srv/detail
[0.347s] -- Up-to-date: /home/hal468a/Workspaces/ros2_ws/install/ros2_pkg/include/ros2_pkg/srv/detail/turn_camera__rosidl_typesupport_fastrtps_c.h
[0.347s] -- Up-to-date: /home/hal468a/Workspaces/ros2_ws/install/ros2_pkg/include/ros2_pkg/srv/detail/odd_even_check__rosidl_typesupport_fastrtps_c.h
[0.347s] -- Up-to-date: /home/hal468a/Workspaces/ros2_ws/install/ros2_pkg/include/ros2_pkg/msg
[0.348s] -- Up-to-date: /home/hal468a/Workspaces/ros2_ws/install/ros2_pkg/include/ros2_pkg/msg/rosidl_typesupport_fastrtps_c__visibility_control.h
[0.348s] -- Up-to-date: /home/hal468a/Workspaces/ros2_ws/install/ros2_pkg/include/ros2_pkg/action
[0.348s] -- Up-to-date: /home/hal468a/Workspaces/ros2_ws/install/ros2_pkg/include/ros2_pkg/action/detail
[0.348s] -- Up-to-date: /home/hal468a/Workspaces/ros2_ws/install/ros2_pkg/include/ros2_pkg/action/detail/navigate__rosidl_typesupport_fastrtps_c.h
[0.348s] -- Up-to-date: /home/hal468a/Workspaces/ros2_ws/install/ros2_pkg/lib/libros2_pkg__rosidl_typesupport_fastrtps_c.so
[0.348s] -- Up-to-date: /home/hal468a/Workspaces/ros2_ws/install/ros2_pkg/include/ros2_pkg
[0.348s] -- Up-to-date: /home/hal468a/Workspaces/ros2_ws/install/ros2_pkg/include/ros2_pkg/srv
[0.348s] -- Up-to-date: /home/hal468a/Workspaces/ros2_ws/install/ros2_pkg/include/ros2_pkg/srv/detail
[0.348s] -- Up-to-date: /home/hal468a/Workspaces/ros2_ws/install/ros2_pkg/include/ros2_pkg/srv/detail/turn_camera__rosidl_typesupport_fastrtps_cpp.hpp
[0.348s] -- Up-to-date: /home/hal468a/Workspaces/ros2_ws/install/ros2_pkg/include/ros2_pkg/srv/detail/odd_even_check__rosidl_typesupport_fastrtps_cpp.hpp
[0.348s] -- Up-to-date: /home/hal468a/Workspaces/ros2_ws/install/ros2_pkg/include/ros2_pkg/srv/detail/dds_fastrtps
[0.348s] -- Up-to-date: /home/hal468a/Workspaces/ros2_ws/install/ros2_pkg/include/ros2_pkg/msg
[0.348s] -- Up-to-date: /home/hal468a/Workspaces/ros2_ws/install/ros2_pkg/include/ros2_pkg/msg/rosidl_typesupport_fastrtps_cpp__visibility_control.h
[0.348s] -- Up-to-date: /home/hal468a/Workspaces/ros2_ws/install/ros2_pkg/include/ros2_pkg/action
[0.349s] -- Up-to-date: /home/hal468a/Workspaces/ros2_ws/install/ros2_pkg/include/ros2_pkg/action/detail
[0.349s] -- Up-to-date: /home/hal468a/Workspaces/ros2_ws/install/ros2_pkg/include/ros2_pkg/action/detail/dds_fastrtps
[0.349s] -- Up-to-date: /home/hal468a/Workspaces/ros2_ws/install/ros2_pkg/include/ros2_pkg/action/detail/navigate__rosidl_typesupport_fastrtps_cpp.hpp
[0.349s] -- Up-to-date: /home/hal468a/Workspaces/ros2_ws/install/ros2_pkg/lib/libros2_pkg__rosidl_typesupport_fastrtps_cpp.so
[0.349s] -- Up-to-date: /home/hal468a/Workspaces/ros2_ws/install/ros2_pkg/include/ros2_pkg
[0.349s] -- Up-to-date: /home/hal468a/Workspaces/ros2_ws/install/ros2_pkg/include/ros2_pkg/srv
[0.349s] -- Up-to-date: /home/hal468a/Workspaces/ros2_ws/install/ros2_pkg/include/ros2_pkg/srv/detail
[0.349s] -- Up-to-date: /home/hal468a/Workspaces/ros2_ws/install/ros2_pkg/include/ros2_pkg/srv/detail/turn_camera__rosidl_typesupport_introspection_c.h
[0.349s] -- Up-to-date: /home/hal468a/Workspaces/ros2_ws/install/ros2_pkg/include/ros2_pkg/srv/detail/odd_even_check__rosidl_typesupport_introspection_c.h
[0.349s] -- Up-to-date: /home/hal468a/Workspaces/ros2_ws/install/ros2_pkg/include/ros2_pkg/srv/detail/turn_camera__type_support.c
[0.349s] -- Up-to-date: /home/hal468a/Workspaces/ros2_ws/install/ros2_pkg/include/ros2_pkg/srv/detail/odd_even_check__type_support.c
[0.349s] -- Up-to-date: /home/hal468a/Workspaces/ros2_ws/install/ros2_pkg/include/ros2_pkg/msg
[0.349s] -- Up-to-date: /home/hal468a/Workspaces/ros2_ws/install/ros2_pkg/include/ros2_pkg/msg/rosidl_typesupport_introspection_c__visibility_control.h
[0.349s] -- Up-to-date: /home/hal468a/Workspaces/ros2_ws/install/ros2_pkg/include/ros2_pkg/action
[0.350s] -- Up-to-date: /home/hal468a/Workspaces/ros2_ws/install/ros2_pkg/include/ros2_pkg/action/detail
[0.350s] -- Up-to-date: /home/hal468a/Workspaces/ros2_ws/install/ros2_pkg/include/ros2_pkg/action/detail/navigate__type_support.c
[0.350s] -- Up-to-date: /home/hal468a/Workspaces/ros2_ws/install/ros2_pkg/include/ros2_pkg/action/detail/navigate__rosidl_typesupport_introspection_c.h
[0.350s] -- Up-to-date: /home/hal468a/Workspaces/ros2_ws/install/ros2_pkg/lib/libros2_pkg__rosidl_typesupport_introspection_c.so
[0.350s] -- Up-to-date: /home/hal468a/Workspaces/ros2_ws/install/ros2_pkg/lib/libros2_pkg__rosidl_typesupport_c.so
[0.350s] -- Up-to-date: /home/hal468a/Workspaces/ros2_ws/install/ros2_pkg/include/ros2_pkg
[0.350s] -- Up-to-date: /home/hal468a/Workspaces/ros2_ws/install/ros2_pkg/include/ros2_pkg/srv
[0.351s] -- Up-to-date: /home/hal468a/Workspaces/ros2_ws/install/ros2_pkg/include/ros2_pkg/srv/odd_even_check.hpp
[0.351s] -- Up-to-date: /home/hal468a/Workspaces/ros2_ws/install/ros2_pkg/include/ros2_pkg/srv/turn_camera.hpp
[0.351s] -- Up-to-date: /home/hal468a/Workspaces/ros2_ws/install/ros2_pkg/include/ros2_pkg/srv/detail
[0.351s] -- Up-to-date: /home/hal468a/Workspaces/ros2_ws/install/ros2_pkg/include/ros2_pkg/srv/detail/odd_even_check__struct.hpp
[0.351s] -- Up-to-date: /home/hal468a/Workspaces/ros2_ws/install/ros2_pkg/include/ros2_pkg/srv/detail/turn_camera__struct.hpp
[0.351s] -- Up-to-date: /home/hal468a/Workspaces/ros2_ws/install/ros2_pkg/include/ros2_pkg/srv/detail/turn_camera__builder.hpp
[0.351s] -- Up-to-date: /home/hal468a/Workspaces/ros2_ws/install/ros2_pkg/include/ros2_pkg/srv/detail/odd_even_check__builder.hpp
[0.351s] -- Up-to-date: /home/hal468a/Workspaces/ros2_ws/install/ros2_pkg/include/ros2_pkg/srv/detail/odd_even_check__traits.hpp
[0.351s] -- Up-to-date: /home/hal468a/Workspaces/ros2_ws/install/ros2_pkg/include/ros2_pkg/srv/detail/turn_camera__traits.hpp
[0.351s] -- Up-to-date: /home/hal468a/Workspaces/ros2_ws/install/ros2_pkg/include/ros2_pkg/action
[0.351s] -- Up-to-date: /home/hal468a/Workspaces/ros2_ws/install/ros2_pkg/include/ros2_pkg/action/navigate.hpp
[0.351s] -- Up-to-date: /home/hal468a/Workspaces/ros2_ws/install/ros2_pkg/include/ros2_pkg/action/detail
[0.351s] -- Up-to-date: /home/hal468a/Workspaces/ros2_ws/install/ros2_pkg/include/ros2_pkg/action/detail/navigate__traits.hpp
[0.352s] -- Up-to-date: /home/hal468a/Workspaces/ros2_ws/install/ros2_pkg/include/ros2_pkg/action/detail/navigate__struct.hpp
[0.352s] -- Up-to-date: /home/hal468a/Workspaces/ros2_ws/install/ros2_pkg/include/ros2_pkg/action/detail/navigate__builder.hpp
[0.352s] -- Up-to-date: /home/hal468a/Workspaces/ros2_ws/install/ros2_pkg/include/ros2_pkg
[0.352s] -- Up-to-date: /home/hal468a/Workspaces/ros2_ws/install/ros2_pkg/include/ros2_pkg/srv
[0.352s] -- Up-to-date: /home/hal468a/Workspaces/ros2_ws/install/ros2_pkg/include/ros2_pkg/srv/detail
[0.352s] -- Up-to-date: /home/hal468a/Workspaces/ros2_ws/install/ros2_pkg/include/ros2_pkg/srv/detail/turn_camera__type_support.cpp
[0.352s] -- Up-to-date: /home/hal468a/Workspaces/ros2_ws/install/ros2_pkg/include/ros2_pkg/srv/detail/odd_even_check__rosidl_typesupport_introspection_cpp.hpp
[0.352s] -- Up-to-date: /home/hal468a/Workspaces/ros2_ws/install/ros2_pkg/include/ros2_pkg/srv/detail/turn_camera__rosidl_typesupport_introspection_cpp.hpp
[0.352s] -- Up-to-date: /home/hal468a/Workspaces/ros2_ws/install/ros2_pkg/include/ros2_pkg/srv/detail/odd_even_check__type_support.cpp
[0.352s] -- Up-to-date: /home/hal468a/Workspaces/ros2_ws/install/ros2_pkg/include/ros2_pkg/action
[0.352s] -- Up-to-date: /home/hal468a/Workspaces/ros2_ws/install/ros2_pkg/include/ros2_pkg/action/detail
[0.352s] -- Up-to-date: /home/hal468a/Workspaces/ros2_ws/install/ros2_pkg/include/ros2_pkg/action/detail/navigate__type_support.cpp
[0.353s] -- Up-to-date: /home/hal468a/Workspaces/ros2_ws/install/ros2_pkg/include/ros2_pkg/action/detail/navigate__rosidl_typesupport_introspection_cpp.hpp
[0.353s] -- Up-to-date: /home/hal468a/Workspaces/ros2_ws/install/ros2_pkg/lib/libros2_pkg__rosidl_typesupport_introspection_cpp.so
[0.353s] -- Up-to-date: /home/hal468a/Workspaces/ros2_ws/install/ros2_pkg/lib/libros2_pkg__rosidl_typesupport_cpp.so
[0.353s] -- Up-to-date: /home/hal468a/Workspaces/ros2_ws/install/ros2_pkg/share/ros2_pkg/environment/pythonpath.sh
[0.353s] -- Up-to-date: /home/hal468a/Workspaces/ros2_ws/install/ros2_pkg/share/ros2_pkg/environment/pythonpath.dsv
[0.353s] -- Up-to-date: /home/hal468a/Workspaces/ros2_ws/install/ros2_pkg/lib/python3.8/site-packages/ros2_pkg/__init__.py
[0.380s] -- Up-to-date: /home/hal468a/Workspaces/ros2_ws/install/ros2_pkg/lib/python3.8/site-packages/ros2_pkg/srv
[0.380s] -- Up-to-date: /home/hal468a/Workspaces/ros2_ws/install/ros2_pkg/lib/python3.8/site-packages/ros2_pkg/srv/_turn_camera.py
[0.381s] -- Up-to-date: /home/hal468a/Workspaces/ros2_ws/install/ros2_pkg/lib/python3.8/site-packages/ros2_pkg/srv/_odd_even_check.py
[0.381s] -- Up-to-date: /home/hal468a/Workspaces/ros2_ws/install/ros2_pkg/lib/python3.8/site-packages/ros2_pkg/srv/_odd_even_check_s.c
[0.381s] -- Up-to-date: /home/hal468a/Workspaces/ros2_ws/install/ros2_pkg/lib/python3.8/site-packages/ros2_pkg/srv/_turn_camera_s.c
[0.381s] -- Up-to-date: /home/hal468a/Workspaces/ros2_ws/install/ros2_pkg/lib/python3.8/site-packages/ros2_pkg/srv/__init__.py
[0.381s] -- Up-to-date: /home/hal468a/Workspaces/ros2_ws/install/ros2_pkg/lib/python3.8/site-packages/ros2_pkg/action
[0.381s] -- Up-to-date: /home/hal468a/Workspaces/ros2_ws/install/ros2_pkg/lib/python3.8/site-packages/ros2_pkg/action/_navigate_s.c
[0.381s] -- Up-to-date: /home/hal468a/Workspaces/ros2_ws/install/ros2_pkg/lib/python3.8/site-packages/ros2_pkg/action/_navigate.py
[0.381s] -- Up-to-date: /home/hal468a/Workspaces/ros2_ws/install/ros2_pkg/lib/python3.8/site-packages/ros2_pkg/action/__init__.py
[0.381s] -- Up-to-date: /home/hal468a/Workspaces/ros2_ws/install/ros2_pkg/lib/python3.8/site-packages/ros2_pkg/ros2_pkg_s__rosidl_typesupport_fastrtps_c.cpython-38-x86_64-linux-gnu.so
[0.381s] -- Up-to-date: /home/hal468a/Workspaces/ros2_ws/install/ros2_pkg/lib/python3.8/site-packages/ros2_pkg/ros2_pkg_s__rosidl_typesupport_introspection_c.cpython-38-x86_64-linux-gnu.so
[0.382s] -- Up-to-date: /home/hal468a/Workspaces/ros2_ws/install/ros2_pkg/lib/python3.8/site-packages/ros2_pkg/ros2_pkg_s__rosidl_typesupport_c.cpython-38-x86_64-linux-gnu.so
[0.382s] -- Up-to-date: /home/hal468a/Workspaces/ros2_ws/install/ros2_pkg/lib/libros2_pkg__python.so
[0.383s] -- Up-to-date: /home/hal468a/Workspaces/ros2_ws/install/ros2_pkg/share/ros2_pkg/srv/OddEvenCheck.idl
[0.383s] -- Up-to-date: /home/hal468a/Workspaces/ros2_ws/install/ros2_pkg/share/ros2_pkg/srv/TurnCamera.idl
[0.383s] -- Up-to-date: /home/hal468a/Workspaces/ros2_ws/install/ros2_pkg/share/ros2_pkg/action/Navigate.idl
[0.383s] -- Up-to-date: /home/hal468a/Workspaces/ros2_ws/install/ros2_pkg/share/ros2_pkg/srv/OddEvenCheck.srv
[0.383s] -- Up-to-date: /home/hal468a/Workspaces/ros2_ws/install/ros2_pkg/share/ros2_pkg/srv/OddEvenCheck_Request.msg
[0.383s] -- Up-to-date: /home/hal468a/Workspaces/ros2_ws/install/ros2_pkg/share/ros2_pkg/srv/OddEvenCheck_Response.msg
[0.383s] -- Up-to-date: /home/hal468a/Workspaces/ros2_ws/install/ros2_pkg/share/ros2_pkg/srv/TurnCamera.srv
[0.383s] -- Up-to-date: /home/hal468a/Workspaces/ros2_ws/install/ros2_pkg/share/ros2_pkg/srv/TurnCamera_Request.msg
[0.383s] -- Up-to-date: /home/hal468a/Workspaces/ros2_ws/install/ros2_pkg/share/ros2_pkg/srv/TurnCamera_Response.msg
[0.383s] -- Up-to-date: /home/hal468a/Workspaces/ros2_ws/install/ros2_pkg/share/ros2_pkg/action/Navigate.action
[0.383s] -- Up-to-date: /home/hal468a/Workspaces/ros2_ws/install/ros2_pkg/lib/python3.8/site-packages/scripts
[0.384s] -- Up-to-date: /home/hal468a/Workspaces/ros2_ws/install/ros2_pkg/lib/python3.8/site-packages/scripts/action_server.py
[0.384s] -- Up-to-date: /home/hal468a/Workspaces/ros2_ws/install/ros2_pkg/lib/python3.8/site-packages/scripts/service_server.py
[0.384s] -- Up-to-date: /home/hal468a/Workspaces/ros2_ws/install/ros2_pkg/lib/python3.8/site-packages/scripts/turn_camera_server.py
[0.384s] -- Up-to-date: /home/hal468a/Workspaces/ros2_ws/install/ros2_pkg/lib/python3.8/site-packages/scripts/speed_calc.py
[0.384s] -- Installing: /home/hal468a/Workspaces/ros2_ws/install/ros2_pkg/lib/python3.8/site-packages/scripts/rpm_pub.py
[0.384s] -- Up-to-date: /home/hal468a/Workspaces/ros2_ws/install/ros2_pkg/lib/python3.8/site-packages/scripts/service_client.py
[0.384s] -- Up-to-date: /home/hal468a/Workspaces/ros2_ws/install/ros2_pkg/lib/python3.8/site-packages/scripts/action_client.py
[0.384s] -- Up-to-date: /home/hal468a/Workspaces/ros2_ws/install/ros2_pkg/lib/python3.8/site-packages/scripts/__init__.py
[0.384s] -- Up-to-date: /home/hal468a/Workspaces/ros2_ws/install/ros2_pkg/lib/python3.8/site-packages/scripts/turn_camera_client.py
[0.384s] -- Up-to-date: /home/hal468a/Workspaces/ros2_ws/install/ros2_pkg/lib/python3.8/site-packages/scripts/subscriber.py
[0.384s] -- Up-to-date: /home/hal468a/Workspaces/ros2_ws/install/ros2_pkg/lib/python3.8/site-packages/scripts/publisher.py
[0.412s] Listing '/home/hal468a/Workspaces/ros2_ws/install/ros2_pkg/lib/python3.8/site-packages/scripts'...
[0.412s] Compiling '/home/hal468a/Workspaces/ros2_ws/install/ros2_pkg/lib/python3.8/site-packages/scripts/rpm_pub.py'...
[0.416s] -- Up-to-date: /home/hal468a/Workspaces/ros2_ws/install/ros2_pkg/lib/ros2_pkg/publisher.py
[0.416s] -- Up-to-date: /home/hal468a/Workspaces/ros2_ws/install/ros2_pkg/lib/ros2_pkg/subscriber.py
[0.416s] -- Installing: /home/hal468a/Workspaces/ros2_ws/install/ros2_pkg/lib/ros2_pkg/rpm_pub.py
[0.416s] -- Up-to-date: /home/hal468a/Workspaces/ros2_ws/install/ros2_pkg/lib/ros2_pkg/speed_calc.py
[0.416s] -- Up-to-date: /home/hal468a/Workspaces/ros2_ws/install/ros2_pkg/lib/ros2_pkg/service_server.py
[0.416s] -- Up-to-date: /home/hal468a/Workspaces/ros2_ws/install/ros2_pkg/lib/ros2_pkg/service_client.py
[0.416s] -- Up-to-date: /home/hal468a/Workspaces/ros2_ws/install/ros2_pkg/lib/ros2_pkg/turn_camera_server.py
[0.417s] -- Up-to-date: /home/hal468a/Workspaces/ros2_ws/install/ros2_pkg/lib/ros2_pkg/turn_camera_client.py
[0.417s] -- Up-to-date: /home/hal468a/Workspaces/ros2_ws/install/ros2_pkg/lib/ros2_pkg/action_server.py
[0.417s] -- Up-to-date: /home/hal468a/Workspaces/ros2_ws/install/ros2_pkg/lib/ros2_pkg/action_client.py
[0.417s] -- Up-to-date: /home/hal468a/Workspaces/ros2_ws/install/ros2_pkg/share/ros2_pkg//launch
[0.417s] -- Up-to-date: /home/hal468a/Workspaces/ros2_ws/install/ros2_pkg/share/ros2_pkg//launch/my_action.launch.py
[0.417s] -- Up-to-date: /home/hal468a/Workspaces/ros2_ws/install/ros2_pkg/share/ros2_pkg//launch/node.launch.py
[0.417s] -- Up-to-date: /home/hal468a/Workspaces/ros2_ws/install/ros2_pkg/share/ament_index/resource_index/package_run_dependencies/ros2_pkg
[0.417s] -- Up-to-date: /home/hal468a/Workspaces/ros2_ws/install/ros2_pkg/share/ament_index/resource_index/parent_prefix_path/ros2_pkg
[0.417s] -- Up-to-date: /home/hal468a/Workspaces/ros2_ws/install/ros2_pkg/share/ros2_pkg/environment/ament_prefix_path.sh
[0.417s] -- Up-to-date: /home/hal468a/Workspaces/ros2_ws/install/ros2_pkg/share/ros2_pkg/environment/ament_prefix_path.dsv
[0.417s] -- Up-to-date: /home/hal468a/Workspaces/ros2_ws/install/ros2_pkg/share/ros2_pkg/environment/path.sh
[0.417s] -- Up-to-date: /home/hal468a/Workspaces/ros2_ws/install/ros2_pkg/share/ros2_pkg/environment/path.dsv
[0.417s] -- Up-to-date: /home/hal468a/Workspaces/ros2_ws/install/ros2_pkg/share/ros2_pkg/local_setup.bash
[0.418s] -- Up-to-date: /home/hal468a/Workspaces/ros2_ws/install/ros2_pkg/share/ros2_pkg/local_setup.sh
[0.418s] -- Up-to-date: /home/hal468a/Workspaces/ros2_ws/install/ros2_pkg/share/ros2_pkg/local_setup.zsh
[0.418s] -- Up-to-date: /home/hal468a/Workspaces/ros2_ws/install/ros2_pkg/share/ros2_pkg/local_setup.dsv
[0.418s] -- Installing: /home/hal468a/Workspaces/ros2_ws/install/ros2_pkg/share/ros2_pkg/package.dsv
[0.418s] -- Up-to-date: /home/hal468a/Workspaces/ros2_ws/install/ros2_pkg/share/ament_index/resource_index/packages/ros2_pkg
[0.418s] -- Up-to-date: /home/hal468a/Workspaces/ros2_ws/install/ros2_pkg/share/ros2_pkg/cmake/ros2_pkg__rosidl_generator_cExport.cmake
[0.418s] -- Up-to-date: /home/hal468a/Workspaces/ros2_ws/install/ros2_pkg/share/ros2_pkg/cmake/ros2_pkg__rosidl_generator_cExport-noconfig.cmake
[0.418s] -- Up-to-date: /home/hal468a/Workspaces/ros2_ws/install/ros2_pkg/share/ros2_pkg/cmake/ros2_pkg__rosidl_typesupport_introspection_cExport.cmake
[0.418s] -- Up-to-date: /home/hal468a/Workspaces/ros2_ws/install/ros2_pkg/share/ros2_pkg/cmake/ros2_pkg__rosidl_typesupport_introspection_cExport-noconfig.cmake
[0.418s] -- Up-to-date: /home/hal468a/Workspaces/ros2_ws/install/ros2_pkg/share/ros2_pkg/cmake/ros2_pkg__rosidl_typesupport_cExport.cmake
[0.418s] -- Up-to-date: /home/hal468a/Workspaces/ros2_ws/install/ros2_pkg/share/ros2_pkg/cmake/ros2_pkg__rosidl_typesupport_cExport-noconfig.cmake
[0.419s] -- Up-to-date: /home/hal468a/Workspaces/ros2_ws/install/ros2_pkg/share/ros2_pkg/cmake/ros2_pkg__rosidl_generator_cppExport.cmake
[0.419s] -- Up-to-date: /home/hal468a/Workspaces/ros2_ws/install/ros2_pkg/share/ros2_pkg/cmake/ros2_pkg__rosidl_typesupport_introspection_cppExport.cmake
[0.419s] -- Up-to-date: /home/hal468a/Workspaces/ros2_ws/install/ros2_pkg/share/ros2_pkg/cmake/ros2_pkg__rosidl_typesupport_introspection_cppExport-noconfig.cmake
[0.419s] -- Up-to-date: /home/hal468a/Workspaces/ros2_ws/install/ros2_pkg/share/ros2_pkg/cmake/ros2_pkg__rosidl_typesupport_cppExport.cmake
[0.419s] -- Up-to-date: /home/hal468a/Workspaces/ros2_ws/install/ros2_pkg/share/ros2_pkg/cmake/ros2_pkg__rosidl_typesupport_cppExport-noconfig.cmake
[0.419s] -- Up-to-date: /home/hal468a/Workspaces/ros2_ws/install/ros2_pkg/share/ros2_pkg/cmake/rosidl_cmake-extras.cmake
[0.419s] -- Up-to-date: /home/hal468a/Workspaces/ros2_ws/install/ros2_pkg/share/ros2_pkg/cmake/ament_cmake_export_dependencies-extras.cmake
[0.419s] -- Up-to-date: /home/hal468a/Workspaces/ros2_ws/install/ros2_pkg/share/ros2_pkg/cmake/ament_cmake_export_libraries-extras.cmake
[0.419s] -- Up-to-date: /home/hal468a/Workspaces/ros2_ws/install/ros2_pkg/share/ros2_pkg/cmake/ament_cmake_export_targets-extras.cmake
[0.419s] -- Up-to-date: /home/hal468a/Workspaces/ros2_ws/install/ros2_pkg/share/ros2_pkg/cmake/ament_cmake_export_include_directories-extras.cmake
[0.419s] -- Up-to-date: /home/hal468a/Workspaces/ros2_ws/install/ros2_pkg/share/ros2_pkg/cmake/rosidl_cmake_export_typesupport_libraries-extras.cmake
[0.419s] -- Up-to-date: /home/hal468a/Workspaces/ros2_ws/install/ros2_pkg/share/ros2_pkg/cmake/rosidl_cmake_export_typesupport_targets-extras.cmake
[0.419s] -- Up-to-date: /home/hal468a/Workspaces/ros2_ws/install/ros2_pkg/share/ros2_pkg/cmake/ros2_pkgConfig.cmake
[0.420s] -- Up-to-date: /home/hal468a/Workspaces/ros2_ws/install/ros2_pkg/share/ros2_pkg/cmake/ros2_pkgConfig-version.cmake
[0.420s] -- Up-to-date: /home/hal468a/Workspaces/ros2_ws/install/ros2_pkg/share/ros2_pkg/package.xml
[0.422s] Invoked command in '/home/hal468a/Workspaces/ros2_ws/build/ros2_pkg' returned '0': CMAKE_PREFIX_PATH=${CMAKE_PREFIX_PATH}:/home/hal468a/Workspaces/ros2_ws/install/cv_basics:/opt/ros/foxy MY_IP=140.115.54.146 /usr/bin/cmake --install /home/hal468a/Workspaces/ros2_ws/build/ros2_pkg
