[0.087s] Invoking command in '/home/ubuntu/Workspaces/ros2_ws/build/ros2_pkg': CMAKE_PREFIX_PATH=${CMAKE_PREFIX_PATH}:/home/ubuntu/turtlebot3_ws/install/turtlebot3_teleop:/home/ubuntu/turtlebot3_ws/install/turtlebot3_example:/opt/ros/foxy /usr/bin/cmake --build /home/ubuntu/Workspaces/ros2_ws/build/ros2_pkg -- -j4 -l4
[0.343s] [  2%] Built target ros2_pkg__cpp
[0.374s] [ 12%] Built target ros2_pkg__rosidl_generator_c
[0.492s] [ 23%] Built target ros2_pkg__rosidl_typesupport_cpp
[0.499s] [ 34%] Built target ros2_pkg__rosidl_typesupport_introspection_cpp
[0.544s] [ 44%] Built target ros2_pkg__rosidl_typesupport_fastrtps_cpp
[0.548s] [ 55%] Built target ros2_pkg__rosidl_typesupport_introspection_c
[0.636s] [ 65%] Built target ros2_pkg__rosidl_typesupport_c
[0.728s] [ 76%] Built target ros2_pkg__rosidl_typesupport_fastrtps_c
[0.826s] [ 76%] Built target ros2_pkg
[0.926s] [ 78%] Built target ros2_pkg__py
[1.084s] [ 87%] Built target ros2_pkg__python
[1.253s] [ 95%] Built target ros2_pkg__rosidl_typesupport_introspection_c__pyext
[1.255s] [ 95%] Built target ros2_pkg__rosidl_typesupport_c__pyext
[1.257s] [100%] Built target ros2_pkg__rosidl_typesupport_fastrtps_c__pyext
[1.306s] Invoked command in '/home/ubuntu/Workspaces/ros2_ws/build/ros2_pkg' returned '0': CMAKE_PREFIX_PATH=${CMAKE_PREFIX_PATH}:/home/ubuntu/turtlebot3_ws/install/turtlebot3_teleop:/home/ubuntu/turtlebot3_ws/install/turtlebot3_example:/opt/ros/foxy /usr/bin/cmake --build /home/ubuntu/Workspaces/ros2_ws/build/ros2_pkg -- -j4 -l4
[1.835s] Invoking command in '/home/ubuntu/Workspaces/ros2_ws/build/ros2_pkg': CMAKE_PREFIX_PATH=${CMAKE_PREFIX_PATH}:/home/ubuntu/turtlebot3_ws/install/turtlebot3_teleop:/home/ubuntu/turtlebot3_ws/install/turtlebot3_example:/opt/ros/foxy /usr/bin/cmake --install /home/ubuntu/Workspaces/ros2_ws/build/ros2_pkg
[1.871s] -- Install configuration: ""
[1.871s] -- Up-to-date: /home/ubuntu/Workspaces/ros2_ws/install/ros2_pkg/share/ament_index/resource_index/rosidl_interfaces/ros2_pkg
[1.872s] -- Up-to-date: /home/ubuntu/Workspaces/ros2_ws/install/ros2_pkg/include/ros2_pkg
[1.873s] -- Up-to-date: /home/ubuntu/Workspaces/ros2_ws/install/ros2_pkg/include/ros2_pkg/msg
[1.873s] -- Up-to-date: /home/ubuntu/Workspaces/ros2_ws/install/ros2_pkg/include/ros2_pkg/msg/rosidl_generator_c__visibility_control.h
[1.874s] -- Up-to-date: /home/ubuntu/Workspaces/ros2_ws/install/ros2_pkg/include/ros2_pkg/srv
[1.874s] -- Up-to-date: /home/ubuntu/Workspaces/ros2_ws/install/ros2_pkg/include/ros2_pkg/srv/turn_camera.h
[1.875s] -- Up-to-date: /home/ubuntu/Workspaces/ros2_ws/install/ros2_pkg/include/ros2_pkg/srv/detail
[1.875s] -- Up-to-date: /home/ubuntu/Workspaces/ros2_ws/install/ros2_pkg/include/ros2_pkg/srv/detail/turn_camera__struct.h
[1.876s] -- Up-to-date: /home/ubuntu/Workspaces/ros2_ws/install/ros2_pkg/include/ros2_pkg/srv/detail/odd_even_check__struct.h
[1.876s] -- Up-to-date: /home/ubuntu/Workspaces/ros2_ws/install/ros2_pkg/include/ros2_pkg/srv/detail/odd_even_check__functions.c
[1.877s] -- Up-to-date: /home/ubuntu/Workspaces/ros2_ws/install/ros2_pkg/include/ros2_pkg/srv/detail/turn_camera__functions.h
[1.877s] -- Up-to-date: /home/ubuntu/Workspaces/ros2_ws/install/ros2_pkg/include/ros2_pkg/srv/detail/odd_even_check__type_support.h
[1.878s] -- Up-to-date: /home/ubuntu/Workspaces/ros2_ws/install/ros2_pkg/include/ros2_pkg/srv/detail/turn_camera__type_support.h
[1.878s] -- Up-to-date: /home/ubuntu/Workspaces/ros2_ws/install/ros2_pkg/include/ros2_pkg/srv/detail/odd_even_check__functions.h
[1.879s] -- Up-to-date: /home/ubuntu/Workspaces/ros2_ws/install/ros2_pkg/include/ros2_pkg/srv/detail/turn_camera__functions.c
[1.879s] -- Up-to-date: /home/ubuntu/Workspaces/ros2_ws/install/ros2_pkg/include/ros2_pkg/srv/odd_even_check.h
[1.879s] -- Up-to-date: /home/ubuntu/Workspaces/ros2_ws/install/ros2_pkg/include/ros2_pkg/action
[1.880s] -- Up-to-date: /home/ubuntu/Workspaces/ros2_ws/install/ros2_pkg/include/ros2_pkg/action/detail
[1.880s] -- Up-to-date: /home/ubuntu/Workspaces/ros2_ws/install/ros2_pkg/include/ros2_pkg/action/detail/navigate__functions.h
[1.881s] -- Up-to-date: /home/ubuntu/Workspaces/ros2_ws/install/ros2_pkg/include/ros2_pkg/action/detail/navigate__functions.c
[1.881s] -- Up-to-date: /home/ubuntu/Workspaces/ros2_ws/install/ros2_pkg/include/ros2_pkg/action/detail/navigate__struct.h
[1.882s] -- Up-to-date: /home/ubuntu/Workspaces/ros2_ws/install/ros2_pkg/include/ros2_pkg/action/detail/navigate__type_support.h
[1.882s] -- Up-to-date: /home/ubuntu/Workspaces/ros2_ws/install/ros2_pkg/include/ros2_pkg/action/navigate.h
[1.883s] -- Up-to-date: /home/ubuntu/Workspaces/ros2_ws/install/ros2_pkg/share/ros2_pkg/environment/library_path.sh
[1.883s] -- Up-to-date: /home/ubuntu/Workspaces/ros2_ws/install/ros2_pkg/share/ros2_pkg/environment/library_path.dsv
[1.884s] -- Up-to-date: /home/ubuntu/Workspaces/ros2_ws/install/ros2_pkg/lib/libros2_pkg__rosidl_generator_c.so
[1.884s] -- Up-to-date: /home/ubuntu/Workspaces/ros2_ws/install/ros2_pkg/include/ros2_pkg
[1.885s] -- Up-to-date: /home/ubuntu/Workspaces/ros2_ws/install/ros2_pkg/include/ros2_pkg/msg
[1.885s] -- Up-to-date: /home/ubuntu/Workspaces/ros2_ws/install/ros2_pkg/include/ros2_pkg/msg/rosidl_typesupport_fastrtps_c__visibility_control.h
[1.885s] -- Up-to-date: /home/ubuntu/Workspaces/ros2_ws/install/ros2_pkg/include/ros2_pkg/srv
[1.886s] -- Up-to-date: /home/ubuntu/Workspaces/ros2_ws/install/ros2_pkg/include/ros2_pkg/srv/detail
[1.886s] -- Up-to-date: /home/ubuntu/Workspaces/ros2_ws/install/ros2_pkg/include/ros2_pkg/srv/detail/odd_even_check__rosidl_typesupport_fastrtps_c.h
[1.887s] -- Up-to-date: /home/ubuntu/Workspaces/ros2_ws/install/ros2_pkg/include/ros2_pkg/srv/detail/turn_camera__rosidl_typesupport_fastrtps_c.h
[1.887s] -- Up-to-date: /home/ubuntu/Workspaces/ros2_ws/install/ros2_pkg/include/ros2_pkg/action
[1.888s] -- Up-to-date: /home/ubuntu/Workspaces/ros2_ws/install/ros2_pkg/include/ros2_pkg/action/detail
[1.888s] -- Up-to-date: /home/ubuntu/Workspaces/ros2_ws/install/ros2_pkg/include/ros2_pkg/action/detail/navigate__rosidl_typesupport_fastrtps_c.h
[1.889s] -- Up-to-date: /home/ubuntu/Workspaces/ros2_ws/install/ros2_pkg/lib/libros2_pkg__rosidl_typesupport_fastrtps_c.so
[1.890s] -- Up-to-date: /home/ubuntu/Workspaces/ros2_ws/install/ros2_pkg/include/ros2_pkg
[1.891s] -- Up-to-date: /home/ubuntu/Workspaces/ros2_ws/install/ros2_pkg/include/ros2_pkg/msg
[1.892s] -- Up-to-date: /home/ubuntu/Workspaces/ros2_ws/install/ros2_pkg/include/ros2_pkg/msg/rosidl_typesupport_fastrtps_cpp__visibility_control.h
[1.892s] -- Up-to-date: /home/ubuntu/Workspaces/ros2_ws/install/ros2_pkg/include/ros2_pkg/srv
[1.893s] -- Up-to-date: /home/ubuntu/Workspaces/ros2_ws/install/ros2_pkg/include/ros2_pkg/srv/detail
[1.894s] -- Up-to-date: /home/ubuntu/Workspaces/ros2_ws/install/ros2_pkg/include/ros2_pkg/srv/detail/odd_even_check__rosidl_typesupport_fastrtps_cpp.hpp
[1.894s] -- Up-to-date: /home/ubuntu/Workspaces/ros2_ws/install/ros2_pkg/include/ros2_pkg/srv/detail/dds_fastrtps
[1.894s] -- Up-to-date: /home/ubuntu/Workspaces/ros2_ws/install/ros2_pkg/include/ros2_pkg/srv/detail/turn_camera__rosidl_typesupport_fastrtps_cpp.hpp
[1.895s] -- Up-to-date: /home/ubuntu/Workspaces/ros2_ws/install/ros2_pkg/include/ros2_pkg/action
[1.896s] -- Up-to-date: /home/ubuntu/Workspaces/ros2_ws/install/ros2_pkg/include/ros2_pkg/action/detail
[1.897s] -- Up-to-date: /home/ubuntu/Workspaces/ros2_ws/install/ros2_pkg/include/ros2_pkg/action/detail/dds_fastrtps
[1.897s] -- Up-to-date: /home/ubuntu/Workspaces/ros2_ws/install/ros2_pkg/include/ros2_pkg/action/detail/navigate__rosidl_typesupport_fastrtps_cpp.hpp
[1.898s] -- Up-to-date: /home/ubuntu/Workspaces/ros2_ws/install/ros2_pkg/lib/libros2_pkg__rosidl_typesupport_fastrtps_cpp.so
[1.898s] -- Up-to-date: /home/ubuntu/Workspaces/ros2_ws/install/ros2_pkg/include/ros2_pkg
[1.899s] -- Up-to-date: /home/ubuntu/Workspaces/ros2_ws/install/ros2_pkg/include/ros2_pkg/msg
[1.899s] -- Up-to-date: /home/ubuntu/Workspaces/ros2_ws/install/ros2_pkg/include/ros2_pkg/msg/rosidl_typesupport_introspection_c__visibility_control.h
[1.900s] -- Up-to-date: /home/ubuntu/Workspaces/ros2_ws/install/ros2_pkg/include/ros2_pkg/srv
[1.900s] -- Up-to-date: /home/ubuntu/Workspaces/ros2_ws/install/ros2_pkg/include/ros2_pkg/srv/detail
[1.901s] -- Up-to-date: /home/ubuntu/Workspaces/ros2_ws/install/ros2_pkg/include/ros2_pkg/srv/detail/turn_camera__type_support.c
[1.901s] -- Up-to-date: /home/ubuntu/Workspaces/ros2_ws/install/ros2_pkg/include/ros2_pkg/srv/detail/odd_even_check__type_support.c
[1.901s] -- Up-to-date: /home/ubuntu/Workspaces/ros2_ws/install/ros2_pkg/include/ros2_pkg/srv/detail/odd_even_check__rosidl_typesupport_introspection_c.h
[1.902s] -- Up-to-date: /home/ubuntu/Workspaces/ros2_ws/install/ros2_pkg/include/ros2_pkg/srv/detail/turn_camera__rosidl_typesupport_introspection_c.h
[1.902s] -- Up-to-date: /home/ubuntu/Workspaces/ros2_ws/install/ros2_pkg/include/ros2_pkg/action
[1.903s] -- Up-to-date: /home/ubuntu/Workspaces/ros2_ws/install/ros2_pkg/include/ros2_pkg/action/detail
[1.903s] -- Up-to-date: /home/ubuntu/Workspaces/ros2_ws/install/ros2_pkg/include/ros2_pkg/action/detail/navigate__type_support.c
[1.904s] -- Up-to-date: /home/ubuntu/Workspaces/ros2_ws/install/ros2_pkg/include/ros2_pkg/action/detail/navigate__rosidl_typesupport_introspection_c.h
[1.905s] -- Up-to-date: /home/ubuntu/Workspaces/ros2_ws/install/ros2_pkg/lib/libros2_pkg__rosidl_typesupport_introspection_c.so
[1.905s] -- Up-to-date: /home/ubuntu/Workspaces/ros2_ws/install/ros2_pkg/lib/libros2_pkg__rosidl_typesupport_c.so
[1.906s] -- Up-to-date: /home/ubuntu/Workspaces/ros2_ws/install/ros2_pkg/include/ros2_pkg
[1.908s] -- Up-to-date: /home/ubuntu/Workspaces/ros2_ws/install/ros2_pkg/include/ros2_pkg/srv
[1.909s] -- Up-to-date: /home/ubuntu/Workspaces/ros2_ws/install/ros2_pkg/include/ros2_pkg/srv/odd_even_check.hpp
[1.910s] -- Up-to-date: /home/ubuntu/Workspaces/ros2_ws/install/ros2_pkg/include/ros2_pkg/srv/detail
[1.910s] -- Up-to-date: /home/ubuntu/Workspaces/ros2_ws/install/ros2_pkg/include/ros2_pkg/srv/detail/turn_camera__traits.hpp
[1.911s] -- Up-to-date: /home/ubuntu/Workspaces/ros2_ws/install/ros2_pkg/include/ros2_pkg/srv/detail/turn_camera__struct.hpp
[1.911s] -- Up-to-date: /home/ubuntu/Workspaces/ros2_ws/install/ros2_pkg/include/ros2_pkg/srv/detail/turn_camera__builder.hpp
[1.912s] -- Up-to-date: /home/ubuntu/Workspaces/ros2_ws/install/ros2_pkg/include/ros2_pkg/srv/detail/odd_even_check__struct.hpp
[1.913s] -- Up-to-date: /home/ubuntu/Workspaces/ros2_ws/install/ros2_pkg/include/ros2_pkg/srv/detail/odd_even_check__builder.hpp
[1.913s] -- Up-to-date: /home/ubuntu/Workspaces/ros2_ws/install/ros2_pkg/include/ros2_pkg/srv/detail/odd_even_check__traits.hpp
[1.913s] -- Up-to-date: /home/ubuntu/Workspaces/ros2_ws/install/ros2_pkg/include/ros2_pkg/srv/turn_camera.hpp
[1.914s] -- Up-to-date: /home/ubuntu/Workspaces/ros2_ws/install/ros2_pkg/include/ros2_pkg/action
[1.914s] -- Up-to-date: /home/ubuntu/Workspaces/ros2_ws/install/ros2_pkg/include/ros2_pkg/action/navigate.hpp
[1.915s] -- Up-to-date: /home/ubuntu/Workspaces/ros2_ws/install/ros2_pkg/include/ros2_pkg/action/detail
[1.915s] -- Up-to-date: /home/ubuntu/Workspaces/ros2_ws/install/ros2_pkg/include/ros2_pkg/action/detail/navigate__builder.hpp
[1.915s] -- Up-to-date: /home/ubuntu/Workspaces/ros2_ws/install/ros2_pkg/include/ros2_pkg/action/detail/navigate__struct.hpp
[1.916s] -- Up-to-date: /home/ubuntu/Workspaces/ros2_ws/install/ros2_pkg/include/ros2_pkg/action/detail/navigate__traits.hpp
[1.916s] -- Up-to-date: /home/ubuntu/Workspaces/ros2_ws/install/ros2_pkg/include/ros2_pkg
[1.917s] -- Up-to-date: /home/ubuntu/Workspaces/ros2_ws/install/ros2_pkg/include/ros2_pkg/srv
[1.917s] -- Up-to-date: /home/ubuntu/Workspaces/ros2_ws/install/ros2_pkg/include/ros2_pkg/srv/detail
[1.917s] -- Up-to-date: /home/ubuntu/Workspaces/ros2_ws/install/ros2_pkg/include/ros2_pkg/srv/detail/odd_even_check__rosidl_typesupport_introspection_cpp.hpp
[1.918s] -- Up-to-date: /home/ubuntu/Workspaces/ros2_ws/install/ros2_pkg/include/ros2_pkg/srv/detail/odd_even_check__type_support.cpp
[1.918s] -- Up-to-date: /home/ubuntu/Workspaces/ros2_ws/install/ros2_pkg/include/ros2_pkg/srv/detail/turn_camera__rosidl_typesupport_introspection_cpp.hpp
[1.919s] -- Up-to-date: /home/ubuntu/Workspaces/ros2_ws/install/ros2_pkg/include/ros2_pkg/srv/detail/turn_camera__type_support.cpp
[1.919s] -- Up-to-date: /home/ubuntu/Workspaces/ros2_ws/install/ros2_pkg/include/ros2_pkg/action
[1.920s] -- Up-to-date: /home/ubuntu/Workspaces/ros2_ws/install/ros2_pkg/include/ros2_pkg/action/detail
[1.920s] -- Up-to-date: /home/ubuntu/Workspaces/ros2_ws/install/ros2_pkg/include/ros2_pkg/action/detail/navigate__rosidl_typesupport_introspection_cpp.hpp
[1.921s] -- Up-to-date: /home/ubuntu/Workspaces/ros2_ws/install/ros2_pkg/include/ros2_pkg/action/detail/navigate__type_support.cpp
[1.921s] -- Up-to-date: /home/ubuntu/Workspaces/ros2_ws/install/ros2_pkg/lib/libros2_pkg__rosidl_typesupport_introspection_cpp.so
[1.921s] -- Up-to-date: /home/ubuntu/Workspaces/ros2_ws/install/ros2_pkg/lib/libros2_pkg__rosidl_typesupport_cpp.so
[1.922s] -- Up-to-date: /home/ubuntu/Workspaces/ros2_ws/install/ros2_pkg/share/ros2_pkg/environment/pythonpath.sh
[1.922s] -- Up-to-date: /home/ubuntu/Workspaces/ros2_ws/install/ros2_pkg/share/ros2_pkg/environment/pythonpath.dsv
[1.923s] -- Up-to-date: /home/ubuntu/Workspaces/ros2_ws/install/ros2_pkg/lib/python3.8/site-packages/ros2_pkg/__init__.py
[2.097s] -- Up-to-date: /home/ubuntu/Workspaces/ros2_ws/install/ros2_pkg/lib/python3.8/site-packages/ros2_pkg/srv
[2.098s] -- Up-to-date: /home/ubuntu/Workspaces/ros2_ws/install/ros2_pkg/lib/python3.8/site-packages/ros2_pkg/srv/__init__.py
[2.100s] -- Up-to-date: /home/ubuntu/Workspaces/ros2_ws/install/ros2_pkg/lib/python3.8/site-packages/ros2_pkg/srv/_odd_even_check.py
[2.100s] -- Up-to-date: /home/ubuntu/Workspaces/ros2_ws/install/ros2_pkg/lib/python3.8/site-packages/ros2_pkg/srv/_odd_even_check_s.c
[2.101s] -- Up-to-date: /home/ubuntu/Workspaces/ros2_ws/install/ros2_pkg/lib/python3.8/site-packages/ros2_pkg/srv/_turn_camera.py
[2.101s] -- Up-to-date: /home/ubuntu/Workspaces/ros2_ws/install/ros2_pkg/lib/python3.8/site-packages/ros2_pkg/srv/_turn_camera_s.c
[2.102s] -- Up-to-date: /home/ubuntu/Workspaces/ros2_ws/install/ros2_pkg/lib/python3.8/site-packages/ros2_pkg/action
[2.103s] -- Up-to-date: /home/ubuntu/Workspaces/ros2_ws/install/ros2_pkg/lib/python3.8/site-packages/ros2_pkg/action/__init__.py
[2.103s] -- Up-to-date: /home/ubuntu/Workspaces/ros2_ws/install/ros2_pkg/lib/python3.8/site-packages/ros2_pkg/action/_navigate_s.c
[2.103s] -- Up-to-date: /home/ubuntu/Workspaces/ros2_ws/install/ros2_pkg/lib/python3.8/site-packages/ros2_pkg/action/_navigate.py
[2.104s] -- Up-to-date: /home/ubuntu/Workspaces/ros2_ws/install/ros2_pkg/lib/python3.8/site-packages/ros2_pkg/ros2_pkg_s__rosidl_typesupport_fastrtps_c.cpython-38-aarch64-linux-gnu.so
[2.105s] -- Up-to-date: /home/ubuntu/Workspaces/ros2_ws/install/ros2_pkg/lib/python3.8/site-packages/ros2_pkg/ros2_pkg_s__rosidl_typesupport_introspection_c.cpython-38-aarch64-linux-gnu.so
[2.109s] -- Up-to-date: /home/ubuntu/Workspaces/ros2_ws/install/ros2_pkg/lib/python3.8/site-packages/ros2_pkg/ros2_pkg_s__rosidl_typesupport_c.cpython-38-aarch64-linux-gnu.so
[2.112s] -- Up-to-date: /home/ubuntu/Workspaces/ros2_ws/install/ros2_pkg/lib/libros2_pkg__python.so
[2.113s] -- Up-to-date: /home/ubuntu/Workspaces/ros2_ws/install/ros2_pkg/share/ros2_pkg/srv/OddEvenCheck.idl
[2.114s] -- Up-to-date: /home/ubuntu/Workspaces/ros2_ws/install/ros2_pkg/share/ros2_pkg/srv/TurnCamera.idl
[2.115s] -- Up-to-date: /home/ubuntu/Workspaces/ros2_ws/install/ros2_pkg/share/ros2_pkg/action/Navigate.idl
[2.115s] -- Up-to-date: /home/ubuntu/Workspaces/ros2_ws/install/ros2_pkg/share/ros2_pkg/srv/OddEvenCheck.srv
[2.116s] -- Up-to-date: /home/ubuntu/Workspaces/ros2_ws/install/ros2_pkg/share/ros2_pkg/srv/OddEvenCheck_Request.msg
[2.116s] -- Up-to-date: /home/ubuntu/Workspaces/ros2_ws/install/ros2_pkg/share/ros2_pkg/srv/OddEvenCheck_Response.msg
[2.117s] -- Up-to-date: /home/ubuntu/Workspaces/ros2_ws/install/ros2_pkg/share/ros2_pkg/srv/TurnCamera.srv
[2.117s] -- Up-to-date: /home/ubuntu/Workspaces/ros2_ws/install/ros2_pkg/share/ros2_pkg/srv/TurnCamera_Request.msg
[2.118s] -- Up-to-date: /home/ubuntu/Workspaces/ros2_ws/install/ros2_pkg/share/ros2_pkg/srv/TurnCamera_Response.msg
[2.118s] -- Up-to-date: /home/ubuntu/Workspaces/ros2_ws/install/ros2_pkg/share/ros2_pkg/action/Navigate.action
[2.119s] -- Up-to-date: /home/ubuntu/Workspaces/ros2_ws/install/ros2_pkg/lib/python3.8/site-packages/scripts
[2.119s] -- Up-to-date: /home/ubuntu/Workspaces/ros2_ws/install/ros2_pkg/lib/python3.8/site-packages/scripts/__init__.py
[2.120s] -- Up-to-date: /home/ubuntu/Workspaces/ros2_ws/install/ros2_pkg/lib/python3.8/site-packages/scripts/rpm_pub.py
[2.120s] -- Up-to-date: /home/ubuntu/Workspaces/ros2_ws/install/ros2_pkg/lib/python3.8/site-packages/scripts/service_server.py
[2.121s] -- Up-to-date: /home/ubuntu/Workspaces/ros2_ws/install/ros2_pkg/lib/python3.8/site-packages/scripts/action_client.py
[2.121s] -- Up-to-date: /home/ubuntu/Workspaces/ros2_ws/install/ros2_pkg/lib/python3.8/site-packages/scripts/turn_camera_server.py
[2.122s] -- Up-to-date: /home/ubuntu/Workspaces/ros2_ws/install/ros2_pkg/lib/python3.8/site-packages/scripts/publisher.py
[2.122s] -- Up-to-date: /home/ubuntu/Workspaces/ros2_ws/install/ros2_pkg/lib/python3.8/site-packages/scripts/turn_camera_client.py
[2.122s] -- Up-to-date: /home/ubuntu/Workspaces/ros2_ws/install/ros2_pkg/lib/python3.8/site-packages/scripts/subscriber.py
[2.123s] -- Up-to-date: /home/ubuntu/Workspaces/ros2_ws/install/ros2_pkg/lib/python3.8/site-packages/scripts/service_client.py
[2.123s] -- Up-to-date: /home/ubuntu/Workspaces/ros2_ws/install/ros2_pkg/lib/python3.8/site-packages/scripts/speed_calc.py
[2.124s] -- Up-to-date: /home/ubuntu/Workspaces/ros2_ws/install/ros2_pkg/lib/python3.8/site-packages/scripts/action_server.py
[2.290s] Listing '/home/ubuntu/Workspaces/ros2_ws/install/ros2_pkg/lib/python3.8/site-packages/scripts'...
[2.324s] -- Up-to-date: /home/ubuntu/Workspaces/ros2_ws/install/ros2_pkg/lib/ros2_pkg/publisher.py
[2.325s] -- Up-to-date: /home/ubuntu/Workspaces/ros2_ws/install/ros2_pkg/lib/ros2_pkg/subscriber.py
[2.326s] -- Up-to-date: /home/ubuntu/Workspaces/ros2_ws/install/ros2_pkg/lib/ros2_pkg/rpm_pub.py
[2.326s] -- Up-to-date: /home/ubuntu/Workspaces/ros2_ws/install/ros2_pkg/lib/ros2_pkg/speed_calc.py
[2.327s] -- Up-to-date: /home/ubuntu/Workspaces/ros2_ws/install/ros2_pkg/lib/ros2_pkg/service_server.py
[2.328s] -- Up-to-date: /home/ubuntu/Workspaces/ros2_ws/install/ros2_pkg/lib/ros2_pkg/service_client.py
[2.329s] -- Up-to-date: /home/ubuntu/Workspaces/ros2_ws/install/ros2_pkg/lib/ros2_pkg/turn_camera_server.py
[2.332s] -- Up-to-date: /home/ubuntu/Workspaces/ros2_ws/install/ros2_pkg/lib/ros2_pkg/turn_camera_client.py
[2.333s] -- Up-to-date: /home/ubuntu/Workspaces/ros2_ws/install/ros2_pkg/lib/ros2_pkg/action_server.py
[2.333s] -- Up-to-date: /home/ubuntu/Workspaces/ros2_ws/install/ros2_pkg/lib/ros2_pkg/action_client.py
[2.334s] -- Up-to-date: /home/ubuntu/Workspaces/ros2_ws/install/ros2_pkg/share/ros2_pkg//launch
[2.335s] -- Installing: /home/ubuntu/Workspaces/ros2_ws/install/ros2_pkg/share/ros2_pkg//launch/node.launch.py
[2.335s] -- Up-to-date: /home/ubuntu/Workspaces/ros2_ws/install/ros2_pkg/share/ament_index/resource_index/package_run_dependencies/ros2_pkg
[2.345s] -- Up-to-date: /home/ubuntu/Workspaces/ros2_ws/install/ros2_pkg/share/ament_index/resource_index/parent_prefix_path/ros2_pkg
[2.346s] -- Up-to-date: /home/ubuntu/Workspaces/ros2_ws/install/ros2_pkg/share/ros2_pkg/environment/ament_prefix_path.sh
[2.346s] -- Up-to-date: /home/ubuntu/Workspaces/ros2_ws/install/ros2_pkg/share/ros2_pkg/environment/ament_prefix_path.dsv
[2.347s] -- Up-to-date: /home/ubuntu/Workspaces/ros2_ws/install/ros2_pkg/share/ros2_pkg/environment/path.sh
[2.348s] -- Up-to-date: /home/ubuntu/Workspaces/ros2_ws/install/ros2_pkg/share/ros2_pkg/environment/path.dsv
[2.348s] -- Up-to-date: /home/ubuntu/Workspaces/ros2_ws/install/ros2_pkg/share/ros2_pkg/local_setup.bash
[2.350s] -- Up-to-date: /home/ubuntu/Workspaces/ros2_ws/install/ros2_pkg/share/ros2_pkg/local_setup.sh
[2.350s] -- Up-to-date: /home/ubuntu/Workspaces/ros2_ws/install/ros2_pkg/share/ros2_pkg/local_setup.zsh
[2.351s] -- Up-to-date: /home/ubuntu/Workspaces/ros2_ws/install/ros2_pkg/share/ros2_pkg/local_setup.dsv
[2.352s] -- Installing: /home/ubuntu/Workspaces/ros2_ws/install/ros2_pkg/share/ros2_pkg/package.dsv
[2.353s] -- Up-to-date: /home/ubuntu/Workspaces/ros2_ws/install/ros2_pkg/share/ament_index/resource_index/packages/ros2_pkg
[2.353s] -- Up-to-date: /home/ubuntu/Workspaces/ros2_ws/install/ros2_pkg/share/ros2_pkg/cmake/ros2_pkg__rosidl_generator_cExport.cmake
[2.353s] -- Up-to-date: /home/ubuntu/Workspaces/ros2_ws/install/ros2_pkg/share/ros2_pkg/cmake/ros2_pkg__rosidl_generator_cExport-noconfig.cmake
[2.354s] -- Up-to-date: /home/ubuntu/Workspaces/ros2_ws/install/ros2_pkg/share/ros2_pkg/cmake/ros2_pkg__rosidl_typesupport_introspection_cExport.cmake
[2.355s] -- Up-to-date: /home/ubuntu/Workspaces/ros2_ws/install/ros2_pkg/share/ros2_pkg/cmake/ros2_pkg__rosidl_typesupport_introspection_cExport-noconfig.cmake
[2.355s] -- Up-to-date: /home/ubuntu/Workspaces/ros2_ws/install/ros2_pkg/share/ros2_pkg/cmake/ros2_pkg__rosidl_typesupport_cExport.cmake
[2.355s] -- Up-to-date: /home/ubuntu/Workspaces/ros2_ws/install/ros2_pkg/share/ros2_pkg/cmake/ros2_pkg__rosidl_typesupport_cExport-noconfig.cmake
[2.356s] -- Up-to-date: /home/ubuntu/Workspaces/ros2_ws/install/ros2_pkg/share/ros2_pkg/cmake/ros2_pkg__rosidl_generator_cppExport.cmake
[2.356s] -- Up-to-date: /home/ubuntu/Workspaces/ros2_ws/install/ros2_pkg/share/ros2_pkg/cmake/ros2_pkg__rosidl_typesupport_introspection_cppExport.cmake
[2.357s] -- Up-to-date: /home/ubuntu/Workspaces/ros2_ws/install/ros2_pkg/share/ros2_pkg/cmake/ros2_pkg__rosidl_typesupport_introspection_cppExport-noconfig.cmake
[2.357s] -- Up-to-date: /home/ubuntu/Workspaces/ros2_ws/install/ros2_pkg/share/ros2_pkg/cmake/ros2_pkg__rosidl_typesupport_cppExport.cmake
[2.358s] -- Up-to-date: /home/ubuntu/Workspaces/ros2_ws/install/ros2_pkg/share/ros2_pkg/cmake/ros2_pkg__rosidl_typesupport_cppExport-noconfig.cmake
[2.359s] -- Up-to-date: /home/ubuntu/Workspaces/ros2_ws/install/ros2_pkg/share/ros2_pkg/cmake/rosidl_cmake-extras.cmake
[2.359s] -- Up-to-date: /home/ubuntu/Workspaces/ros2_ws/install/ros2_pkg/share/ros2_pkg/cmake/ament_cmake_export_dependencies-extras.cmake
[2.360s] -- Up-to-date: /home/ubuntu/Workspaces/ros2_ws/install/ros2_pkg/share/ros2_pkg/cmake/ament_cmake_export_libraries-extras.cmake
[2.361s] -- Up-to-date: /home/ubuntu/Workspaces/ros2_ws/install/ros2_pkg/share/ros2_pkg/cmake/ament_cmake_export_targets-extras.cmake
[2.363s] -- Up-to-date: /home/ubuntu/Workspaces/ros2_ws/install/ros2_pkg/share/ros2_pkg/cmake/ament_cmake_export_include_directories-extras.cmake
[2.365s] -- Up-to-date: /home/ubuntu/Workspaces/ros2_ws/install/ros2_pkg/share/ros2_pkg/cmake/rosidl_cmake_export_typesupport_libraries-extras.cmake
[2.371s] -- Up-to-date: /home/ubuntu/Workspaces/ros2_ws/install/ros2_pkg/share/ros2_pkg/cmake/rosidl_cmake_export_typesupport_targets-extras.cmake
[2.372s] -- Up-to-date: /home/ubuntu/Workspaces/ros2_ws/install/ros2_pkg/share/ros2_pkg/cmake/ros2_pkgConfig.cmake
[2.372s] -- Up-to-date: /home/ubuntu/Workspaces/ros2_ws/install/ros2_pkg/share/ros2_pkg/cmake/ros2_pkgConfig-version.cmake
[2.373s] -- Up-to-date: /home/ubuntu/Workspaces/ros2_ws/install/ros2_pkg/share/ros2_pkg/package.xml
[2.374s] Invoked command in '/home/ubuntu/Workspaces/ros2_ws/build/ros2_pkg' returned '0': CMAKE_PREFIX_PATH=${CMAKE_PREFIX_PATH}:/home/ubuntu/turtlebot3_ws/install/turtlebot3_teleop:/home/ubuntu/turtlebot3_ws/install/turtlebot3_example:/opt/ros/foxy /usr/bin/cmake --install /home/ubuntu/Workspaces/ros2_ws/build/ros2_pkg
