[0.078s] Invoking command in '/home/ubuntu/Workspaces/ros2_ws/build/ros2_pkg': CMAKE_PREFIX_PATH=${CMAKE_PREFIX_PATH}:/home/ubuntu/turtlebot3_ws/install/turtlebot3_teleop:/home/ubuntu/turtlebot3_ws/install/turtlebot3_example:/opt/ros/foxy /usr/bin/cmake --build /home/ubuntu/Workspaces/ros2_ws/build/ros2_pkg -- -j4 -l4
[0.474s] [  2%] Built target ros2_pkg__cpp
[0.518s] [ 12%] Built target ros2_pkg__rosidl_generator_c
[0.621s] [ 23%] Built target ros2_pkg__rosidl_typesupport_cpp
[0.657s] [ 34%] Built target ros2_pkg__rosidl_typesupport_introspection_cpp
[0.687s] [ 44%] Built target ros2_pkg__rosidl_typesupport_introspection_c
[0.713s] [ 55%] Built target ros2_pkg__rosidl_typesupport_fastrtps_cpp
[0.764s] [ 65%] Built target ros2_pkg__rosidl_typesupport_c
[0.888s] [ 76%] Built target ros2_pkg__rosidl_typesupport_fastrtps_c
[0.989s] [ 76%] Built target ros2_pkg
[1.090s] [ 78%] Built target ros2_pkg__py
[1.251s] [ 87%] Built target ros2_pkg__python
[1.419s] [ 91%] Built target ros2_pkg__rosidl_typesupport_c__pyext
[1.426s] [ 95%] Built target ros2_pkg__rosidl_typesupport_introspection_c__pyext
[1.429s] [100%] Built target ros2_pkg__rosidl_typesupport_fastrtps_c__pyext
[1.477s] Invoked command in '/home/ubuntu/Workspaces/ros2_ws/build/ros2_pkg' returned '0': CMAKE_PREFIX_PATH=${CMAKE_PREFIX_PATH}:/home/ubuntu/turtlebot3_ws/install/turtlebot3_teleop:/home/ubuntu/turtlebot3_ws/install/turtlebot3_example:/opt/ros/foxy /usr/bin/cmake --build /home/ubuntu/Workspaces/ros2_ws/build/ros2_pkg -- -j4 -l4
[2.006s] Invoking command in '/home/ubuntu/Workspaces/ros2_ws/build/ros2_pkg': CMAKE_PREFIX_PATH=${CMAKE_PREFIX_PATH}:/home/ubuntu/turtlebot3_ws/install/turtlebot3_teleop:/home/ubuntu/turtlebot3_ws/install/turtlebot3_example:/opt/ros/foxy /usr/bin/cmake --install /home/ubuntu/Workspaces/ros2_ws/build/ros2_pkg
[2.044s] -- Install configuration: ""
[2.054s] -- Up-to-date: /home/ubuntu/Workspaces/ros2_ws/install/ros2_pkg/share/ament_index/resource_index/rosidl_interfaces/ros2_pkg
[2.055s] -- Up-to-date: /home/ubuntu/Workspaces/ros2_ws/install/ros2_pkg/include/ros2_pkg
[2.056s] -- Up-to-date: /home/ubuntu/Workspaces/ros2_ws/install/ros2_pkg/include/ros2_pkg/msg
[2.057s] -- Up-to-date: /home/ubuntu/Workspaces/ros2_ws/install/ros2_pkg/include/ros2_pkg/msg/rosidl_generator_c__visibility_control.h
[2.058s] -- Up-to-date: /home/ubuntu/Workspaces/ros2_ws/install/ros2_pkg/include/ros2_pkg/srv
[2.058s] -- Up-to-date: /home/ubuntu/Workspaces/ros2_ws/install/ros2_pkg/include/ros2_pkg/srv/turn_camera.h
[2.059s] -- Up-to-date: /home/ubuntu/Workspaces/ros2_ws/install/ros2_pkg/include/ros2_pkg/srv/detail
[2.059s] -- Up-to-date: /home/ubuntu/Workspaces/ros2_ws/install/ros2_pkg/include/ros2_pkg/srv/detail/turn_camera__struct.h
[2.060s] -- Up-to-date: /home/ubuntu/Workspaces/ros2_ws/install/ros2_pkg/include/ros2_pkg/srv/detail/odd_even_check__struct.h
[2.060s] -- Up-to-date: /home/ubuntu/Workspaces/ros2_ws/install/ros2_pkg/include/ros2_pkg/srv/detail/odd_even_check__functions.c
[2.060s] -- Up-to-date: /home/ubuntu/Workspaces/ros2_ws/install/ros2_pkg/include/ros2_pkg/srv/detail/turn_camera__functions.h
[2.061s] -- Up-to-date: /home/ubuntu/Workspaces/ros2_ws/install/ros2_pkg/include/ros2_pkg/srv/detail/odd_even_check__type_support.h
[2.063s] -- Up-to-date: /home/ubuntu/Workspaces/ros2_ws/install/ros2_pkg/include/ros2_pkg/srv/detail/turn_camera__type_support.h
[2.064s] -- Up-to-date: /home/ubuntu/Workspaces/ros2_ws/install/ros2_pkg/include/ros2_pkg/srv/detail/odd_even_check__functions.h
[2.064s] -- Up-to-date: /home/ubuntu/Workspaces/ros2_ws/install/ros2_pkg/include/ros2_pkg/srv/detail/turn_camera__functions.c
[2.065s] -- Up-to-date: /home/ubuntu/Workspaces/ros2_ws/install/ros2_pkg/include/ros2_pkg/srv/odd_even_check.h
[2.066s] -- Up-to-date: /home/ubuntu/Workspaces/ros2_ws/install/ros2_pkg/include/ros2_pkg/action
[2.066s] -- Up-to-date: /home/ubuntu/Workspaces/ros2_ws/install/ros2_pkg/include/ros2_pkg/action/detail
[2.067s] -- Up-to-date: /home/ubuntu/Workspaces/ros2_ws/install/ros2_pkg/include/ros2_pkg/action/detail/navigate__functions.h
[2.067s] -- Up-to-date: /home/ubuntu/Workspaces/ros2_ws/install/ros2_pkg/include/ros2_pkg/action/detail/navigate__functions.c
[2.068s] -- Up-to-date: /home/ubuntu/Workspaces/ros2_ws/install/ros2_pkg/include/ros2_pkg/action/detail/navigate__struct.h
[2.068s] -- Up-to-date: /home/ubuntu/Workspaces/ros2_ws/install/ros2_pkg/include/ros2_pkg/action/detail/navigate__type_support.h
[2.069s] -- Up-to-date: /home/ubuntu/Workspaces/ros2_ws/install/ros2_pkg/include/ros2_pkg/action/navigate.h
[2.070s] -- Up-to-date: /home/ubuntu/Workspaces/ros2_ws/install/ros2_pkg/share/ros2_pkg/environment/library_path.sh
[2.070s] -- Up-to-date: /home/ubuntu/Workspaces/ros2_ws/install/ros2_pkg/share/ros2_pkg/environment/library_path.dsv
[2.071s] -- Up-to-date: /home/ubuntu/Workspaces/ros2_ws/install/ros2_pkg/lib/libros2_pkg__rosidl_generator_c.so
[2.072s] -- Up-to-date: /home/ubuntu/Workspaces/ros2_ws/install/ros2_pkg/include/ros2_pkg
[2.072s] -- Up-to-date: /home/ubuntu/Workspaces/ros2_ws/install/ros2_pkg/include/ros2_pkg/msg
[2.073s] -- Up-to-date: /home/ubuntu/Workspaces/ros2_ws/install/ros2_pkg/include/ros2_pkg/msg/rosidl_typesupport_fastrtps_c__visibility_control.h
[2.073s] -- Up-to-date: /home/ubuntu/Workspaces/ros2_ws/install/ros2_pkg/include/ros2_pkg/srv
[2.074s] -- Up-to-date: /home/ubuntu/Workspaces/ros2_ws/install/ros2_pkg/include/ros2_pkg/srv/detail
[2.074s] -- Up-to-date: /home/ubuntu/Workspaces/ros2_ws/install/ros2_pkg/include/ros2_pkg/srv/detail/odd_even_check__rosidl_typesupport_fastrtps_c.h
[2.075s] -- Up-to-date: /home/ubuntu/Workspaces/ros2_ws/install/ros2_pkg/include/ros2_pkg/srv/detail/turn_camera__rosidl_typesupport_fastrtps_c.h
[2.075s] -- Up-to-date: /home/ubuntu/Workspaces/ros2_ws/install/ros2_pkg/include/ros2_pkg/action
[2.075s] -- Up-to-date: /home/ubuntu/Workspaces/ros2_ws/install/ros2_pkg/include/ros2_pkg/action/detail
[2.076s] -- Up-to-date: /home/ubuntu/Workspaces/ros2_ws/install/ros2_pkg/include/ros2_pkg/action/detail/navigate__rosidl_typesupport_fastrtps_c.h
[2.076s] -- Up-to-date: /home/ubuntu/Workspaces/ros2_ws/install/ros2_pkg/lib/libros2_pkg__rosidl_typesupport_fastrtps_c.so
[2.077s] -- Up-to-date: /home/ubuntu/Workspaces/ros2_ws/install/ros2_pkg/include/ros2_pkg
[2.078s] -- Up-to-date: /home/ubuntu/Workspaces/ros2_ws/install/ros2_pkg/include/ros2_pkg/msg
[2.078s] -- Up-to-date: /home/ubuntu/Workspaces/ros2_ws/install/ros2_pkg/include/ros2_pkg/msg/rosidl_typesupport_fastrtps_cpp__visibility_control.h
[2.079s] -- Up-to-date: /home/ubuntu/Workspaces/ros2_ws/install/ros2_pkg/include/ros2_pkg/srv
[2.080s] -- Up-to-date: /home/ubuntu/Workspaces/ros2_ws/install/ros2_pkg/include/ros2_pkg/srv/detail
[2.081s] -- Up-to-date: /home/ubuntu/Workspaces/ros2_ws/install/ros2_pkg/include/ros2_pkg/srv/detail/odd_even_check__rosidl_typesupport_fastrtps_cpp.hpp
[2.081s] -- Up-to-date: /home/ubuntu/Workspaces/ros2_ws/install/ros2_pkg/include/ros2_pkg/srv/detail/dds_fastrtps
[2.082s] -- Up-to-date: /home/ubuntu/Workspaces/ros2_ws/install/ros2_pkg/include/ros2_pkg/srv/detail/turn_camera__rosidl_typesupport_fastrtps_cpp.hpp
[2.083s] -- Up-to-date: /home/ubuntu/Workspaces/ros2_ws/install/ros2_pkg/include/ros2_pkg/action
[2.083s] -- Up-to-date: /home/ubuntu/Workspaces/ros2_ws/install/ros2_pkg/include/ros2_pkg/action/detail
[2.084s] -- Up-to-date: /home/ubuntu/Workspaces/ros2_ws/install/ros2_pkg/include/ros2_pkg/action/detail/dds_fastrtps
[2.085s] -- Up-to-date: /home/ubuntu/Workspaces/ros2_ws/install/ros2_pkg/include/ros2_pkg/action/detail/navigate__rosidl_typesupport_fastrtps_cpp.hpp
[2.086s] -- Up-to-date: /home/ubuntu/Workspaces/ros2_ws/install/ros2_pkg/lib/libros2_pkg__rosidl_typesupport_fastrtps_cpp.so
[2.086s] -- Up-to-date: /home/ubuntu/Workspaces/ros2_ws/install/ros2_pkg/include/ros2_pkg
[2.087s] -- Up-to-date: /home/ubuntu/Workspaces/ros2_ws/install/ros2_pkg/include/ros2_pkg/msg
[2.087s] -- Up-to-date: /home/ubuntu/Workspaces/ros2_ws/install/ros2_pkg/include/ros2_pkg/msg/rosidl_typesupport_introspection_c__visibility_control.h
[2.088s] -- Up-to-date: /home/ubuntu/Workspaces/ros2_ws/install/ros2_pkg/include/ros2_pkg/srv
[2.088s] -- Up-to-date: /home/ubuntu/Workspaces/ros2_ws/install/ros2_pkg/include/ros2_pkg/srv/detail
[2.088s] -- Up-to-date: /home/ubuntu/Workspaces/ros2_ws/install/ros2_pkg/include/ros2_pkg/srv/detail/turn_camera__type_support.c
[2.089s] -- Up-to-date: /home/ubuntu/Workspaces/ros2_ws/install/ros2_pkg/include/ros2_pkg/srv/detail/odd_even_check__type_support.c
[2.089s] -- Up-to-date: /home/ubuntu/Workspaces/ros2_ws/install/ros2_pkg/include/ros2_pkg/srv/detail/odd_even_check__rosidl_typesupport_introspection_c.h
[2.090s] -- Up-to-date: /home/ubuntu/Workspaces/ros2_ws/install/ros2_pkg/include/ros2_pkg/srv/detail/turn_camera__rosidl_typesupport_introspection_c.h
[2.090s] -- Up-to-date: /home/ubuntu/Workspaces/ros2_ws/install/ros2_pkg/include/ros2_pkg/action
[2.091s] -- Up-to-date: /home/ubuntu/Workspaces/ros2_ws/install/ros2_pkg/include/ros2_pkg/action/detail
[2.092s] -- Up-to-date: /home/ubuntu/Workspaces/ros2_ws/install/ros2_pkg/include/ros2_pkg/action/detail/navigate__type_support.c
[2.092s] -- Up-to-date: /home/ubuntu/Workspaces/ros2_ws/install/ros2_pkg/include/ros2_pkg/action/detail/navigate__rosidl_typesupport_introspection_c.h
[2.093s] -- Up-to-date: /home/ubuntu/Workspaces/ros2_ws/install/ros2_pkg/lib/libros2_pkg__rosidl_typesupport_introspection_c.so
[2.093s] -- Up-to-date: /home/ubuntu/Workspaces/ros2_ws/install/ros2_pkg/lib/libros2_pkg__rosidl_typesupport_c.so
[2.094s] -- Up-to-date: /home/ubuntu/Workspaces/ros2_ws/install/ros2_pkg/include/ros2_pkg
[2.094s] -- Up-to-date: /home/ubuntu/Workspaces/ros2_ws/install/ros2_pkg/include/ros2_pkg/srv
[2.095s] -- Up-to-date: /home/ubuntu/Workspaces/ros2_ws/install/ros2_pkg/include/ros2_pkg/srv/odd_even_check.hpp
[2.095s] -- Up-to-date: /home/ubuntu/Workspaces/ros2_ws/install/ros2_pkg/include/ros2_pkg/srv/detail
[2.096s] -- Up-to-date: /home/ubuntu/Workspaces/ros2_ws/install/ros2_pkg/include/ros2_pkg/srv/detail/turn_camera__traits.hpp
[2.096s] -- Up-to-date: /home/ubuntu/Workspaces/ros2_ws/install/ros2_pkg/include/ros2_pkg/srv/detail/turn_camera__struct.hpp
[2.096s] -- Up-to-date: /home/ubuntu/Workspaces/ros2_ws/install/ros2_pkg/include/ros2_pkg/srv/detail/turn_camera__builder.hpp
[2.097s] -- Up-to-date: /home/ubuntu/Workspaces/ros2_ws/install/ros2_pkg/include/ros2_pkg/srv/detail/odd_even_check__struct.hpp
[2.097s] -- Up-to-date: /home/ubuntu/Workspaces/ros2_ws/install/ros2_pkg/include/ros2_pkg/srv/detail/odd_even_check__builder.hpp
[2.097s] -- Up-to-date: /home/ubuntu/Workspaces/ros2_ws/install/ros2_pkg/include/ros2_pkg/srv/detail/odd_even_check__traits.hpp
[2.098s] -- Up-to-date: /home/ubuntu/Workspaces/ros2_ws/install/ros2_pkg/include/ros2_pkg/srv/turn_camera.hpp
[2.098s] -- Up-to-date: /home/ubuntu/Workspaces/ros2_ws/install/ros2_pkg/include/ros2_pkg/action
[2.099s] -- Up-to-date: /home/ubuntu/Workspaces/ros2_ws/install/ros2_pkg/include/ros2_pkg/action/navigate.hpp
[2.099s] -- Up-to-date: /home/ubuntu/Workspaces/ros2_ws/install/ros2_pkg/include/ros2_pkg/action/detail
[2.100s] -- Up-to-date: /home/ubuntu/Workspaces/ros2_ws/install/ros2_pkg/include/ros2_pkg/action/detail/navigate__builder.hpp
[2.100s] -- Up-to-date: /home/ubuntu/Workspaces/ros2_ws/install/ros2_pkg/include/ros2_pkg/action/detail/navigate__struct.hpp
[2.101s] -- Up-to-date: /home/ubuntu/Workspaces/ros2_ws/install/ros2_pkg/include/ros2_pkg/action/detail/navigate__traits.hpp
[2.101s] -- Up-to-date: /home/ubuntu/Workspaces/ros2_ws/install/ros2_pkg/include/ros2_pkg
[2.102s] -- Up-to-date: /home/ubuntu/Workspaces/ros2_ws/install/ros2_pkg/include/ros2_pkg/srv
[2.102s] -- Up-to-date: /home/ubuntu/Workspaces/ros2_ws/install/ros2_pkg/include/ros2_pkg/srv/detail
[2.103s] -- Up-to-date: /home/ubuntu/Workspaces/ros2_ws/install/ros2_pkg/include/ros2_pkg/srv/detail/odd_even_check__rosidl_typesupport_introspection_cpp.hpp
[2.104s] -- Up-to-date: /home/ubuntu/Workspaces/ros2_ws/install/ros2_pkg/include/ros2_pkg/srv/detail/odd_even_check__type_support.cpp
[2.105s] -- Up-to-date: /home/ubuntu/Workspaces/ros2_ws/install/ros2_pkg/include/ros2_pkg/srv/detail/turn_camera__rosidl_typesupport_introspection_cpp.hpp
[2.106s] -- Up-to-date: /home/ubuntu/Workspaces/ros2_ws/install/ros2_pkg/include/ros2_pkg/srv/detail/turn_camera__type_support.cpp
[2.106s] -- Up-to-date: /home/ubuntu/Workspaces/ros2_ws/install/ros2_pkg/include/ros2_pkg/action
[2.107s] -- Up-to-date: /home/ubuntu/Workspaces/ros2_ws/install/ros2_pkg/include/ros2_pkg/action/detail
[2.107s] -- Up-to-date: /home/ubuntu/Workspaces/ros2_ws/install/ros2_pkg/include/ros2_pkg/action/detail/navigate__rosidl_typesupport_introspection_cpp.hpp
[2.108s] -- Up-to-date: /home/ubuntu/Workspaces/ros2_ws/install/ros2_pkg/include/ros2_pkg/action/detail/navigate__type_support.cpp
[2.109s] -- Up-to-date: /home/ubuntu/Workspaces/ros2_ws/install/ros2_pkg/lib/libros2_pkg__rosidl_typesupport_introspection_cpp.so
[2.109s] -- Up-to-date: /home/ubuntu/Workspaces/ros2_ws/install/ros2_pkg/lib/libros2_pkg__rosidl_typesupport_cpp.so
[2.110s] -- Up-to-date: /home/ubuntu/Workspaces/ros2_ws/install/ros2_pkg/share/ros2_pkg/environment/pythonpath.sh
[2.110s] -- Up-to-date: /home/ubuntu/Workspaces/ros2_ws/install/ros2_pkg/share/ros2_pkg/environment/pythonpath.dsv
[2.111s] -- Up-to-date: /home/ubuntu/Workspaces/ros2_ws/install/ros2_pkg/lib/python3.8/site-packages/ros2_pkg/__init__.py
[2.276s] -- Up-to-date: /home/ubuntu/Workspaces/ros2_ws/install/ros2_pkg/lib/python3.8/site-packages/ros2_pkg/srv
[2.276s] -- Up-to-date: /home/ubuntu/Workspaces/ros2_ws/install/ros2_pkg/lib/python3.8/site-packages/ros2_pkg/srv/__init__.py
[2.277s] -- Up-to-date: /home/ubuntu/Workspaces/ros2_ws/install/ros2_pkg/lib/python3.8/site-packages/ros2_pkg/srv/_odd_even_check.py
[2.278s] -- Up-to-date: /home/ubuntu/Workspaces/ros2_ws/install/ros2_pkg/lib/python3.8/site-packages/ros2_pkg/srv/_odd_even_check_s.c
[2.278s] -- Up-to-date: /home/ubuntu/Workspaces/ros2_ws/install/ros2_pkg/lib/python3.8/site-packages/ros2_pkg/srv/_turn_camera.py
[2.279s] -- Up-to-date: /home/ubuntu/Workspaces/ros2_ws/install/ros2_pkg/lib/python3.8/site-packages/ros2_pkg/srv/_turn_camera_s.c
[2.279s] -- Up-to-date: /home/ubuntu/Workspaces/ros2_ws/install/ros2_pkg/lib/python3.8/site-packages/ros2_pkg/action
[2.280s] -- Up-to-date: /home/ubuntu/Workspaces/ros2_ws/install/ros2_pkg/lib/python3.8/site-packages/ros2_pkg/action/__init__.py
[2.280s] -- Up-to-date: /home/ubuntu/Workspaces/ros2_ws/install/ros2_pkg/lib/python3.8/site-packages/ros2_pkg/action/_navigate_s.c
[2.281s] -- Up-to-date: /home/ubuntu/Workspaces/ros2_ws/install/ros2_pkg/lib/python3.8/site-packages/ros2_pkg/action/_navigate.py
[2.281s] -- Up-to-date: /home/ubuntu/Workspaces/ros2_ws/install/ros2_pkg/lib/python3.8/site-packages/ros2_pkg/ros2_pkg_s__rosidl_typesupport_fastrtps_c.cpython-38-aarch64-linux-gnu.so
[2.283s] -- Up-to-date: /home/ubuntu/Workspaces/ros2_ws/install/ros2_pkg/lib/python3.8/site-packages/ros2_pkg/ros2_pkg_s__rosidl_typesupport_introspection_c.cpython-38-aarch64-linux-gnu.so
[2.286s] -- Up-to-date: /home/ubuntu/Workspaces/ros2_ws/install/ros2_pkg/lib/python3.8/site-packages/ros2_pkg/ros2_pkg_s__rosidl_typesupport_c.cpython-38-aarch64-linux-gnu.so
[2.289s] -- Up-to-date: /home/ubuntu/Workspaces/ros2_ws/install/ros2_pkg/lib/libros2_pkg__python.so
[2.291s] -- Up-to-date: /home/ubuntu/Workspaces/ros2_ws/install/ros2_pkg/share/ros2_pkg/srv/OddEvenCheck.idl
[2.292s] -- Up-to-date: /home/ubuntu/Workspaces/ros2_ws/install/ros2_pkg/share/ros2_pkg/srv/TurnCamera.idl
[2.293s] -- Up-to-date: /home/ubuntu/Workspaces/ros2_ws/install/ros2_pkg/share/ros2_pkg/action/Navigate.idl
[2.294s] -- Up-to-date: /home/ubuntu/Workspaces/ros2_ws/install/ros2_pkg/share/ros2_pkg/srv/OddEvenCheck.srv
[2.295s] -- Up-to-date: /home/ubuntu/Workspaces/ros2_ws/install/ros2_pkg/share/ros2_pkg/srv/OddEvenCheck_Request.msg
[2.296s] -- Up-to-date: /home/ubuntu/Workspaces/ros2_ws/install/ros2_pkg/share/ros2_pkg/srv/OddEvenCheck_Response.msg
[2.296s] -- Up-to-date: /home/ubuntu/Workspaces/ros2_ws/install/ros2_pkg/share/ros2_pkg/srv/TurnCamera.srv
[2.297s] -- Up-to-date: /home/ubuntu/Workspaces/ros2_ws/install/ros2_pkg/share/ros2_pkg/srv/TurnCamera_Request.msg
[2.297s] -- Up-to-date: /home/ubuntu/Workspaces/ros2_ws/install/ros2_pkg/share/ros2_pkg/srv/TurnCamera_Response.msg
[2.299s] -- Up-to-date: /home/ubuntu/Workspaces/ros2_ws/install/ros2_pkg/share/ros2_pkg/action/Navigate.action
[2.299s] -- Up-to-date: /home/ubuntu/Workspaces/ros2_ws/install/ros2_pkg/lib/python3.8/site-packages/scripts
[2.300s] -- Up-to-date: /home/ubuntu/Workspaces/ros2_ws/install/ros2_pkg/lib/python3.8/site-packages/scripts/__init__.py
[2.300s] -- Up-to-date: /home/ubuntu/Workspaces/ros2_ws/install/ros2_pkg/lib/python3.8/site-packages/scripts/rpm_pub.py
[2.301s] -- Up-to-date: /home/ubuntu/Workspaces/ros2_ws/install/ros2_pkg/lib/python3.8/site-packages/scripts/service_server.py
[2.301s] -- Installing: /home/ubuntu/Workspaces/ros2_ws/install/ros2_pkg/lib/python3.8/site-packages/scripts/action_client.py
[2.301s] -- Up-to-date: /home/ubuntu/Workspaces/ros2_ws/install/ros2_pkg/lib/python3.8/site-packages/scripts/turn_camera_server.py
[2.302s] -- Up-to-date: /home/ubuntu/Workspaces/ros2_ws/install/ros2_pkg/lib/python3.8/site-packages/scripts/publisher.py
[2.302s] -- Up-to-date: /home/ubuntu/Workspaces/ros2_ws/install/ros2_pkg/lib/python3.8/site-packages/scripts/turn_camera_client.py
[2.303s] -- Up-to-date: /home/ubuntu/Workspaces/ros2_ws/install/ros2_pkg/lib/python3.8/site-packages/scripts/subscriber.py
[2.303s] -- Up-to-date: /home/ubuntu/Workspaces/ros2_ws/install/ros2_pkg/lib/python3.8/site-packages/scripts/service_client.py
[2.304s] -- Up-to-date: /home/ubuntu/Workspaces/ros2_ws/install/ros2_pkg/lib/python3.8/site-packages/scripts/speed_calc.py
[2.304s] -- Up-to-date: /home/ubuntu/Workspaces/ros2_ws/install/ros2_pkg/lib/python3.8/site-packages/scripts/action_server.py
[2.467s] Listing '/home/ubuntu/Workspaces/ros2_ws/install/ros2_pkg/lib/python3.8/site-packages/scripts'...
[2.469s] Compiling '/home/ubuntu/Workspaces/ros2_ws/install/ros2_pkg/lib/python3.8/site-packages/scripts/action_client.py'...
[2.491s] -- Up-to-date: /home/ubuntu/Workspaces/ros2_ws/install/ros2_pkg/lib/ros2_pkg/publisher.py
[2.492s] -- Up-to-date: /home/ubuntu/Workspaces/ros2_ws/install/ros2_pkg/lib/ros2_pkg/subscriber.py
[2.493s] -- Up-to-date: /home/ubuntu/Workspaces/ros2_ws/install/ros2_pkg/lib/ros2_pkg/rpm_pub.py
[2.493s] -- Up-to-date: /home/ubuntu/Workspaces/ros2_ws/install/ros2_pkg/lib/ros2_pkg/speed_calc.py
[2.494s] -- Up-to-date: /home/ubuntu/Workspaces/ros2_ws/install/ros2_pkg/lib/ros2_pkg/service_server.py
[2.494s] -- Up-to-date: /home/ubuntu/Workspaces/ros2_ws/install/ros2_pkg/lib/ros2_pkg/service_client.py
[2.495s] -- Up-to-date: /home/ubuntu/Workspaces/ros2_ws/install/ros2_pkg/lib/ros2_pkg/turn_camera_server.py
[2.495s] -- Up-to-date: /home/ubuntu/Workspaces/ros2_ws/install/ros2_pkg/lib/ros2_pkg/turn_camera_client.py
[2.496s] -- Up-to-date: /home/ubuntu/Workspaces/ros2_ws/install/ros2_pkg/lib/ros2_pkg/action_server.py
[2.497s] -- Installing: /home/ubuntu/Workspaces/ros2_ws/install/ros2_pkg/lib/ros2_pkg/action_client.py
[2.497s] -- Up-to-date: /home/ubuntu/Workspaces/ros2_ws/install/ros2_pkg/share/ros2_pkg//launch
[2.497s] -- Up-to-date: /home/ubuntu/Workspaces/ros2_ws/install/ros2_pkg/share/ros2_pkg//launch/node.launch.py
[2.498s] -- Up-to-date: /home/ubuntu/Workspaces/ros2_ws/install/ros2_pkg/share/ament_index/resource_index/package_run_dependencies/ros2_pkg
[2.499s] -- Up-to-date: /home/ubuntu/Workspaces/ros2_ws/install/ros2_pkg/share/ament_index/resource_index/parent_prefix_path/ros2_pkg
[2.499s] -- Up-to-date: /home/ubuntu/Workspaces/ros2_ws/install/ros2_pkg/share/ros2_pkg/environment/ament_prefix_path.sh
[2.500s] -- Up-to-date: /home/ubuntu/Workspaces/ros2_ws/install/ros2_pkg/share/ros2_pkg/environment/ament_prefix_path.dsv
[2.500s] -- Up-to-date: /home/ubuntu/Workspaces/ros2_ws/install/ros2_pkg/share/ros2_pkg/environment/path.sh
[2.501s] -- Up-to-date: /home/ubuntu/Workspaces/ros2_ws/install/ros2_pkg/share/ros2_pkg/environment/path.dsv
[2.501s] -- Up-to-date: /home/ubuntu/Workspaces/ros2_ws/install/ros2_pkg/share/ros2_pkg/local_setup.bash
[2.502s] -- Up-to-date: /home/ubuntu/Workspaces/ros2_ws/install/ros2_pkg/share/ros2_pkg/local_setup.sh
[2.502s] -- Up-to-date: /home/ubuntu/Workspaces/ros2_ws/install/ros2_pkg/share/ros2_pkg/local_setup.zsh
[2.503s] -- Up-to-date: /home/ubuntu/Workspaces/ros2_ws/install/ros2_pkg/share/ros2_pkg/local_setup.dsv
[2.504s] -- Installing: /home/ubuntu/Workspaces/ros2_ws/install/ros2_pkg/share/ros2_pkg/package.dsv
[2.505s] -- Up-to-date: /home/ubuntu/Workspaces/ros2_ws/install/ros2_pkg/share/ament_index/resource_index/packages/ros2_pkg
[2.506s] -- Up-to-date: /home/ubuntu/Workspaces/ros2_ws/install/ros2_pkg/share/ros2_pkg/cmake/ros2_pkg__rosidl_generator_cExport.cmake
[2.507s] -- Up-to-date: /home/ubuntu/Workspaces/ros2_ws/install/ros2_pkg/share/ros2_pkg/cmake/ros2_pkg__rosidl_generator_cExport-noconfig.cmake
[2.508s] -- Up-to-date: /home/ubuntu/Workspaces/ros2_ws/install/ros2_pkg/share/ros2_pkg/cmake/ros2_pkg__rosidl_typesupport_introspection_cExport.cmake
[2.509s] -- Up-to-date: /home/ubuntu/Workspaces/ros2_ws/install/ros2_pkg/share/ros2_pkg/cmake/ros2_pkg__rosidl_typesupport_introspection_cExport-noconfig.cmake
[2.510s] -- Up-to-date: /home/ubuntu/Workspaces/ros2_ws/install/ros2_pkg/share/ros2_pkg/cmake/ros2_pkg__rosidl_typesupport_cExport.cmake
[2.511s] -- Up-to-date: /home/ubuntu/Workspaces/ros2_ws/install/ros2_pkg/share/ros2_pkg/cmake/ros2_pkg__rosidl_typesupport_cExport-noconfig.cmake
[2.512s] -- Up-to-date: /home/ubuntu/Workspaces/ros2_ws/install/ros2_pkg/share/ros2_pkg/cmake/ros2_pkg__rosidl_generator_cppExport.cmake
[2.513s] -- Up-to-date: /home/ubuntu/Workspaces/ros2_ws/install/ros2_pkg/share/ros2_pkg/cmake/ros2_pkg__rosidl_typesupport_introspection_cppExport.cmake
[2.513s] -- Up-to-date: /home/ubuntu/Workspaces/ros2_ws/install/ros2_pkg/share/ros2_pkg/cmake/ros2_pkg__rosidl_typesupport_introspection_cppExport-noconfig.cmake
[2.515s] -- Up-to-date: /home/ubuntu/Workspaces/ros2_ws/install/ros2_pkg/share/ros2_pkg/cmake/ros2_pkg__rosidl_typesupport_cppExport.cmake
[2.515s] -- Up-to-date: /home/ubuntu/Workspaces/ros2_ws/install/ros2_pkg/share/ros2_pkg/cmake/ros2_pkg__rosidl_typesupport_cppExport-noconfig.cmake
[2.516s] -- Up-to-date: /home/ubuntu/Workspaces/ros2_ws/install/ros2_pkg/share/ros2_pkg/cmake/rosidl_cmake-extras.cmake
[2.517s] -- Up-to-date: /home/ubuntu/Workspaces/ros2_ws/install/ros2_pkg/share/ros2_pkg/cmake/ament_cmake_export_dependencies-extras.cmake
[2.517s] -- Up-to-date: /home/ubuntu/Workspaces/ros2_ws/install/ros2_pkg/share/ros2_pkg/cmake/ament_cmake_export_libraries-extras.cmake
[2.518s] -- Up-to-date: /home/ubuntu/Workspaces/ros2_ws/install/ros2_pkg/share/ros2_pkg/cmake/ament_cmake_export_targets-extras.cmake
[2.519s] -- Up-to-date: /home/ubuntu/Workspaces/ros2_ws/install/ros2_pkg/share/ros2_pkg/cmake/ament_cmake_export_include_directories-extras.cmake
[2.520s] -- Up-to-date: /home/ubuntu/Workspaces/ros2_ws/install/ros2_pkg/share/ros2_pkg/cmake/rosidl_cmake_export_typesupport_libraries-extras.cmake
[2.521s] -- Up-to-date: /home/ubuntu/Workspaces/ros2_ws/install/ros2_pkg/share/ros2_pkg/cmake/rosidl_cmake_export_typesupport_targets-extras.cmake
[2.522s] -- Up-to-date: /home/ubuntu/Workspaces/ros2_ws/install/ros2_pkg/share/ros2_pkg/cmake/ros2_pkgConfig.cmake
[2.522s] -- Up-to-date: /home/ubuntu/Workspaces/ros2_ws/install/ros2_pkg/share/ros2_pkg/cmake/ros2_pkgConfig-version.cmake
[2.523s] -- Up-to-date: /home/ubuntu/Workspaces/ros2_ws/install/ros2_pkg/share/ros2_pkg/package.xml
[2.536s] Invoked command in '/home/ubuntu/Workspaces/ros2_ws/build/ros2_pkg' returned '0': CMAKE_PREFIX_PATH=${CMAKE_PREFIX_PATH}:/home/ubuntu/turtlebot3_ws/install/turtlebot3_teleop:/home/ubuntu/turtlebot3_ws/install/turtlebot3_example:/opt/ros/foxy /usr/bin/cmake --install /home/ubuntu/Workspaces/ros2_ws/build/ros2_pkg
