[1.418s] DEBUG:colcon:Command line arguments: ['/usr/bin/colcon', 'build', '--packages-select', 'ros2_pkg']
[1.419s] DEBUG:colcon:Parsed command line arguments: Namespace(allow_overriding=[], ament_cmake_args=None, base_paths=['.'], build_base='build', catkin_cmake_args=None, catkin_skip_building_tests=False, cmake_args=None, cmake_clean_cache=False, cmake_clean_first=False, cmake_force_configure=False, cmake_target=None, cmake_target_skip_unavailable=False, continue_on_error=False, event_handlers=None, executor='parallel', ignore_user_meta=False, install_base='install', log_base=None, log_level=None, main=<bound method BuildVerb.main of <colcon_core.verb.build.BuildVerb object at 0xffff8639a9d0>>, merge_install=False, metas=['./colcon.meta'], packages_above=None, packages_above_and_dependencies=None, packages_above_depth=None, packages_end=None, packages_ignore=None, packages_ignore_regex=None, packages_select=['ros2_pkg'], packages_select_build_failed=False, packages_select_by_dep=None, packages_select_regex=None, packages_select_test_failures=False, packages_skip=None, packages_skip_build_finished=False, packages_skip_by_dep=None, packages_skip_regex=None, packages_skip_test_passed=False, packages_skip_up_to=None, packages_start=None, packages_up_to=None, packages_up_to_regex=None, parallel_workers=4, paths=None, symlink_install=False, test_result_base=None, verb_extension=<colcon_core.verb.build.BuildVerb object at 0xffff8639a9d0>, verb_name='build', verb_parser=<colcon_defaults.argument_parser.defaults.DefaultArgumentsDecorator object at 0xffff8639af40>)
[1.543s] Level 1:colcon.colcon_core.package_discovery:discover_packages(colcon_meta) check parameters
[1.543s] Level 1:colcon.colcon_core.package_discovery:discover_packages(recursive) check parameters
[1.543s] Level 1:colcon.colcon_core.package_discovery:discover_packages(ignore) check parameters
[1.543s] Level 1:colcon.colcon_core.package_discovery:discover_packages(path) check parameters
[1.544s] Level 1:colcon.colcon_core.package_discovery:discover_packages(colcon_meta) discover
[1.544s] Level 1:colcon.colcon_core.package_discovery:discover_packages(recursive) discover
[1.544s] INFO:colcon.colcon_core.package_discovery:Crawling recursively for packages in '/home/ubuntu/Workspaces/ros2_ws'
[1.545s] Level 1:colcon.colcon_core.package_identification:_identify(.) by extensions ['ignore', 'ignore_ament_install']
[1.545s] Level 1:colcon.colcon_core.package_identification:_identify(.) by extension 'ignore'
[1.546s] Level 1:colcon.colcon_core.package_identification:_identify(.) by extension 'ignore_ament_install'
[1.546s] Level 1:colcon.colcon_core.package_identification:_identify(.) by extensions ['colcon_pkg']
[1.546s] Level 1:colcon.colcon_core.package_identification:_identify(.) by extension 'colcon_pkg'
[1.547s] Level 1:colcon.colcon_core.package_identification:_identify(.) by extensions ['colcon_meta']
[1.547s] Level 1:colcon.colcon_core.package_identification:_identify(.) by extension 'colcon_meta'
[1.547s] Level 1:colcon.colcon_core.package_identification:_identify(.) by extensions ['ros']
[1.547s] Level 1:colcon.colcon_core.package_identification:_identify(.) by extension 'ros'
[1.629s] Level 1:colcon.colcon_core.package_identification:_identify(.) by extensions ['cmake', 'python']
[1.630s] Level 1:colcon.colcon_core.package_identification:_identify(.) by extension 'cmake'
[1.630s] Level 1:colcon.colcon_core.package_identification:_identify(.) by extension 'python'
[1.630s] Level 1:colcon.colcon_core.package_identification:_identify(.) by extensions ['python_setup_py']
[1.631s] Level 1:colcon.colcon_core.package_identification:_identify(.) by extension 'python_setup_py'
[1.631s] Level 1:colcon.colcon_core.package_identification:_identify(build) by extensions ['ignore', 'ignore_ament_install']
[1.632s] Level 1:colcon.colcon_core.package_identification:_identify(build) by extension 'ignore'
[1.632s] Level 1:colcon.colcon_core.package_identification:_identify(build) ignored
[1.633s] Level 1:colcon.colcon_core.package_identification:_identify(install) by extensions ['ignore', 'ignore_ament_install']
[1.634s] Level 1:colcon.colcon_core.package_identification:_identify(install) by extension 'ignore'
[1.634s] Level 1:colcon.colcon_core.package_identification:_identify(install) ignored
[1.635s] Level 1:colcon.colcon_core.package_identification:_identify(log) by extensions ['ignore', 'ignore_ament_install']
[1.635s] Level 1:colcon.colcon_core.package_identification:_identify(log) by extension 'ignore'
[1.636s] Level 1:colcon.colcon_core.package_identification:_identify(log) ignored
[1.636s] Level 1:colcon.colcon_core.package_identification:_identify(src) by extensions ['ignore', 'ignore_ament_install']
[1.637s] Level 1:colcon.colcon_core.package_identification:_identify(src) by extension 'ignore'
[1.637s] Level 1:colcon.colcon_core.package_identification:_identify(src) by extension 'ignore_ament_install'
[1.637s] Level 1:colcon.colcon_core.package_identification:_identify(src) by extensions ['colcon_pkg']
[1.637s] Level 1:colcon.colcon_core.package_identification:_identify(src) by extension 'colcon_pkg'
[1.637s] Level 1:colcon.colcon_core.package_identification:_identify(src) by extensions ['colcon_meta']
[1.638s] Level 1:colcon.colcon_core.package_identification:_identify(src) by extension 'colcon_meta'
[1.638s] Level 1:colcon.colcon_core.package_identification:_identify(src) by extensions ['ros']
[1.638s] Level 1:colcon.colcon_core.package_identification:_identify(src) by extension 'ros'
[1.638s] Level 1:colcon.colcon_core.package_identification:_identify(src) by extensions ['cmake', 'python']
[1.639s] Level 1:colcon.colcon_core.package_identification:_identify(src) by extension 'cmake'
[1.639s] Level 1:colcon.colcon_core.package_identification:_identify(src) by extension 'python'
[1.639s] Level 1:colcon.colcon_core.package_identification:_identify(src) by extensions ['python_setup_py']
[1.639s] Level 1:colcon.colcon_core.package_identification:_identify(src) by extension 'python_setup_py'
[1.640s] Level 1:colcon.colcon_core.package_identification:_identify(src/ros2_pkg) by extensions ['ignore', 'ignore_ament_install']
[1.640s] Level 1:colcon.colcon_core.package_identification:_identify(src/ros2_pkg) by extension 'ignore'
[1.641s] Level 1:colcon.colcon_core.package_identification:_identify(src/ros2_pkg) by extension 'ignore_ament_install'
[1.641s] Level 1:colcon.colcon_core.package_identification:_identify(src/ros2_pkg) by extensions ['colcon_pkg']
[1.641s] Level 1:colcon.colcon_core.package_identification:_identify(src/ros2_pkg) by extension 'colcon_pkg'
[1.642s] Level 1:colcon.colcon_core.package_identification:_identify(src/ros2_pkg) by extensions ['colcon_meta']
[1.642s] Level 1:colcon.colcon_core.package_identification:_identify(src/ros2_pkg) by extension 'colcon_meta'
[1.642s] Level 1:colcon.colcon_core.package_identification:_identify(src/ros2_pkg) by extensions ['ros']
[1.642s] Level 1:colcon.colcon_core.package_identification:_identify(src/ros2_pkg) by extension 'ros'
[1.653s] DEBUG:colcon.colcon_core.package_identification:Package 'src/ros2_pkg' with type 'ros.ament_cmake' and name 'ros2_pkg'
[1.653s] Level 1:colcon.colcon_core.package_discovery:discover_packages(recursive) using defaults
[1.654s] Level 1:colcon.colcon_core.package_discovery:discover_packages(ignore) discover
[1.654s] Level 1:colcon.colcon_core.package_discovery:discover_packages(ignore) using defaults
[1.654s] Level 1:colcon.colcon_core.package_discovery:discover_packages(path) discover
[1.654s] Level 1:colcon.colcon_core.package_discovery:discover_packages(path) using defaults
[1.739s] Level 1:colcon.colcon_core.package_discovery:discover_packages(prefix_path) check parameters
[1.739s] Level 1:colcon.colcon_core.package_discovery:discover_packages(prefix_path) discover
[1.758s] DEBUG:colcon.colcon_installed_package_information.package_discovery:Found 1 installed packages in /home/ubuntu/Workspaces/ros2_ws/install
[1.764s] DEBUG:colcon.colcon_installed_package_information.package_discovery:Found 6 installed packages in /home/ubuntu/turtlebot3_ws/install
[1.775s] DEBUG:colcon.colcon_installed_package_information.package_discovery:Found 259 installed packages in /opt/ros/foxy
[1.783s] Level 1:colcon.colcon_core.package_discovery:discover_packages(prefix_path) using defaults
[2.130s] Level 5:colcon.colcon_core.verb:set package 'ros2_pkg' build argument 'cmake_args' from command line to 'None'
[2.131s] Level 5:colcon.colcon_core.verb:set package 'ros2_pkg' build argument 'cmake_target' from command line to 'None'
[2.131s] Level 5:colcon.colcon_core.verb:set package 'ros2_pkg' build argument 'cmake_target_skip_unavailable' from command line to 'False'
[2.131s] Level 5:colcon.colcon_core.verb:set package 'ros2_pkg' build argument 'cmake_clean_cache' from command line to 'False'
[2.131s] Level 5:colcon.colcon_core.verb:set package 'ros2_pkg' build argument 'cmake_clean_first' from command line to 'False'
[2.131s] Level 5:colcon.colcon_core.verb:set package 'ros2_pkg' build argument 'cmake_force_configure' from command line to 'False'
[2.131s] Level 5:colcon.colcon_core.verb:set package 'ros2_pkg' build argument 'ament_cmake_args' from command line to 'None'
[2.132s] Level 5:colcon.colcon_core.verb:set package 'ros2_pkg' build argument 'catkin_cmake_args' from command line to 'None'
[2.132s] Level 5:colcon.colcon_core.verb:set package 'ros2_pkg' build argument 'catkin_skip_building_tests' from command line to 'False'
[2.132s] DEBUG:colcon.colcon_core.verb:Building package 'ros2_pkg' with the following arguments: {'ament_cmake_args': None, 'build_base': '/home/ubuntu/Workspaces/ros2_ws/build/ros2_pkg', 'catkin_cmake_args': None, 'catkin_skip_building_tests': False, 'cmake_args': None, 'cmake_clean_cache': False, 'cmake_clean_first': False, 'cmake_force_configure': False, 'cmake_target': None, 'cmake_target_skip_unavailable': False, 'install_base': '/home/ubuntu/Workspaces/ros2_ws/install/ros2_pkg', 'merge_install': False, 'path': '/home/ubuntu/Workspaces/ros2_ws/src/ros2_pkg', 'symlink_install': False, 'test_result_base': None}
[2.135s] INFO:colcon.colcon_core.executor:Executing jobs using 'parallel' executor
[2.151s] DEBUG:colcon.colcon_parallel_executor.executor.parallel:run_until_complete
[2.152s] INFO:colcon.colcon_ros.task.ament_cmake.build:Building ROS package in '/home/ubuntu/Workspaces/ros2_ws/src/ros2_pkg' with build type 'ament_cmake'
[2.153s] INFO:colcon.colcon_cmake.task.cmake.build:Building CMake package in '/home/ubuntu/Workspaces/ros2_ws/src/ros2_pkg'
[2.173s] INFO:colcon.colcon_core.plugin_system:Skipping extension 'colcon_core.shell.bat': Not used on non-Windows systems
[2.174s] INFO:colcon.colcon_core.shell:Skip shell extension 'powershell' for command environment: Not usable outside of PowerShell
[2.174s] DEBUG:colcon.colcon_core.shell:Skip shell extension 'dsv' for command environment
[2.231s] DEBUG:colcon.colcon_core.event_handler.log_command:Invoking command in '/home/ubuntu/Workspaces/ros2_ws/build/ros2_pkg': CMAKE_PREFIX_PATH=${CMAKE_PREFIX_PATH}:/home/ubuntu/turtlebot3_ws/install/turtlebot3_teleop:/home/ubuntu/turtlebot3_ws/install/turtlebot3_example:/opt/ros/foxy /usr/bin/cmake --build /home/ubuntu/Workspaces/ros2_ws/build/ros2_pkg -- -j4 -l4
[6.361s] DEBUG:colcon.colcon_core.event_handler.log_command:Invoked command in '/home/ubuntu/Workspaces/ros2_ws/build/ros2_pkg' returned '2': CMAKE_PREFIX_PATH=${CMAKE_PREFIX_PATH}:/home/ubuntu/turtlebot3_ws/install/turtlebot3_teleop:/home/ubuntu/turtlebot3_ws/install/turtlebot3_example:/opt/ros/foxy /usr/bin/cmake --build /home/ubuntu/Workspaces/ros2_ws/build/ros2_pkg -- -j4 -l4
[6.754s] Level 1:colcon.colcon_core.environment:create_environment_scripts_only(ros2_pkg)
[6.777s] Level 1:colcon.colcon_core.environment:checking '/home/ubuntu/Workspaces/ros2_ws/install/ros2_pkg' for CMake module files
[6.782s] Level 1:colcon.colcon_core.environment:checking '/home/ubuntu/Workspaces/ros2_ws/install/ros2_pkg' for CMake config files
[6.786s] Level 1:colcon.colcon_core.shell:create_environment_hook('ros2_pkg', 'cmake_prefix_path')
[6.793s] INFO:colcon.colcon_core.shell:Creating environment hook '/home/ubuntu/Workspaces/ros2_ws/install/ros2_pkg/share/ros2_pkg/hook/cmake_prefix_path.ps1'
[6.796s] INFO:colcon.colcon_core.shell:Creating environment descriptor '/home/ubuntu/Workspaces/ros2_ws/install/ros2_pkg/share/ros2_pkg/hook/cmake_prefix_path.dsv'
[6.798s] INFO:colcon.colcon_core.shell:Creating environment hook '/home/ubuntu/Workspaces/ros2_ws/install/ros2_pkg/share/ros2_pkg/hook/cmake_prefix_path.sh'
[6.803s] Level 1:colcon.colcon_core.environment:checking '/home/ubuntu/Workspaces/ros2_ws/install/ros2_pkg/lib'
[6.804s] Level 1:colcon.colcon_core.shell:create_environment_hook('ros2_pkg', 'ld_library_path_lib')
[6.811s] INFO:colcon.colcon_core.shell:Creating environment hook '/home/ubuntu/Workspaces/ros2_ws/install/ros2_pkg/share/ros2_pkg/hook/ld_library_path_lib.ps1'
[6.813s] INFO:colcon.colcon_core.shell:Creating environment descriptor '/home/ubuntu/Workspaces/ros2_ws/install/ros2_pkg/share/ros2_pkg/hook/ld_library_path_lib.dsv'
[6.815s] INFO:colcon.colcon_core.shell:Creating environment hook '/home/ubuntu/Workspaces/ros2_ws/install/ros2_pkg/share/ros2_pkg/hook/ld_library_path_lib.sh'
[6.817s] Level 1:colcon.colcon_core.environment:checking '/home/ubuntu/Workspaces/ros2_ws/install/ros2_pkg/bin'
[6.818s] Level 1:colcon.colcon_core.environment:checking '/home/ubuntu/Workspaces/ros2_ws/install/ros2_pkg/lib/pkgconfig/ros2_pkg.pc'
[6.819s] Level 1:colcon.colcon_core.environment:checking '/home/ubuntu/Workspaces/ros2_ws/install/ros2_pkg/lib/python3.8/site-packages'
[6.819s] Level 1:colcon.colcon_core.shell:create_environment_hook('ros2_pkg', 'pythonpath')
[6.826s] INFO:colcon.colcon_core.shell:Creating environment hook '/home/ubuntu/Workspaces/ros2_ws/install/ros2_pkg/share/ros2_pkg/hook/pythonpath.ps1'
[6.828s] INFO:colcon.colcon_core.shell:Creating environment descriptor '/home/ubuntu/Workspaces/ros2_ws/install/ros2_pkg/share/ros2_pkg/hook/pythonpath.dsv'
[6.830s] INFO:colcon.colcon_core.shell:Creating environment hook '/home/ubuntu/Workspaces/ros2_ws/install/ros2_pkg/share/ros2_pkg/hook/pythonpath.sh'
[6.833s] Level 1:colcon.colcon_core.environment:checking '/home/ubuntu/Workspaces/ros2_ws/install/ros2_pkg/bin'
[6.840s] INFO:colcon.colcon_core.shell:Creating package script '/home/ubuntu/Workspaces/ros2_ws/install/ros2_pkg/share/ros2_pkg/package.ps1'
[6.844s] INFO:colcon.colcon_core.shell:Creating package descriptor '/home/ubuntu/Workspaces/ros2_ws/install/ros2_pkg/share/ros2_pkg/package.dsv'
[6.847s] INFO:colcon.colcon_core.shell:Creating package script '/home/ubuntu/Workspaces/ros2_ws/install/ros2_pkg/share/ros2_pkg/package.sh'
[6.851s] INFO:colcon.colcon_core.shell:Creating package script '/home/ubuntu/Workspaces/ros2_ws/install/ros2_pkg/share/ros2_pkg/package.bash'
[6.855s] INFO:colcon.colcon_core.shell:Creating package script '/home/ubuntu/Workspaces/ros2_ws/install/ros2_pkg/share/ros2_pkg/package.zsh'
[6.859s] Level 1:colcon.colcon_core.environment:create_file_with_runtime_dependencies(/home/ubuntu/Workspaces/ros2_ws/install/ros2_pkg/share/colcon-core/packages/ros2_pkg)
[6.871s] DEBUG:colcon.colcon_parallel_executor.executor.parallel:closing loop
[6.872s] DEBUG:colcon.colcon_parallel_executor.executor.parallel:loop closed
[6.872s] DEBUG:colcon.colcon_parallel_executor.executor.parallel:run_until_complete finished with '2'
[6.872s] DEBUG:colcon.colcon_core.event_reactor:joining thread
[6.894s] INFO:colcon.colcon_core.plugin_system:Skipping extension 'colcon_notification.desktop_notification.notify_send': Could not find 'notify-send'
[6.895s] INFO:colcon.colcon_core.plugin_system:Skipping extension 'colcon_notification.desktop_notification.terminal_notifier': Not used on non-Darwin systems
[6.896s] INFO:colcon.colcon_core.plugin_system:Skipping extension 'colcon_notification.desktop_notification.win32': Not used on non-Windows systems
[6.896s] INFO:colcon.colcon_notification.desktop_notification:Sending desktop notification using 'notify2'
[6.899s] DEBUG:colcon.colcon_notification.desktop_notification.notify2:Failed to initialize notify2: org.freedesktop.DBus.Error.ServiceUnknown: The name org.freedesktop.Notifications was not provided by any .service files
[6.900s] DEBUG:colcon.colcon_core.event_reactor:joined thread
[6.906s] INFO:colcon.colcon_core.shell:Creating prefix script '/home/ubuntu/Workspaces/ros2_ws/install/local_setup.ps1'
[6.910s] INFO:colcon.colcon_core.shell:Creating prefix util module '/home/ubuntu/Workspaces/ros2_ws/install/_local_setup_util_ps1.py'
[6.916s] INFO:colcon.colcon_core.shell:Creating prefix chain script '/home/ubuntu/Workspaces/ros2_ws/install/setup.ps1'
[6.924s] INFO:colcon.colcon_core.shell:Creating prefix script '/home/ubuntu/Workspaces/ros2_ws/install/local_setup.sh'
[6.926s] INFO:colcon.colcon_core.shell:Creating prefix util module '/home/ubuntu/Workspaces/ros2_ws/install/_local_setup_util_sh.py'
[6.929s] INFO:colcon.colcon_core.shell:Creating prefix chain script '/home/ubuntu/Workspaces/ros2_ws/install/setup.sh'
[6.937s] INFO:colcon.colcon_core.shell:Creating prefix script '/home/ubuntu/Workspaces/ros2_ws/install/local_setup.bash'
[6.939s] INFO:colcon.colcon_core.shell:Creating prefix chain script '/home/ubuntu/Workspaces/ros2_ws/install/setup.bash'
[6.948s] INFO:colcon.colcon_core.shell:Creating prefix script '/home/ubuntu/Workspaces/ros2_ws/install/local_setup.zsh'
[6.950s] INFO:colcon.colcon_core.shell:Creating prefix chain script '/home/ubuntu/Workspaces/ros2_ws/install/setup.zsh'
