[0.249s] DEBUG:colcon:Command line arguments: ['/usr/bin/colcon', 'build']
[0.249s] DEBUG:colcon:Parsed command line arguments: Namespace(allow_overriding=[], ament_cmake_args=None, base_paths=['.'], build_base='build', catkin_cmake_args=None, catkin_skip_building_tests=False, cmake_args=None, cmake_clean_cache=False, cmake_clean_first=False, cmake_force_configure=False, cmake_target=None, cmake_target_skip_unavailable=False, continue_on_error=False, event_handlers=None, executor='parallel', ignore_user_meta=False, install_base='install', log_base=None, log_level=None, main=<bound method BuildVerb.main of <colcon_core.verb.build.BuildVerb object at 0x7f8d40cf8d30>>, merge_install=False, metas=['./colcon.meta'], packages_above=None, packages_above_and_dependencies=None, packages_above_depth=None, packages_end=None, packages_ignore=None, packages_ignore_regex=None, packages_select=None, packages_select_build_failed=False, packages_select_by_dep=None, packages_select_regex=None, packages_select_test_failures=False, packages_skip=None, packages_skip_build_finished=False, packages_skip_by_dep=None, packages_skip_regex=None, packages_skip_test_passed=False, packages_skip_up_to=None, packages_start=None, packages_up_to=None, packages_up_to_regex=None, parallel_workers=12, paths=None, symlink_install=False, test_result_base=None, verb_extension=<colcon_core.verb.build.BuildVerb object at 0x7f8d40cf8d30>, verb_name='build', verb_parser=<colcon_defaults.argument_parser.defaults.DefaultArgumentsDecorator object at 0x7f8d40d042e0>)
[0.269s] Level 1:colcon.colcon_core.package_discovery:discover_packages(colcon_meta) check parameters
[0.269s] Level 1:colcon.colcon_core.package_discovery:discover_packages(recursive) check parameters
[0.269s] Level 1:colcon.colcon_core.package_discovery:discover_packages(ignore) check parameters
[0.270s] Level 1:colcon.colcon_core.package_discovery:discover_packages(path) check parameters
[0.270s] Level 1:colcon.colcon_core.package_discovery:discover_packages(colcon_meta) discover
[0.270s] Level 1:colcon.colcon_core.package_discovery:discover_packages(recursive) discover
[0.270s] INFO:colcon.colcon_core.package_discovery:Crawling recursively for packages in '/home/hal468a/Workspaces/ros2_ws'
[0.270s] Level 1:colcon.colcon_core.package_identification:_identify(.) by extensions ['ignore', 'ignore_ament_install']
[0.270s] Level 1:colcon.colcon_core.package_identification:_identify(.) by extension 'ignore'
[0.270s] Level 1:colcon.colcon_core.package_identification:_identify(.) by extension 'ignore_ament_install'
[0.270s] Level 1:colcon.colcon_core.package_identification:_identify(.) by extensions ['colcon_pkg']
[0.270s] Level 1:colcon.colcon_core.package_identification:_identify(.) by extension 'colcon_pkg'
[0.270s] Level 1:colcon.colcon_core.package_identification:_identify(.) by extensions ['colcon_meta']
[0.270s] Level 1:colcon.colcon_core.package_identification:_identify(.) by extension 'colcon_meta'
[0.270s] Level 1:colcon.colcon_core.package_identification:_identify(.) by extensions ['ros']
[0.270s] Level 1:colcon.colcon_core.package_identification:_identify(.) by extension 'ros'
[0.284s] Level 1:colcon.colcon_core.package_identification:_identify(.) by extensions ['cmake', 'python']
[0.284s] Level 1:colcon.colcon_core.package_identification:_identify(.) by extension 'cmake'
[0.284s] Level 1:colcon.colcon_core.package_identification:_identify(.) by extension 'python'
[0.284s] Level 1:colcon.colcon_core.package_identification:_identify(.) by extensions ['python_setup_py']
[0.284s] Level 1:colcon.colcon_core.package_identification:_identify(.) by extension 'python_setup_py'
[0.285s] Level 1:colcon.colcon_core.package_identification:_identify(build) by extensions ['ignore', 'ignore_ament_install']
[0.285s] Level 1:colcon.colcon_core.package_identification:_identify(build) by extension 'ignore'
[0.285s] Level 1:colcon.colcon_core.package_identification:_identify(build) ignored
[0.285s] Level 1:colcon.colcon_core.package_identification:_identify(install) by extensions ['ignore', 'ignore_ament_install']
[0.285s] Level 1:colcon.colcon_core.package_identification:_identify(install) by extension 'ignore'
[0.285s] Level 1:colcon.colcon_core.package_identification:_identify(install) ignored
[0.285s] Level 1:colcon.colcon_core.package_identification:_identify(log) by extensions ['ignore', 'ignore_ament_install']
[0.285s] Level 1:colcon.colcon_core.package_identification:_identify(log) by extension 'ignore'
[0.285s] Level 1:colcon.colcon_core.package_identification:_identify(log) ignored
[0.285s] Level 1:colcon.colcon_core.package_identification:_identify(src) by extensions ['ignore', 'ignore_ament_install']
[0.285s] Level 1:colcon.colcon_core.package_identification:_identify(src) by extension 'ignore'
[0.285s] Level 1:colcon.colcon_core.package_identification:_identify(src) by extension 'ignore_ament_install'
[0.285s] Level 1:colcon.colcon_core.package_identification:_identify(src) by extensions ['colcon_pkg']
[0.286s] Level 1:colcon.colcon_core.package_identification:_identify(src) by extension 'colcon_pkg'
[0.286s] Level 1:colcon.colcon_core.package_identification:_identify(src) by extensions ['colcon_meta']
[0.286s] Level 1:colcon.colcon_core.package_identification:_identify(src) by extension 'colcon_meta'
[0.286s] Level 1:colcon.colcon_core.package_identification:_identify(src) by extensions ['ros']
[0.286s] Level 1:colcon.colcon_core.package_identification:_identify(src) by extension 'ros'
[0.286s] Level 1:colcon.colcon_core.package_identification:_identify(src) by extensions ['cmake', 'python']
[0.286s] Level 1:colcon.colcon_core.package_identification:_identify(src) by extension 'cmake'
[0.286s] Level 1:colcon.colcon_core.package_identification:_identify(src) by extension 'python'
[0.286s] Level 1:colcon.colcon_core.package_identification:_identify(src) by extensions ['python_setup_py']
[0.286s] Level 1:colcon.colcon_core.package_identification:_identify(src) by extension 'python_setup_py'
[0.286s] Level 1:colcon.colcon_core.package_identification:_identify(src/cv_basics) by extensions ['ignore', 'ignore_ament_install']
[0.286s] Level 1:colcon.colcon_core.package_identification:_identify(src/cv_basics) by extension 'ignore'
[0.286s] Level 1:colcon.colcon_core.package_identification:_identify(src/cv_basics) by extension 'ignore_ament_install'
[0.286s] Level 1:colcon.colcon_core.package_identification:_identify(src/cv_basics) by extensions ['colcon_pkg']
[0.286s] Level 1:colcon.colcon_core.package_identification:_identify(src/cv_basics) by extension 'colcon_pkg'
[0.286s] Level 1:colcon.colcon_core.package_identification:_identify(src/cv_basics) by extensions ['colcon_meta']
[0.286s] Level 1:colcon.colcon_core.package_identification:_identify(src/cv_basics) by extension 'colcon_meta'
[0.286s] Level 1:colcon.colcon_core.package_identification:_identify(src/cv_basics) by extensions ['ros']
[0.286s] Level 1:colcon.colcon_core.package_identification:_identify(src/cv_basics) by extension 'ros'
[0.288s] DEBUG:colcon.colcon_core.package_identification:Package 'src/cv_basics' with type 'ros.ament_python' and name 'cv_basics'
[0.289s] Level 1:colcon.colcon_core.package_identification:_identify(src/ros2_pkg) by extensions ['ignore', 'ignore_ament_install']
[0.289s] Level 1:colcon.colcon_core.package_identification:_identify(src/ros2_pkg) by extension 'ignore'
[0.289s] Level 1:colcon.colcon_core.package_identification:_identify(src/ros2_pkg) by extension 'ignore_ament_install'
[0.289s] Level 1:colcon.colcon_core.package_identification:_identify(src/ros2_pkg) by extensions ['colcon_pkg']
[0.289s] Level 1:colcon.colcon_core.package_identification:_identify(src/ros2_pkg) by extension 'colcon_pkg'
[0.289s] Level 1:colcon.colcon_core.package_identification:_identify(src/ros2_pkg) by extensions ['colcon_meta']
[0.289s] Level 1:colcon.colcon_core.package_identification:_identify(src/ros2_pkg) by extension 'colcon_meta'
[0.289s] Level 1:colcon.colcon_core.package_identification:_identify(src/ros2_pkg) by extensions ['ros']
[0.289s] Level 1:colcon.colcon_core.package_identification:_identify(src/ros2_pkg) by extension 'ros'
[0.289s] DEBUG:colcon.colcon_core.package_identification:Package 'src/ros2_pkg' with type 'ros.ament_cmake' and name 'ros2_pkg'
[0.289s] Level 1:colcon.colcon_core.package_discovery:discover_packages(recursive) using defaults
[0.290s] Level 1:colcon.colcon_core.package_discovery:discover_packages(ignore) discover
[0.290s] Level 1:colcon.colcon_core.package_discovery:discover_packages(ignore) using defaults
[0.290s] Level 1:colcon.colcon_core.package_discovery:discover_packages(path) discover
[0.290s] Level 1:colcon.colcon_core.package_discovery:discover_packages(path) using defaults
[0.306s] Level 1:colcon.colcon_core.package_discovery:discover_packages(prefix_path) check parameters
[0.306s] Level 1:colcon.colcon_core.package_discovery:discover_packages(prefix_path) discover
[0.308s] DEBUG:colcon.colcon_installed_package_information.package_discovery:Found 268 installed packages in /opt/ros/galactic
[0.309s] Level 1:colcon.colcon_core.package_discovery:discover_packages(prefix_path) using defaults
[0.370s] Level 5:colcon.colcon_core.verb:set package 'cv_basics' build argument 'cmake_args' from command line to 'None'
[0.370s] Level 5:colcon.colcon_core.verb:set package 'cv_basics' build argument 'cmake_target' from command line to 'None'
[0.371s] Level 5:colcon.colcon_core.verb:set package 'cv_basics' build argument 'cmake_target_skip_unavailable' from command line to 'False'
[0.371s] Level 5:colcon.colcon_core.verb:set package 'cv_basics' build argument 'cmake_clean_cache' from command line to 'False'
[0.371s] Level 5:colcon.colcon_core.verb:set package 'cv_basics' build argument 'cmake_clean_first' from command line to 'False'
[0.371s] Level 5:colcon.colcon_core.verb:set package 'cv_basics' build argument 'cmake_force_configure' from command line to 'False'
[0.371s] Level 5:colcon.colcon_core.verb:set package 'cv_basics' build argument 'ament_cmake_args' from command line to 'None'
[0.371s] Level 5:colcon.colcon_core.verb:set package 'cv_basics' build argument 'catkin_cmake_args' from command line to 'None'
[0.371s] Level 5:colcon.colcon_core.verb:set package 'cv_basics' build argument 'catkin_skip_building_tests' from command line to 'False'
[0.371s] DEBUG:colcon.colcon_core.verb:Building package 'cv_basics' with the following arguments: {'ament_cmake_args': None, 'build_base': '/home/hal468a/Workspaces/ros2_ws/build/cv_basics', 'catkin_cmake_args': None, 'catkin_skip_building_tests': False, 'cmake_args': None, 'cmake_clean_cache': False, 'cmake_clean_first': False, 'cmake_force_configure': False, 'cmake_target': None, 'cmake_target_skip_unavailable': False, 'install_base': '/home/hal468a/Workspaces/ros2_ws/install/cv_basics', 'merge_install': False, 'path': '/home/hal468a/Workspaces/ros2_ws/src/cv_basics', 'symlink_install': False, 'test_result_base': None}
[0.372s] Level 5:colcon.colcon_core.verb:set package 'ros2_pkg' build argument 'cmake_args' from command line to 'None'
[0.372s] Level 5:colcon.colcon_core.verb:set package 'ros2_pkg' build argument 'cmake_target' from command line to 'None'
[0.372s] Level 5:colcon.colcon_core.verb:set package 'ros2_pkg' build argument 'cmake_target_skip_unavailable' from command line to 'False'
[0.372s] Level 5:colcon.colcon_core.verb:set package 'ros2_pkg' build argument 'cmake_clean_cache' from command line to 'False'
[0.372s] Level 5:colcon.colcon_core.verb:set package 'ros2_pkg' build argument 'cmake_clean_first' from command line to 'False'
[0.372s] Level 5:colcon.colcon_core.verb:set package 'ros2_pkg' build argument 'cmake_force_configure' from command line to 'False'
[0.372s] Level 5:colcon.colcon_core.verb:set package 'ros2_pkg' build argument 'ament_cmake_args' from command line to 'None'
[0.372s] Level 5:colcon.colcon_core.verb:set package 'ros2_pkg' build argument 'catkin_cmake_args' from command line to 'None'
[0.372s] Level 5:colcon.colcon_core.verb:set package 'ros2_pkg' build argument 'catkin_skip_building_tests' from command line to 'False'
[0.372s] DEBUG:colcon.colcon_core.verb:Building package 'ros2_pkg' with the following arguments: {'ament_cmake_args': None, 'build_base': '/home/hal468a/Workspaces/ros2_ws/build/ros2_pkg', 'catkin_cmake_args': None, 'catkin_skip_building_tests': False, 'cmake_args': None, 'cmake_clean_cache': False, 'cmake_clean_first': False, 'cmake_force_configure': False, 'cmake_target': None, 'cmake_target_skip_unavailable': False, 'install_base': '/home/hal468a/Workspaces/ros2_ws/install/ros2_pkg', 'merge_install': False, 'path': '/home/hal468a/Workspaces/ros2_ws/src/ros2_pkg', 'symlink_install': False, 'test_result_base': None}
[0.372s] INFO:colcon.colcon_core.executor:Executing jobs using 'parallel' executor
[0.375s] DEBUG:colcon.colcon_parallel_executor.executor.parallel:run_until_complete
[0.375s] INFO:colcon.colcon_ros.task.ament_python.build:Building ROS package in '/home/hal468a/Workspaces/ros2_ws/src/cv_basics' with build type 'ament_python'
[0.375s] Level 1:colcon.colcon_core.shell:create_environment_hook('cv_basics', 'ament_prefix_path')
[0.379s] INFO:colcon.colcon_core.plugin_system:Skipping extension 'colcon_core.shell.bat': Not used on non-Windows systems
[0.379s] INFO:colcon.colcon_core.shell:Creating environment hook '/home/hal468a/Workspaces/ros2_ws/install/cv_basics/share/cv_basics/hook/ament_prefix_path.ps1'
[0.380s] INFO:colcon.colcon_core.shell:Creating environment descriptor '/home/hal468a/Workspaces/ros2_ws/install/cv_basics/share/cv_basics/hook/ament_prefix_path.dsv'
[0.380s] INFO:colcon.colcon_core.shell:Creating environment hook '/home/hal468a/Workspaces/ros2_ws/install/cv_basics/share/cv_basics/hook/ament_prefix_path.sh'
[0.382s] INFO:colcon.colcon_core.shell:Skip shell extension 'powershell' for command environment: Not usable outside of PowerShell
[0.382s] DEBUG:colcon.colcon_core.shell:Skip shell extension 'dsv' for command environment
[0.386s] INFO:colcon.colcon_ros.task.ament_cmake.build:Building ROS package in '/home/hal468a/Workspaces/ros2_ws/src/ros2_pkg' with build type 'ament_cmake'
[0.386s] INFO:colcon.colcon_cmake.task.cmake.build:Building CMake package in '/home/hal468a/Workspaces/ros2_ws/src/ros2_pkg'
[0.387s] INFO:colcon.colcon_core.shell:Skip shell extension 'powershell' for command environment: Not usable outside of PowerShell
[0.388s] DEBUG:colcon.colcon_core.shell:Skip shell extension 'dsv' for command environment
[0.574s] INFO:colcon.colcon_core.task.python.build:Building Python package in '/home/hal468a/Workspaces/ros2_ws/src/cv_basics'
[0.575s] INFO:colcon.colcon_core.shell:Skip shell extension 'powershell' for command environment: Not usable outside of PowerShell
[0.575s] DEBUG:colcon.colcon_core.shell:Skip shell extension 'dsv' for command environment
[0.585s] DEBUG:colcon.colcon_core.event_handler.log_command:Invoking command in '/home/hal468a/Workspaces/ros2_ws/build/ros2_pkg': CMAKE_PREFIX_PATH=/opt/ros/galactic CONDA_PROMPT_MODIFIER=(base) /usr/bin/cmake --build /home/hal468a/Workspaces/ros2_ws/build/ros2_pkg -- -j12 -l12
[0.884s] DEBUG:colcon.colcon_core.event_handler.log_command:Invoking command in '/home/hal468a/Workspaces/ros2_ws/src/cv_basics': CONDA_PROMPT_MODIFIER=(base) PYTHONPATH=/home/hal468a/Workspaces/ros2_ws/build/cv_basics/prefix_override:/home/hal468a/Workspaces/ros2_ws/install/cv_basics/lib/python3.8/site-packages:${PYTHONPATH} /usr/bin/python3 setup.py egg_info --egg-base ../../build/cv_basics build --build-base /home/hal468a/Workspaces/ros2_ws/build/cv_basics/build install --record /home/hal468a/Workspaces/ros2_ws/build/cv_basics/install.log --install-scripts $base/lib/cv_basics --single-version-externally-managed
[1.121s] DEBUG:colcon.colcon_core.event_handler.log_command:Invoked command in '/home/hal468a/Workspaces/ros2_ws/src/cv_basics' returned '0': CONDA_PROMPT_MODIFIER=(base) PYTHONPATH=/home/hal468a/Workspaces/ros2_ws/build/cv_basics/prefix_override:/home/hal468a/Workspaces/ros2_ws/install/cv_basics/lib/python3.8/site-packages:${PYTHONPATH} /usr/bin/python3 setup.py egg_info --egg-base ../../build/cv_basics build --build-base /home/hal468a/Workspaces/ros2_ws/build/cv_basics/build install --record /home/hal468a/Workspaces/ros2_ws/build/cv_basics/install.log --install-scripts $base/lib/cv_basics --single-version-externally-managed
[1.125s] Level 1:colcon.colcon_core.environment:checking '/home/hal468a/Workspaces/ros2_ws/install/cv_basics' for CMake module files
[1.125s] Level 1:colcon.colcon_core.environment:checking '/home/hal468a/Workspaces/ros2_ws/install/cv_basics' for CMake config files
[1.126s] Level 1:colcon.colcon_core.environment:checking '/home/hal468a/Workspaces/ros2_ws/install/cv_basics/lib'
[1.126s] Level 1:colcon.colcon_core.environment:checking '/home/hal468a/Workspaces/ros2_ws/install/cv_basics/bin'
[1.126s] Level 1:colcon.colcon_core.environment:checking '/home/hal468a/Workspaces/ros2_ws/install/cv_basics/lib/pkgconfig/cv_basics.pc'
[1.127s] Level 1:colcon.colcon_core.environment:checking '/home/hal468a/Workspaces/ros2_ws/install/cv_basics/lib/python3.8/site-packages'
[1.127s] Level 1:colcon.colcon_core.shell:create_environment_hook('cv_basics', 'pythonpath')
[1.128s] INFO:colcon.colcon_core.shell:Creating environment hook '/home/hal468a/Workspaces/ros2_ws/install/cv_basics/share/cv_basics/hook/pythonpath.ps1'
[1.128s] INFO:colcon.colcon_core.shell:Creating environment descriptor '/home/hal468a/Workspaces/ros2_ws/install/cv_basics/share/cv_basics/hook/pythonpath.dsv'
[1.128s] INFO:colcon.colcon_core.shell:Creating environment hook '/home/hal468a/Workspaces/ros2_ws/install/cv_basics/share/cv_basics/hook/pythonpath.sh'
[1.129s] Level 1:colcon.colcon_core.environment:checking '/home/hal468a/Workspaces/ros2_ws/install/cv_basics/bin'
[1.129s] Level 1:colcon.colcon_core.environment:create_environment_scripts_only(cv_basics)
[1.130s] INFO:colcon.colcon_core.shell:Creating package script '/home/hal468a/Workspaces/ros2_ws/install/cv_basics/share/cv_basics/package.ps1'
[1.131s] INFO:colcon.colcon_core.shell:Creating package descriptor '/home/hal468a/Workspaces/ros2_ws/install/cv_basics/share/cv_basics/package.dsv'
[1.131s] INFO:colcon.colcon_core.shell:Creating package script '/home/hal468a/Workspaces/ros2_ws/install/cv_basics/share/cv_basics/package.sh'
[1.132s] INFO:colcon.colcon_core.shell:Creating package script '/home/hal468a/Workspaces/ros2_ws/install/cv_basics/share/cv_basics/package.bash'
[1.132s] INFO:colcon.colcon_core.shell:Creating package script '/home/hal468a/Workspaces/ros2_ws/install/cv_basics/share/cv_basics/package.zsh'
[1.133s] Level 1:colcon.colcon_core.environment:create_file_with_runtime_dependencies(/home/hal468a/Workspaces/ros2_ws/install/cv_basics/share/colcon-core/packages/cv_basics)
[5.622s] DEBUG:colcon.colcon_core.event_handler.log_command:Invoked command in '/home/hal468a/Workspaces/ros2_ws/build/ros2_pkg' returned '0': CMAKE_PREFIX_PATH=/opt/ros/galactic CONDA_PROMPT_MODIFIER=(base) /usr/bin/cmake --build /home/hal468a/Workspaces/ros2_ws/build/ros2_pkg -- -j12 -l12
[5.692s] DEBUG:colcon.colcon_core.event_handler.log_command:Invoking command in '/home/hal468a/Workspaces/ros2_ws/build/ros2_pkg': CMAKE_PREFIX_PATH=/opt/ros/galactic CONDA_PROMPT_MODIFIER=(base) /usr/bin/cmake --install /home/hal468a/Workspaces/ros2_ws/build/ros2_pkg
[5.776s] Level 1:colcon.colcon_core.environment:create_environment_scripts_only(ros2_pkg)
[5.780s] Level 1:colcon.colcon_core.environment:checking '/home/hal468a/Workspaces/ros2_ws/install/ros2_pkg' for CMake module files
[5.780s] DEBUG:colcon.colcon_core.event_handler.log_command:Invoked command in '/home/hal468a/Workspaces/ros2_ws/build/ros2_pkg' returned '0': CMAKE_PREFIX_PATH=/opt/ros/galactic CONDA_PROMPT_MODIFIER=(base) /usr/bin/cmake --install /home/hal468a/Workspaces/ros2_ws/build/ros2_pkg
[5.781s] Level 1:colcon.colcon_core.environment:checking '/home/hal468a/Workspaces/ros2_ws/install/ros2_pkg' for CMake config files
[5.781s] Level 1:colcon.colcon_core.shell:create_environment_hook('ros2_pkg', 'cmake_prefix_path')
[5.783s] INFO:colcon.colcon_core.shell:Creating environment hook '/home/hal468a/Workspaces/ros2_ws/install/ros2_pkg/share/ros2_pkg/hook/cmake_prefix_path.ps1'
[5.784s] INFO:colcon.colcon_core.shell:Creating environment descriptor '/home/hal468a/Workspaces/ros2_ws/install/ros2_pkg/share/ros2_pkg/hook/cmake_prefix_path.dsv'
[5.784s] INFO:colcon.colcon_core.shell:Creating environment hook '/home/hal468a/Workspaces/ros2_ws/install/ros2_pkg/share/ros2_pkg/hook/cmake_prefix_path.sh'
[5.785s] Level 1:colcon.colcon_core.environment:checking '/home/hal468a/Workspaces/ros2_ws/install/ros2_pkg/lib'
[5.785s] Level 1:colcon.colcon_core.shell:create_environment_hook('ros2_pkg', 'ld_library_path_lib')
[5.786s] INFO:colcon.colcon_core.shell:Creating environment hook '/home/hal468a/Workspaces/ros2_ws/install/ros2_pkg/share/ros2_pkg/hook/ld_library_path_lib.ps1'
[5.787s] INFO:colcon.colcon_core.shell:Creating environment descriptor '/home/hal468a/Workspaces/ros2_ws/install/ros2_pkg/share/ros2_pkg/hook/ld_library_path_lib.dsv'
[5.787s] INFO:colcon.colcon_core.shell:Creating environment hook '/home/hal468a/Workspaces/ros2_ws/install/ros2_pkg/share/ros2_pkg/hook/ld_library_path_lib.sh'
[5.788s] Level 1:colcon.colcon_core.environment:checking '/home/hal468a/Workspaces/ros2_ws/install/ros2_pkg/bin'
[5.788s] Level 1:colcon.colcon_core.environment:checking '/home/hal468a/Workspaces/ros2_ws/install/ros2_pkg/lib/pkgconfig/ros2_pkg.pc'
[5.788s] Level 1:colcon.colcon_core.environment:checking '/home/hal468a/Workspaces/ros2_ws/install/ros2_pkg/lib/python3.8/site-packages'
[5.788s] Level 1:colcon.colcon_core.shell:create_environment_hook('ros2_pkg', 'pythonpath')
[5.790s] INFO:colcon.colcon_core.shell:Creating environment hook '/home/hal468a/Workspaces/ros2_ws/install/ros2_pkg/share/ros2_pkg/hook/pythonpath.ps1'
[5.790s] INFO:colcon.colcon_core.shell:Creating environment descriptor '/home/hal468a/Workspaces/ros2_ws/install/ros2_pkg/share/ros2_pkg/hook/pythonpath.dsv'
[5.791s] INFO:colcon.colcon_core.shell:Creating environment hook '/home/hal468a/Workspaces/ros2_ws/install/ros2_pkg/share/ros2_pkg/hook/pythonpath.sh'
[5.791s] Level 1:colcon.colcon_core.environment:checking '/home/hal468a/Workspaces/ros2_ws/install/ros2_pkg/bin'
[5.793s] INFO:colcon.colcon_core.shell:Creating package script '/home/hal468a/Workspaces/ros2_ws/install/ros2_pkg/share/ros2_pkg/package.ps1'
[5.794s] INFO:colcon.colcon_core.shell:Creating package descriptor '/home/hal468a/Workspaces/ros2_ws/install/ros2_pkg/share/ros2_pkg/package.dsv'
[5.794s] INFO:colcon.colcon_core.shell:Creating package script '/home/hal468a/Workspaces/ros2_ws/install/ros2_pkg/share/ros2_pkg/package.sh'
[5.795s] INFO:colcon.colcon_core.shell:Creating package script '/home/hal468a/Workspaces/ros2_ws/install/ros2_pkg/share/ros2_pkg/package.bash'
[5.795s] INFO:colcon.colcon_core.shell:Creating package script '/home/hal468a/Workspaces/ros2_ws/install/ros2_pkg/share/ros2_pkg/package.zsh'
[5.795s] Level 1:colcon.colcon_core.environment:create_file_with_runtime_dependencies(/home/hal468a/Workspaces/ros2_ws/install/ros2_pkg/share/colcon-core/packages/ros2_pkg)
[5.856s] Level 1:colcon.colcon_core.environment:create_environment_scripts_only(ros2_pkg)
[5.858s] Level 1:colcon.colcon_core.environment:checking '/home/hal468a/Workspaces/ros2_ws/install/ros2_pkg' for CMake module files
[5.858s] Level 1:colcon.colcon_core.environment:checking '/home/hal468a/Workspaces/ros2_ws/install/ros2_pkg' for CMake config files
[5.858s] Level 1:colcon.colcon_core.shell:create_environment_hook('ros2_pkg', 'cmake_prefix_path')
[5.859s] INFO:colcon.colcon_core.shell:Creating environment hook '/home/hal468a/Workspaces/ros2_ws/install/ros2_pkg/share/ros2_pkg/hook/cmake_prefix_path.ps1'
[5.860s] INFO:colcon.colcon_core.shell:Creating environment descriptor '/home/hal468a/Workspaces/ros2_ws/install/ros2_pkg/share/ros2_pkg/hook/cmake_prefix_path.dsv'
[5.860s] INFO:colcon.colcon_core.shell:Creating environment hook '/home/hal468a/Workspaces/ros2_ws/install/ros2_pkg/share/ros2_pkg/hook/cmake_prefix_path.sh'
[5.861s] Level 1:colcon.colcon_core.environment:checking '/home/hal468a/Workspaces/ros2_ws/install/ros2_pkg/lib'
[5.861s] Level 1:colcon.colcon_core.shell:create_environment_hook('ros2_pkg', 'ld_library_path_lib')
[5.862s] INFO:colcon.colcon_core.shell:Creating environment hook '/home/hal468a/Workspaces/ros2_ws/install/ros2_pkg/share/ros2_pkg/hook/ld_library_path_lib.ps1'
[5.862s] INFO:colcon.colcon_core.shell:Creating environment descriptor '/home/hal468a/Workspaces/ros2_ws/install/ros2_pkg/share/ros2_pkg/hook/ld_library_path_lib.dsv'
[5.862s] INFO:colcon.colcon_core.shell:Creating environment hook '/home/hal468a/Workspaces/ros2_ws/install/ros2_pkg/share/ros2_pkg/hook/ld_library_path_lib.sh'
[5.862s] Level 1:colcon.colcon_core.environment:checking '/home/hal468a/Workspaces/ros2_ws/install/ros2_pkg/bin'
[5.863s] Level 1:colcon.colcon_core.environment:checking '/home/hal468a/Workspaces/ros2_ws/install/ros2_pkg/lib/pkgconfig/ros2_pkg.pc'
[5.863s] Level 1:colcon.colcon_core.environment:checking '/home/hal468a/Workspaces/ros2_ws/install/ros2_pkg/lib/python3.8/site-packages'
[5.863s] Level 1:colcon.colcon_core.shell:create_environment_hook('ros2_pkg', 'pythonpath')
[5.864s] INFO:colcon.colcon_core.shell:Creating environment hook '/home/hal468a/Workspaces/ros2_ws/install/ros2_pkg/share/ros2_pkg/hook/pythonpath.ps1'
[5.864s] INFO:colcon.colcon_core.shell:Creating environment descriptor '/home/hal468a/Workspaces/ros2_ws/install/ros2_pkg/share/ros2_pkg/hook/pythonpath.dsv'
[5.864s] INFO:colcon.colcon_core.shell:Creating environment hook '/home/hal468a/Workspaces/ros2_ws/install/ros2_pkg/share/ros2_pkg/hook/pythonpath.sh'
[5.865s] Level 1:colcon.colcon_core.environment:checking '/home/hal468a/Workspaces/ros2_ws/install/ros2_pkg/bin'
[5.866s] INFO:colcon.colcon_core.shell:Creating package script '/home/hal468a/Workspaces/ros2_ws/install/ros2_pkg/share/ros2_pkg/package.ps1'
[5.866s] INFO:colcon.colcon_core.shell:Creating package descriptor '/home/hal468a/Workspaces/ros2_ws/install/ros2_pkg/share/ros2_pkg/package.dsv'
[5.866s] INFO:colcon.colcon_core.shell:Creating package script '/home/hal468a/Workspaces/ros2_ws/install/ros2_pkg/share/ros2_pkg/package.sh'
[5.867s] INFO:colcon.colcon_core.shell:Creating package script '/home/hal468a/Workspaces/ros2_ws/install/ros2_pkg/share/ros2_pkg/package.bash'
[5.867s] INFO:colcon.colcon_core.shell:Creating package script '/home/hal468a/Workspaces/ros2_ws/install/ros2_pkg/share/ros2_pkg/package.zsh'
[5.867s] Level 1:colcon.colcon_core.environment:create_file_with_runtime_dependencies(/home/hal468a/Workspaces/ros2_ws/install/ros2_pkg/share/colcon-core/packages/ros2_pkg)
[5.868s] DEBUG:colcon.colcon_parallel_executor.executor.parallel:closing loop
[5.868s] DEBUG:colcon.colcon_parallel_executor.executor.parallel:loop closed
[5.868s] DEBUG:colcon.colcon_parallel_executor.executor.parallel:run_until_complete finished with '0'
[5.868s] DEBUG:colcon.colcon_core.event_reactor:joining thread
[5.873s] INFO:colcon.colcon_core.plugin_system:Skipping extension 'colcon_notification.desktop_notification.terminal_notifier': Not used on non-Darwin systems
[5.873s] INFO:colcon.colcon_core.plugin_system:Skipping extension 'colcon_notification.desktop_notification.win32': Not used on non-Windows systems
[5.873s] INFO:colcon.colcon_notification.desktop_notification:Sending desktop notification using 'notify2'
[5.880s] DEBUG:colcon.colcon_core.event_reactor:joined thread
[5.882s] INFO:colcon.colcon_core.shell:Creating prefix script '/home/hal468a/Workspaces/ros2_ws/install/local_setup.ps1'
[5.884s] INFO:colcon.colcon_core.shell:Creating prefix util module '/home/hal468a/Workspaces/ros2_ws/install/_local_setup_util_ps1.py'
[5.885s] INFO:colcon.colcon_core.shell:Creating prefix chain script '/home/hal468a/Workspaces/ros2_ws/install/setup.ps1'
[5.887s] INFO:colcon.colcon_core.shell:Creating prefix script '/home/hal468a/Workspaces/ros2_ws/install/local_setup.sh'
[5.887s] INFO:colcon.colcon_core.shell:Creating prefix util module '/home/hal468a/Workspaces/ros2_ws/install/_local_setup_util_sh.py'
[5.888s] INFO:colcon.colcon_core.shell:Creating prefix chain script '/home/hal468a/Workspaces/ros2_ws/install/setup.sh'
[5.889s] INFO:colcon.colcon_core.shell:Creating prefix script '/home/hal468a/Workspaces/ros2_ws/install/local_setup.bash'
[5.890s] INFO:colcon.colcon_core.shell:Creating prefix chain script '/home/hal468a/Workspaces/ros2_ws/install/setup.bash'
[5.891s] INFO:colcon.colcon_core.shell:Creating prefix script '/home/hal468a/Workspaces/ros2_ws/install/local_setup.zsh'
[5.892s] INFO:colcon.colcon_core.shell:Creating prefix chain script '/home/hal468a/Workspaces/ros2_ws/install/setup.zsh'
