[0.271s] DEBUG:colcon:Command line arguments: ['/usr/bin/colcon', 'build']
[0.271s] DEBUG:colcon:Parsed command line arguments: Namespace(allow_overriding=[], ament_cmake_args=None, base_paths=['.'], build_base='build', catkin_cmake_args=None, catkin_skip_building_tests=False, cmake_args=None, cmake_clean_cache=False, cmake_clean_first=False, cmake_force_configure=False, cmake_target=None, cmake_target_skip_unavailable=False, continue_on_error=False, event_handlers=None, executor='parallel', ignore_user_meta=False, install_base='install', log_base=None, log_level=None, main=<bound method BuildVerb.main of <colcon_core.verb.build.BuildVerb object at 0x7fd8c329f580>>, merge_install=False, metas=['./colcon.meta'], packages_above=None, packages_above_and_dependencies=None, packages_above_depth=None, packages_end=None, packages_ignore=None, packages_ignore_regex=None, packages_select=None, packages_select_build_failed=False, packages_select_by_dep=None, packages_select_regex=None, packages_select_test_failures=False, packages_skip=None, packages_skip_build_finished=False, packages_skip_by_dep=None, packages_skip_regex=None, packages_skip_test_passed=False, packages_skip_up_to=None, packages_start=None, packages_up_to=None, packages_up_to_regex=None, parallel_workers=8, paths=None, symlink_install=False, test_result_base=None, verb_extension=<colcon_core.verb.build.BuildVerb object at 0x7fd8c329f580>, verb_name='build', verb_parser=<colcon_defaults.argument_parser.defaults.DefaultArgumentsDecorator object at 0x7fd8c329fac0>)
[0.293s] Level 1:colcon.colcon_core.package_discovery:discover_packages(colcon_meta) check parameters
[0.293s] Level 1:colcon.colcon_core.package_discovery:discover_packages(recursive) check parameters
[0.293s] Level 1:colcon.colcon_core.package_discovery:discover_packages(ignore) check parameters
[0.293s] Level 1:colcon.colcon_core.package_discovery:discover_packages(path) check parameters
[0.293s] Level 1:colcon.colcon_core.package_discovery:discover_packages(colcon_meta) discover
[0.293s] Level 1:colcon.colcon_core.package_discovery:discover_packages(recursive) discover
[0.293s] INFO:colcon.colcon_core.package_discovery:Crawling recursively for packages in '/home/hal468a/Workspaces/ros2_ws'
[0.294s] Level 1:colcon.colcon_core.package_identification:_identify(.) by extensions ['ignore', 'ignore_ament_install']
[0.294s] Level 1:colcon.colcon_core.package_identification:_identify(.) by extension 'ignore'
[0.294s] Level 1:colcon.colcon_core.package_identification:_identify(.) by extension 'ignore_ament_install'
[0.294s] Level 1:colcon.colcon_core.package_identification:_identify(.) by extensions ['colcon_pkg']
[0.294s] Level 1:colcon.colcon_core.package_identification:_identify(.) by extension 'colcon_pkg'
[0.294s] Level 1:colcon.colcon_core.package_identification:_identify(.) by extensions ['colcon_meta']
[0.294s] Level 1:colcon.colcon_core.package_identification:_identify(.) by extension 'colcon_meta'
[0.294s] Level 1:colcon.colcon_core.package_identification:_identify(.) by extensions ['ros']
[0.294s] Level 1:colcon.colcon_core.package_identification:_identify(.) by extension 'ros'
[0.311s] Level 1:colcon.colcon_core.package_identification:_identify(.) by extensions ['cmake', 'python']
[0.311s] Level 1:colcon.colcon_core.package_identification:_identify(.) by extension 'cmake'
[0.311s] Level 1:colcon.colcon_core.package_identification:_identify(.) by extension 'python'
[0.311s] Level 1:colcon.colcon_core.package_identification:_identify(.) by extensions ['python_setup_py']
[0.311s] Level 1:colcon.colcon_core.package_identification:_identify(.) by extension 'python_setup_py'
[0.311s] Level 1:colcon.colcon_core.package_identification:_identify(build) by extensions ['ignore', 'ignore_ament_install']
[0.311s] Level 1:colcon.colcon_core.package_identification:_identify(build) by extension 'ignore'
[0.312s] Level 1:colcon.colcon_core.package_identification:_identify(build) ignored
[0.312s] Level 1:colcon.colcon_core.package_identification:_identify(install) by extensions ['ignore', 'ignore_ament_install']
[0.312s] Level 1:colcon.colcon_core.package_identification:_identify(install) by extension 'ignore'
[0.312s] Level 1:colcon.colcon_core.package_identification:_identify(install) ignored
[0.312s] Level 1:colcon.colcon_core.package_identification:_identify(log) by extensions ['ignore', 'ignore_ament_install']
[0.312s] Level 1:colcon.colcon_core.package_identification:_identify(log) by extension 'ignore'
[0.312s] Level 1:colcon.colcon_core.package_identification:_identify(log) ignored
[0.312s] Level 1:colcon.colcon_core.package_identification:_identify(src) by extensions ['ignore', 'ignore_ament_install']
[0.312s] Level 1:colcon.colcon_core.package_identification:_identify(src) by extension 'ignore'
[0.312s] Level 1:colcon.colcon_core.package_identification:_identify(src) by extension 'ignore_ament_install'
[0.312s] Level 1:colcon.colcon_core.package_identification:_identify(src) by extensions ['colcon_pkg']
[0.312s] Level 1:colcon.colcon_core.package_identification:_identify(src) by extension 'colcon_pkg'
[0.312s] Level 1:colcon.colcon_core.package_identification:_identify(src) by extensions ['colcon_meta']
[0.312s] Level 1:colcon.colcon_core.package_identification:_identify(src) by extension 'colcon_meta'
[0.312s] Level 1:colcon.colcon_core.package_identification:_identify(src) by extensions ['ros']
[0.312s] Level 1:colcon.colcon_core.package_identification:_identify(src) by extension 'ros'
[0.312s] Level 1:colcon.colcon_core.package_identification:_identify(src) by extensions ['cmake', 'python']
[0.312s] Level 1:colcon.colcon_core.package_identification:_identify(src) by extension 'cmake'
[0.313s] Level 1:colcon.colcon_core.package_identification:_identify(src) by extension 'python'
[0.313s] Level 1:colcon.colcon_core.package_identification:_identify(src) by extensions ['python_setup_py']
[0.313s] Level 1:colcon.colcon_core.package_identification:_identify(src) by extension 'python_setup_py'
[0.313s] Level 1:colcon.colcon_core.package_identification:_identify(src/cv_basics) by extensions ['ignore', 'ignore_ament_install']
[0.313s] Level 1:colcon.colcon_core.package_identification:_identify(src/cv_basics) by extension 'ignore'
[0.313s] Level 1:colcon.colcon_core.package_identification:_identify(src/cv_basics) by extension 'ignore_ament_install'
[0.313s] Level 1:colcon.colcon_core.package_identification:_identify(src/cv_basics) by extensions ['colcon_pkg']
[0.313s] Level 1:colcon.colcon_core.package_identification:_identify(src/cv_basics) by extension 'colcon_pkg'
[0.313s] Level 1:colcon.colcon_core.package_identification:_identify(src/cv_basics) by extensions ['colcon_meta']
[0.313s] Level 1:colcon.colcon_core.package_identification:_identify(src/cv_basics) by extension 'colcon_meta'
[0.313s] Level 1:colcon.colcon_core.package_identification:_identify(src/cv_basics) by extensions ['ros']
[0.313s] Level 1:colcon.colcon_core.package_identification:_identify(src/cv_basics) by extension 'ros'
[0.315s] DEBUG:colcon.colcon_core.package_identification:Package 'src/cv_basics' with type 'ros.ament_python' and name 'cv_basics'
[0.316s] Level 1:colcon.colcon_core.package_identification:_identify(src/ros2_pkg) by extensions ['ignore', 'ignore_ament_install']
[0.316s] Level 1:colcon.colcon_core.package_identification:_identify(src/ros2_pkg) by extension 'ignore'
[0.316s] Level 1:colcon.colcon_core.package_identification:_identify(src/ros2_pkg) by extension 'ignore_ament_install'
[0.316s] Level 1:colcon.colcon_core.package_identification:_identify(src/ros2_pkg) by extensions ['colcon_pkg']
[0.316s] Level 1:colcon.colcon_core.package_identification:_identify(src/ros2_pkg) by extension 'colcon_pkg'
[0.316s] Level 1:colcon.colcon_core.package_identification:_identify(src/ros2_pkg) by extensions ['colcon_meta']
[0.316s] Level 1:colcon.colcon_core.package_identification:_identify(src/ros2_pkg) by extension 'colcon_meta'
[0.316s] Level 1:colcon.colcon_core.package_identification:_identify(src/ros2_pkg) by extensions ['ros']
[0.316s] Level 1:colcon.colcon_core.package_identification:_identify(src/ros2_pkg) by extension 'ros'
[0.317s] DEBUG:colcon.colcon_core.package_identification:Package 'src/ros2_pkg' with type 'ros.ament_cmake' and name 'ros2_pkg'
[0.317s] Level 1:colcon.colcon_core.package_discovery:discover_packages(recursive) using defaults
[0.317s] Level 1:colcon.colcon_core.package_discovery:discover_packages(ignore) discover
[0.317s] Level 1:colcon.colcon_core.package_discovery:discover_packages(ignore) using defaults
[0.317s] Level 1:colcon.colcon_core.package_discovery:discover_packages(path) discover
[0.317s] Level 1:colcon.colcon_core.package_discovery:discover_packages(path) using defaults
[0.333s] Level 1:colcon.colcon_core.package_discovery:discover_packages(prefix_path) check parameters
[0.334s] Level 1:colcon.colcon_core.package_discovery:discover_packages(prefix_path) discover
[0.336s] DEBUG:colcon.colcon_installed_package_information.package_discovery:Found 0 installed packages in /home/hal468a/colcon_ws/install
[0.337s] DEBUG:colcon.colcon_installed_package_information.package_discovery:Found 334 installed packages in /opt/ros/foxy
[0.339s] Level 1:colcon.colcon_core.package_discovery:discover_packages(prefix_path) using defaults
[0.409s] Level 5:colcon.colcon_core.verb:set package 'cv_basics' build argument 'cmake_args' from command line to 'None'
[0.409s] Level 5:colcon.colcon_core.verb:set package 'cv_basics' build argument 'cmake_target' from command line to 'None'
[0.409s] Level 5:colcon.colcon_core.verb:set package 'cv_basics' build argument 'cmake_target_skip_unavailable' from command line to 'False'
[0.409s] Level 5:colcon.colcon_core.verb:set package 'cv_basics' build argument 'cmake_clean_cache' from command line to 'False'
[0.410s] Level 5:colcon.colcon_core.verb:set package 'cv_basics' build argument 'cmake_clean_first' from command line to 'False'
[0.410s] Level 5:colcon.colcon_core.verb:set package 'cv_basics' build argument 'cmake_force_configure' from command line to 'False'
[0.410s] Level 5:colcon.colcon_core.verb:set package 'cv_basics' build argument 'ament_cmake_args' from command line to 'None'
[0.410s] Level 5:colcon.colcon_core.verb:set package 'cv_basics' build argument 'catkin_cmake_args' from command line to 'None'
[0.410s] Level 5:colcon.colcon_core.verb:set package 'cv_basics' build argument 'catkin_skip_building_tests' from command line to 'False'
[0.410s] DEBUG:colcon.colcon_core.verb:Building package 'cv_basics' with the following arguments: {'ament_cmake_args': None, 'build_base': '/home/hal468a/Workspaces/ros2_ws/build/cv_basics', 'catkin_cmake_args': None, 'catkin_skip_building_tests': False, 'cmake_args': None, 'cmake_clean_cache': False, 'cmake_clean_first': False, 'cmake_force_configure': False, 'cmake_target': None, 'cmake_target_skip_unavailable': False, 'install_base': '/home/hal468a/Workspaces/ros2_ws/install/cv_basics', 'merge_install': False, 'path': '/home/hal468a/Workspaces/ros2_ws/src/cv_basics', 'symlink_install': False, 'test_result_base': None}
[0.410s] Level 5:colcon.colcon_core.verb:set package 'ros2_pkg' build argument 'cmake_args' from command line to 'None'
[0.411s] Level 5:colcon.colcon_core.verb:set package 'ros2_pkg' build argument 'cmake_target' from command line to 'None'
[0.411s] Level 5:colcon.colcon_core.verb:set package 'ros2_pkg' build argument 'cmake_target_skip_unavailable' from command line to 'False'
[0.411s] Level 5:colcon.colcon_core.verb:set package 'ros2_pkg' build argument 'cmake_clean_cache' from command line to 'False'
[0.411s] Level 5:colcon.colcon_core.verb:set package 'ros2_pkg' build argument 'cmake_clean_first' from command line to 'False'
[0.411s] Level 5:colcon.colcon_core.verb:set package 'ros2_pkg' build argument 'cmake_force_configure' from command line to 'False'
[0.411s] Level 5:colcon.colcon_core.verb:set package 'ros2_pkg' build argument 'ament_cmake_args' from command line to 'None'
[0.411s] Level 5:colcon.colcon_core.verb:set package 'ros2_pkg' build argument 'catkin_cmake_args' from command line to 'None'
[0.411s] Level 5:colcon.colcon_core.verb:set package 'ros2_pkg' build argument 'catkin_skip_building_tests' from command line to 'False'
[0.411s] DEBUG:colcon.colcon_core.verb:Building package 'ros2_pkg' with the following arguments: {'ament_cmake_args': None, 'build_base': '/home/hal468a/Workspaces/ros2_ws/build/ros2_pkg', 'catkin_cmake_args': None, 'catkin_skip_building_tests': False, 'cmake_args': None, 'cmake_clean_cache': False, 'cmake_clean_first': False, 'cmake_force_configure': False, 'cmake_target': None, 'cmake_target_skip_unavailable': False, 'install_base': '/home/hal468a/Workspaces/ros2_ws/install/ros2_pkg', 'merge_install': False, 'path': '/home/hal468a/Workspaces/ros2_ws/src/ros2_pkg', 'symlink_install': False, 'test_result_base': None}
[0.411s] INFO:colcon.colcon_core.executor:Executing jobs using 'parallel' executor
[0.414s] DEBUG:colcon.colcon_parallel_executor.executor.parallel:run_until_complete
[0.414s] INFO:colcon.colcon_ros.task.ament_python.build:Building ROS package in '/home/hal468a/Workspaces/ros2_ws/src/cv_basics' with build type 'ament_python'
[0.414s] Level 1:colcon.colcon_core.shell:create_environment_hook('cv_basics', 'ament_prefix_path')
[0.418s] INFO:colcon.colcon_core.plugin_system:Skipping extension 'colcon_core.shell.bat': Not used on non-Windows systems
[0.418s] INFO:colcon.colcon_core.shell:Creating environment hook '/home/hal468a/Workspaces/ros2_ws/install/cv_basics/share/cv_basics/hook/ament_prefix_path.ps1'
[0.419s] INFO:colcon.colcon_core.shell:Creating environment descriptor '/home/hal468a/Workspaces/ros2_ws/install/cv_basics/share/cv_basics/hook/ament_prefix_path.dsv'
[0.419s] INFO:colcon.colcon_core.shell:Creating environment hook '/home/hal468a/Workspaces/ros2_ws/install/cv_basics/share/cv_basics/hook/ament_prefix_path.sh'
[0.421s] INFO:colcon.colcon_core.shell:Skip shell extension 'powershell' for command environment: Not usable outside of PowerShell
[0.421s] DEBUG:colcon.colcon_core.shell:Skip shell extension 'dsv' for command environment
[0.426s] INFO:colcon.colcon_ros.task.ament_cmake.build:Building ROS package in '/home/hal468a/Workspaces/ros2_ws/src/ros2_pkg' with build type 'ament_cmake'
[0.427s] INFO:colcon.colcon_cmake.task.cmake.build:Building CMake package in '/home/hal468a/Workspaces/ros2_ws/src/ros2_pkg'
[0.428s] INFO:colcon.colcon_core.shell:Skip shell extension 'powershell' for command environment: Not usable outside of PowerShell
[0.428s] DEBUG:colcon.colcon_core.shell:Skip shell extension 'dsv' for command environment
[0.628s] INFO:colcon.colcon_core.task.python.build:Building Python package in '/home/hal468a/Workspaces/ros2_ws/src/cv_basics'
[0.629s] INFO:colcon.colcon_core.shell:Skip shell extension 'powershell' for command environment: Not usable outside of PowerShell
[0.629s] DEBUG:colcon.colcon_core.shell:Skip shell extension 'dsv' for command environment
[0.639s] DEBUG:colcon.colcon_core.event_handler.log_command:Invoking command in '/home/hal468a/Workspaces/ros2_ws/build/ros2_pkg': CMAKE_PREFIX_PATH=/opt/ros/foxy MY_IP=140.115.54.146 /usr/bin/cmake /home/hal468a/Workspaces/ros2_ws/src/ros2_pkg -DCMAKE_INSTALL_PREFIX=/home/hal468a/Workspaces/ros2_ws/install/ros2_pkg
[1.004s] DEBUG:colcon.colcon_core.event_handler.log_command:Invoking command in '/home/hal468a/Workspaces/ros2_ws/src/cv_basics': MY_IP=140.115.54.146 PYTHONPATH=/home/hal468a/Workspaces/ros2_ws/build/cv_basics/prefix_override:/home/hal468a/Workspaces/ros2_ws/install/cv_basics/lib/python3.8/site-packages:${PYTHONPATH} /usr/bin/python3 setup.py egg_info --egg-base ../../build/cv_basics build --build-base /home/hal468a/Workspaces/ros2_ws/build/cv_basics/build install --record /home/hal468a/Workspaces/ros2_ws/build/cv_basics/install.log --install-scripts $base/lib/cv_basics --single-version-externally-managed
[1.275s] DEBUG:colcon.colcon_core.event_handler.log_command:Invoked command in '/home/hal468a/Workspaces/ros2_ws/src/cv_basics' returned '0': MY_IP=140.115.54.146 PYTHONPATH=/home/hal468a/Workspaces/ros2_ws/build/cv_basics/prefix_override:/home/hal468a/Workspaces/ros2_ws/install/cv_basics/lib/python3.8/site-packages:${PYTHONPATH} /usr/bin/python3 setup.py egg_info --egg-base ../../build/cv_basics build --build-base /home/hal468a/Workspaces/ros2_ws/build/cv_basics/build install --record /home/hal468a/Workspaces/ros2_ws/build/cv_basics/install.log --install-scripts $base/lib/cv_basics --single-version-externally-managed
[1.280s] Level 1:colcon.colcon_core.environment:checking '/home/hal468a/Workspaces/ros2_ws/install/cv_basics' for CMake module files
[1.280s] Level 1:colcon.colcon_core.environment:checking '/home/hal468a/Workspaces/ros2_ws/install/cv_basics' for CMake config files
[1.281s] Level 1:colcon.colcon_core.environment:checking '/home/hal468a/Workspaces/ros2_ws/install/cv_basics/lib'
[1.281s] Level 1:colcon.colcon_core.environment:checking '/home/hal468a/Workspaces/ros2_ws/install/cv_basics/bin'
[1.281s] Level 1:colcon.colcon_core.environment:checking '/home/hal468a/Workspaces/ros2_ws/install/cv_basics/lib/pkgconfig/cv_basics.pc'
[1.281s] Level 1:colcon.colcon_core.environment:checking '/home/hal468a/Workspaces/ros2_ws/install/cv_basics/lib/python3.8/site-packages'
[1.281s] Level 1:colcon.colcon_core.shell:create_environment_hook('cv_basics', 'pythonpath')
[1.283s] INFO:colcon.colcon_core.shell:Creating environment hook '/home/hal468a/Workspaces/ros2_ws/install/cv_basics/share/cv_basics/hook/pythonpath.ps1'
[1.283s] INFO:colcon.colcon_core.shell:Creating environment descriptor '/home/hal468a/Workspaces/ros2_ws/install/cv_basics/share/cv_basics/hook/pythonpath.dsv'
[1.283s] INFO:colcon.colcon_core.shell:Creating environment hook '/home/hal468a/Workspaces/ros2_ws/install/cv_basics/share/cv_basics/hook/pythonpath.sh'
[1.284s] Level 1:colcon.colcon_core.environment:checking '/home/hal468a/Workspaces/ros2_ws/install/cv_basics/bin'
[1.284s] Level 1:colcon.colcon_core.environment:create_environment_scripts_only(cv_basics)
[1.285s] INFO:colcon.colcon_core.shell:Creating package script '/home/hal468a/Workspaces/ros2_ws/install/cv_basics/share/cv_basics/package.ps1'
[1.286s] INFO:colcon.colcon_core.shell:Creating package descriptor '/home/hal468a/Workspaces/ros2_ws/install/cv_basics/share/cv_basics/package.dsv'
[1.286s] INFO:colcon.colcon_core.shell:Creating package script '/home/hal468a/Workspaces/ros2_ws/install/cv_basics/share/cv_basics/package.sh'
[1.287s] INFO:colcon.colcon_core.shell:Creating package script '/home/hal468a/Workspaces/ros2_ws/install/cv_basics/share/cv_basics/package.bash'
[1.287s] INFO:colcon.colcon_core.shell:Creating package script '/home/hal468a/Workspaces/ros2_ws/install/cv_basics/share/cv_basics/package.zsh'
[1.288s] Level 1:colcon.colcon_core.environment:create_file_with_runtime_dependencies(/home/hal468a/Workspaces/ros2_ws/install/cv_basics/share/colcon-core/packages/cv_basics)
[2.745s] DEBUG:colcon.colcon_core.event_handler.log_command:Invoked command in '/home/hal468a/Workspaces/ros2_ws/build/ros2_pkg' returned '0': CMAKE_PREFIX_PATH=/opt/ros/foxy MY_IP=140.115.54.146 /usr/bin/cmake /home/hal468a/Workspaces/ros2_ws/src/ros2_pkg -DCMAKE_INSTALL_PREFIX=/home/hal468a/Workspaces/ros2_ws/install/ros2_pkg
[2.748s] DEBUG:colcon.colcon_core.event_handler.log_command:Invoking command in '/home/hal468a/Workspaces/ros2_ws/build/ros2_pkg': CMAKE_PREFIX_PATH=/opt/ros/foxy MY_IP=140.115.54.146 /usr/bin/cmake --build /home/hal468a/Workspaces/ros2_ws/build/ros2_pkg -- -j8 -l8
[7.238s] DEBUG:colcon.colcon_core.event_handler.log_command:Invoked command in '/home/hal468a/Workspaces/ros2_ws/build/ros2_pkg' returned '0': CMAKE_PREFIX_PATH=/opt/ros/foxy MY_IP=140.115.54.146 /usr/bin/cmake --build /home/hal468a/Workspaces/ros2_ws/build/ros2_pkg -- -j8 -l8
[7.308s] DEBUG:colcon.colcon_core.event_handler.log_command:Invoking command in '/home/hal468a/Workspaces/ros2_ws/build/ros2_pkg': CMAKE_PREFIX_PATH=/opt/ros/foxy MY_IP=140.115.54.146 /usr/bin/cmake --install /home/hal468a/Workspaces/ros2_ws/build/ros2_pkg
[7.402s] Level 1:colcon.colcon_core.environment:create_environment_scripts_only(ros2_pkg)
[7.404s] Level 1:colcon.colcon_core.environment:checking '/home/hal468a/Workspaces/ros2_ws/install/ros2_pkg' for CMake module files
[7.405s] DEBUG:colcon.colcon_core.event_handler.log_command:Invoked command in '/home/hal468a/Workspaces/ros2_ws/build/ros2_pkg' returned '0': CMAKE_PREFIX_PATH=/opt/ros/foxy MY_IP=140.115.54.146 /usr/bin/cmake --install /home/hal468a/Workspaces/ros2_ws/build/ros2_pkg
[7.405s] Level 1:colcon.colcon_core.environment:checking '/home/hal468a/Workspaces/ros2_ws/install/ros2_pkg' for CMake config files
[7.406s] Level 1:colcon.colcon_core.shell:create_environment_hook('ros2_pkg', 'cmake_prefix_path')
[7.407s] INFO:colcon.colcon_core.shell:Creating environment hook '/home/hal468a/Workspaces/ros2_ws/install/ros2_pkg/share/ros2_pkg/hook/cmake_prefix_path.ps1'
[7.408s] INFO:colcon.colcon_core.shell:Creating environment descriptor '/home/hal468a/Workspaces/ros2_ws/install/ros2_pkg/share/ros2_pkg/hook/cmake_prefix_path.dsv'
[7.408s] INFO:colcon.colcon_core.shell:Creating environment hook '/home/hal468a/Workspaces/ros2_ws/install/ros2_pkg/share/ros2_pkg/hook/cmake_prefix_path.sh'
[7.408s] Level 1:colcon.colcon_core.environment:checking '/home/hal468a/Workspaces/ros2_ws/install/ros2_pkg/lib'
[7.409s] Level 1:colcon.colcon_core.shell:create_environment_hook('ros2_pkg', 'ld_library_path_lib')
[7.410s] INFO:colcon.colcon_core.shell:Creating environment hook '/home/hal468a/Workspaces/ros2_ws/install/ros2_pkg/share/ros2_pkg/hook/ld_library_path_lib.ps1'
[7.410s] INFO:colcon.colcon_core.shell:Creating environment descriptor '/home/hal468a/Workspaces/ros2_ws/install/ros2_pkg/share/ros2_pkg/hook/ld_library_path_lib.dsv'
[7.410s] INFO:colcon.colcon_core.shell:Creating environment hook '/home/hal468a/Workspaces/ros2_ws/install/ros2_pkg/share/ros2_pkg/hook/ld_library_path_lib.sh'
[7.411s] Level 1:colcon.colcon_core.environment:checking '/home/hal468a/Workspaces/ros2_ws/install/ros2_pkg/bin'
[7.411s] Level 1:colcon.colcon_core.environment:checking '/home/hal468a/Workspaces/ros2_ws/install/ros2_pkg/lib/pkgconfig/ros2_pkg.pc'
[7.411s] Level 1:colcon.colcon_core.environment:checking '/home/hal468a/Workspaces/ros2_ws/install/ros2_pkg/lib/python3.8/site-packages'
[7.411s] Level 1:colcon.colcon_core.shell:create_environment_hook('ros2_pkg', 'pythonpath')
[7.412s] INFO:colcon.colcon_core.shell:Creating environment hook '/home/hal468a/Workspaces/ros2_ws/install/ros2_pkg/share/ros2_pkg/hook/pythonpath.ps1'
[7.413s] INFO:colcon.colcon_core.shell:Creating environment descriptor '/home/hal468a/Workspaces/ros2_ws/install/ros2_pkg/share/ros2_pkg/hook/pythonpath.dsv'
[7.413s] INFO:colcon.colcon_core.shell:Creating environment hook '/home/hal468a/Workspaces/ros2_ws/install/ros2_pkg/share/ros2_pkg/hook/pythonpath.sh'
[7.413s] Level 1:colcon.colcon_core.environment:checking '/home/hal468a/Workspaces/ros2_ws/install/ros2_pkg/bin'
[7.414s] INFO:colcon.colcon_core.shell:Creating package script '/home/hal468a/Workspaces/ros2_ws/install/ros2_pkg/share/ros2_pkg/package.ps1'
[7.415s] INFO:colcon.colcon_core.shell:Creating package descriptor '/home/hal468a/Workspaces/ros2_ws/install/ros2_pkg/share/ros2_pkg/package.dsv'
[7.415s] INFO:colcon.colcon_core.shell:Creating package script '/home/hal468a/Workspaces/ros2_ws/install/ros2_pkg/share/ros2_pkg/package.sh'
[7.416s] INFO:colcon.colcon_core.shell:Creating package script '/home/hal468a/Workspaces/ros2_ws/install/ros2_pkg/share/ros2_pkg/package.bash'
[7.416s] INFO:colcon.colcon_core.shell:Creating package script '/home/hal468a/Workspaces/ros2_ws/install/ros2_pkg/share/ros2_pkg/package.zsh'
[7.416s] Level 1:colcon.colcon_core.environment:create_file_with_runtime_dependencies(/home/hal468a/Workspaces/ros2_ws/install/ros2_pkg/share/colcon-core/packages/ros2_pkg)
[7.480s] Level 1:colcon.colcon_core.environment:create_environment_scripts_only(ros2_pkg)
[7.483s] Level 1:colcon.colcon_core.environment:checking '/home/hal468a/Workspaces/ros2_ws/install/ros2_pkg' for CMake module files
[7.484s] Level 1:colcon.colcon_core.environment:checking '/home/hal468a/Workspaces/ros2_ws/install/ros2_pkg' for CMake config files
[7.484s] Level 1:colcon.colcon_core.shell:create_environment_hook('ros2_pkg', 'cmake_prefix_path')
[7.486s] INFO:colcon.colcon_core.shell:Creating environment hook '/home/hal468a/Workspaces/ros2_ws/install/ros2_pkg/share/ros2_pkg/hook/cmake_prefix_path.ps1'
[7.487s] INFO:colcon.colcon_core.shell:Creating environment descriptor '/home/hal468a/Workspaces/ros2_ws/install/ros2_pkg/share/ros2_pkg/hook/cmake_prefix_path.dsv'
[7.487s] INFO:colcon.colcon_core.shell:Creating environment hook '/home/hal468a/Workspaces/ros2_ws/install/ros2_pkg/share/ros2_pkg/hook/cmake_prefix_path.sh'
[7.488s] Level 1:colcon.colcon_core.environment:checking '/home/hal468a/Workspaces/ros2_ws/install/ros2_pkg/lib'
[7.488s] Level 1:colcon.colcon_core.shell:create_environment_hook('ros2_pkg', 'ld_library_path_lib')
[7.489s] INFO:colcon.colcon_core.shell:Creating environment hook '/home/hal468a/Workspaces/ros2_ws/install/ros2_pkg/share/ros2_pkg/hook/ld_library_path_lib.ps1'
[7.489s] INFO:colcon.colcon_core.shell:Creating environment descriptor '/home/hal468a/Workspaces/ros2_ws/install/ros2_pkg/share/ros2_pkg/hook/ld_library_path_lib.dsv'
[7.490s] INFO:colcon.colcon_core.shell:Creating environment hook '/home/hal468a/Workspaces/ros2_ws/install/ros2_pkg/share/ros2_pkg/hook/ld_library_path_lib.sh'
[7.490s] Level 1:colcon.colcon_core.environment:checking '/home/hal468a/Workspaces/ros2_ws/install/ros2_pkg/bin'
[7.490s] Level 1:colcon.colcon_core.environment:checking '/home/hal468a/Workspaces/ros2_ws/install/ros2_pkg/lib/pkgconfig/ros2_pkg.pc'
[7.491s] Level 1:colcon.colcon_core.environment:checking '/home/hal468a/Workspaces/ros2_ws/install/ros2_pkg/lib/python3.8/site-packages'
[7.491s] Level 1:colcon.colcon_core.shell:create_environment_hook('ros2_pkg', 'pythonpath')
[7.492s] INFO:colcon.colcon_core.shell:Creating environment hook '/home/hal468a/Workspaces/ros2_ws/install/ros2_pkg/share/ros2_pkg/hook/pythonpath.ps1'
[7.492s] INFO:colcon.colcon_core.shell:Creating environment descriptor '/home/hal468a/Workspaces/ros2_ws/install/ros2_pkg/share/ros2_pkg/hook/pythonpath.dsv'
[7.493s] INFO:colcon.colcon_core.shell:Creating environment hook '/home/hal468a/Workspaces/ros2_ws/install/ros2_pkg/share/ros2_pkg/hook/pythonpath.sh'
[7.493s] Level 1:colcon.colcon_core.environment:checking '/home/hal468a/Workspaces/ros2_ws/install/ros2_pkg/bin'
[7.494s] INFO:colcon.colcon_core.shell:Creating package script '/home/hal468a/Workspaces/ros2_ws/install/ros2_pkg/share/ros2_pkg/package.ps1'
[7.495s] INFO:colcon.colcon_core.shell:Creating package descriptor '/home/hal468a/Workspaces/ros2_ws/install/ros2_pkg/share/ros2_pkg/package.dsv'
[7.495s] INFO:colcon.colcon_core.shell:Creating package script '/home/hal468a/Workspaces/ros2_ws/install/ros2_pkg/share/ros2_pkg/package.sh'
[7.495s] INFO:colcon.colcon_core.shell:Creating package script '/home/hal468a/Workspaces/ros2_ws/install/ros2_pkg/share/ros2_pkg/package.bash'
[7.496s] INFO:colcon.colcon_core.shell:Creating package script '/home/hal468a/Workspaces/ros2_ws/install/ros2_pkg/share/ros2_pkg/package.zsh'
[7.496s] Level 1:colcon.colcon_core.environment:create_file_with_runtime_dependencies(/home/hal468a/Workspaces/ros2_ws/install/ros2_pkg/share/colcon-core/packages/ros2_pkg)
[7.496s] DEBUG:colcon.colcon_parallel_executor.executor.parallel:closing loop
[7.497s] DEBUG:colcon.colcon_parallel_executor.executor.parallel:loop closed
[7.497s] DEBUG:colcon.colcon_parallel_executor.executor.parallel:run_until_complete finished with '0'
[7.497s] DEBUG:colcon.colcon_core.event_reactor:joining thread
[7.503s] INFO:colcon.colcon_core.plugin_system:Skipping extension 'colcon_notification.desktop_notification.terminal_notifier': Not used on non-Darwin systems
[7.503s] INFO:colcon.colcon_core.plugin_system:Skipping extension 'colcon_notification.desktop_notification.win32': Not used on non-Windows systems
[7.503s] INFO:colcon.colcon_notification.desktop_notification:Sending desktop notification using 'notify2'
[7.515s] DEBUG:colcon.colcon_core.event_reactor:joined thread
[7.517s] INFO:colcon.colcon_core.shell:Creating prefix script '/home/hal468a/Workspaces/ros2_ws/install/local_setup.ps1'
[7.518s] INFO:colcon.colcon_core.shell:Creating prefix util module '/home/hal468a/Workspaces/ros2_ws/install/_local_setup_util_ps1.py'
[7.519s] INFO:colcon.colcon_core.shell:Creating prefix chain script '/home/hal468a/Workspaces/ros2_ws/install/setup.ps1'
[7.521s] INFO:colcon.colcon_core.shell:Creating prefix script '/home/hal468a/Workspaces/ros2_ws/install/local_setup.sh'
[7.522s] INFO:colcon.colcon_core.shell:Creating prefix util module '/home/hal468a/Workspaces/ros2_ws/install/_local_setup_util_sh.py'
[7.522s] INFO:colcon.colcon_core.shell:Creating prefix chain script '/home/hal468a/Workspaces/ros2_ws/install/setup.sh'
[7.525s] INFO:colcon.colcon_core.shell:Creating prefix script '/home/hal468a/Workspaces/ros2_ws/install/local_setup.bash'
[7.525s] INFO:colcon.colcon_core.shell:Creating prefix chain script '/home/hal468a/Workspaces/ros2_ws/install/setup.bash'
[7.527s] INFO:colcon.colcon_core.shell:Creating prefix script '/home/hal468a/Workspaces/ros2_ws/install/local_setup.zsh'
[7.527s] INFO:colcon.colcon_core.shell:Creating prefix chain script '/home/hal468a/Workspaces/ros2_ws/install/setup.zsh'
