[0.079s] Invoking command in '/home/ubuntu/Workspaces/ros2_ws/build/ros2_pkg': CMAKE_PREFIX_PATH=${CMAKE_PREFIX_PATH}:/home/ubuntu/turtlebot3_ws/install/turtlebot3_teleop:/home/ubuntu/turtlebot3_ws/install/turtlebot3_example:/opt/ros/foxy /usr/bin/cmake --build /home/ubuntu/Workspaces/ros2_ws/build/ros2_pkg -- -j4 -l4
[0.208s] -- Found ament_cmake: 0.9.11 (/opt/ros/foxy/share/ament_cmake/cmake)
[0.347s] -- Found PythonInterp: /usr/bin/python3 (found suitable version "3.8.10", minimum required is "3") 
[0.348s] -- Using PYTHON_EXECUTABLE: /usr/bin/python3
[1.214s] -- Found rclpy: 1.0.12 (/opt/ros/foxy/share/rclpy/cmake)
[1.215s] -- Found rosidl_default_generators: 1.0.1 (/opt/ros/foxy/share/rosidl_default_generators/cmake)
[1.228s] -- Using all available rosidl_typesupport_c: rosidl_typesupport_fastrtps_c;rosidl_typesupport_introspection_c
[1.243s] -- Found rosidl_adapter: 1.3.0 (/opt/ros/foxy/share/rosidl_adapter/cmake)
[2.369s] -- Using all available rosidl_typesupport_cpp: rosidl_typesupport_fastrtps_cpp;rosidl_typesupport_introspection_cpp
[2.469s] -- Found sensor_msgs: 2.0.5 (/opt/ros/foxy/share/sensor_msgs/cmake)
[3.232s] -- Found PythonInterp: /usr/bin/python3 (found version "3.8.10") 
[4.460s] -- Found ament_cmake_ros: 0.9.2 (/opt/ros/foxy/share/ament_cmake_ros/cmake)
[6.414s] -- Using all available rosidl_typesupport_c: rosidl_typesupport_fastrtps_c;rosidl_typesupport_introspection_c
[7.206s] -- Using all available rosidl_typesupport_cpp: rosidl_typesupport_fastrtps_cpp;rosidl_typesupport_introspection_cpp
[7.369s] -- Found PythonInterp: /usr/bin/python3 (found suitable version "3.8.10", minimum required is "3.5") 
[7.371s] -- Found python_cmake_module: 0.8.1 (/opt/ros/foxy/share/python_cmake_module/cmake)
[7.510s] -- Using PYTHON_EXECUTABLE: /usr/bin/python3
[7.510s] -- Using PYTHON_INCLUDE_DIRS: /usr/include/python3.8
[7.511s] -- Using PYTHON_LIBRARIES: /usr/lib/aarch64-linux-gnu/libpython3.8.so
[7.873s] -- Found ament_lint_auto: 0.9.8 (/opt/ros/foxy/share/ament_lint_auto/cmake)
[7.924s] -- Added test 'copyright' to check source files copyright and LICENSE
[7.957s] -- Added test 'flake8' to check Python code syntax and style conventions
[7.961s] -- Added test 'lint_cmake' to check CMake code style
[7.965s] -- Added test 'pep257' to check Python code against some of the style conventions in PEP 257
[7.982s] -- Added test 'xmllint' to check XML markup files
[8.013s] -- Configuring done
[8.423s] -- Generating done
[8.444s] -- Build files have been written to: /home/ubuntu/Workspaces/ros2_ws/build/ros2_pkg
[8.559s] [  2%] [34m[1mGenerating C code for ROS interfaces[0m
[8.620s] [  4%] [34m[1mGenerating C++ code for ROS interfaces[0m
[11.391s] [  4%] Built target ros2_pkg__cpp
[11.474s] [  6%] [34m[1mGenerating C++ introspection for ROS interfaces[0m
[11.486s] [  8%] [34m[1mGenerating C++ type support dispatch for ROS interfaces[0m
[11.502s] [ 10%] [34m[1mGenerating C++ type support for eProsima Fast-RTPS[0m
[12.954s] [35m[1mScanning dependencies of target ros2_pkg__rosidl_generator_c[0m
[13.174s] [ 12%] [32mBuilding C object CMakeFiles/ros2_pkg__rosidl_generator_c.dir/rosidl_generator_c/ros2_pkg/srv/detail/odd_even_check__functions.c.o[0m
[13.881s] [ 14%] [32mBuilding C object CMakeFiles/ros2_pkg__rosidl_generator_c.dir/rosidl_generator_c/ros2_pkg/srv/detail/turn_camera__functions.c.o[0m
[13.950s] [35m[1mScanning dependencies of target ros2_pkg__rosidl_typesupport_cpp[0m
[14.221s] [ 17%] [32mBuilding CXX object CMakeFiles/ros2_pkg__rosidl_typesupport_cpp.dir/rosidl_typesupport_cpp/ros2_pkg/srv/odd_even_check__type_support.cpp.o[0m
[14.505s] [ 19%] [32mBuilding C object CMakeFiles/ros2_pkg__rosidl_generator_c.dir/rosidl_generator_c/ros2_pkg/action/detail/navigate__functions.c.o[0m
[15.205s] [35m[1mScanning dependencies of target ros2_pkg__rosidl_typesupport_introspection_cpp[0m
[15.503s] [ 21%] [32mBuilding CXX object CMakeFiles/ros2_pkg__rosidl_typesupport_introspection_cpp.dir/rosidl_typesupport_introspection_cpp/ros2_pkg/srv/detail/odd_even_check__type_support.cpp.o[0m
[15.579s] [ 23%] [32m[1mLinking C shared library libros2_pkg__rosidl_generator_c.so[0m
[15.857s] [35m[1mScanning dependencies of target ros2_pkg__rosidl_typesupport_fastrtps_cpp[0m
[16.053s] [ 23%] Built target ros2_pkg__rosidl_generator_c
[16.184s] [ 25%] [32mBuilding CXX object CMakeFiles/ros2_pkg__rosidl_typesupport_fastrtps_cpp.dir/rosidl_typesupport_fastrtps_cpp/ros2_pkg/srv/detail/dds_fastrtps/odd_even_check__type_support.cpp.o[0m
[16.200s] [ 27%] [34m[1mGenerating C introspection for ROS interfaces[0m
[16.844s] [ 29%] [32mBuilding CXX object CMakeFiles/ros2_pkg__rosidl_typesupport_cpp.dir/rosidl_typesupport_cpp/ros2_pkg/srv/turn_camera__type_support.cpp.o[0m
[18.470s] [ 31%] [32mBuilding CXX object CMakeFiles/ros2_pkg__rosidl_typesupport_introspection_cpp.dir/rosidl_typesupport_introspection_cpp/ros2_pkg/srv/detail/turn_camera__type_support.cpp.o[0m
[19.488s] [ 34%] [32mBuilding CXX object CMakeFiles/ros2_pkg__rosidl_typesupport_cpp.dir/rosidl_typesupport_cpp/ros2_pkg/action/navigate__type_support.cpp.o[0m
[20.112s] [35m[1mScanning dependencies of target ros2_pkg__rosidl_typesupport_introspection_c[0m
[20.268s] [ 36%] [32mBuilding CXX object CMakeFiles/ros2_pkg__rosidl_typesupport_fastrtps_cpp.dir/rosidl_typesupport_fastrtps_cpp/ros2_pkg/srv/detail/dds_fastrtps/turn_camera__type_support.cpp.o[0m
[20.386s] [ 38%] [32mBuilding C object CMakeFiles/ros2_pkg__rosidl_typesupport_introspection_c.dir/rosidl_typesupport_introspection_c/ros2_pkg/srv/detail/odd_even_check__type_support.c.o[0m
[20.901s] [ 40%] [32mBuilding C object CMakeFiles/ros2_pkg__rosidl_typesupport_introspection_c.dir/rosidl_typesupport_introspection_c/ros2_pkg/srv/detail/turn_camera__type_support.c.o[0m
[21.063s] [ 42%] [32mBuilding CXX object CMakeFiles/ros2_pkg__rosidl_typesupport_introspection_cpp.dir/rosidl_typesupport_introspection_cpp/ros2_pkg/action/detail/navigate__type_support.cpp.o[0m
[21.334s] [ 44%] [32mBuilding C object CMakeFiles/ros2_pkg__rosidl_typesupport_introspection_c.dir/rosidl_typesupport_introspection_c/ros2_pkg/action/detail/navigate__type_support.c.o[0m
[21.795s] [ 46%] [32m[1mLinking C shared library libros2_pkg__rosidl_typesupport_introspection_c.so[0m
[22.165s] [ 48%] [32m[1mLinking CXX shared library libros2_pkg__rosidl_typesupport_cpp.so[0m
[22.302s] [ 48%] Built target ros2_pkg__rosidl_typesupport_introspection_c
[22.529s] [ 51%] [34m[1mGenerating C type support dispatch for ROS interfaces[0m
[22.713s] [ 51%] Built target ros2_pkg__rosidl_typesupport_cpp
[22.883s] [ 53%] [32mBuilding CXX object CMakeFiles/ros2_pkg__rosidl_typesupport_fastrtps_cpp.dir/rosidl_typesupport_fastrtps_cpp/ros2_pkg/action/detail/dds_fastrtps/navigate__type_support.cpp.o[0m
[24.069s] [ 55%] [32m[1mLinking CXX shared library libros2_pkg__rosidl_typesupport_introspection_cpp.so[0m
[24.648s] [ 55%] Built target ros2_pkg__rosidl_typesupport_introspection_cpp
[25.131s] [35m[1mScanning dependencies of target ros2_pkg__rosidl_typesupport_c[0m
[25.304s] [ 59%] [32mBuilding CXX object CMakeFiles/ros2_pkg__rosidl_typesupport_c.dir/rosidl_typesupport_c/ros2_pkg/srv/turn_camera__type_support.cpp.o[0m
[25.305s] [ 59%] [32mBuilding CXX object CMakeFiles/ros2_pkg__rosidl_typesupport_c.dir/rosidl_typesupport_c/ros2_pkg/srv/odd_even_check__type_support.cpp.o[0m
[25.328s] [ 61%] [32mBuilding CXX object CMakeFiles/ros2_pkg__rosidl_typesupport_c.dir/rosidl_typesupport_c/ros2_pkg/action/navigate__type_support.cpp.o[0m
[25.942s] [ 63%] [32m[1mLinking CXX shared library libros2_pkg__rosidl_typesupport_c.so[0m
[26.195s] [ 63%] Built target ros2_pkg__rosidl_typesupport_c
[26.705s] [ 65%] [32m[1mLinking CXX shared library libros2_pkg__rosidl_typesupport_fastrtps_cpp.so[0m
[27.142s] [ 65%] Built target ros2_pkg__rosidl_typesupport_fastrtps_cpp
[27.201s] [ 68%] [34m[1mGenerating C type support for eProsima Fast-RTPS[0m
[29.600s] [35m[1mScanning dependencies of target ros2_pkg__rosidl_typesupport_fastrtps_c[0m
[29.808s] [ 70%] [32mBuilding CXX object CMakeFiles/ros2_pkg__rosidl_typesupport_fastrtps_c.dir/rosidl_typesupport_fastrtps_c/ros2_pkg/srv/detail/odd_even_check__type_support_c.cpp.o[0m
[29.838s] [ 72%] [32mBuilding CXX object CMakeFiles/ros2_pkg__rosidl_typesupport_fastrtps_c.dir/rosidl_typesupport_fastrtps_c/ros2_pkg/srv/detail/turn_camera__type_support_c.cpp.o[0m
[29.853s] [ 74%] [32mBuilding CXX object CMakeFiles/ros2_pkg__rosidl_typesupport_fastrtps_c.dir/rosidl_typesupport_fastrtps_c/ros2_pkg/action/detail/navigate__type_support_c.cpp.o[0m
[32.587s] [ 76%] [32m[1mLinking CXX shared library libros2_pkg__rosidl_typesupport_fastrtps_c.so[0m
[32.999s] [ 76%] Built target ros2_pkg__rosidl_typesupport_fastrtps_c
[33.100s] [ 76%] Built target ros2_pkg
[33.206s] [ 78%] [34m[1mGenerating Python code for ROS interfaces[0m
[38.670s] [ 78%] Built target ros2_pkg__py
[38.726s] [35m[1mScanning dependencies of target ros2_pkg__python[0m
[39.008s] [ 82%] [32mBuilding C object CMakeFiles/ros2_pkg__python.dir/rosidl_generator_py/ros2_pkg/srv/_turn_camera_s.c.o[0m
[39.015s] [ 80%] [32mBuilding C object CMakeFiles/ros2_pkg__python.dir/rosidl_generator_py/ros2_pkg/action/_navigate_s.c.o[0m
[39.017s] [ 85%] [32mBuilding C object CMakeFiles/ros2_pkg__python.dir/rosidl_generator_py/ros2_pkg/srv/_odd_even_check_s.c.o[0m
[40.003s] [ 87%] [32m[1mLinking C shared library rosidl_generator_py/ros2_pkg/libros2_pkg__python.so[0m
[40.297s] [ 87%] Built target ros2_pkg__python
[40.362s] [35m[1mScanning dependencies of target ros2_pkg__rosidl_typesupport_c__pyext[0m
[40.364s] [35m[1mScanning dependencies of target ros2_pkg__rosidl_typesupport_introspection_c__pyext[0m
[40.374s] [35m[1mScanning dependencies of target ros2_pkg__rosidl_typesupport_fastrtps_c__pyext[0m
[40.531s] [ 89%] [32mBuilding C object CMakeFiles/ros2_pkg__rosidl_typesupport_introspection_c__pyext.dir/rosidl_generator_py/ros2_pkg/_ros2_pkg_s.ep.rosidl_typesupport_introspection_c.c.o[0m
[40.621s] [ 91%] [32mBuilding C object CMakeFiles/ros2_pkg__rosidl_typesupport_fastrtps_c__pyext.dir/rosidl_generator_py/ros2_pkg/_ros2_pkg_s.ep.rosidl_typesupport_fastrtps_c.c.o[0m
[40.635s] [ 93%] [32mBuilding C object CMakeFiles/ros2_pkg__rosidl_typesupport_c__pyext.dir/rosidl_generator_py/ros2_pkg/_ros2_pkg_s.ep.rosidl_typesupport_c.c.o[0m
[41.422s] [ 95%] [32m[1mLinking C shared library rosidl_generator_py/ros2_pkg/ros2_pkg_s__rosidl_typesupport_introspection_c.cpython-38-aarch64-linux-gnu.so[0m
[41.435s] [ 97%] [32m[1mLinking CXX shared library rosidl_generator_py/ros2_pkg/ros2_pkg_s__rosidl_typesupport_fastrtps_c.cpython-38-aarch64-linux-gnu.so[0m
[41.487s] [100%] [32m[1mLinking C shared library rosidl_generator_py/ros2_pkg/ros2_pkg_s__rosidl_typesupport_c.cpython-38-aarch64-linux-gnu.so[0m
[41.980s] [100%] Built target ros2_pkg__rosidl_typesupport_introspection_c__pyext
[42.065s] [100%] Built target ros2_pkg__rosidl_typesupport_c__pyext
[42.189s] [100%] Built target ros2_pkg__rosidl_typesupport_fastrtps_c__pyext
[42.246s] Invoked command in '/home/ubuntu/Workspaces/ros2_ws/build/ros2_pkg' returned '0': CMAKE_PREFIX_PATH=${CMAKE_PREFIX_PATH}:/home/ubuntu/turtlebot3_ws/install/turtlebot3_teleop:/home/ubuntu/turtlebot3_ws/install/turtlebot3_example:/opt/ros/foxy /usr/bin/cmake --build /home/ubuntu/Workspaces/ros2_ws/build/ros2_pkg -- -j4 -l4
[42.822s] Invoking command in '/home/ubuntu/Workspaces/ros2_ws/build/ros2_pkg': CMAKE_PREFIX_PATH=${CMAKE_PREFIX_PATH}:/home/ubuntu/turtlebot3_ws/install/turtlebot3_teleop:/home/ubuntu/turtlebot3_ws/install/turtlebot3_example:/opt/ros/foxy /usr/bin/cmake --install /home/ubuntu/Workspaces/ros2_ws/build/ros2_pkg
[42.868s] -- Install configuration: ""
[42.869s] -- Up-to-date: /home/ubuntu/Workspaces/ros2_ws/install/ros2_pkg/share/ament_index/resource_index/rosidl_interfaces/ros2_pkg
[42.889s] -- Up-to-date: /home/ubuntu/Workspaces/ros2_ws/install/ros2_pkg/include/ros2_pkg
[42.890s] -- Up-to-date: /home/ubuntu/Workspaces/ros2_ws/install/ros2_pkg/include/ros2_pkg/msg
[42.891s] -- Up-to-date: /home/ubuntu/Workspaces/ros2_ws/install/ros2_pkg/include/ros2_pkg/msg/rosidl_generator_c__visibility_control.h
[42.892s] -- Up-to-date: /home/ubuntu/Workspaces/ros2_ws/install/ros2_pkg/include/ros2_pkg/srv
[42.893s] -- Installing: /home/ubuntu/Workspaces/ros2_ws/install/ros2_pkg/include/ros2_pkg/srv/turn_camera.h
[42.894s] -- Up-to-date: /home/ubuntu/Workspaces/ros2_ws/install/ros2_pkg/include/ros2_pkg/srv/detail
[42.894s] -- Installing: /home/ubuntu/Workspaces/ros2_ws/install/ros2_pkg/include/ros2_pkg/srv/detail/turn_camera__struct.h
[42.895s] -- Installing: /home/ubuntu/Workspaces/ros2_ws/install/ros2_pkg/include/ros2_pkg/srv/detail/odd_even_check__struct.h
[42.898s] -- Installing: /home/ubuntu/Workspaces/ros2_ws/install/ros2_pkg/include/ros2_pkg/srv/detail/odd_even_check__functions.c
[42.899s] -- Installing: /home/ubuntu/Workspaces/ros2_ws/install/ros2_pkg/include/ros2_pkg/srv/detail/turn_camera__functions.h
[42.902s] -- Installing: /home/ubuntu/Workspaces/ros2_ws/install/ros2_pkg/include/ros2_pkg/srv/detail/odd_even_check__type_support.h
[42.903s] -- Installing: /home/ubuntu/Workspaces/ros2_ws/install/ros2_pkg/include/ros2_pkg/srv/detail/turn_camera__type_support.h
[42.905s] -- Installing: /home/ubuntu/Workspaces/ros2_ws/install/ros2_pkg/include/ros2_pkg/srv/detail/odd_even_check__functions.h
[42.907s] -- Installing: /home/ubuntu/Workspaces/ros2_ws/install/ros2_pkg/include/ros2_pkg/srv/detail/turn_camera__functions.c
[42.908s] -- Installing: /home/ubuntu/Workspaces/ros2_ws/install/ros2_pkg/include/ros2_pkg/srv/odd_even_check.h
[42.909s] -- Up-to-date: /home/ubuntu/Workspaces/ros2_ws/install/ros2_pkg/include/ros2_pkg/action
[42.909s] -- Up-to-date: /home/ubuntu/Workspaces/ros2_ws/install/ros2_pkg/include/ros2_pkg/action/detail
[42.910s] -- Installing: /home/ubuntu/Workspaces/ros2_ws/install/ros2_pkg/include/ros2_pkg/action/detail/navigate__functions.h
[42.914s] -- Installing: /home/ubuntu/Workspaces/ros2_ws/install/ros2_pkg/include/ros2_pkg/action/detail/navigate__functions.c
[42.916s] -- Installing: /home/ubuntu/Workspaces/ros2_ws/install/ros2_pkg/include/ros2_pkg/action/detail/navigate__struct.h
[42.916s] -- Installing: /home/ubuntu/Workspaces/ros2_ws/install/ros2_pkg/include/ros2_pkg/action/detail/navigate__type_support.h
[42.919s] -- Installing: /home/ubuntu/Workspaces/ros2_ws/install/ros2_pkg/include/ros2_pkg/action/navigate.h
[42.920s] -- Up-to-date: /home/ubuntu/Workspaces/ros2_ws/install/ros2_pkg/share/ros2_pkg/environment/library_path.sh
[42.921s] -- Installing: /home/ubuntu/Workspaces/ros2_ws/install/ros2_pkg/share/ros2_pkg/environment/library_path.dsv
[42.921s] -- Installing: /home/ubuntu/Workspaces/ros2_ws/install/ros2_pkg/lib/libros2_pkg__rosidl_generator_c.so
[42.922s] -- Set runtime path of "/home/ubuntu/Workspaces/ros2_ws/install/ros2_pkg/lib/libros2_pkg__rosidl_generator_c.so" to ""
[42.926s] -- Up-to-date: /home/ubuntu/Workspaces/ros2_ws/install/ros2_pkg/include/ros2_pkg
[42.928s] -- Up-to-date: /home/ubuntu/Workspaces/ros2_ws/install/ros2_pkg/include/ros2_pkg/msg
[42.929s] -- Up-to-date: /home/ubuntu/Workspaces/ros2_ws/install/ros2_pkg/include/ros2_pkg/msg/rosidl_typesupport_fastrtps_c__visibility_control.h
[42.930s] -- Up-to-date: /home/ubuntu/Workspaces/ros2_ws/install/ros2_pkg/include/ros2_pkg/srv
[42.933s] -- Up-to-date: /home/ubuntu/Workspaces/ros2_ws/install/ros2_pkg/include/ros2_pkg/srv/detail
[42.934s] -- Installing: /home/ubuntu/Workspaces/ros2_ws/install/ros2_pkg/include/ros2_pkg/srv/detail/odd_even_check__rosidl_typesupport_fastrtps_c.h
[42.935s] -- Installing: /home/ubuntu/Workspaces/ros2_ws/install/ros2_pkg/include/ros2_pkg/srv/detail/turn_camera__rosidl_typesupport_fastrtps_c.h
[42.935s] -- Up-to-date: /home/ubuntu/Workspaces/ros2_ws/install/ros2_pkg/include/ros2_pkg/action
[42.940s] -- Up-to-date: /home/ubuntu/Workspaces/ros2_ws/install/ros2_pkg/include/ros2_pkg/action/detail
[42.942s] -- Installing: /home/ubuntu/Workspaces/ros2_ws/install/ros2_pkg/include/ros2_pkg/action/detail/navigate__rosidl_typesupport_fastrtps_c.h
[42.945s] -- Installing: /home/ubuntu/Workspaces/ros2_ws/install/ros2_pkg/lib/libros2_pkg__rosidl_typesupport_fastrtps_c.so
[42.948s] -- Set runtime path of "/home/ubuntu/Workspaces/ros2_ws/install/ros2_pkg/lib/libros2_pkg__rosidl_typesupport_fastrtps_c.so" to ""
[42.949s] -- Up-to-date: /home/ubuntu/Workspaces/ros2_ws/install/ros2_pkg/include/ros2_pkg
[42.952s] -- Up-to-date: /home/ubuntu/Workspaces/ros2_ws/install/ros2_pkg/include/ros2_pkg/msg
[42.953s] -- Up-to-date: /home/ubuntu/Workspaces/ros2_ws/install/ros2_pkg/include/ros2_pkg/msg/rosidl_typesupport_fastrtps_cpp__visibility_control.h
[42.953s] -- Up-to-date: /home/ubuntu/Workspaces/ros2_ws/install/ros2_pkg/include/ros2_pkg/srv
[42.954s] -- Up-to-date: /home/ubuntu/Workspaces/ros2_ws/install/ros2_pkg/include/ros2_pkg/srv/detail
[42.958s] -- Installing: /home/ubuntu/Workspaces/ros2_ws/install/ros2_pkg/include/ros2_pkg/srv/detail/odd_even_check__rosidl_typesupport_fastrtps_cpp.hpp
[42.958s] -- Up-to-date: /home/ubuntu/Workspaces/ros2_ws/install/ros2_pkg/include/ros2_pkg/srv/detail/dds_fastrtps
[42.959s] -- Installing: /home/ubuntu/Workspaces/ros2_ws/install/ros2_pkg/include/ros2_pkg/srv/detail/turn_camera__rosidl_typesupport_fastrtps_cpp.hpp
[42.960s] -- Up-to-date: /home/ubuntu/Workspaces/ros2_ws/install/ros2_pkg/include/ros2_pkg/action
[42.960s] -- Up-to-date: /home/ubuntu/Workspaces/ros2_ws/install/ros2_pkg/include/ros2_pkg/action/detail
[42.961s] -- Up-to-date: /home/ubuntu/Workspaces/ros2_ws/install/ros2_pkg/include/ros2_pkg/action/detail/dds_fastrtps
[42.962s] -- Installing: /home/ubuntu/Workspaces/ros2_ws/install/ros2_pkg/include/ros2_pkg/action/detail/navigate__rosidl_typesupport_fastrtps_cpp.hpp
[42.967s] -- Installing: /home/ubuntu/Workspaces/ros2_ws/install/ros2_pkg/lib/libros2_pkg__rosidl_typesupport_fastrtps_cpp.so
[42.969s] -- Set runtime path of "/home/ubuntu/Workspaces/ros2_ws/install/ros2_pkg/lib/libros2_pkg__rosidl_typesupport_fastrtps_cpp.so" to ""
[42.969s] -- Up-to-date: /home/ubuntu/Workspaces/ros2_ws/install/ros2_pkg/include/ros2_pkg
[42.972s] -- Up-to-date: /home/ubuntu/Workspaces/ros2_ws/install/ros2_pkg/include/ros2_pkg/msg
[42.974s] -- Up-to-date: /home/ubuntu/Workspaces/ros2_ws/install/ros2_pkg/include/ros2_pkg/msg/rosidl_typesupport_introspection_c__visibility_control.h
[42.974s] -- Up-to-date: /home/ubuntu/Workspaces/ros2_ws/install/ros2_pkg/include/ros2_pkg/srv
[42.977s] -- Up-to-date: /home/ubuntu/Workspaces/ros2_ws/install/ros2_pkg/include/ros2_pkg/srv/detail
[42.978s] -- Installing: /home/ubuntu/Workspaces/ros2_ws/install/ros2_pkg/include/ros2_pkg/srv/detail/turn_camera__type_support.c
[42.979s] -- Installing: /home/ubuntu/Workspaces/ros2_ws/install/ros2_pkg/include/ros2_pkg/srv/detail/odd_even_check__type_support.c
[42.979s] -- Installing: /home/ubuntu/Workspaces/ros2_ws/install/ros2_pkg/include/ros2_pkg/srv/detail/odd_even_check__rosidl_typesupport_introspection_c.h
[42.983s] -- Installing: /home/ubuntu/Workspaces/ros2_ws/install/ros2_pkg/include/ros2_pkg/srv/detail/turn_camera__rosidl_typesupport_introspection_c.h
[42.985s] -- Up-to-date: /home/ubuntu/Workspaces/ros2_ws/install/ros2_pkg/include/ros2_pkg/action
[42.986s] -- Up-to-date: /home/ubuntu/Workspaces/ros2_ws/install/ros2_pkg/include/ros2_pkg/action/detail
[42.988s] -- Installing: /home/ubuntu/Workspaces/ros2_ws/install/ros2_pkg/include/ros2_pkg/action/detail/navigate__type_support.c
[42.992s] -- Installing: /home/ubuntu/Workspaces/ros2_ws/install/ros2_pkg/include/ros2_pkg/action/detail/navigate__rosidl_typesupport_introspection_c.h
[42.992s] -- Installing: /home/ubuntu/Workspaces/ros2_ws/install/ros2_pkg/lib/libros2_pkg__rosidl_typesupport_introspection_c.so
[42.993s] -- Set runtime path of "/home/ubuntu/Workspaces/ros2_ws/install/ros2_pkg/lib/libros2_pkg__rosidl_typesupport_introspection_c.so" to ""
[42.993s] -- Installing: /home/ubuntu/Workspaces/ros2_ws/install/ros2_pkg/lib/libros2_pkg__rosidl_typesupport_c.so
[42.994s] -- Set runtime path of "/home/ubuntu/Workspaces/ros2_ws/install/ros2_pkg/lib/libros2_pkg__rosidl_typesupport_c.so" to ""
[42.994s] -- Up-to-date: /home/ubuntu/Workspaces/ros2_ws/install/ros2_pkg/include/ros2_pkg
[43.000s] -- Up-to-date: /home/ubuntu/Workspaces/ros2_ws/install/ros2_pkg/include/ros2_pkg/srv
[43.001s] -- Installing: /home/ubuntu/Workspaces/ros2_ws/install/ros2_pkg/include/ros2_pkg/srv/odd_even_check.hpp
[43.001s] -- Up-to-date: /home/ubuntu/Workspaces/ros2_ws/install/ros2_pkg/include/ros2_pkg/srv/detail
[43.002s] -- Installing: /home/ubuntu/Workspaces/ros2_ws/install/ros2_pkg/include/ros2_pkg/srv/detail/turn_camera__traits.hpp
[43.003s] -- Installing: /home/ubuntu/Workspaces/ros2_ws/install/ros2_pkg/include/ros2_pkg/srv/detail/turn_camera__struct.hpp
[43.003s] -- Installing: /home/ubuntu/Workspaces/ros2_ws/install/ros2_pkg/include/ros2_pkg/srv/detail/turn_camera__builder.hpp
[43.004s] -- Installing: /home/ubuntu/Workspaces/ros2_ws/install/ros2_pkg/include/ros2_pkg/srv/detail/odd_even_check__struct.hpp
[43.004s] -- Installing: /home/ubuntu/Workspaces/ros2_ws/install/ros2_pkg/include/ros2_pkg/srv/detail/odd_even_check__builder.hpp
[43.005s] -- Installing: /home/ubuntu/Workspaces/ros2_ws/install/ros2_pkg/include/ros2_pkg/srv/detail/odd_even_check__traits.hpp
[43.006s] -- Installing: /home/ubuntu/Workspaces/ros2_ws/install/ros2_pkg/include/ros2_pkg/srv/turn_camera.hpp
[43.007s] -- Up-to-date: /home/ubuntu/Workspaces/ros2_ws/install/ros2_pkg/include/ros2_pkg/action
[43.007s] -- Installing: /home/ubuntu/Workspaces/ros2_ws/install/ros2_pkg/include/ros2_pkg/action/navigate.hpp
[43.008s] -- Up-to-date: /home/ubuntu/Workspaces/ros2_ws/install/ros2_pkg/include/ros2_pkg/action/detail
[43.009s] -- Installing: /home/ubuntu/Workspaces/ros2_ws/install/ros2_pkg/include/ros2_pkg/action/detail/navigate__builder.hpp
[43.010s] -- Installing: /home/ubuntu/Workspaces/ros2_ws/install/ros2_pkg/include/ros2_pkg/action/detail/navigate__struct.hpp
[43.010s] -- Installing: /home/ubuntu/Workspaces/ros2_ws/install/ros2_pkg/include/ros2_pkg/action/detail/navigate__traits.hpp
[43.011s] -- Up-to-date: /home/ubuntu/Workspaces/ros2_ws/install/ros2_pkg/include/ros2_pkg
[43.011s] -- Up-to-date: /home/ubuntu/Workspaces/ros2_ws/install/ros2_pkg/include/ros2_pkg/srv
[43.012s] -- Up-to-date: /home/ubuntu/Workspaces/ros2_ws/install/ros2_pkg/include/ros2_pkg/srv/detail
[43.012s] -- Installing: /home/ubuntu/Workspaces/ros2_ws/install/ros2_pkg/include/ros2_pkg/srv/detail/odd_even_check__rosidl_typesupport_introspection_cpp.hpp
[43.013s] -- Installing: /home/ubuntu/Workspaces/ros2_ws/install/ros2_pkg/include/ros2_pkg/srv/detail/odd_even_check__type_support.cpp
[43.013s] -- Installing: /home/ubuntu/Workspaces/ros2_ws/install/ros2_pkg/include/ros2_pkg/srv/detail/turn_camera__rosidl_typesupport_introspection_cpp.hpp
[43.014s] -- Installing: /home/ubuntu/Workspaces/ros2_ws/install/ros2_pkg/include/ros2_pkg/srv/detail/turn_camera__type_support.cpp
[43.014s] -- Up-to-date: /home/ubuntu/Workspaces/ros2_ws/install/ros2_pkg/include/ros2_pkg/action
[43.015s] -- Up-to-date: /home/ubuntu/Workspaces/ros2_ws/install/ros2_pkg/include/ros2_pkg/action/detail
[43.015s] -- Installing: /home/ubuntu/Workspaces/ros2_ws/install/ros2_pkg/include/ros2_pkg/action/detail/navigate__rosidl_typesupport_introspection_cpp.hpp
[43.016s] -- Installing: /home/ubuntu/Workspaces/ros2_ws/install/ros2_pkg/include/ros2_pkg/action/detail/navigate__type_support.cpp
[43.017s] -- Installing: /home/ubuntu/Workspaces/ros2_ws/install/ros2_pkg/lib/libros2_pkg__rosidl_typesupport_introspection_cpp.so
[43.017s] -- Set runtime path of "/home/ubuntu/Workspaces/ros2_ws/install/ros2_pkg/lib/libros2_pkg__rosidl_typesupport_introspection_cpp.so" to ""
[43.018s] -- Installing: /home/ubuntu/Workspaces/ros2_ws/install/ros2_pkg/lib/libros2_pkg__rosidl_typesupport_cpp.so
[43.018s] -- Set runtime path of "/home/ubuntu/Workspaces/ros2_ws/install/ros2_pkg/lib/libros2_pkg__rosidl_typesupport_cpp.so" to ""
[43.019s] -- Up-to-date: /home/ubuntu/Workspaces/ros2_ws/install/ros2_pkg/share/ros2_pkg/environment/pythonpath.sh
[43.024s] -- Installing: /home/ubuntu/Workspaces/ros2_ws/install/ros2_pkg/share/ros2_pkg/environment/pythonpath.dsv
[43.026s] -- Installing: /home/ubuntu/Workspaces/ros2_ws/install/ros2_pkg/lib/python3.8/site-packages/ros2_pkg/__init__.py
[43.217s] Compiling '/home/ubuntu/Workspaces/ros2_ws/install/ros2_pkg/lib/python3.8/site-packages/ros2_pkg/__init__.py'...
[43.245s] -- Up-to-date: /home/ubuntu/Workspaces/ros2_ws/install/ros2_pkg/lib/python3.8/site-packages/ros2_pkg/srv
[43.246s] -- Installing: /home/ubuntu/Workspaces/ros2_ws/install/ros2_pkg/lib/python3.8/site-packages/ros2_pkg/srv/__init__.py
[43.247s] -- Installing: /home/ubuntu/Workspaces/ros2_ws/install/ros2_pkg/lib/python3.8/site-packages/ros2_pkg/srv/_odd_even_check.py
[43.248s] -- Installing: /home/ubuntu/Workspaces/ros2_ws/install/ros2_pkg/lib/python3.8/site-packages/ros2_pkg/srv/_odd_even_check_s.c
[43.249s] -- Installing: /home/ubuntu/Workspaces/ros2_ws/install/ros2_pkg/lib/python3.8/site-packages/ros2_pkg/srv/_turn_camera.py
[43.254s] -- Installing: /home/ubuntu/Workspaces/ros2_ws/install/ros2_pkg/lib/python3.8/site-packages/ros2_pkg/srv/_turn_camera_s.c
[43.269s] -- Up-to-date: /home/ubuntu/Workspaces/ros2_ws/install/ros2_pkg/lib/python3.8/site-packages/ros2_pkg/action
[43.270s] -- Installing: /home/ubuntu/Workspaces/ros2_ws/install/ros2_pkg/lib/python3.8/site-packages/ros2_pkg/action/__init__.py
[43.275s] -- Installing: /home/ubuntu/Workspaces/ros2_ws/install/ros2_pkg/lib/python3.8/site-packages/ros2_pkg/action/_navigate_s.c
[43.276s] -- Installing: /home/ubuntu/Workspaces/ros2_ws/install/ros2_pkg/lib/python3.8/site-packages/ros2_pkg/action/_navigate.py
[43.277s] -- Installing: /home/ubuntu/Workspaces/ros2_ws/install/ros2_pkg/lib/python3.8/site-packages/ros2_pkg/ros2_pkg_s__rosidl_typesupport_fastrtps_c.cpython-38-aarch64-linux-gnu.so
[43.279s] -- Set runtime path of "/home/ubuntu/Workspaces/ros2_ws/install/ros2_pkg/lib/python3.8/site-packages/ros2_pkg/ros2_pkg_s__rosidl_typesupport_fastrtps_c.cpython-38-aarch64-linux-gnu.so" to ""
[43.290s] -- Installing: /home/ubuntu/Workspaces/ros2_ws/install/ros2_pkg/lib/python3.8/site-packages/ros2_pkg/ros2_pkg_s__rosidl_typesupport_introspection_c.cpython-38-aarch64-linux-gnu.so
[43.294s] -- Set runtime path of "/home/ubuntu/Workspaces/ros2_ws/install/ros2_pkg/lib/python3.8/site-packages/ros2_pkg/ros2_pkg_s__rosidl_typesupport_introspection_c.cpython-38-aarch64-linux-gnu.so" to ""
[43.296s] -- Installing: /home/ubuntu/Workspaces/ros2_ws/install/ros2_pkg/lib/python3.8/site-packages/ros2_pkg/ros2_pkg_s__rosidl_typesupport_c.cpython-38-aarch64-linux-gnu.so
[43.307s] -- Set runtime path of "/home/ubuntu/Workspaces/ros2_ws/install/ros2_pkg/lib/python3.8/site-packages/ros2_pkg/ros2_pkg_s__rosidl_typesupport_c.cpython-38-aarch64-linux-gnu.so" to ""
[43.313s] -- Installing: /home/ubuntu/Workspaces/ros2_ws/install/ros2_pkg/lib/libros2_pkg__python.so
[43.316s] -- Set runtime path of "/home/ubuntu/Workspaces/ros2_ws/install/ros2_pkg/lib/libros2_pkg__python.so" to ""
[43.317s] -- Up-to-date: /home/ubuntu/Workspaces/ros2_ws/install/ros2_pkg/share/ros2_pkg/srv/OddEvenCheck.idl
[43.317s] -- Up-to-date: /home/ubuntu/Workspaces/ros2_ws/install/ros2_pkg/share/ros2_pkg/srv/TurnCamera.idl
[43.318s] -- Installing: /home/ubuntu/Workspaces/ros2_ws/install/ros2_pkg/share/ros2_pkg/action/Navigate.idl
[43.320s] -- Up-to-date: /home/ubuntu/Workspaces/ros2_ws/install/ros2_pkg/share/ros2_pkg/srv/OddEvenCheck.srv
[43.320s] -- Up-to-date: /home/ubuntu/Workspaces/ros2_ws/install/ros2_pkg/share/ros2_pkg/srv/OddEvenCheck_Request.msg
[43.321s] -- Up-to-date: /home/ubuntu/Workspaces/ros2_ws/install/ros2_pkg/share/ros2_pkg/srv/OddEvenCheck_Response.msg
[43.322s] -- Up-to-date: /home/ubuntu/Workspaces/ros2_ws/install/ros2_pkg/share/ros2_pkg/srv/TurnCamera.srv
[43.322s] -- Up-to-date: /home/ubuntu/Workspaces/ros2_ws/install/ros2_pkg/share/ros2_pkg/srv/TurnCamera_Request.msg
[43.323s] -- Up-to-date: /home/ubuntu/Workspaces/ros2_ws/install/ros2_pkg/share/ros2_pkg/srv/TurnCamera_Response.msg
[43.324s] -- Installing: /home/ubuntu/Workspaces/ros2_ws/install/ros2_pkg/share/ros2_pkg/action/Navigate.action
[43.325s] -- Up-to-date: /home/ubuntu/Workspaces/ros2_ws/install/ros2_pkg/lib/python3.8/site-packages/scripts
[43.325s] -- Up-to-date: /home/ubuntu/Workspaces/ros2_ws/install/ros2_pkg/lib/python3.8/site-packages/scripts/__init__.py
[43.326s] -- Up-to-date: /home/ubuntu/Workspaces/ros2_ws/install/ros2_pkg/lib/python3.8/site-packages/scripts/rpm_pub.py
[43.326s] -- Up-to-date: /home/ubuntu/Workspaces/ros2_ws/install/ros2_pkg/lib/python3.8/site-packages/scripts/service_server.py
[43.327s] -- Up-to-date: /home/ubuntu/Workspaces/ros2_ws/install/ros2_pkg/lib/python3.8/site-packages/scripts/turn_camera_server.py
[43.327s] -- Up-to-date: /home/ubuntu/Workspaces/ros2_ws/install/ros2_pkg/lib/python3.8/site-packages/scripts/publisher.py
[43.328s] -- Up-to-date: /home/ubuntu/Workspaces/ros2_ws/install/ros2_pkg/lib/python3.8/site-packages/scripts/turn_camera_client.py
[43.329s] -- Up-to-date: /home/ubuntu/Workspaces/ros2_ws/install/ros2_pkg/lib/python3.8/site-packages/scripts/subscriber.py
[43.329s] -- Up-to-date: /home/ubuntu/Workspaces/ros2_ws/install/ros2_pkg/lib/python3.8/site-packages/scripts/service_client.py
[43.329s] -- Up-to-date: /home/ubuntu/Workspaces/ros2_ws/install/ros2_pkg/lib/python3.8/site-packages/scripts/speed_calc.py
[43.330s] -- Installing: /home/ubuntu/Workspaces/ros2_ws/install/ros2_pkg/lib/python3.8/site-packages/scripts/action_server.py
[43.521s] Listing '/home/ubuntu/Workspaces/ros2_ws/install/ros2_pkg/lib/python3.8/site-packages/scripts'...
[43.523s] Compiling '/home/ubuntu/Workspaces/ros2_ws/install/ros2_pkg/lib/python3.8/site-packages/scripts/action_server.py'...
[43.545s] -- Up-to-date: /home/ubuntu/Workspaces/ros2_ws/install/ros2_pkg/lib/ros2_pkg/publisher.py
[43.547s] -- Up-to-date: /home/ubuntu/Workspaces/ros2_ws/install/ros2_pkg/lib/ros2_pkg/subscriber.py
[43.548s] -- Up-to-date: /home/ubuntu/Workspaces/ros2_ws/install/ros2_pkg/lib/ros2_pkg/rpm_pub.py
[43.549s] -- Up-to-date: /home/ubuntu/Workspaces/ros2_ws/install/ros2_pkg/lib/ros2_pkg/speed_calc.py
[43.550s] -- Up-to-date: /home/ubuntu/Workspaces/ros2_ws/install/ros2_pkg/lib/ros2_pkg/service_server.py
[43.550s] -- Up-to-date: /home/ubuntu/Workspaces/ros2_ws/install/ros2_pkg/lib/ros2_pkg/service_client.py
[43.551s] -- Up-to-date: /home/ubuntu/Workspaces/ros2_ws/install/ros2_pkg/lib/ros2_pkg/turn_camera_server.py
[43.552s] -- Up-to-date: /home/ubuntu/Workspaces/ros2_ws/install/ros2_pkg/lib/ros2_pkg/turn_camera_client.py
[43.552s] -- Up-to-date: /home/ubuntu/Workspaces/ros2_ws/install/ros2_pkg/share/ros2_pkg//launch
[43.553s] -- Up-to-date: /home/ubuntu/Workspaces/ros2_ws/install/ros2_pkg/share/ros2_pkg//launch/node.launch.py
[43.554s] -- Up-to-date: /home/ubuntu/Workspaces/ros2_ws/install/ros2_pkg/share/ament_index/resource_index/package_run_dependencies/ros2_pkg
[43.554s] -- Up-to-date: /home/ubuntu/Workspaces/ros2_ws/install/ros2_pkg/share/ament_index/resource_index/parent_prefix_path/ros2_pkg
[43.555s] -- Up-to-date: /home/ubuntu/Workspaces/ros2_ws/install/ros2_pkg/share/ros2_pkg/environment/ament_prefix_path.sh
[43.555s] -- Installing: /home/ubuntu/Workspaces/ros2_ws/install/ros2_pkg/share/ros2_pkg/environment/ament_prefix_path.dsv
[43.556s] -- Up-to-date: /home/ubuntu/Workspaces/ros2_ws/install/ros2_pkg/share/ros2_pkg/environment/path.sh
[43.556s] -- Installing: /home/ubuntu/Workspaces/ros2_ws/install/ros2_pkg/share/ros2_pkg/environment/path.dsv
[43.566s] -- Up-to-date: /home/ubuntu/Workspaces/ros2_ws/install/ros2_pkg/share/ros2_pkg/local_setup.bash
[43.567s] -- Up-to-date: /home/ubuntu/Workspaces/ros2_ws/install/ros2_pkg/share/ros2_pkg/local_setup.sh
[43.567s] -- Up-to-date: /home/ubuntu/Workspaces/ros2_ws/install/ros2_pkg/share/ros2_pkg/local_setup.zsh
[43.568s] -- Installing: /home/ubuntu/Workspaces/ros2_ws/install/ros2_pkg/share/ros2_pkg/local_setup.dsv
[43.569s] -- Installing: /home/ubuntu/Workspaces/ros2_ws/install/ros2_pkg/share/ros2_pkg/package.dsv
[43.570s] -- Up-to-date: /home/ubuntu/Workspaces/ros2_ws/install/ros2_pkg/share/ament_index/resource_index/packages/ros2_pkg
[43.571s] -- Up-to-date: /home/ubuntu/Workspaces/ros2_ws/install/ros2_pkg/share/ros2_pkg/cmake/ros2_pkg__rosidl_generator_cExport.cmake
[43.576s] -- Installing: /home/ubuntu/Workspaces/ros2_ws/install/ros2_pkg/share/ros2_pkg/cmake/ros2_pkg__rosidl_generator_cExport-noconfig.cmake
[43.579s] -- Up-to-date: /home/ubuntu/Workspaces/ros2_ws/install/ros2_pkg/share/ros2_pkg/cmake/ros2_pkg__rosidl_typesupport_introspection_cExport.cmake
[43.579s] -- Installing: /home/ubuntu/Workspaces/ros2_ws/install/ros2_pkg/share/ros2_pkg/cmake/ros2_pkg__rosidl_typesupport_introspection_cExport-noconfig.cmake
[43.584s] -- Up-to-date: /home/ubuntu/Workspaces/ros2_ws/install/ros2_pkg/share/ros2_pkg/cmake/ros2_pkg__rosidl_typesupport_cExport.cmake
[43.585s] -- Installing: /home/ubuntu/Workspaces/ros2_ws/install/ros2_pkg/share/ros2_pkg/cmake/ros2_pkg__rosidl_typesupport_cExport-noconfig.cmake
[43.587s] -- Up-to-date: /home/ubuntu/Workspaces/ros2_ws/install/ros2_pkg/share/ros2_pkg/cmake/ros2_pkg__rosidl_generator_cppExport.cmake
[43.590s] -- Up-to-date: /home/ubuntu/Workspaces/ros2_ws/install/ros2_pkg/share/ros2_pkg/cmake/ros2_pkg__rosidl_typesupport_introspection_cppExport.cmake
[43.591s] -- Installing: /home/ubuntu/Workspaces/ros2_ws/install/ros2_pkg/share/ros2_pkg/cmake/ros2_pkg__rosidl_typesupport_introspection_cppExport-noconfig.cmake
[43.595s] -- Up-to-date: /home/ubuntu/Workspaces/ros2_ws/install/ros2_pkg/share/ros2_pkg/cmake/ros2_pkg__rosidl_typesupport_cppExport.cmake
[43.596s] -- Installing: /home/ubuntu/Workspaces/ros2_ws/install/ros2_pkg/share/ros2_pkg/cmake/ros2_pkg__rosidl_typesupport_cppExport-noconfig.cmake
[43.599s] -- Up-to-date: /home/ubuntu/Workspaces/ros2_ws/install/ros2_pkg/share/ros2_pkg/cmake/rosidl_cmake-extras.cmake
[43.601s] -- Up-to-date: /home/ubuntu/Workspaces/ros2_ws/install/ros2_pkg/share/ros2_pkg/cmake/ament_cmake_export_dependencies-extras.cmake
[43.602s] -- Up-to-date: /home/ubuntu/Workspaces/ros2_ws/install/ros2_pkg/share/ros2_pkg/cmake/ament_cmake_export_libraries-extras.cmake
[43.604s] -- Up-to-date: /home/ubuntu/Workspaces/ros2_ws/install/ros2_pkg/share/ros2_pkg/cmake/ament_cmake_export_targets-extras.cmake
[43.606s] -- Up-to-date: /home/ubuntu/Workspaces/ros2_ws/install/ros2_pkg/share/ros2_pkg/cmake/ament_cmake_export_include_directories-extras.cmake
[43.607s] -- Up-to-date: /home/ubuntu/Workspaces/ros2_ws/install/ros2_pkg/share/ros2_pkg/cmake/rosidl_cmake_export_typesupport_libraries-extras.cmake
[43.611s] -- Up-to-date: /home/ubuntu/Workspaces/ros2_ws/install/ros2_pkg/share/ros2_pkg/cmake/rosidl_cmake_export_typesupport_targets-extras.cmake
[43.612s] -- Up-to-date: /home/ubuntu/Workspaces/ros2_ws/install/ros2_pkg/share/ros2_pkg/cmake/ros2_pkgConfig.cmake
[43.612s] -- Up-to-date: /home/ubuntu/Workspaces/ros2_ws/install/ros2_pkg/share/ros2_pkg/cmake/ros2_pkgConfig-version.cmake
[43.613s] -- Up-to-date: /home/ubuntu/Workspaces/ros2_ws/install/ros2_pkg/share/ros2_pkg/package.xml
[43.624s] Invoked command in '/home/ubuntu/Workspaces/ros2_ws/build/ros2_pkg' returned '0': CMAKE_PREFIX_PATH=${CMAKE_PREFIX_PATH}:/home/ubuntu/turtlebot3_ws/install/turtlebot3_teleop:/home/ubuntu/turtlebot3_ws/install/turtlebot3_example:/opt/ros/foxy /usr/bin/cmake --install /home/ubuntu/Workspaces/ros2_ws/build/ros2_pkg
