[2.968s] Invoking command in '/home/ubuntu/Workspaces/ros2_ws/src/cv_basics': PYTHONPATH=/home/ubuntu/Workspaces/ros2_ws/build/cv_basics/prefix_override:/home/ubuntu/Workspaces/ros2_ws/install/cv_basics/lib/python3.8/site-packages:${PYTHONPATH} /usr/bin/python3 setup.py egg_info --egg-base ../../build/cv_basics build --build-base /home/ubuntu/Workspaces/ros2_ws/build/cv_basics/build install --record /home/ubuntu/Workspaces/ros2_ws/build/cv_basics/install.log --install-scripts $base/lib/cv_basics --single-version-externally-managed
[3.983s] running egg_info
[3.986s] writing ../../build/cv_basics/cv_basics.egg-info/PKG-INFO
[3.987s] writing dependency_links to ../../build/cv_basics/cv_basics.egg-info/dependency_links.txt
[3.988s] writing entry points to ../../build/cv_basics/cv_basics.egg-info/entry_points.txt
[3.988s] writing requirements to ../../build/cv_basics/cv_basics.egg-info/requires.txt
[3.989s] writing top-level names to ../../build/cv_basics/cv_basics.egg-info/top_level.txt
[4.140s] reading manifest file '../../build/cv_basics/cv_basics.egg-info/SOURCES.txt'
[4.145s] writing manifest file '../../build/cv_basics/cv_basics.egg-info/SOURCES.txt'
[4.145s] running build
[4.146s] running build_py
[4.146s] copying cv_basics/cam_sub.py -> /home/ubuntu/Workspaces/ros2_ws/build/cv_basics/build/lib/cv_basics
[4.148s] running install
[4.151s] running install_lib
[4.155s] copying /home/ubuntu/Workspaces/ros2_ws/build/cv_basics/build/lib/cv_basics/cam_sub.py -> /home/ubuntu/Workspaces/ros2_ws/install/cv_basics/lib/python3.8/site-packages/cv_basics
[4.159s] byte-compiling /home/ubuntu/Workspaces/ros2_ws/install/cv_basics/lib/python3.8/site-packages/cv_basics/cam_sub.py to cam_sub.cpython-38.pyc
[4.165s] running install_data
[4.168s] running install_egg_info
[4.175s] removing '/home/ubuntu/Workspaces/ros2_ws/install/cv_basics/lib/python3.8/site-packages/cv_basics-0.0.0-py3.8.egg-info' (and everything under it)
[4.177s] Copying ../../build/cv_basics/cv_basics.egg-info to /home/ubuntu/Workspaces/ros2_ws/install/cv_basics/lib/python3.8/site-packages/cv_basics-0.0.0-py3.8.egg-info
[4.182s] running install_scripts
[4.250s] Installing img_publisher script to /home/ubuntu/Workspaces/ros2_ws/install/cv_basics/lib/cv_basics
[4.251s] Installing img_subscriber script to /home/ubuntu/Workspaces/ros2_ws/install/cv_basics/lib/cv_basics
[4.253s] writing list of installed files to '/home/ubuntu/Workspaces/ros2_ws/build/cv_basics/install.log'
[4.354s] Invoked command in '/home/ubuntu/Workspaces/ros2_ws/src/cv_basics' returned '0': PYTHONPATH=/home/ubuntu/Workspaces/ros2_ws/build/cv_basics/prefix_override:/home/ubuntu/Workspaces/ros2_ws/install/cv_basics/lib/python3.8/site-packages:${PYTHONPATH} /usr/bin/python3 setup.py egg_info --egg-base ../../build/cv_basics build --build-base /home/ubuntu/Workspaces/ros2_ws/build/cv_basics/build install --record /home/ubuntu/Workspaces/ros2_ws/build/cv_basics/install.log --install-scripts $base/lib/cv_basics --single-version-externally-managed
