[4.476s] Invoking command in '/home/ubuntu/Workspaces/ros2_ws/src/cv_basics': PYTHONPATH=/home/ubuntu/Workspaces/ros2_ws/build/cv_basics/prefix_override:/home/ubuntu/Workspaces/ros2_ws/install/cv_basics/lib/python3.8/site-packages:${PYTHONPATH} /usr/bin/python3 setup.py egg_info --egg-base ../../build/cv_basics build --build-base /home/ubuntu/Workspaces/ros2_ws/build/cv_basics/build install --record /home/ubuntu/Workspaces/ros2_ws/build/cv_basics/install.log --install-scripts $base/lib/cv_basics --single-version-externally-managed
[5.076s] /home/ubuntu/.local/lib/python3.8/site-packages/setuptools/dist.py:755: SetuptoolsDeprecationWarning: Invalid dash-separated options
[5.077s] !!
[5.077s] 
[5.078s]         ********************************************************************************
[5.078s]         Usage of dash-separated 'script-dir' will not be supported in future
[5.078s]         versions. Please use the underscore name 'script_dir' instead.
[5.079s] 
[5.079s]         By 2023-Sep-26, you need to update your project and remove deprecated calls
[5.079s]         or your builds will no longer be supported.
[5.080s] 
[5.080s]         See https://setuptools.pypa.io/en/latest/userguide/declarative_config.html for details.
[5.081s]         ********************************************************************************
[5.081s] 
[5.081s] !!
[5.082s]   opt = self.warn_dash_deprecation(opt, section)
[5.509s] running egg_info
[5.578s] writing ../../build/cv_basics/cv_basics.egg-info/PKG-INFO
[5.579s] writing dependency_links to ../../build/cv_basics/cv_basics.egg-info/dependency_links.txt
[5.581s] writing entry points to ../../build/cv_basics/cv_basics.egg-info/entry_points.txt
[5.582s] writing requirements to ../../build/cv_basics/cv_basics.egg-info/requires.txt
[5.583s] writing top-level names to ../../build/cv_basics/cv_basics.egg-info/top_level.txt
[6.165s] reading manifest file '../../build/cv_basics/cv_basics.egg-info/SOURCES.txt'
[6.169s] writing manifest file '../../build/cv_basics/cv_basics.egg-info/SOURCES.txt'
[6.170s] running build
[6.170s] running build_py
[6.172s] running install
[6.173s] /home/ubuntu/.local/lib/python3.8/site-packages/setuptools/_distutils/cmd.py:66: SetuptoolsDeprecationWarning: setup.py install is deprecated.
[6.174s] !!
[6.174s] 
[6.175s]         ********************************************************************************
[6.176s]         Please avoid running ``setup.py`` directly.
[6.176s]         Instead, use pypa/build, pypa/installer, pypa/build or
[6.177s]         other standards-based tools.
[6.177s] 
[6.178s]         See https://blog.ganssle.io/articles/2021/10/setup-py-deprecated.html for details.
[6.178s]         ********************************************************************************
[6.179s] 
[6.180s] !!
[6.180s]   self.initialize_options()
[6.199s] running install_lib
[6.271s] running install_data
[6.335s] running install_egg_info
[6.407s] removing '/home/ubuntu/Workspaces/ros2_ws/install/cv_basics/lib/python3.8/site-packages/cv_basics-0.0.0-py3.8.egg-info' (and everything under it)
[6.409s] Copying ../../build/cv_basics/cv_basics.egg-info to /home/ubuntu/Workspaces/ros2_ws/install/cv_basics/lib/python3.8/site-packages/cv_basics-0.0.0-py3.8.egg-info
[6.415s] running install_scripts
[6.689s] Installing img_publisher script to /home/ubuntu/Workspaces/ros2_ws/install/cv_basics/lib/cv_basics
[6.690s] Installing img_subscriber script to /home/ubuntu/Workspaces/ros2_ws/install/cv_basics/lib/cv_basics
[6.692s] writing list of installed files to '/home/ubuntu/Workspaces/ros2_ws/build/cv_basics/install.log'
[6.832s] Invoked command in '/home/ubuntu/Workspaces/ros2_ws/src/cv_basics' returned '0': PYTHONPATH=/home/ubuntu/Workspaces/ros2_ws/build/cv_basics/prefix_override:/home/ubuntu/Workspaces/ros2_ws/install/cv_basics/lib/python3.8/site-packages:${PYTHONPATH} /usr/bin/python3 setup.py egg_info --egg-base ../../build/cv_basics build --build-base /home/ubuntu/Workspaces/ros2_ws/build/cv_basics/build install --record /home/ubuntu/Workspaces/ros2_ws/build/cv_basics/install.log --install-scripts $base/lib/cv_basics --single-version-externally-managed
