[1.475s] DEBUG:colcon:Command line arguments: ['/usr/bin/colcon', 'build']
[1.476s] DEBUG:colcon:Parsed command line arguments: Namespace(allow_overriding=[], ament_cmake_args=None, base_paths=['.'], build_base='build', catkin_cmake_args=None, catkin_skip_building_tests=False, cmake_args=None, cmake_clean_cache=False, cmake_clean_first=False, cmake_force_configure=False, cmake_target=None, cmake_target_skip_unavailable=False, continue_on_error=False, event_handlers=None, executor='parallel', ignore_user_meta=False, install_base='install', log_base=None, log_level=None, main=<bound method BuildVerb.main of <colcon_core.verb.build.BuildVerb object at 0xffffb76a4d00>>, merge_install=False, metas=['./colcon.meta'], packages_above=None, packages_above_and_dependencies=None, packages_above_depth=None, packages_end=None, packages_ignore=None, packages_ignore_regex=None, packages_select=None, packages_select_build_failed=False, packages_select_by_dep=None, packages_select_regex=None, packages_select_test_failures=False, packages_skip=None, packages_skip_build_finished=False, packages_skip_by_dep=None, packages_skip_regex=None, packages_skip_test_passed=False, packages_skip_up_to=None, packages_start=None, packages_up_to=None, packages_up_to_regex=None, parallel_workers=4, paths=None, symlink_install=False, test_result_base=None, verb_extension=<colcon_core.verb.build.BuildVerb object at 0xffffb76a4d00>, verb_name='build', verb_parser=<colcon_defaults.argument_parser.defaults.DefaultArgumentsDecorator object at 0xffffb75d0550>)
[1.690s] Level 1:colcon.colcon_core.package_discovery:discover_packages(colcon_meta) check parameters
[1.690s] Level 1:colcon.colcon_core.package_discovery:discover_packages(recursive) check parameters
[1.691s] Level 1:colcon.colcon_core.package_discovery:discover_packages(ignore) check parameters
[1.691s] Level 1:colcon.colcon_core.package_discovery:discover_packages(path) check parameters
[1.691s] Level 1:colcon.colcon_core.package_discovery:discover_packages(colcon_meta) discover
[1.691s] Level 1:colcon.colcon_core.package_discovery:discover_packages(recursive) discover
[1.691s] INFO:colcon.colcon_core.package_discovery:Crawling recursively for packages in '/home/ubuntu/Workspaces/ros2_ws'
[1.692s] Level 1:colcon.colcon_core.package_identification:_identify(.) by extensions ['ignore', 'ignore_ament_install']
[1.692s] Level 1:colcon.colcon_core.package_identification:_identify(.) by extension 'ignore'
[1.692s] Level 1:colcon.colcon_core.package_identification:_identify(.) by extension 'ignore_ament_install'
[1.693s] Level 1:colcon.colcon_core.package_identification:_identify(.) by extensions ['colcon_pkg']
[1.693s] Level 1:colcon.colcon_core.package_identification:_identify(.) by extension 'colcon_pkg'
[1.693s] Level 1:colcon.colcon_core.package_identification:_identify(.) by extensions ['colcon_meta']
[1.693s] Level 1:colcon.colcon_core.package_identification:_identify(.) by extension 'colcon_meta'
[1.693s] Level 1:colcon.colcon_core.package_identification:_identify(.) by extensions ['ros']
[1.693s] Level 1:colcon.colcon_core.package_identification:_identify(.) by extension 'ros'
[1.756s] Level 1:colcon.colcon_core.package_identification:_identify(.) by extensions ['cmake', 'python']
[1.757s] Level 1:colcon.colcon_core.package_identification:_identify(.) by extension 'cmake'
[1.757s] Level 1:colcon.colcon_core.package_identification:_identify(.) by extension 'python'
[1.757s] Level 1:colcon.colcon_core.package_identification:_identify(.) by extensions ['python_setup_py']
[1.757s] Level 1:colcon.colcon_core.package_identification:_identify(.) by extension 'python_setup_py'
[1.758s] Level 1:colcon.colcon_core.package_identification:_identify(build) by extensions ['ignore', 'ignore_ament_install']
[1.758s] Level 1:colcon.colcon_core.package_identification:_identify(build) by extension 'ignore'
[1.758s] Level 1:colcon.colcon_core.package_identification:_identify(build) ignored
[1.759s] Level 1:colcon.colcon_core.package_identification:_identify(install) by extensions ['ignore', 'ignore_ament_install']
[1.759s] Level 1:colcon.colcon_core.package_identification:_identify(install) by extension 'ignore'
[1.760s] Level 1:colcon.colcon_core.package_identification:_identify(install) ignored
[1.760s] Level 1:colcon.colcon_core.package_identification:_identify(log) by extensions ['ignore', 'ignore_ament_install']
[1.761s] Level 1:colcon.colcon_core.package_identification:_identify(log) by extension 'ignore'
[1.761s] Level 1:colcon.colcon_core.package_identification:_identify(log) ignored
[1.761s] Level 1:colcon.colcon_core.package_identification:_identify(src) by extensions ['ignore', 'ignore_ament_install']
[1.762s] Level 1:colcon.colcon_core.package_identification:_identify(src) by extension 'ignore'
[1.762s] Level 1:colcon.colcon_core.package_identification:_identify(src) by extension 'ignore_ament_install'
[1.762s] Level 1:colcon.colcon_core.package_identification:_identify(src) by extensions ['colcon_pkg']
[1.762s] Level 1:colcon.colcon_core.package_identification:_identify(src) by extension 'colcon_pkg'
[1.762s] Level 1:colcon.colcon_core.package_identification:_identify(src) by extensions ['colcon_meta']
[1.763s] Level 1:colcon.colcon_core.package_identification:_identify(src) by extension 'colcon_meta'
[1.763s] Level 1:colcon.colcon_core.package_identification:_identify(src) by extensions ['ros']
[1.763s] Level 1:colcon.colcon_core.package_identification:_identify(src) by extension 'ros'
[1.763s] Level 1:colcon.colcon_core.package_identification:_identify(src) by extensions ['cmake', 'python']
[1.763s] Level 1:colcon.colcon_core.package_identification:_identify(src) by extension 'cmake'
[1.764s] Level 1:colcon.colcon_core.package_identification:_identify(src) by extension 'python'
[1.764s] Level 1:colcon.colcon_core.package_identification:_identify(src) by extensions ['python_setup_py']
[1.764s] Level 1:colcon.colcon_core.package_identification:_identify(src) by extension 'python_setup_py'
[1.764s] Level 1:colcon.colcon_core.package_identification:_identify(src/cv_basics) by extensions ['ignore', 'ignore_ament_install']
[1.765s] Level 1:colcon.colcon_core.package_identification:_identify(src/cv_basics) by extension 'ignore'
[1.765s] Level 1:colcon.colcon_core.package_identification:_identify(src/cv_basics) by extension 'ignore_ament_install'
[1.765s] Level 1:colcon.colcon_core.package_identification:_identify(src/cv_basics) by extensions ['colcon_pkg']
[1.765s] Level 1:colcon.colcon_core.package_identification:_identify(src/cv_basics) by extension 'colcon_pkg'
[1.766s] Level 1:colcon.colcon_core.package_identification:_identify(src/cv_basics) by extensions ['colcon_meta']
[1.766s] Level 1:colcon.colcon_core.package_identification:_identify(src/cv_basics) by extension 'colcon_meta'
[1.766s] Level 1:colcon.colcon_core.package_identification:_identify(src/cv_basics) by extensions ['ros']
[1.766s] Level 1:colcon.colcon_core.package_identification:_identify(src/cv_basics) by extension 'ros'
[1.778s] DEBUG:colcon.colcon_core.package_identification:Package 'src/cv_basics' with type 'ros.ament_python' and name 'cv_basics'
[1.779s] Level 1:colcon.colcon_core.package_identification:_identify(src/ros2_pkg) by extensions ['ignore', 'ignore_ament_install']
[1.779s] Level 1:colcon.colcon_core.package_identification:_identify(src/ros2_pkg) by extension 'ignore'
[1.780s] Level 1:colcon.colcon_core.package_identification:_identify(src/ros2_pkg) by extension 'ignore_ament_install'
[1.781s] Level 1:colcon.colcon_core.package_identification:_identify(src/ros2_pkg) by extensions ['colcon_pkg']
[1.781s] Level 1:colcon.colcon_core.package_identification:_identify(src/ros2_pkg) by extension 'colcon_pkg'
[1.782s] Level 1:colcon.colcon_core.package_identification:_identify(src/ros2_pkg) by extensions ['colcon_meta']
[1.782s] Level 1:colcon.colcon_core.package_identification:_identify(src/ros2_pkg) by extension 'colcon_meta'
[1.782s] Level 1:colcon.colcon_core.package_identification:_identify(src/ros2_pkg) by extensions ['ros']
[1.783s] Level 1:colcon.colcon_core.package_identification:_identify(src/ros2_pkg) by extension 'ros'
[1.787s] DEBUG:colcon.colcon_core.package_identification:Package 'src/ros2_pkg' with type 'ros.ament_cmake' and name 'ros2_pkg'
[1.788s] Level 1:colcon.colcon_core.package_discovery:discover_packages(recursive) using defaults
[1.788s] Level 1:colcon.colcon_core.package_discovery:discover_packages(ignore) discover
[1.788s] Level 1:colcon.colcon_core.package_discovery:discover_packages(ignore) using defaults
[1.789s] Level 1:colcon.colcon_core.package_discovery:discover_packages(path) discover
[1.789s] Level 1:colcon.colcon_core.package_discovery:discover_packages(path) using defaults
[2.000s] Level 1:colcon.colcon_core.package_discovery:discover_packages(prefix_path) check parameters
[2.000s] Level 1:colcon.colcon_core.package_discovery:discover_packages(prefix_path) discover
[2.018s] DEBUG:colcon.colcon_installed_package_information.package_discovery:Found 2 installed packages in /home/ubuntu/Workspaces/ros2_ws/install
[2.025s] DEBUG:colcon.colcon_installed_package_information.package_discovery:Found 6 installed packages in /home/ubuntu/turtlebot3_ws/install
[2.038s] DEBUG:colcon.colcon_installed_package_information.package_discovery:Found 265 installed packages in /opt/ros/foxy
[2.045s] Level 1:colcon.colcon_core.package_discovery:discover_packages(prefix_path) using defaults
[2.337s] Level 5:colcon.colcon_core.verb:set package 'cv_basics' build argument 'cmake_args' from command line to 'None'
[2.337s] Level 5:colcon.colcon_core.verb:set package 'cv_basics' build argument 'cmake_target' from command line to 'None'
[2.338s] Level 5:colcon.colcon_core.verb:set package 'cv_basics' build argument 'cmake_target_skip_unavailable' from command line to 'False'
[2.338s] Level 5:colcon.colcon_core.verb:set package 'cv_basics' build argument 'cmake_clean_cache' from command line to 'False'
[2.338s] Level 5:colcon.colcon_core.verb:set package 'cv_basics' build argument 'cmake_clean_first' from command line to 'False'
[2.338s] Level 5:colcon.colcon_core.verb:set package 'cv_basics' build argument 'cmake_force_configure' from command line to 'False'
[2.338s] Level 5:colcon.colcon_core.verb:set package 'cv_basics' build argument 'ament_cmake_args' from command line to 'None'
[2.338s] Level 5:colcon.colcon_core.verb:set package 'cv_basics' build argument 'catkin_cmake_args' from command line to 'None'
[2.338s] Level 5:colcon.colcon_core.verb:set package 'cv_basics' build argument 'catkin_skip_building_tests' from command line to 'False'
[2.338s] DEBUG:colcon.colcon_core.verb:Building package 'cv_basics' with the following arguments: {'ament_cmake_args': None, 'build_base': '/home/ubuntu/Workspaces/ros2_ws/build/cv_basics', 'catkin_cmake_args': None, 'catkin_skip_building_tests': False, 'cmake_args': None, 'cmake_clean_cache': False, 'cmake_clean_first': False, 'cmake_force_configure': False, 'cmake_target': None, 'cmake_target_skip_unavailable': False, 'install_base': '/home/ubuntu/Workspaces/ros2_ws/install/cv_basics', 'merge_install': False, 'path': '/home/ubuntu/Workspaces/ros2_ws/src/cv_basics', 'symlink_install': False, 'test_result_base': None}
[2.343s] Level 5:colcon.colcon_core.verb:set package 'ros2_pkg' build argument 'cmake_args' from command line to 'None'
[2.344s] Level 5:colcon.colcon_core.verb:set package 'ros2_pkg' build argument 'cmake_target' from command line to 'None'
[2.344s] Level 5:colcon.colcon_core.verb:set package 'ros2_pkg' build argument 'cmake_target_skip_unavailable' from command line to 'False'
[2.344s] Level 5:colcon.colcon_core.verb:set package 'ros2_pkg' build argument 'cmake_clean_cache' from command line to 'False'
[2.344s] Level 5:colcon.colcon_core.verb:set package 'ros2_pkg' build argument 'cmake_clean_first' from command line to 'False'
[2.344s] Level 5:colcon.colcon_core.verb:set package 'ros2_pkg' build argument 'cmake_force_configure' from command line to 'False'
[2.344s] Level 5:colcon.colcon_core.verb:set package 'ros2_pkg' build argument 'ament_cmake_args' from command line to 'None'
[2.344s] Level 5:colcon.colcon_core.verb:set package 'ros2_pkg' build argument 'catkin_cmake_args' from command line to 'None'
[2.344s] Level 5:colcon.colcon_core.verb:set package 'ros2_pkg' build argument 'catkin_skip_building_tests' from command line to 'False'
[2.345s] DEBUG:colcon.colcon_core.verb:Building package 'ros2_pkg' with the following arguments: {'ament_cmake_args': None, 'build_base': '/home/ubuntu/Workspaces/ros2_ws/build/ros2_pkg', 'catkin_cmake_args': None, 'catkin_skip_building_tests': False, 'cmake_args': None, 'cmake_clean_cache': False, 'cmake_clean_first': False, 'cmake_force_configure': False, 'cmake_target': None, 'cmake_target_skip_unavailable': False, 'install_base': '/home/ubuntu/Workspaces/ros2_ws/install/ros2_pkg', 'merge_install': False, 'path': '/home/ubuntu/Workspaces/ros2_ws/src/ros2_pkg', 'symlink_install': False, 'test_result_base': None}
[2.348s] INFO:colcon.colcon_core.executor:Executing jobs using 'parallel' executor
[2.365s] DEBUG:colcon.colcon_parallel_executor.executor.parallel:run_until_complete
[2.366s] INFO:colcon.colcon_ros.task.ament_python.build:Building ROS package in '/home/ubuntu/Workspaces/ros2_ws/src/cv_basics' with build type 'ament_python'
[2.367s] Level 1:colcon.colcon_core.shell:create_environment_hook('cv_basics', 'ament_prefix_path')
[2.385s] INFO:colcon.colcon_core.plugin_system:Skipping extension 'colcon_core.shell.bat': Not used on non-Windows systems
[2.386s] INFO:colcon.colcon_core.shell:Creating environment hook '/home/ubuntu/Workspaces/ros2_ws/install/cv_basics/share/cv_basics/hook/ament_prefix_path.ps1'
[2.389s] INFO:colcon.colcon_core.shell:Creating environment descriptor '/home/ubuntu/Workspaces/ros2_ws/install/cv_basics/share/cv_basics/hook/ament_prefix_path.dsv'
[2.391s] INFO:colcon.colcon_core.shell:Creating environment hook '/home/ubuntu/Workspaces/ros2_ws/install/cv_basics/share/cv_basics/hook/ament_prefix_path.sh'
[2.400s] INFO:colcon.colcon_core.shell:Skip shell extension 'powershell' for command environment: Not usable outside of PowerShell
[2.401s] DEBUG:colcon.colcon_core.shell:Skip shell extension 'dsv' for command environment
[2.442s] INFO:colcon.colcon_ros.task.ament_cmake.build:Building ROS package in '/home/ubuntu/Workspaces/ros2_ws/src/ros2_pkg' with build type 'ament_cmake'
[2.443s] INFO:colcon.colcon_cmake.task.cmake.build:Building CMake package in '/home/ubuntu/Workspaces/ros2_ws/src/ros2_pkg'
[2.452s] INFO:colcon.colcon_core.shell:Skip shell extension 'powershell' for command environment: Not usable outside of PowerShell
[2.453s] DEBUG:colcon.colcon_core.shell:Skip shell extension 'dsv' for command environment
[3.443s] INFO:colcon.colcon_core.task.python.build:Building Python package in '/home/ubuntu/Workspaces/ros2_ws/src/cv_basics'
[3.450s] INFO:colcon.colcon_core.shell:Skip shell extension 'powershell' for command environment: Not usable outside of PowerShell
[3.451s] DEBUG:colcon.colcon_core.shell:Skip shell extension 'dsv' for command environment
[3.507s] DEBUG:colcon.colcon_core.event_handler.log_command:Invoking command in '/home/ubuntu/Workspaces/ros2_ws/build/ros2_pkg': CMAKE_PREFIX_PATH=${CMAKE_PREFIX_PATH}:/home/ubuntu/Workspaces/ros2_ws/install/cv_basics:/home/ubuntu/turtlebot3_ws/install/turtlebot3_teleop:/home/ubuntu/turtlebot3_ws/install/turtlebot3_example:/opt/ros/foxy /usr/bin/cmake --build /home/ubuntu/Workspaces/ros2_ws/build/ros2_pkg -- -j4 -l4
[6.570s] DEBUG:colcon.colcon_core.event_handler.log_command:Invoking command in '/home/ubuntu/Workspaces/ros2_ws/src/cv_basics': PYTHONPATH=/home/ubuntu/Workspaces/ros2_ws/build/cv_basics/prefix_override:/home/ubuntu/Workspaces/ros2_ws/install/cv_basics/lib/python3.8/site-packages:${PYTHONPATH} /usr/bin/python3 setup.py egg_info --egg-base ../../build/cv_basics build --build-base /home/ubuntu/Workspaces/ros2_ws/build/cv_basics/build install --record /home/ubuntu/Workspaces/ros2_ws/build/cv_basics/install.log --install-scripts $base/lib/cv_basics --single-version-externally-managed
[9.334s] DEBUG:colcon.colcon_core.event_handler.log_command:Invoked command in '/home/ubuntu/Workspaces/ros2_ws/src/cv_basics' returned '0': PYTHONPATH=/home/ubuntu/Workspaces/ros2_ws/build/cv_basics/prefix_override:/home/ubuntu/Workspaces/ros2_ws/install/cv_basics/lib/python3.8/site-packages:${PYTHONPATH} /usr/bin/python3 setup.py egg_info --egg-base ../../build/cv_basics build --build-base /home/ubuntu/Workspaces/ros2_ws/build/cv_basics/build install --record /home/ubuntu/Workspaces/ros2_ws/build/cv_basics/install.log --install-scripts $base/lib/cv_basics --single-version-externally-managed
[9.354s] Level 1:colcon.colcon_core.environment:checking '/home/ubuntu/Workspaces/ros2_ws/install/cv_basics' for CMake module files
[9.356s] Level 1:colcon.colcon_core.environment:checking '/home/ubuntu/Workspaces/ros2_ws/install/cv_basics' for CMake config files
[9.360s] Level 1:colcon.colcon_core.environment:checking '/home/ubuntu/Workspaces/ros2_ws/install/cv_basics/lib'
[9.361s] Level 1:colcon.colcon_core.environment:checking '/home/ubuntu/Workspaces/ros2_ws/install/cv_basics/bin'
[9.362s] Level 1:colcon.colcon_core.environment:checking '/home/ubuntu/Workspaces/ros2_ws/install/cv_basics/lib/pkgconfig/cv_basics.pc'
[9.363s] Level 1:colcon.colcon_core.environment:checking '/home/ubuntu/Workspaces/ros2_ws/install/cv_basics/lib/python3.8/site-packages'
[9.363s] Level 1:colcon.colcon_core.shell:create_environment_hook('cv_basics', 'pythonpath')
[9.370s] INFO:colcon.colcon_core.shell:Creating environment hook '/home/ubuntu/Workspaces/ros2_ws/install/cv_basics/share/cv_basics/hook/pythonpath.ps1'
[9.372s] INFO:colcon.colcon_core.shell:Creating environment descriptor '/home/ubuntu/Workspaces/ros2_ws/install/cv_basics/share/cv_basics/hook/pythonpath.dsv'
[9.374s] INFO:colcon.colcon_core.shell:Creating environment hook '/home/ubuntu/Workspaces/ros2_ws/install/cv_basics/share/cv_basics/hook/pythonpath.sh'
[9.376s] Level 1:colcon.colcon_core.environment:checking '/home/ubuntu/Workspaces/ros2_ws/install/cv_basics/bin'
[9.377s] Level 1:colcon.colcon_core.environment:create_environment_scripts_only(cv_basics)
[9.385s] INFO:colcon.colcon_core.shell:Creating package script '/home/ubuntu/Workspaces/ros2_ws/install/cv_basics/share/cv_basics/package.ps1'
[9.389s] INFO:colcon.colcon_core.shell:Creating package descriptor '/home/ubuntu/Workspaces/ros2_ws/install/cv_basics/share/cv_basics/package.dsv'
[9.392s] INFO:colcon.colcon_core.shell:Creating package script '/home/ubuntu/Workspaces/ros2_ws/install/cv_basics/share/cv_basics/package.sh'
[9.395s] INFO:colcon.colcon_core.shell:Creating package script '/home/ubuntu/Workspaces/ros2_ws/install/cv_basics/share/cv_basics/package.bash'
[9.399s] INFO:colcon.colcon_core.shell:Creating package script '/home/ubuntu/Workspaces/ros2_ws/install/cv_basics/share/cv_basics/package.zsh'
[9.402s] Level 1:colcon.colcon_core.environment:create_file_with_runtime_dependencies(/home/ubuntu/Workspaces/ros2_ws/install/cv_basics/share/colcon-core/packages/cv_basics)
[25.905s] DEBUG:colcon.colcon_core.event_handler.log_command:Invoked command in '/home/ubuntu/Workspaces/ros2_ws/build/ros2_pkg' returned '0': CMAKE_PREFIX_PATH=${CMAKE_PREFIX_PATH}:/home/ubuntu/Workspaces/ros2_ws/install/cv_basics:/home/ubuntu/turtlebot3_ws/install/turtlebot3_teleop:/home/ubuntu/turtlebot3_ws/install/turtlebot3_example:/opt/ros/foxy /usr/bin/cmake --build /home/ubuntu/Workspaces/ros2_ws/build/ros2_pkg -- -j4 -l4
[26.440s] DEBUG:colcon.colcon_core.event_handler.log_command:Invoking command in '/home/ubuntu/Workspaces/ros2_ws/build/ros2_pkg': CMAKE_PREFIX_PATH=${CMAKE_PREFIX_PATH}:/home/ubuntu/Workspaces/ros2_ws/install/cv_basics:/home/ubuntu/turtlebot3_ws/install/turtlebot3_teleop:/home/ubuntu/turtlebot3_ws/install/turtlebot3_example:/opt/ros/foxy /usr/bin/cmake --install /home/ubuntu/Workspaces/ros2_ws/build/ros2_pkg
[27.017s] Level 1:colcon.colcon_core.environment:create_environment_scripts_only(ros2_pkg)
[27.029s] Level 1:colcon.colcon_core.environment:checking '/home/ubuntu/Workspaces/ros2_ws/install/ros2_pkg' for CMake module files
[27.029s] DEBUG:colcon.colcon_core.event_handler.log_command:Invoked command in '/home/ubuntu/Workspaces/ros2_ws/build/ros2_pkg' returned '0': CMAKE_PREFIX_PATH=${CMAKE_PREFIX_PATH}:/home/ubuntu/Workspaces/ros2_ws/install/cv_basics:/home/ubuntu/turtlebot3_ws/install/turtlebot3_teleop:/home/ubuntu/turtlebot3_ws/install/turtlebot3_example:/opt/ros/foxy /usr/bin/cmake --install /home/ubuntu/Workspaces/ros2_ws/build/ros2_pkg
[27.034s] Level 1:colcon.colcon_core.environment:checking '/home/ubuntu/Workspaces/ros2_ws/install/ros2_pkg' for CMake config files
[27.037s] Level 1:colcon.colcon_core.shell:create_environment_hook('ros2_pkg', 'cmake_prefix_path')
[27.045s] INFO:colcon.colcon_core.shell:Creating environment hook '/home/ubuntu/Workspaces/ros2_ws/install/ros2_pkg/share/ros2_pkg/hook/cmake_prefix_path.ps1'
[27.048s] INFO:colcon.colcon_core.shell:Creating environment descriptor '/home/ubuntu/Workspaces/ros2_ws/install/ros2_pkg/share/ros2_pkg/hook/cmake_prefix_path.dsv'
[27.049s] INFO:colcon.colcon_core.shell:Creating environment hook '/home/ubuntu/Workspaces/ros2_ws/install/ros2_pkg/share/ros2_pkg/hook/cmake_prefix_path.sh'
[27.052s] Level 1:colcon.colcon_core.environment:checking '/home/ubuntu/Workspaces/ros2_ws/install/ros2_pkg/lib'
[27.053s] Level 1:colcon.colcon_core.shell:create_environment_hook('ros2_pkg', 'ld_library_path_lib')
[27.061s] INFO:colcon.colcon_core.shell:Creating environment hook '/home/ubuntu/Workspaces/ros2_ws/install/ros2_pkg/share/ros2_pkg/hook/ld_library_path_lib.ps1'
[27.063s] INFO:colcon.colcon_core.shell:Creating environment descriptor '/home/ubuntu/Workspaces/ros2_ws/install/ros2_pkg/share/ros2_pkg/hook/ld_library_path_lib.dsv'
[27.065s] INFO:colcon.colcon_core.shell:Creating environment hook '/home/ubuntu/Workspaces/ros2_ws/install/ros2_pkg/share/ros2_pkg/hook/ld_library_path_lib.sh'
[27.066s] Level 1:colcon.colcon_core.environment:checking '/home/ubuntu/Workspaces/ros2_ws/install/ros2_pkg/bin'
[27.067s] Level 1:colcon.colcon_core.environment:checking '/home/ubuntu/Workspaces/ros2_ws/install/ros2_pkg/lib/pkgconfig/ros2_pkg.pc'
[27.068s] Level 1:colcon.colcon_core.environment:checking '/home/ubuntu/Workspaces/ros2_ws/install/ros2_pkg/lib/python3.8/site-packages'
[27.068s] Level 1:colcon.colcon_core.shell:create_environment_hook('ros2_pkg', 'pythonpath')
[27.075s] INFO:colcon.colcon_core.shell:Creating environment hook '/home/ubuntu/Workspaces/ros2_ws/install/ros2_pkg/share/ros2_pkg/hook/pythonpath.ps1'
[27.077s] INFO:colcon.colcon_core.shell:Creating environment descriptor '/home/ubuntu/Workspaces/ros2_ws/install/ros2_pkg/share/ros2_pkg/hook/pythonpath.dsv'
[27.079s] INFO:colcon.colcon_core.shell:Creating environment hook '/home/ubuntu/Workspaces/ros2_ws/install/ros2_pkg/share/ros2_pkg/hook/pythonpath.sh'
[27.081s] Level 1:colcon.colcon_core.environment:checking '/home/ubuntu/Workspaces/ros2_ws/install/ros2_pkg/bin'
[27.088s] INFO:colcon.colcon_core.shell:Creating package script '/home/ubuntu/Workspaces/ros2_ws/install/ros2_pkg/share/ros2_pkg/package.ps1'
[27.091s] INFO:colcon.colcon_core.shell:Creating package descriptor '/home/ubuntu/Workspaces/ros2_ws/install/ros2_pkg/share/ros2_pkg/package.dsv'
[27.093s] INFO:colcon.colcon_core.shell:Creating package script '/home/ubuntu/Workspaces/ros2_ws/install/ros2_pkg/share/ros2_pkg/package.sh'
[27.095s] INFO:colcon.colcon_core.shell:Creating package script '/home/ubuntu/Workspaces/ros2_ws/install/ros2_pkg/share/ros2_pkg/package.bash'
[27.098s] INFO:colcon.colcon_core.shell:Creating package script '/home/ubuntu/Workspaces/ros2_ws/install/ros2_pkg/share/ros2_pkg/package.zsh'
[27.100s] Level 1:colcon.colcon_core.environment:create_file_with_runtime_dependencies(/home/ubuntu/Workspaces/ros2_ws/install/ros2_pkg/share/colcon-core/packages/ros2_pkg)
[27.597s] Level 1:colcon.colcon_core.environment:create_environment_scripts_only(ros2_pkg)
[27.607s] Level 1:colcon.colcon_core.environment:checking '/home/ubuntu/Workspaces/ros2_ws/install/ros2_pkg' for CMake module files
[27.612s] Level 1:colcon.colcon_core.environment:checking '/home/ubuntu/Workspaces/ros2_ws/install/ros2_pkg' for CMake config files
[27.615s] Level 1:colcon.colcon_core.shell:create_environment_hook('ros2_pkg', 'cmake_prefix_path')
[27.622s] INFO:colcon.colcon_core.shell:Creating environment hook '/home/ubuntu/Workspaces/ros2_ws/install/ros2_pkg/share/ros2_pkg/hook/cmake_prefix_path.ps1'
[27.624s] INFO:colcon.colcon_core.shell:Creating environment descriptor '/home/ubuntu/Workspaces/ros2_ws/install/ros2_pkg/share/ros2_pkg/hook/cmake_prefix_path.dsv'
[27.626s] INFO:colcon.colcon_core.shell:Creating environment hook '/home/ubuntu/Workspaces/ros2_ws/install/ros2_pkg/share/ros2_pkg/hook/cmake_prefix_path.sh'
[27.629s] Level 1:colcon.colcon_core.environment:checking '/home/ubuntu/Workspaces/ros2_ws/install/ros2_pkg/lib'
[27.629s] Level 1:colcon.colcon_core.shell:create_environment_hook('ros2_pkg', 'ld_library_path_lib')
[27.636s] INFO:colcon.colcon_core.shell:Creating environment hook '/home/ubuntu/Workspaces/ros2_ws/install/ros2_pkg/share/ros2_pkg/hook/ld_library_path_lib.ps1'
[27.638s] INFO:colcon.colcon_core.shell:Creating environment descriptor '/home/ubuntu/Workspaces/ros2_ws/install/ros2_pkg/share/ros2_pkg/hook/ld_library_path_lib.dsv'
[27.639s] INFO:colcon.colcon_core.shell:Creating environment hook '/home/ubuntu/Workspaces/ros2_ws/install/ros2_pkg/share/ros2_pkg/hook/ld_library_path_lib.sh'
[27.641s] Level 1:colcon.colcon_core.environment:checking '/home/ubuntu/Workspaces/ros2_ws/install/ros2_pkg/bin'
[27.642s] Level 1:colcon.colcon_core.environment:checking '/home/ubuntu/Workspaces/ros2_ws/install/ros2_pkg/lib/pkgconfig/ros2_pkg.pc'
[27.643s] Level 1:colcon.colcon_core.environment:checking '/home/ubuntu/Workspaces/ros2_ws/install/ros2_pkg/lib/python3.8/site-packages'
[27.643s] Level 1:colcon.colcon_core.shell:create_environment_hook('ros2_pkg', 'pythonpath')
[27.650s] INFO:colcon.colcon_core.shell:Creating environment hook '/home/ubuntu/Workspaces/ros2_ws/install/ros2_pkg/share/ros2_pkg/hook/pythonpath.ps1'
[27.653s] INFO:colcon.colcon_core.shell:Creating environment descriptor '/home/ubuntu/Workspaces/ros2_ws/install/ros2_pkg/share/ros2_pkg/hook/pythonpath.dsv'
[27.655s] INFO:colcon.colcon_core.shell:Creating environment hook '/home/ubuntu/Workspaces/ros2_ws/install/ros2_pkg/share/ros2_pkg/hook/pythonpath.sh'
[27.658s] Level 1:colcon.colcon_core.environment:checking '/home/ubuntu/Workspaces/ros2_ws/install/ros2_pkg/bin'
[27.666s] INFO:colcon.colcon_core.shell:Creating package script '/home/ubuntu/Workspaces/ros2_ws/install/ros2_pkg/share/ros2_pkg/package.ps1'
[27.668s] INFO:colcon.colcon_core.shell:Creating package descriptor '/home/ubuntu/Workspaces/ros2_ws/install/ros2_pkg/share/ros2_pkg/package.dsv'
[27.671s] INFO:colcon.colcon_core.shell:Creating package script '/home/ubuntu/Workspaces/ros2_ws/install/ros2_pkg/share/ros2_pkg/package.sh'
[27.674s] INFO:colcon.colcon_core.shell:Creating package script '/home/ubuntu/Workspaces/ros2_ws/install/ros2_pkg/share/ros2_pkg/package.bash'
[27.677s] INFO:colcon.colcon_core.shell:Creating package script '/home/ubuntu/Workspaces/ros2_ws/install/ros2_pkg/share/ros2_pkg/package.zsh'
[27.679s] Level 1:colcon.colcon_core.environment:create_file_with_runtime_dependencies(/home/ubuntu/Workspaces/ros2_ws/install/ros2_pkg/share/colcon-core/packages/ros2_pkg)
[27.681s] DEBUG:colcon.colcon_parallel_executor.executor.parallel:closing loop
[27.682s] DEBUG:colcon.colcon_parallel_executor.executor.parallel:loop closed
[27.684s] DEBUG:colcon.colcon_parallel_executor.executor.parallel:run_until_complete finished with '0'
[27.685s] DEBUG:colcon.colcon_core.event_reactor:joining thread
[27.707s] INFO:colcon.colcon_core.plugin_system:Skipping extension 'colcon_notification.desktop_notification.notify_send': Could not find 'notify-send'
[27.707s] INFO:colcon.colcon_core.plugin_system:Skipping extension 'colcon_notification.desktop_notification.terminal_notifier': Not used on non-Darwin systems
[27.707s] INFO:colcon.colcon_core.plugin_system:Skipping extension 'colcon_notification.desktop_notification.win32': Not used on non-Windows systems
[27.707s] INFO:colcon.colcon_notification.desktop_notification:Sending desktop notification using 'notify2'
[27.710s] DEBUG:colcon.colcon_notification.desktop_notification.notify2:Failed to initialize notify2: org.freedesktop.DBus.Error.ServiceUnknown: The name org.freedesktop.Notifications was not provided by any .service files
[27.711s] DEBUG:colcon.colcon_core.event_reactor:joined thread
[27.720s] INFO:colcon.colcon_core.shell:Creating prefix script '/home/ubuntu/Workspaces/ros2_ws/install/local_setup.ps1'
[27.724s] INFO:colcon.colcon_core.shell:Creating prefix util module '/home/ubuntu/Workspaces/ros2_ws/install/_local_setup_util_ps1.py'
[27.729s] INFO:colcon.colcon_core.shell:Creating prefix chain script '/home/ubuntu/Workspaces/ros2_ws/install/setup.ps1'
[27.737s] INFO:colcon.colcon_core.shell:Creating prefix script '/home/ubuntu/Workspaces/ros2_ws/install/local_setup.sh'
[27.740s] INFO:colcon.colcon_core.shell:Creating prefix util module '/home/ubuntu/Workspaces/ros2_ws/install/_local_setup_util_sh.py'
[27.742s] INFO:colcon.colcon_core.shell:Creating prefix chain script '/home/ubuntu/Workspaces/ros2_ws/install/setup.sh'
[27.750s] INFO:colcon.colcon_core.shell:Creating prefix script '/home/ubuntu/Workspaces/ros2_ws/install/local_setup.bash'
[27.752s] INFO:colcon.colcon_core.shell:Creating prefix chain script '/home/ubuntu/Workspaces/ros2_ws/install/setup.bash'
[27.760s] INFO:colcon.colcon_core.shell:Creating prefix script '/home/ubuntu/Workspaces/ros2_ws/install/local_setup.zsh'
[27.762s] INFO:colcon.colcon_core.shell:Creating prefix chain script '/home/ubuntu/Workspaces/ros2_ws/install/setup.zsh'
