[0.210s] Invoking command in '/home/hal468a/Workspaces/ros2_ws/build/ros2_pkg': CMAKE_PREFIX_PATH=/opt/ros/foxy MY_IP=140.115.54.146 /usr/bin/cmake /home/hal468a/Workspaces/ros2_ws/src/ros2_pkg -DCMAKE_INSTALL_PREFIX=/home/hal468a/Workspaces/ros2_ws/install/ros2_pkg
[0.300s] -- The C compiler identification is GNU 9.4.0
[0.369s] -- The CXX compiler identification is GNU 9.4.0
[0.376s] -- Check for working C compiler: /usr/bin/cc
[0.437s] -- Check for working C compiler: /usr/bin/cc -- works
[0.438s] -- Detecting C compiler ABI info
[0.499s] -- Detecting C compiler ABI info - done
[0.509s] -- Detecting C compile features
[0.509s] -- Detecting C compile features - done
[0.512s] -- Check for working CXX compiler: /usr/bin/c++
[0.588s] -- Check for working CXX compiler: /usr/bin/c++ -- works
[0.589s] -- Detecting CXX compiler ABI info
[0.660s] -- Detecting CXX compiler ABI info - done
[0.671s] -- Detecting CXX compile features
[0.672s] -- Detecting CXX compile features - done
[0.677s] -- Found ament_cmake: 0.9.11 (/opt/ros/foxy/share/ament_cmake/cmake)
[0.700s] -- Found PythonInterp: /usr/bin/python3 (found suitable version "3.8.10", minimum required is "3") 
[0.700s] -- Using PYTHON_EXECUTABLE: /usr/bin/python3
[0.892s] -- Found rclpy: 1.0.12 (/opt/ros/foxy/share/rclpy/cmake)
[0.894s] -- Found rosidl_default_generators: 1.0.1 (/opt/ros/foxy/share/rosidl_default_generators/cmake)
[0.900s] -- Using all available rosidl_typesupport_c: rosidl_typesupport_fastrtps_c;rosidl_typesupport_introspection_c
[0.908s] -- Found rosidl_adapter: 1.3.0 (/opt/ros/foxy/share/rosidl_adapter/cmake)
[1.011s] -- Found OpenSSL: /usr/lib/x86_64-linux-gnu/libcrypto.so (found version "1.1.1f")  
[1.039s] -- Found FastRTPS: /opt/ros/foxy/include  
[1.117s] -- Using all available rosidl_typesupport_cpp: rosidl_typesupport_fastrtps_cpp;rosidl_typesupport_introspection_cpp
[1.145s] -- Found sensor_msgs: 2.0.5 (/opt/ros/foxy/share/sensor_msgs/cmake)
[1.309s] -- Found PythonInterp: /usr/bin/python3 (found version "3.8.10") 
[1.565s] -- Found ament_cmake_ros: 0.9.2 (/opt/ros/foxy/share/ament_cmake_ros/cmake)
[1.861s] -- Using all available rosidl_typesupport_c: rosidl_typesupport_fastrtps_c;rosidl_typesupport_introspection_c
[2.011s] -- Using all available rosidl_typesupport_cpp: rosidl_typesupport_fastrtps_cpp;rosidl_typesupport_introspection_cpp
[2.037s] -- Found PythonInterp: /usr/bin/python3 (found suitable version "3.8.10", minimum required is "3.5") 
[2.038s] -- Found python_cmake_module: 0.8.1 (/opt/ros/foxy/share/python_cmake_module/cmake)
[2.064s] -- Found PythonLibs: /usr/lib/x86_64-linux-gnu/libpython3.8.so (found suitable version "3.8.10", minimum required is "3.5") 
[2.064s] -- Using PYTHON_EXECUTABLE: /usr/bin/python3
[2.064s] -- Using PYTHON_INCLUDE_DIRS: /usr/include/python3.8
[2.064s] -- Using PYTHON_LIBRARIES: /usr/lib/x86_64-linux-gnu/libpython3.8.so
[2.087s] -- Found PythonExtra: .so  
[2.191s] -- Found ament_lint_auto: 0.9.8 (/opt/ros/foxy/share/ament_lint_auto/cmake)
[2.215s] -- Added test 'copyright' to check source files copyright and LICENSE
[2.218s] -- Added test 'flake8' to check Python code syntax and style conventions
[2.218s] -- Added test 'lint_cmake' to check CMake code style
[2.219s] -- Added test 'pep257' to check Python code against some of the style conventions in PEP 257
[2.221s] -- Added test 'xmllint' to check XML markup files
[2.225s] -- Configuring done
[2.304s] -- Generating done
[2.307s] -- Build files have been written to: /home/hal468a/Workspaces/ros2_ws/build/ros2_pkg
[2.316s] Invoked command in '/home/hal468a/Workspaces/ros2_ws/build/ros2_pkg' returned '0': CMAKE_PREFIX_PATH=/opt/ros/foxy MY_IP=140.115.54.146 /usr/bin/cmake /home/hal468a/Workspaces/ros2_ws/src/ros2_pkg -DCMAKE_INSTALL_PREFIX=/home/hal468a/Workspaces/ros2_ws/install/ros2_pkg
[2.319s] Invoking command in '/home/hal468a/Workspaces/ros2_ws/build/ros2_pkg': CMAKE_PREFIX_PATH=/opt/ros/foxy MY_IP=140.115.54.146 /usr/bin/cmake --build /home/hal468a/Workspaces/ros2_ws/build/ros2_pkg -- -j8 -l8
[2.359s] [35m[1mScanning dependencies of target ros2_pkg__cpp[0m
[2.359s] [  2%] [34m[1mGenerating C code for ROS interfaces[0m
[2.371s] [  4%] [34m[1mGenerating C++ code for ROS interfaces[0m
[2.823s] [  4%] Built target ros2_pkg__cpp
[2.833s] [ 10%] [34m[1mGenerating C++ type support for eProsima Fast-RTPS[0m
[2.833s] [ 10%] [34m[1mGenerating C++ type support dispatch for ROS interfaces[0m
[2.834s] [ 10%] [34m[1mGenerating C++ introspection for ROS interfaces[0m
[2.883s] [35m[1mScanning dependencies of target ros2_pkg__rosidl_generator_c[0m
[2.905s] [ 12%] [32mBuilding C object CMakeFiles/ros2_pkg__rosidl_generator_c.dir/rosidl_generator_c/ros2_pkg/srv/detail/odd_even_check__functions.c.o[0m
[2.909s] [ 14%] [32mBuilding C object CMakeFiles/ros2_pkg__rosidl_generator_c.dir/rosidl_generator_c/ros2_pkg/srv/detail/turn_camera__functions.c.o[0m
[2.911s] [ 17%] [32mBuilding C object CMakeFiles/ros2_pkg__rosidl_generator_c.dir/rosidl_generator_c/ros2_pkg/action/detail/navigate__functions.c.o[0m
[3.086s] [ 19%] [32m[1mLinking C shared library libros2_pkg__rosidl_generator_c.so[0m
[3.132s] [ 19%] Built target ros2_pkg__rosidl_generator_c
[3.143s] [ 21%] [34m[1mGenerating C introspection for ROS interfaces[0m
[3.146s] [ 23%] [34m[1mGenerating C type support dispatch for ROS interfaces[0m
[3.246s] [35m[1mScanning dependencies of target ros2_pkg__rosidl_typesupport_introspection_cpp[0m
[3.249s] [35m[1mScanning dependencies of target ros2_pkg__rosidl_typesupport_cpp[0m
[3.273s] [ 27%] [32mBuilding CXX object CMakeFiles/ros2_pkg__rosidl_typesupport_cpp.dir/rosidl_typesupport_cpp/ros2_pkg/srv/odd_even_check__type_support.cpp.o[0m
[3.274s] [ 27%] [32mBuilding CXX object CMakeFiles/ros2_pkg__rosidl_typesupport_introspection_cpp.dir/rosidl_typesupport_introspection_cpp/ros2_pkg/srv/detail/odd_even_check__type_support.cpp.o[0m
[3.274s] [ 29%] [32mBuilding CXX object CMakeFiles/ros2_pkg__rosidl_typesupport_cpp.dir/rosidl_typesupport_cpp/ros2_pkg/srv/turn_camera__type_support.cpp.o[0m
[3.276s] [ 31%] [32mBuilding CXX object CMakeFiles/ros2_pkg__rosidl_typesupport_introspection_cpp.dir/rosidl_typesupport_introspection_cpp/ros2_pkg/action/detail/navigate__type_support.cpp.o[0m
[3.304s] [ 34%] [32mBuilding CXX object CMakeFiles/ros2_pkg__rosidl_typesupport_introspection_cpp.dir/rosidl_typesupport_introspection_cpp/ros2_pkg/srv/detail/turn_camera__type_support.cpp.o[0m
[3.555s] [35m[1mScanning dependencies of target ros2_pkg__rosidl_typesupport_fastrtps_cpp[0m
[3.624s] [ 36%] [32mBuilding CXX object CMakeFiles/ros2_pkg__rosidl_typesupport_fastrtps_cpp.dir/rosidl_typesupport_fastrtps_cpp/ros2_pkg/srv/detail/dds_fastrtps/odd_even_check__type_support.cpp.o[0m
[3.715s] [ 38%] [32mBuilding CXX object CMakeFiles/ros2_pkg__rosidl_typesupport_fastrtps_cpp.dir/rosidl_typesupport_fastrtps_cpp/ros2_pkg/srv/detail/dds_fastrtps/turn_camera__type_support.cpp.o[0m
[3.719s] [ 40%] [32mBuilding CXX object CMakeFiles/ros2_pkg__rosidl_typesupport_cpp.dir/rosidl_typesupport_cpp/ros2_pkg/action/navigate__type_support.cpp.o[0m
[3.770s] [35m[1mScanning dependencies of target ros2_pkg__rosidl_typesupport_c[0m
[3.773s] [ 42%] [32mBuilding CXX object CMakeFiles/ros2_pkg__rosidl_typesupport_fastrtps_cpp.dir/rosidl_typesupport_fastrtps_cpp/ros2_pkg/action/detail/dds_fastrtps/navigate__type_support.cpp.o[0m
[3.803s] [ 44%] [32mBuilding CXX object CMakeFiles/ros2_pkg__rosidl_typesupport_c.dir/rosidl_typesupport_c/ros2_pkg/srv/odd_even_check__type_support.cpp.o[0m
[3.818s] [ 46%] [32mBuilding CXX object CMakeFiles/ros2_pkg__rosidl_typesupport_c.dir/rosidl_typesupport_c/ros2_pkg/srv/turn_camera__type_support.cpp.o[0m
[3.841s] [ 48%] [32m[1mLinking CXX shared library libros2_pkg__rosidl_typesupport_introspection_cpp.so[0m
[3.862s] [ 51%] [32mBuilding CXX object CMakeFiles/ros2_pkg__rosidl_typesupport_c.dir/rosidl_typesupport_c/ros2_pkg/action/navigate__type_support.cpp.o[0m
[3.936s] [ 53%] [32m[1mLinking CXX shared library libros2_pkg__rosidl_typesupport_c.so[0m
[3.939s] [35m[1mScanning dependencies of target ros2_pkg__rosidl_typesupport_introspection_c[0m
[3.978s] [ 53%] Built target ros2_pkg__rosidl_typesupport_introspection_cpp
[3.994s] [ 55%] [32mBuilding C object CMakeFiles/ros2_pkg__rosidl_typesupport_introspection_c.dir/rosidl_typesupport_introspection_c/ros2_pkg/srv/detail/odd_even_check__type_support.c.o[0m
[3.997s] [ 57%] [32mBuilding C object CMakeFiles/ros2_pkg__rosidl_typesupport_introspection_c.dir/rosidl_typesupport_introspection_c/ros2_pkg/srv/detail/turn_camera__type_support.c.o[0m
[4.008s] [ 57%] Built target ros2_pkg__rosidl_typesupport_c
[4.010s] [ 59%] [32mBuilding C object CMakeFiles/ros2_pkg__rosidl_typesupport_introspection_c.dir/rosidl_typesupport_introspection_c/ros2_pkg/action/detail/navigate__type_support.c.o[0m
[4.089s] [ 61%] [32m[1mLinking C shared library libros2_pkg__rosidl_typesupport_introspection_c.so[0m
[4.137s] [ 61%] Built target ros2_pkg__rosidl_typesupport_introspection_c
[4.148s] [ 63%] [32m[1mLinking CXX shared library libros2_pkg__rosidl_typesupport_cpp.so[0m
[4.191s] [ 63%] Built target ros2_pkg__rosidl_typesupport_cpp
[4.336s] [ 65%] [32m[1mLinking CXX shared library libros2_pkg__rosidl_typesupport_fastrtps_cpp.so[0m
[4.429s] [ 65%] Built target ros2_pkg__rosidl_typesupport_fastrtps_cpp
[4.441s] [ 68%] [34m[1mGenerating C type support for eProsima Fast-RTPS[0m
[4.856s] [35m[1mScanning dependencies of target ros2_pkg__rosidl_typesupport_fastrtps_c[0m
[4.881s] [ 72%] [32mBuilding CXX object CMakeFiles/ros2_pkg__rosidl_typesupport_fastrtps_c.dir/rosidl_typesupport_fastrtps_c/ros2_pkg/srv/detail/odd_even_check__type_support_c.cpp.o[0m
[4.881s] [ 72%] [32mBuilding CXX object CMakeFiles/ros2_pkg__rosidl_typesupport_fastrtps_c.dir/rosidl_typesupport_fastrtps_c/ros2_pkg/srv/detail/turn_camera__type_support_c.cpp.o[0m
[4.884s] [ 74%] [32mBuilding CXX object CMakeFiles/ros2_pkg__rosidl_typesupport_fastrtps_c.dir/rosidl_typesupport_fastrtps_c/ros2_pkg/action/detail/navigate__type_support_c.cpp.o[0m
[5.238s] [ 76%] [32m[1mLinking CXX shared library libros2_pkg__rosidl_typesupport_fastrtps_c.so[0m
[5.329s] [ 76%] Built target ros2_pkg__rosidl_typesupport_fastrtps_c
[5.339s] [35m[1mScanning dependencies of target ros2_pkg[0m
[5.350s] [ 76%] Built target ros2_pkg
[5.361s] [35m[1mScanning dependencies of target ros2_pkg__py[0m
[5.377s] [ 78%] [34m[1mGenerating Python code for ROS interfaces[0m
[6.389s] [ 78%] Built target ros2_pkg__py
[6.398s] [35m[1mScanning dependencies of target ros2_pkg__python[0m
[6.421s] [ 82%] [32mBuilding C object CMakeFiles/ros2_pkg__python.dir/rosidl_generator_py/ros2_pkg/srv/_odd_even_check_s.c.o[0m
[6.421s] [ 82%] [32mBuilding C object CMakeFiles/ros2_pkg__python.dir/rosidl_generator_py/ros2_pkg/srv/_turn_camera_s.c.o[0m
[6.424s] [ 85%] [32mBuilding C object CMakeFiles/ros2_pkg__python.dir/rosidl_generator_py/ros2_pkg/action/_navigate_s.c.o[0m
[6.538s] [ 87%] [32m[1mLinking C shared library rosidl_generator_py/ros2_pkg/libros2_pkg__python.so[0m
[6.592s] [ 87%] Built target ros2_pkg__python
[6.604s] [35m[1mScanning dependencies of target ros2_pkg__rosidl_typesupport_introspection_c__pyext[0m
[6.604s] [35m[1mScanning dependencies of target ros2_pkg__rosidl_typesupport_c__pyext[0m
[6.604s] [35m[1mScanning dependencies of target ros2_pkg__rosidl_typesupport_fastrtps_c__pyext[0m
[6.624s] [ 91%] [32mBuilding C object CMakeFiles/ros2_pkg__rosidl_typesupport_introspection_c__pyext.dir/rosidl_generator_py/ros2_pkg/_ros2_pkg_s.ep.rosidl_typesupport_introspection_c.c.o[0m
[6.624s] [ 91%] [32mBuilding C object CMakeFiles/ros2_pkg__rosidl_typesupport_c__pyext.dir/rosidl_generator_py/ros2_pkg/_ros2_pkg_s.ep.rosidl_typesupport_c.c.o[0m
[6.625s] [ 93%] [32mBuilding C object CMakeFiles/ros2_pkg__rosidl_typesupport_fastrtps_c__pyext.dir/rosidl_generator_py/ros2_pkg/_ros2_pkg_s.ep.rosidl_typesupport_fastrtps_c.c.o[0m
[6.728s] [ 97%] [32m[1mLinking C shared library rosidl_generator_py/ros2_pkg/ros2_pkg_s__rosidl_typesupport_introspection_c.cpython-38-x86_64-linux-gnu.so[0m
[6.729s] [ 97%] [32m[1mLinking C shared library rosidl_generator_py/ros2_pkg/ros2_pkg_s__rosidl_typesupport_c.cpython-38-x86_64-linux-gnu.so[0m
[6.730s] [100%] [32m[1mLinking CXX shared library rosidl_generator_py/ros2_pkg/ros2_pkg_s__rosidl_typesupport_fastrtps_c.cpython-38-x86_64-linux-gnu.so[0m
[6.770s] [100%] Built target ros2_pkg__rosidl_typesupport_c__pyext
[6.770s] [100%] Built target ros2_pkg__rosidl_typesupport_introspection_c__pyext
[6.798s] [100%] Built target ros2_pkg__rosidl_typesupport_fastrtps_c__pyext
[6.809s] Invoked command in '/home/hal468a/Workspaces/ros2_ws/build/ros2_pkg' returned '0': CMAKE_PREFIX_PATH=/opt/ros/foxy MY_IP=140.115.54.146 /usr/bin/cmake --build /home/hal468a/Workspaces/ros2_ws/build/ros2_pkg -- -j8 -l8
[6.879s] Invoking command in '/home/hal468a/Workspaces/ros2_ws/build/ros2_pkg': CMAKE_PREFIX_PATH=/opt/ros/foxy MY_IP=140.115.54.146 /usr/bin/cmake --install /home/hal468a/Workspaces/ros2_ws/build/ros2_pkg
[6.887s] -- Install configuration: ""
[6.887s] -- Installing: /home/hal468a/Workspaces/ros2_ws/install/ros2_pkg/share/ament_index/resource_index/rosidl_interfaces/ros2_pkg
[6.887s] -- Installing: /home/hal468a/Workspaces/ros2_ws/install/ros2_pkg/include/ros2_pkg
[6.887s] -- Installing: /home/hal468a/Workspaces/ros2_ws/install/ros2_pkg/include/ros2_pkg/srv
[6.887s] -- Installing: /home/hal468a/Workspaces/ros2_ws/install/ros2_pkg/include/ros2_pkg/srv/odd_even_check.h
[6.887s] -- Installing: /home/hal468a/Workspaces/ros2_ws/install/ros2_pkg/include/ros2_pkg/srv/detail
[6.887s] -- Installing: /home/hal468a/Workspaces/ros2_ws/install/ros2_pkg/include/ros2_pkg/srv/detail/turn_camera__struct.h
[6.888s] -- Installing: /home/hal468a/Workspaces/ros2_ws/install/ros2_pkg/include/ros2_pkg/srv/detail/odd_even_check__functions.c
[6.888s] -- Installing: /home/hal468a/Workspaces/ros2_ws/install/ros2_pkg/include/ros2_pkg/srv/detail/turn_camera__type_support.h
[6.888s] -- Installing: /home/hal468a/Workspaces/ros2_ws/install/ros2_pkg/include/ros2_pkg/srv/detail/odd_even_check__functions.h
[6.888s] -- Installing: /home/hal468a/Workspaces/ros2_ws/install/ros2_pkg/include/ros2_pkg/srv/detail/odd_even_check__struct.h
[6.888s] -- Installing: /home/hal468a/Workspaces/ros2_ws/install/ros2_pkg/include/ros2_pkg/srv/detail/turn_camera__functions.c
[6.888s] -- Installing: /home/hal468a/Workspaces/ros2_ws/install/ros2_pkg/include/ros2_pkg/srv/detail/odd_even_check__type_support.h
[6.888s] -- Installing: /home/hal468a/Workspaces/ros2_ws/install/ros2_pkg/include/ros2_pkg/srv/detail/turn_camera__functions.h
[6.888s] -- Installing: /home/hal468a/Workspaces/ros2_ws/install/ros2_pkg/include/ros2_pkg/srv/turn_camera.h
[6.888s] -- Installing: /home/hal468a/Workspaces/ros2_ws/install/ros2_pkg/include/ros2_pkg/msg
[6.888s] -- Installing: /home/hal468a/Workspaces/ros2_ws/install/ros2_pkg/include/ros2_pkg/msg/rosidl_generator_c__visibility_control.h
[6.888s] -- Installing: /home/hal468a/Workspaces/ros2_ws/install/ros2_pkg/include/ros2_pkg/action
[6.888s] -- Installing: /home/hal468a/Workspaces/ros2_ws/install/ros2_pkg/include/ros2_pkg/action/navigate.h
[6.888s] -- Installing: /home/hal468a/Workspaces/ros2_ws/install/ros2_pkg/include/ros2_pkg/action/detail
[6.889s] -- Installing: /home/hal468a/Workspaces/ros2_ws/install/ros2_pkg/include/ros2_pkg/action/detail/navigate__functions.c
[6.889s] -- Installing: /home/hal468a/Workspaces/ros2_ws/install/ros2_pkg/include/ros2_pkg/action/detail/navigate__functions.h
[6.889s] -- Installing: /home/hal468a/Workspaces/ros2_ws/install/ros2_pkg/include/ros2_pkg/action/detail/navigate__struct.h
[6.889s] -- Installing: /home/hal468a/Workspaces/ros2_ws/install/ros2_pkg/include/ros2_pkg/action/detail/navigate__type_support.h
[6.889s] -- Installing: /home/hal468a/Workspaces/ros2_ws/install/ros2_pkg/share/ros2_pkg/environment/library_path.sh
[6.889s] -- Installing: /home/hal468a/Workspaces/ros2_ws/install/ros2_pkg/share/ros2_pkg/environment/library_path.dsv
[6.889s] -- Installing: /home/hal468a/Workspaces/ros2_ws/install/ros2_pkg/lib/libros2_pkg__rosidl_generator_c.so
[6.890s] -- Set runtime path of "/home/hal468a/Workspaces/ros2_ws/install/ros2_pkg/lib/libros2_pkg__rosidl_generator_c.so" to ""
[6.890s] -- Up-to-date: /home/hal468a/Workspaces/ros2_ws/install/ros2_pkg/include/ros2_pkg
[6.890s] -- Up-to-date: /home/hal468a/Workspaces/ros2_ws/install/ros2_pkg/include/ros2_pkg/srv
[6.890s] -- Up-to-date: /home/hal468a/Workspaces/ros2_ws/install/ros2_pkg/include/ros2_pkg/srv/detail
[6.890s] -- Installing: /home/hal468a/Workspaces/ros2_ws/install/ros2_pkg/include/ros2_pkg/srv/detail/turn_camera__rosidl_typesupport_fastrtps_c.h
[6.890s] -- Installing: /home/hal468a/Workspaces/ros2_ws/install/ros2_pkg/include/ros2_pkg/srv/detail/odd_even_check__rosidl_typesupport_fastrtps_c.h
[6.890s] -- Up-to-date: /home/hal468a/Workspaces/ros2_ws/install/ros2_pkg/include/ros2_pkg/msg
[6.890s] -- Installing: /home/hal468a/Workspaces/ros2_ws/install/ros2_pkg/include/ros2_pkg/msg/rosidl_typesupport_fastrtps_c__visibility_control.h
[6.890s] -- Up-to-date: /home/hal468a/Workspaces/ros2_ws/install/ros2_pkg/include/ros2_pkg/action
[6.890s] -- Up-to-date: /home/hal468a/Workspaces/ros2_ws/install/ros2_pkg/include/ros2_pkg/action/detail
[6.890s] -- Installing: /home/hal468a/Workspaces/ros2_ws/install/ros2_pkg/include/ros2_pkg/action/detail/navigate__rosidl_typesupport_fastrtps_c.h
[6.890s] -- Installing: /home/hal468a/Workspaces/ros2_ws/install/ros2_pkg/lib/libros2_pkg__rosidl_typesupport_fastrtps_c.so
[6.891s] -- Set runtime path of "/home/hal468a/Workspaces/ros2_ws/install/ros2_pkg/lib/libros2_pkg__rosidl_typesupport_fastrtps_c.so" to ""
[6.891s] -- Up-to-date: /home/hal468a/Workspaces/ros2_ws/install/ros2_pkg/include/ros2_pkg
[6.891s] -- Up-to-date: /home/hal468a/Workspaces/ros2_ws/install/ros2_pkg/include/ros2_pkg/srv
[6.891s] -- Up-to-date: /home/hal468a/Workspaces/ros2_ws/install/ros2_pkg/include/ros2_pkg/srv/detail
[6.891s] -- Installing: /home/hal468a/Workspaces/ros2_ws/install/ros2_pkg/include/ros2_pkg/srv/detail/turn_camera__rosidl_typesupport_fastrtps_cpp.hpp
[6.891s] -- Installing: /home/hal468a/Workspaces/ros2_ws/install/ros2_pkg/include/ros2_pkg/srv/detail/odd_even_check__rosidl_typesupport_fastrtps_cpp.hpp
[6.891s] -- Installing: /home/hal468a/Workspaces/ros2_ws/install/ros2_pkg/include/ros2_pkg/srv/detail/dds_fastrtps
[6.891s] -- Up-to-date: /home/hal468a/Workspaces/ros2_ws/install/ros2_pkg/include/ros2_pkg/msg
[6.891s] -- Installing: /home/hal468a/Workspaces/ros2_ws/install/ros2_pkg/include/ros2_pkg/msg/rosidl_typesupport_fastrtps_cpp__visibility_control.h
[6.891s] -- Up-to-date: /home/hal468a/Workspaces/ros2_ws/install/ros2_pkg/include/ros2_pkg/action
[6.892s] -- Up-to-date: /home/hal468a/Workspaces/ros2_ws/install/ros2_pkg/include/ros2_pkg/action/detail
[6.892s] -- Installing: /home/hal468a/Workspaces/ros2_ws/install/ros2_pkg/include/ros2_pkg/action/detail/dds_fastrtps
[6.892s] -- Installing: /home/hal468a/Workspaces/ros2_ws/install/ros2_pkg/include/ros2_pkg/action/detail/navigate__rosidl_typesupport_fastrtps_cpp.hpp
[6.892s] -- Installing: /home/hal468a/Workspaces/ros2_ws/install/ros2_pkg/lib/libros2_pkg__rosidl_typesupport_fastrtps_cpp.so
[6.892s] -- Set runtime path of "/home/hal468a/Workspaces/ros2_ws/install/ros2_pkg/lib/libros2_pkg__rosidl_typesupport_fastrtps_cpp.so" to ""
[6.892s] -- Up-to-date: /home/hal468a/Workspaces/ros2_ws/install/ros2_pkg/include/ros2_pkg
[6.892s] -- Up-to-date: /home/hal468a/Workspaces/ros2_ws/install/ros2_pkg/include/ros2_pkg/srv
[6.892s] -- Up-to-date: /home/hal468a/Workspaces/ros2_ws/install/ros2_pkg/include/ros2_pkg/srv/detail
[6.892s] -- Installing: /home/hal468a/Workspaces/ros2_ws/install/ros2_pkg/include/ros2_pkg/srv/detail/turn_camera__rosidl_typesupport_introspection_c.h
[6.892s] -- Installing: /home/hal468a/Workspaces/ros2_ws/install/ros2_pkg/include/ros2_pkg/srv/detail/odd_even_check__rosidl_typesupport_introspection_c.h
[6.892s] -- Installing: /home/hal468a/Workspaces/ros2_ws/install/ros2_pkg/include/ros2_pkg/srv/detail/turn_camera__type_support.c
[6.892s] -- Installing: /home/hal468a/Workspaces/ros2_ws/install/ros2_pkg/include/ros2_pkg/srv/detail/odd_even_check__type_support.c
[6.893s] -- Up-to-date: /home/hal468a/Workspaces/ros2_ws/install/ros2_pkg/include/ros2_pkg/msg
[6.893s] -- Installing: /home/hal468a/Workspaces/ros2_ws/install/ros2_pkg/include/ros2_pkg/msg/rosidl_typesupport_introspection_c__visibility_control.h
[6.893s] -- Up-to-date: /home/hal468a/Workspaces/ros2_ws/install/ros2_pkg/include/ros2_pkg/action
[6.893s] -- Up-to-date: /home/hal468a/Workspaces/ros2_ws/install/ros2_pkg/include/ros2_pkg/action/detail
[6.893s] -- Installing: /home/hal468a/Workspaces/ros2_ws/install/ros2_pkg/include/ros2_pkg/action/detail/navigate__type_support.c
[6.893s] -- Installing: /home/hal468a/Workspaces/ros2_ws/install/ros2_pkg/include/ros2_pkg/action/detail/navigate__rosidl_typesupport_introspection_c.h
[6.893s] -- Installing: /home/hal468a/Workspaces/ros2_ws/install/ros2_pkg/lib/libros2_pkg__rosidl_typesupport_introspection_c.so
[6.893s] -- Set runtime path of "/home/hal468a/Workspaces/ros2_ws/install/ros2_pkg/lib/libros2_pkg__rosidl_typesupport_introspection_c.so" to ""
[6.893s] -- Installing: /home/hal468a/Workspaces/ros2_ws/install/ros2_pkg/lib/libros2_pkg__rosidl_typesupport_c.so
[6.894s] -- Set runtime path of "/home/hal468a/Workspaces/ros2_ws/install/ros2_pkg/lib/libros2_pkg__rosidl_typesupport_c.so" to ""
[6.894s] -- Up-to-date: /home/hal468a/Workspaces/ros2_ws/install/ros2_pkg/include/ros2_pkg
[6.894s] -- Up-to-date: /home/hal468a/Workspaces/ros2_ws/install/ros2_pkg/include/ros2_pkg/srv
[6.894s] -- Installing: /home/hal468a/Workspaces/ros2_ws/install/ros2_pkg/include/ros2_pkg/srv/odd_even_check.hpp
[6.894s] -- Installing: /home/hal468a/Workspaces/ros2_ws/install/ros2_pkg/include/ros2_pkg/srv/turn_camera.hpp
[6.894s] -- Up-to-date: /home/hal468a/Workspaces/ros2_ws/install/ros2_pkg/include/ros2_pkg/srv/detail
[6.894s] -- Installing: /home/hal468a/Workspaces/ros2_ws/install/ros2_pkg/include/ros2_pkg/srv/detail/odd_even_check__struct.hpp
[6.894s] -- Installing: /home/hal468a/Workspaces/ros2_ws/install/ros2_pkg/include/ros2_pkg/srv/detail/turn_camera__struct.hpp
[6.894s] -- Installing: /home/hal468a/Workspaces/ros2_ws/install/ros2_pkg/include/ros2_pkg/srv/detail/turn_camera__builder.hpp
[6.894s] -- Installing: /home/hal468a/Workspaces/ros2_ws/install/ros2_pkg/include/ros2_pkg/srv/detail/odd_even_check__builder.hpp
[6.894s] -- Installing: /home/hal468a/Workspaces/ros2_ws/install/ros2_pkg/include/ros2_pkg/srv/detail/odd_even_check__traits.hpp
[6.895s] -- Installing: /home/hal468a/Workspaces/ros2_ws/install/ros2_pkg/include/ros2_pkg/srv/detail/turn_camera__traits.hpp
[6.895s] -- Up-to-date: /home/hal468a/Workspaces/ros2_ws/install/ros2_pkg/include/ros2_pkg/action
[6.895s] -- Installing: /home/hal468a/Workspaces/ros2_ws/install/ros2_pkg/include/ros2_pkg/action/navigate.hpp
[6.895s] -- Up-to-date: /home/hal468a/Workspaces/ros2_ws/install/ros2_pkg/include/ros2_pkg/action/detail
[6.895s] -- Installing: /home/hal468a/Workspaces/ros2_ws/install/ros2_pkg/include/ros2_pkg/action/detail/navigate__traits.hpp
[6.895s] -- Installing: /home/hal468a/Workspaces/ros2_ws/install/ros2_pkg/include/ros2_pkg/action/detail/navigate__struct.hpp
[6.895s] -- Installing: /home/hal468a/Workspaces/ros2_ws/install/ros2_pkg/include/ros2_pkg/action/detail/navigate__builder.hpp
[6.895s] -- Up-to-date: /home/hal468a/Workspaces/ros2_ws/install/ros2_pkg/include/ros2_pkg
[6.895s] -- Up-to-date: /home/hal468a/Workspaces/ros2_ws/install/ros2_pkg/include/ros2_pkg/srv
[6.895s] -- Up-to-date: /home/hal468a/Workspaces/ros2_ws/install/ros2_pkg/include/ros2_pkg/srv/detail
[6.895s] -- Installing: /home/hal468a/Workspaces/ros2_ws/install/ros2_pkg/include/ros2_pkg/srv/detail/turn_camera__type_support.cpp
[6.895s] -- Installing: /home/hal468a/Workspaces/ros2_ws/install/ros2_pkg/include/ros2_pkg/srv/detail/odd_even_check__rosidl_typesupport_introspection_cpp.hpp
[6.895s] -- Installing: /home/hal468a/Workspaces/ros2_ws/install/ros2_pkg/include/ros2_pkg/srv/detail/turn_camera__rosidl_typesupport_introspection_cpp.hpp
[6.896s] -- Installing: /home/hal468a/Workspaces/ros2_ws/install/ros2_pkg/include/ros2_pkg/srv/detail/odd_even_check__type_support.cpp
[6.896s] -- Up-to-date: /home/hal468a/Workspaces/ros2_ws/install/ros2_pkg/include/ros2_pkg/action
[6.896s] -- Up-to-date: /home/hal468a/Workspaces/ros2_ws/install/ros2_pkg/include/ros2_pkg/action/detail
[6.896s] -- Installing: /home/hal468a/Workspaces/ros2_ws/install/ros2_pkg/include/ros2_pkg/action/detail/navigate__type_support.cpp
[6.896s] -- Installing: /home/hal468a/Workspaces/ros2_ws/install/ros2_pkg/include/ros2_pkg/action/detail/navigate__rosidl_typesupport_introspection_cpp.hpp
[6.896s] -- Installing: /home/hal468a/Workspaces/ros2_ws/install/ros2_pkg/lib/libros2_pkg__rosidl_typesupport_introspection_cpp.so
[6.896s] -- Set runtime path of "/home/hal468a/Workspaces/ros2_ws/install/ros2_pkg/lib/libros2_pkg__rosidl_typesupport_introspection_cpp.so" to ""
[6.897s] -- Installing: /home/hal468a/Workspaces/ros2_ws/install/ros2_pkg/lib/libros2_pkg__rosidl_typesupport_cpp.so
[6.897s] -- Set runtime path of "/home/hal468a/Workspaces/ros2_ws/install/ros2_pkg/lib/libros2_pkg__rosidl_typesupport_cpp.so" to ""
[6.897s] -- Installing: /home/hal468a/Workspaces/ros2_ws/install/ros2_pkg/share/ros2_pkg/environment/pythonpath.sh
[6.897s] -- Installing: /home/hal468a/Workspaces/ros2_ws/install/ros2_pkg/share/ros2_pkg/environment/pythonpath.dsv
[6.897s] -- Installing: /home/hal468a/Workspaces/ros2_ws/install/ros2_pkg/lib/python3.8/site-packages/ros2_pkg/__init__.py
[6.923s] Compiling '/home/hal468a/Workspaces/ros2_ws/install/ros2_pkg/lib/python3.8/site-packages/ros2_pkg/__init__.py'...
[6.927s] -- Installing: /home/hal468a/Workspaces/ros2_ws/install/ros2_pkg/lib/python3.8/site-packages/ros2_pkg/srv
[6.927s] -- Installing: /home/hal468a/Workspaces/ros2_ws/install/ros2_pkg/lib/python3.8/site-packages/ros2_pkg/srv/_turn_camera.py
[6.927s] -- Installing: /home/hal468a/Workspaces/ros2_ws/install/ros2_pkg/lib/python3.8/site-packages/ros2_pkg/srv/_odd_even_check.py
[6.927s] -- Installing: /home/hal468a/Workspaces/ros2_ws/install/ros2_pkg/lib/python3.8/site-packages/ros2_pkg/srv/_odd_even_check_s.c
[6.927s] -- Installing: /home/hal468a/Workspaces/ros2_ws/install/ros2_pkg/lib/python3.8/site-packages/ros2_pkg/srv/_turn_camera_s.c
[6.927s] -- Installing: /home/hal468a/Workspaces/ros2_ws/install/ros2_pkg/lib/python3.8/site-packages/ros2_pkg/srv/__init__.py
[6.927s] -- Installing: /home/hal468a/Workspaces/ros2_ws/install/ros2_pkg/lib/python3.8/site-packages/ros2_pkg/action
[6.927s] -- Installing: /home/hal468a/Workspaces/ros2_ws/install/ros2_pkg/lib/python3.8/site-packages/ros2_pkg/action/_navigate_s.c
[6.927s] -- Installing: /home/hal468a/Workspaces/ros2_ws/install/ros2_pkg/lib/python3.8/site-packages/ros2_pkg/action/_navigate.py
[6.927s] -- Installing: /home/hal468a/Workspaces/ros2_ws/install/ros2_pkg/lib/python3.8/site-packages/ros2_pkg/action/__init__.py
[6.928s] -- Installing: /home/hal468a/Workspaces/ros2_ws/install/ros2_pkg/lib/python3.8/site-packages/ros2_pkg/ros2_pkg_s__rosidl_typesupport_fastrtps_c.cpython-38-x86_64-linux-gnu.so
[6.928s] -- Set runtime path of "/home/hal468a/Workspaces/ros2_ws/install/ros2_pkg/lib/python3.8/site-packages/ros2_pkg/ros2_pkg_s__rosidl_typesupport_fastrtps_c.cpython-38-x86_64-linux-gnu.so" to ""
[6.928s] -- Installing: /home/hal468a/Workspaces/ros2_ws/install/ros2_pkg/lib/python3.8/site-packages/ros2_pkg/ros2_pkg_s__rosidl_typesupport_introspection_c.cpython-38-x86_64-linux-gnu.so
[6.929s] -- Set runtime path of "/home/hal468a/Workspaces/ros2_ws/install/ros2_pkg/lib/python3.8/site-packages/ros2_pkg/ros2_pkg_s__rosidl_typesupport_introspection_c.cpython-38-x86_64-linux-gnu.so" to ""
[6.929s] -- Installing: /home/hal468a/Workspaces/ros2_ws/install/ros2_pkg/lib/python3.8/site-packages/ros2_pkg/ros2_pkg_s__rosidl_typesupport_c.cpython-38-x86_64-linux-gnu.so
[6.929s] -- Set runtime path of "/home/hal468a/Workspaces/ros2_ws/install/ros2_pkg/lib/python3.8/site-packages/ros2_pkg/ros2_pkg_s__rosidl_typesupport_c.cpython-38-x86_64-linux-gnu.so" to ""
[6.930s] -- Installing: /home/hal468a/Workspaces/ros2_ws/install/ros2_pkg/lib/libros2_pkg__python.so
[6.930s] -- Set runtime path of "/home/hal468a/Workspaces/ros2_ws/install/ros2_pkg/lib/libros2_pkg__python.so" to ""
[6.930s] -- Installing: /home/hal468a/Workspaces/ros2_ws/install/ros2_pkg/share/ros2_pkg/srv/OddEvenCheck.idl
[6.930s] -- Installing: /home/hal468a/Workspaces/ros2_ws/install/ros2_pkg/share/ros2_pkg/srv/TurnCamera.idl
[6.930s] -- Installing: /home/hal468a/Workspaces/ros2_ws/install/ros2_pkg/share/ros2_pkg/action/Navigate.idl
[6.931s] -- Installing: /home/hal468a/Workspaces/ros2_ws/install/ros2_pkg/share/ros2_pkg/srv/OddEvenCheck.srv
[6.931s] -- Installing: /home/hal468a/Workspaces/ros2_ws/install/ros2_pkg/share/ros2_pkg/srv/OddEvenCheck_Request.msg
[6.931s] -- Installing: /home/hal468a/Workspaces/ros2_ws/install/ros2_pkg/share/ros2_pkg/srv/OddEvenCheck_Response.msg
[6.931s] -- Installing: /home/hal468a/Workspaces/ros2_ws/install/ros2_pkg/share/ros2_pkg/srv/TurnCamera.srv
[6.931s] -- Installing: /home/hal468a/Workspaces/ros2_ws/install/ros2_pkg/share/ros2_pkg/srv/TurnCamera_Request.msg
[6.931s] -- Installing: /home/hal468a/Workspaces/ros2_ws/install/ros2_pkg/share/ros2_pkg/srv/TurnCamera_Response.msg
[6.931s] -- Installing: /home/hal468a/Workspaces/ros2_ws/install/ros2_pkg/share/ros2_pkg/action/Navigate.action
[6.931s] -- Installing: /home/hal468a/Workspaces/ros2_ws/install/ros2_pkg/lib/python3.8/site-packages/scripts
[6.931s] -- Installing: /home/hal468a/Workspaces/ros2_ws/install/ros2_pkg/lib/python3.8/site-packages/scripts/action_server.py
[6.932s] -- Installing: /home/hal468a/Workspaces/ros2_ws/install/ros2_pkg/lib/python3.8/site-packages/scripts/service_server.py
[6.932s] -- Installing: /home/hal468a/Workspaces/ros2_ws/install/ros2_pkg/lib/python3.8/site-packages/scripts/turn_camera_server.py
[6.932s] -- Installing: /home/hal468a/Workspaces/ros2_ws/install/ros2_pkg/lib/python3.8/site-packages/scripts/speed_calc.py
[6.932s] -- Installing: /home/hal468a/Workspaces/ros2_ws/install/ros2_pkg/lib/python3.8/site-packages/scripts/rpm_pub.py
[6.932s] -- Installing: /home/hal468a/Workspaces/ros2_ws/install/ros2_pkg/lib/python3.8/site-packages/scripts/service_client.py
[6.932s] -- Installing: /home/hal468a/Workspaces/ros2_ws/install/ros2_pkg/lib/python3.8/site-packages/scripts/action_client.py
[6.932s] -- Installing: /home/hal468a/Workspaces/ros2_ws/install/ros2_pkg/lib/python3.8/site-packages/scripts/__init__.py
[6.932s] -- Installing: /home/hal468a/Workspaces/ros2_ws/install/ros2_pkg/lib/python3.8/site-packages/scripts/turn_camera_client.py
[6.932s] -- Installing: /home/hal468a/Workspaces/ros2_ws/install/ros2_pkg/lib/python3.8/site-packages/scripts/subscriber.py
[6.932s] -- Installing: /home/hal468a/Workspaces/ros2_ws/install/ros2_pkg/lib/python3.8/site-packages/scripts/publisher.py
[6.962s] Listing '/home/hal468a/Workspaces/ros2_ws/install/ros2_pkg/lib/python3.8/site-packages/scripts'...
[6.962s] Compiling '/home/hal468a/Workspaces/ros2_ws/install/ros2_pkg/lib/python3.8/site-packages/scripts/__init__.py'...
[6.962s] Compiling '/home/hal468a/Workspaces/ros2_ws/install/ros2_pkg/lib/python3.8/site-packages/scripts/action_client.py'...
[6.962s] Compiling '/home/hal468a/Workspaces/ros2_ws/install/ros2_pkg/lib/python3.8/site-packages/scripts/action_server.py'...
[6.963s] Compiling '/home/hal468a/Workspaces/ros2_ws/install/ros2_pkg/lib/python3.8/site-packages/scripts/publisher.py'...
[6.963s] Compiling '/home/hal468a/Workspaces/ros2_ws/install/ros2_pkg/lib/python3.8/site-packages/scripts/rpm_pub.py'...
[6.963s] Compiling '/home/hal468a/Workspaces/ros2_ws/install/ros2_pkg/lib/python3.8/site-packages/scripts/service_client.py'...
[6.963s] Compiling '/home/hal468a/Workspaces/ros2_ws/install/ros2_pkg/lib/python3.8/site-packages/scripts/service_server.py'...
[6.963s] Compiling '/home/hal468a/Workspaces/ros2_ws/install/ros2_pkg/lib/python3.8/site-packages/scripts/speed_calc.py'...
[6.963s] Compiling '/home/hal468a/Workspaces/ros2_ws/install/ros2_pkg/lib/python3.8/site-packages/scripts/subscriber.py'...
[6.963s] Compiling '/home/hal468a/Workspaces/ros2_ws/install/ros2_pkg/lib/python3.8/site-packages/scripts/turn_camera_client.py'...
[6.963s] Compiling '/home/hal468a/Workspaces/ros2_ws/install/ros2_pkg/lib/python3.8/site-packages/scripts/turn_camera_server.py'...
[6.966s] -- Installing: /home/hal468a/Workspaces/ros2_ws/install/ros2_pkg/lib/ros2_pkg/publisher.py
[6.966s] -- Installing: /home/hal468a/Workspaces/ros2_ws/install/ros2_pkg/lib/ros2_pkg/subscriber.py
[6.966s] -- Installing: /home/hal468a/Workspaces/ros2_ws/install/ros2_pkg/lib/ros2_pkg/rpm_pub.py
[6.966s] -- Installing: /home/hal468a/Workspaces/ros2_ws/install/ros2_pkg/lib/ros2_pkg/speed_calc.py
[6.966s] -- Installing: /home/hal468a/Workspaces/ros2_ws/install/ros2_pkg/lib/ros2_pkg/service_server.py
[6.966s] -- Installing: /home/hal468a/Workspaces/ros2_ws/install/ros2_pkg/lib/ros2_pkg/service_client.py
[6.966s] -- Installing: /home/hal468a/Workspaces/ros2_ws/install/ros2_pkg/lib/ros2_pkg/turn_camera_server.py
[6.966s] -- Installing: /home/hal468a/Workspaces/ros2_ws/install/ros2_pkg/lib/ros2_pkg/turn_camera_client.py
[6.966s] -- Installing: /home/hal468a/Workspaces/ros2_ws/install/ros2_pkg/lib/ros2_pkg/action_server.py
[6.966s] -- Installing: /home/hal468a/Workspaces/ros2_ws/install/ros2_pkg/lib/ros2_pkg/action_client.py
[6.966s] -- Installing: /home/hal468a/Workspaces/ros2_ws/install/ros2_pkg/share/ros2_pkg//launch
[6.967s] -- Installing: /home/hal468a/Workspaces/ros2_ws/install/ros2_pkg/share/ros2_pkg//launch/my_action.launch.py
[6.967s] -- Installing: /home/hal468a/Workspaces/ros2_ws/install/ros2_pkg/share/ros2_pkg//launch/node.launch.py
[6.967s] -- Installing: /home/hal468a/Workspaces/ros2_ws/install/ros2_pkg/share/ament_index/resource_index/package_run_dependencies/ros2_pkg
[6.967s] -- Installing: /home/hal468a/Workspaces/ros2_ws/install/ros2_pkg/share/ament_index/resource_index/parent_prefix_path/ros2_pkg
[6.967s] -- Installing: /home/hal468a/Workspaces/ros2_ws/install/ros2_pkg/share/ros2_pkg/environment/ament_prefix_path.sh
[6.967s] -- Installing: /home/hal468a/Workspaces/ros2_ws/install/ros2_pkg/share/ros2_pkg/environment/ament_prefix_path.dsv
[6.967s] -- Installing: /home/hal468a/Workspaces/ros2_ws/install/ros2_pkg/share/ros2_pkg/environment/path.sh
[6.967s] -- Installing: /home/hal468a/Workspaces/ros2_ws/install/ros2_pkg/share/ros2_pkg/environment/path.dsv
[6.968s] -- Installing: /home/hal468a/Workspaces/ros2_ws/install/ros2_pkg/share/ros2_pkg/local_setup.bash
[6.968s] -- Installing: /home/hal468a/Workspaces/ros2_ws/install/ros2_pkg/share/ros2_pkg/local_setup.sh
[6.968s] -- Installing: /home/hal468a/Workspaces/ros2_ws/install/ros2_pkg/share/ros2_pkg/local_setup.zsh
[6.968s] -- Installing: /home/hal468a/Workspaces/ros2_ws/install/ros2_pkg/share/ros2_pkg/local_setup.dsv
[6.968s] -- Installing: /home/hal468a/Workspaces/ros2_ws/install/ros2_pkg/share/ros2_pkg/package.dsv
[6.968s] -- Installing: /home/hal468a/Workspaces/ros2_ws/install/ros2_pkg/share/ament_index/resource_index/packages/ros2_pkg
[6.968s] -- Installing: /home/hal468a/Workspaces/ros2_ws/install/ros2_pkg/share/ros2_pkg/cmake/ros2_pkg__rosidl_generator_cExport.cmake
[6.969s] -- Installing: /home/hal468a/Workspaces/ros2_ws/install/ros2_pkg/share/ros2_pkg/cmake/ros2_pkg__rosidl_generator_cExport-noconfig.cmake
[6.969s] -- Installing: /home/hal468a/Workspaces/ros2_ws/install/ros2_pkg/share/ros2_pkg/cmake/ros2_pkg__rosidl_typesupport_introspection_cExport.cmake
[6.969s] -- Installing: /home/hal468a/Workspaces/ros2_ws/install/ros2_pkg/share/ros2_pkg/cmake/ros2_pkg__rosidl_typesupport_introspection_cExport-noconfig.cmake
[6.969s] -- Installing: /home/hal468a/Workspaces/ros2_ws/install/ros2_pkg/share/ros2_pkg/cmake/ros2_pkg__rosidl_typesupport_cExport.cmake
[6.969s] -- Installing: /home/hal468a/Workspaces/ros2_ws/install/ros2_pkg/share/ros2_pkg/cmake/ros2_pkg__rosidl_typesupport_cExport-noconfig.cmake
[6.969s] -- Installing: /home/hal468a/Workspaces/ros2_ws/install/ros2_pkg/share/ros2_pkg/cmake/ros2_pkg__rosidl_generator_cppExport.cmake
[6.970s] -- Installing: /home/hal468a/Workspaces/ros2_ws/install/ros2_pkg/share/ros2_pkg/cmake/ros2_pkg__rosidl_typesupport_introspection_cppExport.cmake
[6.970s] -- Installing: /home/hal468a/Workspaces/ros2_ws/install/ros2_pkg/share/ros2_pkg/cmake/ros2_pkg__rosidl_typesupport_introspection_cppExport-noconfig.cmake
[6.970s] -- Installing: /home/hal468a/Workspaces/ros2_ws/install/ros2_pkg/share/ros2_pkg/cmake/ros2_pkg__rosidl_typesupport_cppExport.cmake
[6.970s] -- Installing: /home/hal468a/Workspaces/ros2_ws/install/ros2_pkg/share/ros2_pkg/cmake/ros2_pkg__rosidl_typesupport_cppExport-noconfig.cmake
[6.970s] -- Installing: /home/hal468a/Workspaces/ros2_ws/install/ros2_pkg/share/ros2_pkg/cmake/rosidl_cmake-extras.cmake
[6.970s] -- Installing: /home/hal468a/Workspaces/ros2_ws/install/ros2_pkg/share/ros2_pkg/cmake/ament_cmake_export_dependencies-extras.cmake
[6.970s] -- Installing: /home/hal468a/Workspaces/ros2_ws/install/ros2_pkg/share/ros2_pkg/cmake/ament_cmake_export_libraries-extras.cmake
[6.971s] -- Installing: /home/hal468a/Workspaces/ros2_ws/install/ros2_pkg/share/ros2_pkg/cmake/ament_cmake_export_targets-extras.cmake
[6.971s] -- Installing: /home/hal468a/Workspaces/ros2_ws/install/ros2_pkg/share/ros2_pkg/cmake/ament_cmake_export_include_directories-extras.cmake
[6.971s] -- Installing: /home/hal468a/Workspaces/ros2_ws/install/ros2_pkg/share/ros2_pkg/cmake/rosidl_cmake_export_typesupport_libraries-extras.cmake
[6.971s] -- Installing: /home/hal468a/Workspaces/ros2_ws/install/ros2_pkg/share/ros2_pkg/cmake/rosidl_cmake_export_typesupport_targets-extras.cmake
[6.971s] -- Installing: /home/hal468a/Workspaces/ros2_ws/install/ros2_pkg/share/ros2_pkg/cmake/ros2_pkgConfig.cmake
[6.971s] -- Installing: /home/hal468a/Workspaces/ros2_ws/install/ros2_pkg/share/ros2_pkg/cmake/ros2_pkgConfig-version.cmake
[6.971s] -- Installing: /home/hal468a/Workspaces/ros2_ws/install/ros2_pkg/share/ros2_pkg/package.xml
[6.976s] Invoked command in '/home/hal468a/Workspaces/ros2_ws/build/ros2_pkg' returned '0': CMAKE_PREFIX_PATH=/opt/ros/foxy MY_IP=140.115.54.146 /usr/bin/cmake --install /home/hal468a/Workspaces/ros2_ws/build/ros2_pkg
