[0.196s] Invoking command in '/home/hal468a/Workspaces/ros2_ws/build/ros2_pkg': CMAKE_PREFIX_PATH=/opt/ros/galactic CONDA_PROMPT_MODIFIER=(base) /usr/bin/cmake --build /home/hal468a/Workspaces/ros2_ws/build/ros2_pkg -- -j12 -l12
[0.217s] -- Found ament_cmake: 1.1.6 (/opt/ros/galactic/share/ament_cmake/cmake)
[0.235s] -- Found PythonInterp: /usr/bin/python3 (found suitable version "3.8.10", minimum required is "3") 
[0.235s] -- Using PYTHON_EXECUTABLE: /usr/bin/python3
[0.292s] -- Found rclpy: 1.9.3 (/opt/ros/galactic/share/rclpy/cmake)
[0.293s] -- Found rosidl_default_generators: 1.1.1 (/opt/ros/galactic/share/rosidl_default_generators/cmake)
[0.295s] -- Using all available rosidl_typesupport_c: rosidl_typesupport_fastrtps_c;rosidl_typesupport_introspection_c
[0.299s] -- Found rosidl_adapter: 2.2.3 (/opt/ros/galactic/share/rosidl_adapter/cmake)
[0.421s] -- Using all available rosidl_typesupport_cpp: rosidl_typesupport_fastrtps_cpp;rosidl_typesupport_introspection_cpp
[0.443s] -- Found sensor_msgs: 2.2.4 (/opt/ros/galactic/share/sensor_msgs/cmake)
[0.585s] -- Found PythonInterp: /usr/bin/python3 (found version "3.8.10") 
[0.801s] -- Found ament_cmake_ros: 0.9.2 (/opt/ros/galactic/share/ament_cmake_ros/cmake)
[1.073s] -- Using all available rosidl_typesupport_c: rosidl_typesupport_fastrtps_c;rosidl_typesupport_introspection_c
[1.207s] -- Using all available rosidl_typesupport_cpp: rosidl_typesupport_fastrtps_cpp;rosidl_typesupport_introspection_cpp
[1.229s] -- Found PythonInterp: /usr/bin/python3 (found suitable version "3.8.10", minimum required is "3.5") 
[1.230s] -- Found python_cmake_module: 0.8.1 (/opt/ros/galactic/share/python_cmake_module/cmake)
[1.249s] -- Using PYTHON_EXECUTABLE: /usr/bin/python3
[1.249s] -- Using PYTHON_INCLUDE_DIRS: /usr/include/python3.8
[1.249s] -- Using PYTHON_LIBRARIES: /usr/lib/x86_64-linux-gnu/libpython3.8.so
[1.312s] -- Found ament_lint_auto: 0.10.7 (/opt/ros/galactic/share/ament_lint_auto/cmake)
[1.326s] -- Added test 'copyright' to check source files copyright and LICENSE
[1.329s] -- Added test 'flake8' to check Python code syntax and style conventions
[1.330s] -- Added test 'lint_cmake' to check CMake code style
[1.330s] -- Added test 'pep257' to check Python code against some of the style conventions in PEP 257
[1.332s] -- Added test 'xmllint' to check XML markup files
[1.336s] -- Configuring done
[1.409s] -- Generating done
[1.425s] -- Build files have been written to: /home/hal468a/Workspaces/ros2_ws/build/ros2_pkg
[1.449s] [35m[1mScanning dependencies of target ament_cmake_python_copy_scripts[0m
[1.451s] [  2%] [34m[1mGenerating C code for ROS interfaces[0m
[1.457s] [  4%] [34m[1mGenerating C++ code for ROS interfaces[0m
[1.469s] [  4%] Built target ament_cmake_python_copy_scripts
[1.481s] [35m[1mScanning dependencies of target ament_cmake_python_build_scripts_egg[0m
[1.751s] running egg_info
[1.752s] creating scripts.egg-info
[1.752s] writing scripts.egg-info/PKG-INFO
[1.752s] writing dependency_links to scripts.egg-info/dependency_links.txt
[1.752s] writing top-level names to scripts.egg-info/top_level.txt
[1.754s] writing manifest file 'scripts.egg-info/SOURCES.txt'
[1.797s] reading manifest file 'scripts.egg-info/SOURCES.txt'
[1.797s] writing manifest file 'scripts.egg-info/SOURCES.txt'
[1.824s] [  4%] Built target ament_cmake_python_build_scripts_egg
[2.006s] [35m[1mScanning dependencies of target ros2_pkg__rosidl_generator_c[0m
[2.018s] [  6%] [32mBuilding C object CMakeFiles/ros2_pkg__rosidl_generator_c.dir/rosidl_generator_c/ros2_pkg/srv/detail/odd_even_check__functions.c.o[0m
[2.018s] [  8%] [32mBuilding C object CMakeFiles/ros2_pkg__rosidl_generator_c.dir/rosidl_generator_c/ros2_pkg/srv/detail/turn_camera__functions.c.o[0m
[2.019s] [ 10%] [32mBuilding C object CMakeFiles/ros2_pkg__rosidl_generator_c.dir/rosidl_generator_c/ros2_pkg/action/detail/navigate__functions.c.o[0m
[2.020s] [ 10%] Built target ros2_pkg__cpp
[2.030s] [ 14%] [34m[1mGenerating C++ type support dispatch for ROS interfaces[0m
[2.030s] [ 14%] [34m[1mGenerating C++ introspection for ROS interfaces[0m
[2.035s] [ 17%] [34m[1mGenerating C++ type support for eProsima Fast-RTPS[0m
[2.111s] [ 19%] [32m[1mLinking C shared library libros2_pkg__rosidl_generator_c.so[0m
[2.147s] [ 19%] Built target ros2_pkg__rosidl_generator_c
[2.157s] [ 23%] [34m[1mGenerating C type support dispatch for ROS interfaces[0m
[2.157s] [ 23%] [34m[1mGenerating C introspection for ROS interfaces[0m
[2.294s] [35m[1mScanning dependencies of target ros2_pkg__rosidl_typesupport_cpp[0m
[2.309s] [ 27%] [32mBuilding CXX object CMakeFiles/ros2_pkg__rosidl_typesupport_cpp.dir/rosidl_typesupport_cpp/ros2_pkg/srv/turn_camera__type_support.cpp.o[0m
[2.309s] [ 27%] [32mBuilding CXX object CMakeFiles/ros2_pkg__rosidl_typesupport_cpp.dir/rosidl_typesupport_cpp/ros2_pkg/srv/odd_even_check__type_support.cpp.o[0m
[2.310s] [ 29%] [32mBuilding CXX object CMakeFiles/ros2_pkg__rosidl_typesupport_cpp.dir/rosidl_typesupport_cpp/ros2_pkg/action/navigate__type_support.cpp.o[0m
[2.340s] [35m[1mScanning dependencies of target ros2_pkg__rosidl_typesupport_introspection_cpp[0m
[2.356s] [ 31%] [32mBuilding CXX object CMakeFiles/ros2_pkg__rosidl_typesupport_introspection_cpp.dir/rosidl_typesupport_introspection_cpp/ros2_pkg/srv/detail/odd_even_check__type_support.cpp.o[0m
[2.356s] [ 34%] [32mBuilding CXX object CMakeFiles/ros2_pkg__rosidl_typesupport_introspection_cpp.dir/rosidl_typesupport_introspection_cpp/ros2_pkg/srv/detail/turn_camera__type_support.cpp.o[0m
[2.357s] [ 36%] [32mBuilding CXX object CMakeFiles/ros2_pkg__rosidl_typesupport_introspection_cpp.dir/rosidl_typesupport_introspection_cpp/ros2_pkg/action/detail/navigate__type_support.cpp.o[0m
[2.456s] [35m[1mScanning dependencies of target ros2_pkg__rosidl_typesupport_c[0m
[2.472s] [ 38%] [32mBuilding CXX object CMakeFiles/ros2_pkg__rosidl_typesupport_c.dir/rosidl_typesupport_c/ros2_pkg/srv/odd_even_check__type_support.cpp.o[0m
[2.473s] [ 40%] [32mBuilding CXX object CMakeFiles/ros2_pkg__rosidl_typesupport_c.dir/rosidl_typesupport_c/ros2_pkg/srv/turn_camera__type_support.cpp.o[0m
[2.475s] [ 42%] [32mBuilding CXX object CMakeFiles/ros2_pkg__rosidl_typesupport_c.dir/rosidl_typesupport_c/ros2_pkg/action/navigate__type_support.cpp.o[0m
[2.528s] [ 44%] [32m[1mLinking CXX shared library libros2_pkg__rosidl_typesupport_c.so[0m
[2.579s] [ 44%] Built target ros2_pkg__rosidl_typesupport_c
[2.583s] [35m[1mScanning dependencies of target ros2_pkg__rosidl_typesupport_fastrtps_cpp[0m
[2.590s] [35m[1mScanning dependencies of target ros2_pkg__rosidl_typesupport_introspection_c[0m
[2.610s] [ 46%] [32mBuilding CXX object CMakeFiles/ros2_pkg__rosidl_typesupport_fastrtps_cpp.dir/rosidl_typesupport_fastrtps_cpp/ros2_pkg/srv/detail/dds_fastrtps/odd_even_check__type_support.cpp.o[0m
[2.611s] [ 48%] [32mBuilding C object CMakeFiles/ros2_pkg__rosidl_typesupport_introspection_c.dir/rosidl_typesupport_introspection_c/ros2_pkg/srv/detail/turn_camera__type_support.c.o[0m
[2.613s] [ 51%] [32mBuilding C object CMakeFiles/ros2_pkg__rosidl_typesupport_introspection_c.dir/rosidl_typesupport_introspection_c/ros2_pkg/action/detail/navigate__type_support.c.o[0m
[2.613s] [ 53%] [32mBuilding C object CMakeFiles/ros2_pkg__rosidl_typesupport_introspection_c.dir/rosidl_typesupport_introspection_c/ros2_pkg/srv/detail/odd_even_check__type_support.c.o[0m
[2.618s] [ 55%] [32mBuilding CXX object CMakeFiles/ros2_pkg__rosidl_typesupport_fastrtps_cpp.dir/rosidl_typesupport_fastrtps_cpp/ros2_pkg/action/detail/dds_fastrtps/navigate__type_support.cpp.o[0m
[2.623s] [ 57%] [32mBuilding CXX object CMakeFiles/ros2_pkg__rosidl_typesupport_fastrtps_cpp.dir/rosidl_typesupport_fastrtps_cpp/ros2_pkg/srv/detail/dds_fastrtps/turn_camera__type_support.cpp.o[0m
[2.694s] [ 59%] [32m[1mLinking C shared library libros2_pkg__rosidl_typesupport_introspection_c.so[0m
[2.727s] [ 59%] Built target ros2_pkg__rosidl_typesupport_introspection_c
[2.866s] [ 61%] [32m[1mLinking CXX shared library libros2_pkg__rosidl_typesupport_cpp.so[0m
[2.883s] [ 63%] [32m[1mLinking CXX shared library libros2_pkg__rosidl_typesupport_introspection_cpp.so[0m
[2.906s] [ 63%] Built target ros2_pkg__rosidl_typesupport_cpp
[2.954s] [ 63%] Built target ros2_pkg__rosidl_typesupport_introspection_cpp
[3.147s] [ 65%] [32m[1mLinking CXX shared library libros2_pkg__rosidl_typesupport_fastrtps_cpp.so[0m
[3.224s] [ 65%] Built target ros2_pkg__rosidl_typesupport_fastrtps_cpp
[3.234s] [ 68%] [34m[1mGenerating C type support for eProsima Fast-RTPS[0m
[3.596s] [35m[1mScanning dependencies of target ros2_pkg__rosidl_typesupport_fastrtps_c[0m
[3.625s] [ 70%] [32mBuilding CXX object CMakeFiles/ros2_pkg__rosidl_typesupport_fastrtps_c.dir/rosidl_typesupport_fastrtps_c/ros2_pkg/srv/detail/odd_even_check__type_support_c.cpp.o[0m
[3.625s] [ 72%] [32mBuilding CXX object CMakeFiles/ros2_pkg__rosidl_typesupport_fastrtps_c.dir/rosidl_typesupport_fastrtps_c/ros2_pkg/srv/detail/turn_camera__type_support_c.cpp.o[0m
[3.625s] [ 74%] [32mBuilding CXX object CMakeFiles/ros2_pkg__rosidl_typesupport_fastrtps_c.dir/rosidl_typesupport_fastrtps_c/ros2_pkg/action/detail/navigate__type_support_c.cpp.o[0m
[3.939s] [ 76%] [32m[1mLinking CXX shared library libros2_pkg__rosidl_typesupport_fastrtps_c.so[0m
[4.015s] [ 76%] Built target ros2_pkg__rosidl_typesupport_fastrtps_c
[4.033s] [ 76%] Built target ros2_pkg
[4.051s] [ 78%] [34m[1mGenerating Python code for ROS interfaces[0m
[4.867s] [ 78%] Built target ros2_pkg__py
[4.876s] [35m[1mScanning dependencies of target ros2_pkg__python[0m
[4.893s] [ 80%] [32mBuilding C object CMakeFiles/ros2_pkg__python.dir/rosidl_generator_py/ros2_pkg/srv/_odd_even_check_s.c.o[0m
[4.893s] [ 82%] [32mBuilding C object CMakeFiles/ros2_pkg__python.dir/rosidl_generator_py/ros2_pkg/srv/_turn_camera_s.c.o[0m
[4.893s] [ 85%] [32mBuilding C object CMakeFiles/ros2_pkg__python.dir/rosidl_generator_py/ros2_pkg/action/_navigate_s.c.o[0m
[4.994s] [ 87%] [32m[1mLinking C shared library rosidl_generator_py/ros2_pkg/libros2_pkg__python.so[0m
[5.037s] [ 87%] Built target ros2_pkg__python
[5.046s] [35m[1mScanning dependencies of target ros2_pkg__rosidl_typesupport_c__pyext[0m
[5.046s] [35m[1mScanning dependencies of target ros2_pkg__rosidl_typesupport_introspection_c__pyext[0m
[5.046s] [35m[1mScanning dependencies of target ros2_pkg__rosidl_typesupport_fastrtps_c__pyext[0m
[5.059s] [ 91%] [32mBuilding C object CMakeFiles/ros2_pkg__rosidl_typesupport_introspection_c__pyext.dir/rosidl_generator_py/ros2_pkg/_ros2_pkg_s.ep.rosidl_typesupport_introspection_c.c.o[0m
[5.060s] [ 91%] [32mBuilding C object CMakeFiles/ros2_pkg__rosidl_typesupport_c__pyext.dir/rosidl_generator_py/ros2_pkg/_ros2_pkg_s.ep.rosidl_typesupport_c.c.o[0m
[5.063s] [ 93%] [32mBuilding C object CMakeFiles/ros2_pkg__rosidl_typesupport_fastrtps_c__pyext.dir/rosidl_generator_py/ros2_pkg/_ros2_pkg_s.ep.rosidl_typesupport_fastrtps_c.c.o[0m
[5.151s] [ 95%] [32m[1mLinking C shared library rosidl_generator_py/ros2_pkg/ros2_pkg_s__rosidl_typesupport_introspection_c.cpython-38-x86_64-linux-gnu.so[0m
[5.153s] [ 97%] [32m[1mLinking C shared library rosidl_generator_py/ros2_pkg/ros2_pkg_s__rosidl_typesupport_c.cpython-38-x86_64-linux-gnu.so[0m
[5.157s] [100%] [32m[1mLinking CXX shared library rosidl_generator_py/ros2_pkg/ros2_pkg_s__rosidl_typesupport_fastrtps_c.cpython-38-x86_64-linux-gnu.so[0m
[5.191s] [100%] Built target ros2_pkg__rosidl_typesupport_c__pyext
[5.191s] [100%] Built target ros2_pkg__rosidl_typesupport_introspection_c__pyext
[5.224s] [100%] Built target ros2_pkg__rosidl_typesupport_fastrtps_c__pyext
[5.233s] Invoked command in '/home/hal468a/Workspaces/ros2_ws/build/ros2_pkg' returned '0': CMAKE_PREFIX_PATH=/opt/ros/galactic CONDA_PROMPT_MODIFIER=(base) /usr/bin/cmake --build /home/hal468a/Workspaces/ros2_ws/build/ros2_pkg -- -j12 -l12
[5.304s] Invoking command in '/home/hal468a/Workspaces/ros2_ws/build/ros2_pkg': CMAKE_PREFIX_PATH=/opt/ros/galactic CONDA_PROMPT_MODIFIER=(base) /usr/bin/cmake --install /home/hal468a/Workspaces/ros2_ws/build/ros2_pkg
[5.311s] -- Install configuration: ""
[5.311s] -- Up-to-date: /home/hal468a/Workspaces/ros2_ws/install/ros2_pkg/share/ament_index/resource_index/rosidl_interfaces/ros2_pkg
[5.311s] -- Up-to-date: /home/hal468a/Workspaces/ros2_ws/install/ros2_pkg/include/ros2_pkg
[5.311s] -- Up-to-date: /home/hal468a/Workspaces/ros2_ws/install/ros2_pkg/include/ros2_pkg/action
[5.311s] -- Up-to-date: /home/hal468a/Workspaces/ros2_ws/install/ros2_pkg/include/ros2_pkg/action/detail
[5.311s] -- Installing: /home/hal468a/Workspaces/ros2_ws/install/ros2_pkg/include/ros2_pkg/action/detail/navigate__functions.h
[5.311s] -- Installing: /home/hal468a/Workspaces/ros2_ws/install/ros2_pkg/include/ros2_pkg/action/detail/navigate__functions.c
[5.311s] -- Installing: /home/hal468a/Workspaces/ros2_ws/install/ros2_pkg/include/ros2_pkg/action/detail/navigate__type_support.h
[5.311s] -- Installing: /home/hal468a/Workspaces/ros2_ws/install/ros2_pkg/include/ros2_pkg/action/detail/navigate__struct.h
[5.312s] -- Installing: /home/hal468a/Workspaces/ros2_ws/install/ros2_pkg/include/ros2_pkg/action/navigate.h
[5.312s] -- Up-to-date: /home/hal468a/Workspaces/ros2_ws/install/ros2_pkg/include/ros2_pkg/msg
[5.312s] -- Up-to-date: /home/hal468a/Workspaces/ros2_ws/install/ros2_pkg/include/ros2_pkg/msg/rosidl_generator_c__visibility_control.h
[5.312s] -- Up-to-date: /home/hal468a/Workspaces/ros2_ws/install/ros2_pkg/include/ros2_pkg/srv
[5.312s] -- Up-to-date: /home/hal468a/Workspaces/ros2_ws/install/ros2_pkg/include/ros2_pkg/srv/detail
[5.312s] -- Installing: /home/hal468a/Workspaces/ros2_ws/install/ros2_pkg/include/ros2_pkg/srv/detail/turn_camera__type_support.h
[5.312s] -- Installing: /home/hal468a/Workspaces/ros2_ws/install/ros2_pkg/include/ros2_pkg/srv/detail/odd_even_check__struct.h
[5.312s] -- Installing: /home/hal468a/Workspaces/ros2_ws/install/ros2_pkg/include/ros2_pkg/srv/detail/turn_camera__struct.h
[5.312s] -- Installing: /home/hal468a/Workspaces/ros2_ws/install/ros2_pkg/include/ros2_pkg/srv/detail/odd_even_check__functions.h
[5.313s] -- Installing: /home/hal468a/Workspaces/ros2_ws/install/ros2_pkg/include/ros2_pkg/srv/detail/odd_even_check__type_support.h
[5.313s] -- Installing: /home/hal468a/Workspaces/ros2_ws/install/ros2_pkg/include/ros2_pkg/srv/detail/turn_camera__functions.h
[5.313s] -- Installing: /home/hal468a/Workspaces/ros2_ws/install/ros2_pkg/include/ros2_pkg/srv/detail/turn_camera__functions.c
[5.313s] -- Installing: /home/hal468a/Workspaces/ros2_ws/install/ros2_pkg/include/ros2_pkg/srv/detail/odd_even_check__functions.c
[5.313s] -- Installing: /home/hal468a/Workspaces/ros2_ws/install/ros2_pkg/include/ros2_pkg/srv/turn_camera.h
[5.313s] -- Installing: /home/hal468a/Workspaces/ros2_ws/install/ros2_pkg/include/ros2_pkg/srv/odd_even_check.h
[5.313s] -- Installing: /home/hal468a/Workspaces/ros2_ws/install/ros2_pkg/share/ros2_pkg/environment/library_path.sh
[5.313s] -- Installing: /home/hal468a/Workspaces/ros2_ws/install/ros2_pkg/share/ros2_pkg/environment/library_path.dsv
[5.313s] -- Installing: /home/hal468a/Workspaces/ros2_ws/install/ros2_pkg/lib/libros2_pkg__rosidl_generator_c.so
[5.314s] -- Set runtime path of "/home/hal468a/Workspaces/ros2_ws/install/ros2_pkg/lib/libros2_pkg__rosidl_generator_c.so" to ""
[5.314s] -- Up-to-date: /home/hal468a/Workspaces/ros2_ws/install/ros2_pkg/include/ros2_pkg
[5.314s] -- Up-to-date: /home/hal468a/Workspaces/ros2_ws/install/ros2_pkg/include/ros2_pkg/action
[5.314s] -- Up-to-date: /home/hal468a/Workspaces/ros2_ws/install/ros2_pkg/include/ros2_pkg/action/detail
[5.314s] -- Installing: /home/hal468a/Workspaces/ros2_ws/install/ros2_pkg/include/ros2_pkg/action/detail/navigate__rosidl_typesupport_fastrtps_c.h
[5.314s] -- Up-to-date: /home/hal468a/Workspaces/ros2_ws/install/ros2_pkg/include/ros2_pkg/msg
[5.314s] -- Up-to-date: /home/hal468a/Workspaces/ros2_ws/install/ros2_pkg/include/ros2_pkg/msg/rosidl_typesupport_fastrtps_c__visibility_control.h
[5.314s] -- Up-to-date: /home/hal468a/Workspaces/ros2_ws/install/ros2_pkg/include/ros2_pkg/srv
[5.314s] -- Up-to-date: /home/hal468a/Workspaces/ros2_ws/install/ros2_pkg/include/ros2_pkg/srv/detail
[5.314s] -- Installing: /home/hal468a/Workspaces/ros2_ws/install/ros2_pkg/include/ros2_pkg/srv/detail/turn_camera__rosidl_typesupport_fastrtps_c.h
[5.315s] -- Installing: /home/hal468a/Workspaces/ros2_ws/install/ros2_pkg/include/ros2_pkg/srv/detail/odd_even_check__rosidl_typesupport_fastrtps_c.h
[5.315s] -- Installing: /home/hal468a/Workspaces/ros2_ws/install/ros2_pkg/lib/libros2_pkg__rosidl_typesupport_fastrtps_c.so
[5.315s] -- Set runtime path of "/home/hal468a/Workspaces/ros2_ws/install/ros2_pkg/lib/libros2_pkg__rosidl_typesupport_fastrtps_c.so" to ""
[5.315s] -- Up-to-date: /home/hal468a/Workspaces/ros2_ws/install/ros2_pkg/include/ros2_pkg
[5.315s] -- Up-to-date: /home/hal468a/Workspaces/ros2_ws/install/ros2_pkg/include/ros2_pkg/action
[5.315s] -- Up-to-date: /home/hal468a/Workspaces/ros2_ws/install/ros2_pkg/include/ros2_pkg/action/detail
[5.315s] -- Installing: /home/hal468a/Workspaces/ros2_ws/install/ros2_pkg/include/ros2_pkg/action/detail/dds_fastrtps
[5.315s] -- Installing: /home/hal468a/Workspaces/ros2_ws/install/ros2_pkg/include/ros2_pkg/action/detail/navigate__rosidl_typesupport_fastrtps_cpp.hpp
[5.315s] -- Up-to-date: /home/hal468a/Workspaces/ros2_ws/install/ros2_pkg/include/ros2_pkg/msg
[5.316s] -- Up-to-date: /home/hal468a/Workspaces/ros2_ws/install/ros2_pkg/include/ros2_pkg/msg/rosidl_typesupport_fastrtps_cpp__visibility_control.h
[5.316s] -- Up-to-date: /home/hal468a/Workspaces/ros2_ws/install/ros2_pkg/include/ros2_pkg/srv
[5.316s] -- Up-to-date: /home/hal468a/Workspaces/ros2_ws/install/ros2_pkg/include/ros2_pkg/srv/detail
[5.316s] -- Installing: /home/hal468a/Workspaces/ros2_ws/install/ros2_pkg/include/ros2_pkg/srv/detail/dds_fastrtps
[5.316s] -- Installing: /home/hal468a/Workspaces/ros2_ws/install/ros2_pkg/include/ros2_pkg/srv/detail/turn_camera__rosidl_typesupport_fastrtps_cpp.hpp
[5.316s] -- Installing: /home/hal468a/Workspaces/ros2_ws/install/ros2_pkg/include/ros2_pkg/srv/detail/odd_even_check__rosidl_typesupport_fastrtps_cpp.hpp
[5.316s] -- Installing: /home/hal468a/Workspaces/ros2_ws/install/ros2_pkg/lib/libros2_pkg__rosidl_typesupport_fastrtps_cpp.so
[5.316s] -- Set runtime path of "/home/hal468a/Workspaces/ros2_ws/install/ros2_pkg/lib/libros2_pkg__rosidl_typesupport_fastrtps_cpp.so" to ""
[5.316s] -- Up-to-date: /home/hal468a/Workspaces/ros2_ws/install/ros2_pkg/include/ros2_pkg
[5.317s] -- Up-to-date: /home/hal468a/Workspaces/ros2_ws/install/ros2_pkg/include/ros2_pkg/action
[5.317s] -- Up-to-date: /home/hal468a/Workspaces/ros2_ws/install/ros2_pkg/include/ros2_pkg/action/detail
[5.317s] -- Installing: /home/hal468a/Workspaces/ros2_ws/install/ros2_pkg/include/ros2_pkg/action/detail/navigate__type_support.c
[5.317s] -- Installing: /home/hal468a/Workspaces/ros2_ws/install/ros2_pkg/include/ros2_pkg/action/detail/navigate__rosidl_typesupport_introspection_c.h
[5.317s] -- Up-to-date: /home/hal468a/Workspaces/ros2_ws/install/ros2_pkg/include/ros2_pkg/msg
[5.317s] -- Up-to-date: /home/hal468a/Workspaces/ros2_ws/install/ros2_pkg/include/ros2_pkg/msg/rosidl_typesupport_introspection_c__visibility_control.h
[5.317s] -- Up-to-date: /home/hal468a/Workspaces/ros2_ws/install/ros2_pkg/include/ros2_pkg/srv
[5.317s] -- Up-to-date: /home/hal468a/Workspaces/ros2_ws/install/ros2_pkg/include/ros2_pkg/srv/detail
[5.317s] -- Installing: /home/hal468a/Workspaces/ros2_ws/install/ros2_pkg/include/ros2_pkg/srv/detail/odd_even_check__type_support.c
[5.317s] -- Installing: /home/hal468a/Workspaces/ros2_ws/install/ros2_pkg/include/ros2_pkg/srv/detail/turn_camera__rosidl_typesupport_introspection_c.h
[5.317s] -- Installing: /home/hal468a/Workspaces/ros2_ws/install/ros2_pkg/include/ros2_pkg/srv/detail/odd_even_check__rosidl_typesupport_introspection_c.h
[5.317s] -- Installing: /home/hal468a/Workspaces/ros2_ws/install/ros2_pkg/include/ros2_pkg/srv/detail/turn_camera__type_support.c
[5.317s] -- Installing: /home/hal468a/Workspaces/ros2_ws/install/ros2_pkg/lib/libros2_pkg__rosidl_typesupport_introspection_c.so
[5.318s] -- Set runtime path of "/home/hal468a/Workspaces/ros2_ws/install/ros2_pkg/lib/libros2_pkg__rosidl_typesupport_introspection_c.so" to ""
[5.318s] -- Installing: /home/hal468a/Workspaces/ros2_ws/install/ros2_pkg/lib/libros2_pkg__rosidl_typesupport_c.so
[5.318s] -- Set runtime path of "/home/hal468a/Workspaces/ros2_ws/install/ros2_pkg/lib/libros2_pkg__rosidl_typesupport_c.so" to ""
[5.318s] -- Up-to-date: /home/hal468a/Workspaces/ros2_ws/install/ros2_pkg/include/ros2_pkg
[5.318s] -- Up-to-date: /home/hal468a/Workspaces/ros2_ws/install/ros2_pkg/include/ros2_pkg/action
[5.318s] -- Installing: /home/hal468a/Workspaces/ros2_ws/install/ros2_pkg/include/ros2_pkg/action/navigate.hpp
[5.318s] -- Up-to-date: /home/hal468a/Workspaces/ros2_ws/install/ros2_pkg/include/ros2_pkg/action/detail
[5.318s] -- Installing: /home/hal468a/Workspaces/ros2_ws/install/ros2_pkg/include/ros2_pkg/action/detail/navigate__builder.hpp
[5.319s] -- Installing: /home/hal468a/Workspaces/ros2_ws/install/ros2_pkg/include/ros2_pkg/action/detail/navigate__struct.hpp
[5.319s] -- Installing: /home/hal468a/Workspaces/ros2_ws/install/ros2_pkg/include/ros2_pkg/action/detail/navigate__traits.hpp
[5.319s] -- Up-to-date: /home/hal468a/Workspaces/ros2_ws/install/ros2_pkg/include/ros2_pkg/srv
[5.319s] -- Up-to-date: /home/hal468a/Workspaces/ros2_ws/install/ros2_pkg/include/ros2_pkg/srv/detail
[5.319s] -- Installing: /home/hal468a/Workspaces/ros2_ws/install/ros2_pkg/include/ros2_pkg/srv/detail/odd_even_check__builder.hpp
[5.319s] -- Installing: /home/hal468a/Workspaces/ros2_ws/install/ros2_pkg/include/ros2_pkg/srv/detail/turn_camera__builder.hpp
[5.319s] -- Installing: /home/hal468a/Workspaces/ros2_ws/install/ros2_pkg/include/ros2_pkg/srv/detail/odd_even_check__struct.hpp
[5.319s] -- Installing: /home/hal468a/Workspaces/ros2_ws/install/ros2_pkg/include/ros2_pkg/srv/detail/turn_camera__struct.hpp
[5.320s] -- Installing: /home/hal468a/Workspaces/ros2_ws/install/ros2_pkg/include/ros2_pkg/srv/detail/odd_even_check__traits.hpp
[5.320s] -- Installing: /home/hal468a/Workspaces/ros2_ws/install/ros2_pkg/include/ros2_pkg/srv/detail/turn_camera__traits.hpp
[5.320s] -- Installing: /home/hal468a/Workspaces/ros2_ws/install/ros2_pkg/include/ros2_pkg/srv/turn_camera.hpp
[5.320s] -- Installing: /home/hal468a/Workspaces/ros2_ws/install/ros2_pkg/include/ros2_pkg/srv/odd_even_check.hpp
[5.320s] -- Up-to-date: /home/hal468a/Workspaces/ros2_ws/install/ros2_pkg/include/ros2_pkg
[5.320s] -- Up-to-date: /home/hal468a/Workspaces/ros2_ws/install/ros2_pkg/include/ros2_pkg/action
[5.320s] -- Up-to-date: /home/hal468a/Workspaces/ros2_ws/install/ros2_pkg/include/ros2_pkg/action/detail
[5.320s] -- Installing: /home/hal468a/Workspaces/ros2_ws/install/ros2_pkg/include/ros2_pkg/action/detail/navigate__rosidl_typesupport_introspection_cpp.hpp
[5.320s] -- Installing: /home/hal468a/Workspaces/ros2_ws/install/ros2_pkg/include/ros2_pkg/action/detail/navigate__type_support.cpp
[5.320s] -- Up-to-date: /home/hal468a/Workspaces/ros2_ws/install/ros2_pkg/include/ros2_pkg/srv
[5.320s] -- Up-to-date: /home/hal468a/Workspaces/ros2_ws/install/ros2_pkg/include/ros2_pkg/srv/detail
[5.321s] -- Installing: /home/hal468a/Workspaces/ros2_ws/install/ros2_pkg/include/ros2_pkg/srv/detail/turn_camera__rosidl_typesupport_introspection_cpp.hpp
[5.321s] -- Installing: /home/hal468a/Workspaces/ros2_ws/install/ros2_pkg/include/ros2_pkg/srv/detail/odd_even_check__type_support.cpp
[5.321s] -- Installing: /home/hal468a/Workspaces/ros2_ws/install/ros2_pkg/include/ros2_pkg/srv/detail/turn_camera__type_support.cpp
[5.321s] -- Installing: /home/hal468a/Workspaces/ros2_ws/install/ros2_pkg/include/ros2_pkg/srv/detail/odd_even_check__rosidl_typesupport_introspection_cpp.hpp
[5.321s] -- Installing: /home/hal468a/Workspaces/ros2_ws/install/ros2_pkg/lib/libros2_pkg__rosidl_typesupport_introspection_cpp.so
[5.321s] -- Set runtime path of "/home/hal468a/Workspaces/ros2_ws/install/ros2_pkg/lib/libros2_pkg__rosidl_typesupport_introspection_cpp.so" to ""
[5.321s] -- Installing: /home/hal468a/Workspaces/ros2_ws/install/ros2_pkg/lib/libros2_pkg__rosidl_typesupport_cpp.so
[5.321s] -- Set runtime path of "/home/hal468a/Workspaces/ros2_ws/install/ros2_pkg/lib/libros2_pkg__rosidl_typesupport_cpp.so" to ""
[5.321s] -- Up-to-date: /home/hal468a/Workspaces/ros2_ws/install/ros2_pkg/share/ros2_pkg/environment/pythonpath.sh
[5.321s] -- Installing: /home/hal468a/Workspaces/ros2_ws/install/ros2_pkg/share/ros2_pkg/environment/pythonpath.dsv
[5.322s] -- Installing: /home/hal468a/Workspaces/ros2_ws/install/ros2_pkg/lib/python3.8/site-packages/ros2_pkg/__init__.py
[5.344s] Compiling '/home/hal468a/Workspaces/ros2_ws/install/ros2_pkg/lib/python3.8/site-packages/ros2_pkg/__init__.py'...
[5.347s] -- Up-to-date: /home/hal468a/Workspaces/ros2_ws/install/ros2_pkg/lib/python3.8/site-packages/ros2_pkg/srv
[5.347s] -- Installing: /home/hal468a/Workspaces/ros2_ws/install/ros2_pkg/lib/python3.8/site-packages/ros2_pkg/srv/_odd_even_check.py
[5.348s] -- Installing: /home/hal468a/Workspaces/ros2_ws/install/ros2_pkg/lib/python3.8/site-packages/ros2_pkg/srv/_turn_camera_s.c
[5.348s] -- Installing: /home/hal468a/Workspaces/ros2_ws/install/ros2_pkg/lib/python3.8/site-packages/ros2_pkg/srv/_odd_even_check_s.c
[5.348s] -- Installing: /home/hal468a/Workspaces/ros2_ws/install/ros2_pkg/lib/python3.8/site-packages/ros2_pkg/srv/__init__.py
[5.348s] -- Installing: /home/hal468a/Workspaces/ros2_ws/install/ros2_pkg/lib/python3.8/site-packages/ros2_pkg/srv/_turn_camera.py
[5.348s] -- Up-to-date: /home/hal468a/Workspaces/ros2_ws/install/ros2_pkg/lib/python3.8/site-packages/ros2_pkg/action
[5.348s] -- Installing: /home/hal468a/Workspaces/ros2_ws/install/ros2_pkg/lib/python3.8/site-packages/ros2_pkg/action/__init__.py
[5.348s] -- Installing: /home/hal468a/Workspaces/ros2_ws/install/ros2_pkg/lib/python3.8/site-packages/ros2_pkg/action/_navigate.py
[5.348s] -- Installing: /home/hal468a/Workspaces/ros2_ws/install/ros2_pkg/lib/python3.8/site-packages/ros2_pkg/action/_navigate_s.c
[5.348s] -- Installing: /home/hal468a/Workspaces/ros2_ws/install/ros2_pkg/lib/python3.8/site-packages/ros2_pkg/ros2_pkg_s__rosidl_typesupport_fastrtps_c.cpython-38-x86_64-linux-gnu.so
[5.349s] -- Set runtime path of "/home/hal468a/Workspaces/ros2_ws/install/ros2_pkg/lib/python3.8/site-packages/ros2_pkg/ros2_pkg_s__rosidl_typesupport_fastrtps_c.cpython-38-x86_64-linux-gnu.so" to ""
[5.349s] -- Installing: /home/hal468a/Workspaces/ros2_ws/install/ros2_pkg/lib/python3.8/site-packages/ros2_pkg/ros2_pkg_s__rosidl_typesupport_introspection_c.cpython-38-x86_64-linux-gnu.so
[5.350s] -- Set runtime path of "/home/hal468a/Workspaces/ros2_ws/install/ros2_pkg/lib/python3.8/site-packages/ros2_pkg/ros2_pkg_s__rosidl_typesupport_introspection_c.cpython-38-x86_64-linux-gnu.so" to ""
[5.350s] -- Installing: /home/hal468a/Workspaces/ros2_ws/install/ros2_pkg/lib/python3.8/site-packages/ros2_pkg/ros2_pkg_s__rosidl_typesupport_c.cpython-38-x86_64-linux-gnu.so
[5.350s] -- Set runtime path of "/home/hal468a/Workspaces/ros2_ws/install/ros2_pkg/lib/python3.8/site-packages/ros2_pkg/ros2_pkg_s__rosidl_typesupport_c.cpython-38-x86_64-linux-gnu.so" to ""
[5.351s] -- Installing: /home/hal468a/Workspaces/ros2_ws/install/ros2_pkg/lib/libros2_pkg__python.so
[5.351s] -- Set runtime path of "/home/hal468a/Workspaces/ros2_ws/install/ros2_pkg/lib/libros2_pkg__python.so" to ""
[5.351s] -- Up-to-date: /home/hal468a/Workspaces/ros2_ws/install/ros2_pkg/share/ros2_pkg/srv/OddEvenCheck.idl
[5.351s] -- Up-to-date: /home/hal468a/Workspaces/ros2_ws/install/ros2_pkg/share/ros2_pkg/srv/TurnCamera.idl
[5.352s] -- Up-to-date: /home/hal468a/Workspaces/ros2_ws/install/ros2_pkg/share/ros2_pkg/action/Navigate.idl
[5.352s] -- Up-to-date: /home/hal468a/Workspaces/ros2_ws/install/ros2_pkg/share/ros2_pkg/srv/OddEvenCheck.srv
[5.352s] -- Up-to-date: /home/hal468a/Workspaces/ros2_ws/install/ros2_pkg/share/ros2_pkg/srv/OddEvenCheck_Request.msg
[5.352s] -- Up-to-date: /home/hal468a/Workspaces/ros2_ws/install/ros2_pkg/share/ros2_pkg/srv/OddEvenCheck_Response.msg
[5.352s] -- Up-to-date: /home/hal468a/Workspaces/ros2_ws/install/ros2_pkg/share/ros2_pkg/srv/TurnCamera.srv
[5.352s] -- Up-to-date: /home/hal468a/Workspaces/ros2_ws/install/ros2_pkg/share/ros2_pkg/srv/TurnCamera_Request.msg
[5.352s] -- Up-to-date: /home/hal468a/Workspaces/ros2_ws/install/ros2_pkg/share/ros2_pkg/srv/TurnCamera_Response.msg
[5.352s] -- Up-to-date: /home/hal468a/Workspaces/ros2_ws/install/ros2_pkg/share/ros2_pkg/action/Navigate.action
[5.352s] -- Installing: /home/hal468a/Workspaces/ros2_ws/install/ros2_pkg/lib/python3.8/site-packages//scripts.egg-info
[5.353s] -- Installing: /home/hal468a/Workspaces/ros2_ws/install/ros2_pkg/lib/python3.8/site-packages//scripts.egg-info/top_level.txt
[5.353s] -- Installing: /home/hal468a/Workspaces/ros2_ws/install/ros2_pkg/lib/python3.8/site-packages//scripts.egg-info/SOURCES.txt
[5.353s] -- Installing: /home/hal468a/Workspaces/ros2_ws/install/ros2_pkg/lib/python3.8/site-packages//scripts.egg-info/dependency_links.txt
[5.353s] -- Installing: /home/hal468a/Workspaces/ros2_ws/install/ros2_pkg/lib/python3.8/site-packages//scripts.egg-info/PKG-INFO
[5.353s] -- Up-to-date: /home/hal468a/Workspaces/ros2_ws/install/ros2_pkg/lib/python3.8/site-packages/scripts
[5.353s] -- Up-to-date: /home/hal468a/Workspaces/ros2_ws/install/ros2_pkg/lib/python3.8/site-packages/scripts/subscriber.py
[5.353s] -- Up-to-date: /home/hal468a/Workspaces/ros2_ws/install/ros2_pkg/lib/python3.8/site-packages/scripts/rpm_pub.py
[5.353s] -- Up-to-date: /home/hal468a/Workspaces/ros2_ws/install/ros2_pkg/lib/python3.8/site-packages/scripts/action_client.py
[5.353s] -- Up-to-date: /home/hal468a/Workspaces/ros2_ws/install/ros2_pkg/lib/python3.8/site-packages/scripts/service_client.py
[5.353s] -- Up-to-date: /home/hal468a/Workspaces/ros2_ws/install/ros2_pkg/lib/python3.8/site-packages/scripts/turn_camera_server.py
[5.353s] -- Up-to-date: /home/hal468a/Workspaces/ros2_ws/install/ros2_pkg/lib/python3.8/site-packages/scripts/service_server.py
[5.354s] -- Up-to-date: /home/hal468a/Workspaces/ros2_ws/install/ros2_pkg/lib/python3.8/site-packages/scripts/publisher.py
[5.354s] -- Up-to-date: /home/hal468a/Workspaces/ros2_ws/install/ros2_pkg/lib/python3.8/site-packages/scripts/__init__.py
[5.354s] -- Up-to-date: /home/hal468a/Workspaces/ros2_ws/install/ros2_pkg/lib/python3.8/site-packages/scripts/turn_camera_client.py
[5.354s] -- Up-to-date: /home/hal468a/Workspaces/ros2_ws/install/ros2_pkg/lib/python3.8/site-packages/scripts/speed_calc.py
[5.354s] -- Up-to-date: /home/hal468a/Workspaces/ros2_ws/install/ros2_pkg/lib/python3.8/site-packages/scripts/action_server.py
[5.379s] Listing '/home/hal468a/Workspaces/ros2_ws/install/ros2_pkg/lib/python3.8/site-packages/scripts'...
[5.379s] Compiling '/home/hal468a/Workspaces/ros2_ws/install/ros2_pkg/lib/python3.8/site-packages/scripts/__init__.py'...
[5.379s] Compiling '/home/hal468a/Workspaces/ros2_ws/install/ros2_pkg/lib/python3.8/site-packages/scripts/action_client.py'...
[5.379s] Compiling '/home/hal468a/Workspaces/ros2_ws/install/ros2_pkg/lib/python3.8/site-packages/scripts/action_server.py'...
[5.379s] Compiling '/home/hal468a/Workspaces/ros2_ws/install/ros2_pkg/lib/python3.8/site-packages/scripts/publisher.py'...
[5.379s] Compiling '/home/hal468a/Workspaces/ros2_ws/install/ros2_pkg/lib/python3.8/site-packages/scripts/rpm_pub.py'...
[5.379s] Compiling '/home/hal468a/Workspaces/ros2_ws/install/ros2_pkg/lib/python3.8/site-packages/scripts/service_client.py'...
[5.380s] Compiling '/home/hal468a/Workspaces/ros2_ws/install/ros2_pkg/lib/python3.8/site-packages/scripts/service_server.py'...
[5.380s] Compiling '/home/hal468a/Workspaces/ros2_ws/install/ros2_pkg/lib/python3.8/site-packages/scripts/speed_calc.py'...
[5.380s] Compiling '/home/hal468a/Workspaces/ros2_ws/install/ros2_pkg/lib/python3.8/site-packages/scripts/subscriber.py'...
[5.380s] Compiling '/home/hal468a/Workspaces/ros2_ws/install/ros2_pkg/lib/python3.8/site-packages/scripts/turn_camera_client.py'...
[5.380s] Compiling '/home/hal468a/Workspaces/ros2_ws/install/ros2_pkg/lib/python3.8/site-packages/scripts/turn_camera_server.py'...
[5.382s] -- Up-to-date: /home/hal468a/Workspaces/ros2_ws/install/ros2_pkg/lib/ros2_pkg/publisher.py
[5.382s] -- Up-to-date: /home/hal468a/Workspaces/ros2_ws/install/ros2_pkg/lib/ros2_pkg/subscriber.py
[5.382s] -- Up-to-date: /home/hal468a/Workspaces/ros2_ws/install/ros2_pkg/lib/ros2_pkg/rpm_pub.py
[5.383s] -- Up-to-date: /home/hal468a/Workspaces/ros2_ws/install/ros2_pkg/lib/ros2_pkg/speed_calc.py
[5.383s] -- Up-to-date: /home/hal468a/Workspaces/ros2_ws/install/ros2_pkg/lib/ros2_pkg/service_server.py
[5.383s] -- Up-to-date: /home/hal468a/Workspaces/ros2_ws/install/ros2_pkg/lib/ros2_pkg/service_client.py
[5.383s] -- Up-to-date: /home/hal468a/Workspaces/ros2_ws/install/ros2_pkg/lib/ros2_pkg/turn_camera_server.py
[5.383s] -- Up-to-date: /home/hal468a/Workspaces/ros2_ws/install/ros2_pkg/lib/ros2_pkg/turn_camera_client.py
[5.383s] -- Up-to-date: /home/hal468a/Workspaces/ros2_ws/install/ros2_pkg/lib/ros2_pkg/action_server.py
[5.383s] -- Up-to-date: /home/hal468a/Workspaces/ros2_ws/install/ros2_pkg/lib/ros2_pkg/action_client.py
[5.383s] -- Up-to-date: /home/hal468a/Workspaces/ros2_ws/install/ros2_pkg/share/ros2_pkg//launch
[5.383s] -- Up-to-date: /home/hal468a/Workspaces/ros2_ws/install/ros2_pkg/share/ros2_pkg//launch/node.launch.py
[5.383s] -- Up-to-date: /home/hal468a/Workspaces/ros2_ws/install/ros2_pkg/share/ros2_pkg//launch/my_action.launch.py
[5.384s] -- Up-to-date: /home/hal468a/Workspaces/ros2_ws/install/ros2_pkg/share/ament_index/resource_index/package_run_dependencies/ros2_pkg
[5.384s] -- Installing: /home/hal468a/Workspaces/ros2_ws/install/ros2_pkg/share/ament_index/resource_index/parent_prefix_path/ros2_pkg
[5.384s] -- Installing: /home/hal468a/Workspaces/ros2_ws/install/ros2_pkg/share/ros2_pkg/environment/ament_prefix_path.sh
[5.384s] -- Installing: /home/hal468a/Workspaces/ros2_ws/install/ros2_pkg/share/ros2_pkg/environment/ament_prefix_path.dsv
[5.384s] -- Installing: /home/hal468a/Workspaces/ros2_ws/install/ros2_pkg/share/ros2_pkg/environment/path.sh
[5.384s] -- Installing: /home/hal468a/Workspaces/ros2_ws/install/ros2_pkg/share/ros2_pkg/environment/path.dsv
[5.384s] -- Up-to-date: /home/hal468a/Workspaces/ros2_ws/install/ros2_pkg/share/ros2_pkg/local_setup.bash
[5.384s] -- Installing: /home/hal468a/Workspaces/ros2_ws/install/ros2_pkg/share/ros2_pkg/local_setup.sh
[5.384s] -- Up-to-date: /home/hal468a/Workspaces/ros2_ws/install/ros2_pkg/share/ros2_pkg/local_setup.zsh
[5.385s] -- Installing: /home/hal468a/Workspaces/ros2_ws/install/ros2_pkg/share/ros2_pkg/local_setup.dsv
[5.385s] -- Installing: /home/hal468a/Workspaces/ros2_ws/install/ros2_pkg/share/ros2_pkg/package.dsv
[5.385s] -- Up-to-date: /home/hal468a/Workspaces/ros2_ws/install/ros2_pkg/share/ament_index/resource_index/packages/ros2_pkg
[5.385s] -- Old export file "/home/hal468a/Workspaces/ros2_ws/install/ros2_pkg/share/ros2_pkg/cmake/ros2_pkg__rosidl_generator_cExport.cmake" will be replaced.  Removing files [/home/hal468a/Workspaces/ros2_ws/install/ros2_pkg/share/ros2_pkg/cmake/ros2_pkg__rosidl_generator_cExport-noconfig.cmake].
[5.385s] -- Installing: /home/hal468a/Workspaces/ros2_ws/install/ros2_pkg/share/ros2_pkg/cmake/ros2_pkg__rosidl_generator_cExport.cmake
[5.385s] -- Installing: /home/hal468a/Workspaces/ros2_ws/install/ros2_pkg/share/ros2_pkg/cmake/ros2_pkg__rosidl_generator_cExport-noconfig.cmake
[5.385s] -- Up-to-date: /home/hal468a/Workspaces/ros2_ws/install/ros2_pkg/share/ros2_pkg/cmake/ros2_pkg__rosidl_typesupport_introspection_cExport.cmake
[5.385s] -- Installing: /home/hal468a/Workspaces/ros2_ws/install/ros2_pkg/share/ros2_pkg/cmake/ros2_pkg__rosidl_typesupport_introspection_cExport-noconfig.cmake
[5.386s] -- Up-to-date: /home/hal468a/Workspaces/ros2_ws/install/ros2_pkg/share/ros2_pkg/cmake/ros2_pkg__rosidl_typesupport_cExport.cmake
[5.386s] -- Installing: /home/hal468a/Workspaces/ros2_ws/install/ros2_pkg/share/ros2_pkg/cmake/ros2_pkg__rosidl_typesupport_cExport-noconfig.cmake
[5.386s] -- Up-to-date: /home/hal468a/Workspaces/ros2_ws/install/ros2_pkg/share/ros2_pkg/cmake/ros2_pkg__rosidl_generator_cppExport.cmake
[5.386s] -- Up-to-date: /home/hal468a/Workspaces/ros2_ws/install/ros2_pkg/share/ros2_pkg/cmake/ros2_pkg__rosidl_typesupport_introspection_cppExport.cmake
[5.386s] -- Installing: /home/hal468a/Workspaces/ros2_ws/install/ros2_pkg/share/ros2_pkg/cmake/ros2_pkg__rosidl_typesupport_introspection_cppExport-noconfig.cmake
[5.386s] -- Up-to-date: /home/hal468a/Workspaces/ros2_ws/install/ros2_pkg/share/ros2_pkg/cmake/ros2_pkg__rosidl_typesupport_cppExport.cmake
[5.386s] -- Installing: /home/hal468a/Workspaces/ros2_ws/install/ros2_pkg/share/ros2_pkg/cmake/ros2_pkg__rosidl_typesupport_cppExport-noconfig.cmake
[5.386s] -- Up-to-date: /home/hal468a/Workspaces/ros2_ws/install/ros2_pkg/share/ros2_pkg/cmake/rosidl_cmake-extras.cmake
[5.386s] -- Up-to-date: /home/hal468a/Workspaces/ros2_ws/install/ros2_pkg/share/ros2_pkg/cmake/ament_cmake_export_dependencies-extras.cmake
[5.386s] -- Up-to-date: /home/hal468a/Workspaces/ros2_ws/install/ros2_pkg/share/ros2_pkg/cmake/ament_cmake_export_libraries-extras.cmake
[5.386s] -- Up-to-date: /home/hal468a/Workspaces/ros2_ws/install/ros2_pkg/share/ros2_pkg/cmake/ament_cmake_export_targets-extras.cmake
[5.387s] -- Up-to-date: /home/hal468a/Workspaces/ros2_ws/install/ros2_pkg/share/ros2_pkg/cmake/ament_cmake_export_include_directories-extras.cmake
[5.387s] -- Installing: /home/hal468a/Workspaces/ros2_ws/install/ros2_pkg/share/ros2_pkg/cmake/rosidl_cmake_export_typesupport_libraries-extras.cmake
[5.387s] -- Up-to-date: /home/hal468a/Workspaces/ros2_ws/install/ros2_pkg/share/ros2_pkg/cmake/rosidl_cmake_export_typesupport_targets-extras.cmake
[5.387s] -- Up-to-date: /home/hal468a/Workspaces/ros2_ws/install/ros2_pkg/share/ros2_pkg/cmake/ros2_pkgConfig.cmake
[5.387s] -- Up-to-date: /home/hal468a/Workspaces/ros2_ws/install/ros2_pkg/share/ros2_pkg/cmake/ros2_pkgConfig-version.cmake
[5.387s] -- Up-to-date: /home/hal468a/Workspaces/ros2_ws/install/ros2_pkg/share/ros2_pkg/package.xml
[5.391s] Invoked command in '/home/hal468a/Workspaces/ros2_ws/build/ros2_pkg' returned '0': CMAKE_PREFIX_PATH=/opt/ros/galactic CONDA_PROMPT_MODIFIER=(base) /usr/bin/cmake --install /home/hal468a/Workspaces/ros2_ws/build/ros2_pkg
